Log file open, 10/26/19 13:07:11
LogWindows: Failed to load 'aqProf.dll' (GetLastError=126)
LogWindows: File 'aqProf.dll' does not exist
LogWindows: Failed to load 'VSPerf140.dll' (GetLastError=126)
LogWindows: File 'VSPerf140.dll' does not exist
LogWindows: Failed to load 'VtuneApi.dll' (GetLastError=126)
LogWindows: File 'VtuneApi.dll' does not exist
LogWindows: Failed to load 'VtuneApi32e.dll' (GetLastError=126)
LogWindows: File 'VtuneApi32e.dll' does not exist
LogInit: Display: Running engine for game: SKnightPrototype_01
LogPlatformFile: Not using cached read wrapper
LogInit: Display: RandInit(1110272531) SRandInit(1110272531).
LogInit: Read version file with build ID '3709383'
LogInit: Overriding engine version to CL 3832480, compatible CL 3709383
LogInit: Registered custom module enumerator with build ID '3709383'
LogTaskGraph: Started task graph with 5 named threads and 14 total threads with 3 sets of task threads.
LogStats: Stats thread started at 0.763337
LogD3D11RHI: Aftermath initialized
LogModuleManager: Display: Found up-to-date module file ../../../Engine/Plugins/2D/Paper2D/Binaries/Win64/UE4Editor-Paper2D.dll (API version 3709383).
LogModuleManager: Display: Found up-to-date module file ../../../Engine/Plugins/2D/Paper2D/Binaries/Win64/UE4Editor-Paper2DEditor.dll (API version 3709383).
LogModuleManager: Display: Found up-to-date module file ../../../Engine/Plugins/2D/Paper2D/Binaries/Win64/UE4Editor-PaperSpriteSheetImporter.dll (API version 3709383).
LogModuleManager: Display: Found up-to-date module file ../../../Engine/Plugins/2D/Paper2D/Binaries/Win64/UE4Editor-PaperTiledImporter.dll (API version 3709383).
LogModuleManager: Display: Found up-to-date module file ../../../Engine/Plugins/2D/Paper2D/Binaries/Win64/UE4Editor-SmartSnapping.dll (API version 3709383).
LogModuleManager: Display: Found up-to-date module file ../../../Engine/Plugins/Blendables/LightPropagationVolume/Binaries/Win64/UE4Editor-LightPropagationVolumeRuntime.dll (API version 3709383).
LogModuleManager: Display: Found up-to-date module file ../../../Engine/Plugins/Blendables/LightPropagationVolume/Binaries/Win64/UE4Editor-LightPropagationVolumeEditor.dll (API version 3709383).
LogModuleManager: Display: Found up-to-date module file ../../../Engine/Plugins/Developer/GitSourceControl/Binaries/Win64/UE4Editor-GitSourceControl.dll (API version 3709383).
LogModuleManager: Display: Found up-to-date module file ../../../Engine/Plugins/Developer/PerforceSourceControl/Binaries/Win64/UE4Editor-PerforceSourceControl.dll (API version 3709383).
LogModuleManager: Display: Found up-to-date module file ../../../Engine/Plugins/Developer/SubversionSourceControl/Binaries/Win64/UE4Editor-SubversionSourceControl.dll (API version 3709383).
LogModuleManager: Display: Found up-to-date module file ../../../Engine/Plugins/Developer/UObjectPlugin/Binaries/Win64/UE4Editor-UObjectPlugin.dll (API version 3709383).
LogModuleManager: Display: Found up-to-date module file ../../../Engine/Plugins/Developer/VisualStudioCodeSourceCodeAccess/Binaries/Win64/UE4Editor-VisualStudioCodeSourceCodeAccess.dll (API version 3709383).
LogModuleManager: Display: Found up-to-date module file ../../../Engine/Plugins/Developer/VisualStudioSourceCodeAccess/Binaries/Win64/UE4Editor-VisualStudioSourceCodeAccess.dll (API version 3709383).
LogModuleManager: Display: Found up-to-date module file ../../../Engine/Plugins/Editor/AssetManagerEditor/Binaries/Win64/UE4Editor-AssetManagerEditor.dll (API version 3709383).
LogModuleManager: Display: Found up-to-date module file ../../../Engine/Plugins/Editor/AudioCapture/Binaries/Win64/UE4Editor-AudioCapture.dll (API version 3709383).
LogModuleManager: Display: Found up-to-date module file ../../../Engine/Plugins/Editor/FacialAnimation/Binaries/Win64/UE4Editor-FacialAnimation.dll (API version 3709383).
LogModuleManager: Display: Found up-to-date module file ../../../Engine/Plugins/Editor/FacialAnimation/Binaries/Win64/UE4Editor-FacialAnimationEditor.dll (API version 3709383).
LogModuleManager: Display: Found up-to-date module file ../../../Engine/Plugins/Editor/GameplayTagsEditor/Binaries/Win64/UE4Editor-GameplayTagsEditor.dll (API version 3709383).
LogModuleManager: Display: Found up-to-date module file ../../../Engine/Plugins/Editor/MobileLauncherProfileWizard/Binaries/Win64/UE4Editor-MobileLauncherProfileWizard.dll (API version 3709383).
LogModuleManager: Display: Found up-to-date module file ../../../Engine/Plugins/Editor/PluginBrowser/Binaries/Win64/UE4Editor-PluginBrowser.dll (API version 3709383).
LogModuleManager: Display: Found up-to-date module file ../../../Engine/Plugins/Editor/SpeedTreeImporter/Binaries/Win64/UE4Editor-SpeedTreeImporter.dll (API version 3709383).
LogModuleManager: Display: Found up-to-date module file ../../../Engine/Plugins/Experimental/AlembicImporter/Binaries/Win64/UE4Editor-AlembicImporter.dll (API version 3709383).
LogModuleManager: Display: Found up-to-date module file ../../../Engine/Plugins/Experimental/AlembicImporter/Binaries/Win64/UE4Editor-AlembicLibrary.dll (API version 3709383).
LogModuleManager: Display: Found up-to-date module file ../../../Engine/Plugins/Experimental/CharacterAI/Binaries/Win64/UE4Editor-CharacterAI.dll (API version 3709383).
LogModuleManager: Display: Found up-to-date module file ../../../Engine/Plugins/Experimental/HTML5Networking/Binaries/Win64/UE4Editor-HTML5Networking.dll (API version 3709383).
LogModuleManager: Display: Found up-to-date module file ../../../Engine/Plugins/Media/AndroidMedia/Binaries/Win64/UE4Editor-AndroidMediaEditor.dll (API version 3709383).
LogModuleManager: Display: Found up-to-date module file ../../../Engine/Plugins/Media/AndroidMedia/Binaries/Win64/UE4Editor-AndroidMediaFactory.dll (API version 3709383).
LogModuleManager: Display: Found up-to-date module file ../../../Engine/Plugins/Media/AvfMedia/Binaries/Win64/UE4Editor-AvfMediaEditor.dll (API version 3709383).
LogModuleManager: Display: Found up-to-date module file ../../../Engine/Plugins/Media/AvfMedia/Binaries/Win64/UE4Editor-AvfMediaFactory.dll (API version 3709383).
LogModuleManager: Display: Found up-to-date module file ../../../Engine/Plugins/Media/AvfMedia/Binaries/Win64/UE4Editor-AvfMediaFactory.dll (API version 3709383).
LogModuleManager: Display: Found up-to-date module file ../../../Engine/Plugins/Media/ImgMedia/Binaries/Win64/UE4Editor-ImgMedia.dll (API version 3709383).
LogModuleManager: Display: Found up-to-date module file ../../../Engine/Plugins/Media/ImgMedia/Binaries/Win64/UE4Editor-ImgMediaEditor.dll (API version 3709383).
LogModuleManager: Display: Found up-to-date module file ../../../Engine/Plugins/Media/ImgMedia/Binaries/Win64/UE4Editor-ImgMediaFactory.dll (API version 3709383).
LogModuleManager: Display: Found up-to-date module file ../../../Engine/Plugins/Media/ImgMedia/Binaries/Win64/UE4Editor-ImgMediaFactory.dll (API version 3709383).
LogModuleManager: Display: Found up-to-date module file ../../../Engine/Plugins/Media/ImgMedia/Binaries/Win64/UE4Editor-OpenExrWrapper.dll (API version 3709383).
LogModuleManager: Display: Found up-to-date module file ../../../Engine/Plugins/Media/MediaCompositing/Binaries/Win64/UE4Editor-MediaCompositing.dll (API version 3709383).
LogModuleManager: Display: Found up-to-date module file ../../../Engine/Plugins/Media/MediaCompositing/Binaries/Win64/UE4Editor-MediaCompositingEditor.dll (API version 3709383).
LogModuleManager: Display: Found up-to-date module file ../../../Engine/Plugins/Media/MediaPlayerEditor/Binaries/Win64/UE4Editor-MediaPlayerEditor.dll (API version 3709383).
LogModuleManager: Display: Found up-to-date module file ../../../Engine/Plugins/Media/WmfMedia/Binaries/Win64/UE4Editor-WmfMedia.dll (API version 3709383).
LogModuleManager: Display: Found up-to-date module file ../../../Engine/Plugins/Media/WmfMedia/Binaries/Win64/UE4Editor-WmfMediaEditor.dll (API version 3709383).
LogModuleManager: Display: Found up-to-date module file ../../../Engine/Plugins/Media/WmfMedia/Binaries/Win64/UE4Editor-WmfMediaFactory.dll (API version 3709383).
LogModuleManager: Display: Found up-to-date module file ../../../Engine/Plugins/Media/WmfMedia/Binaries/Win64/UE4Editor-WmfMediaFactory.dll (API version 3709383).
LogModuleManager: Display: Found up-to-date module file ../../../Engine/Plugins/Messaging/TcpMessaging/Binaries/Win64/UE4Editor-TcpMessaging.dll (API version 3709383).
LogModuleManager: Display: Found up-to-date module file ../../../Engine/Plugins/Messaging/UdpMessaging/Binaries/Win64/UE4Editor-UdpMessaging.dll (API version 3709383).
LogModuleManager: Display: Found up-to-date module file ../../../Engine/Plugins/MovieScene/ActorSequence/Binaries/Win64/UE4Editor-ActorSequence.dll (API version 3709383).
LogModuleManager: Display: Found up-to-date module file ../../../Engine/Plugins/MovieScene/LevelSequenceEditor/Binaries/Win64/UE4Editor-LevelSequenceEditor.dll (API version 3709383).
LogModuleManager: Display: Found up-to-date module file ../../../Engine/Plugins/MovieScene/MatineeToLevelSequence/Binaries/Win64/UE4Editor-MatineeToLevelSequence.dll (API version 3709383).
LogModuleManager: Display: Found up-to-date module file ../../../Engine/Plugins/Online/OnlineSubsystem/Binaries/Win64/UE4Editor-OnlineSubsystem.dll (API version 3709383).
LogModuleManager: Display: Found up-to-date module file ../../../Engine/Plugins/Runtime/AndroidPermission/Binaries/Win64/UE4Editor-AndroidPermission.dll (API version 3709383).
LogModuleManager: Display: Found up-to-date module file ../../../Engine/Plugins/Online/OnlineSubsystemNull/Binaries/Win64/UE4Editor-OnlineSubsystemNull.dll (API version 3709383).
LogModuleManager: Display: Found up-to-date module file ../../../Engine/Plugins/Online/OnlineSubsystemUtils/Binaries/Win64/UE4Editor-OnlineSubsystemUtils.dll (API version 3709383).
LogModuleManager: Display: Found up-to-date module file ../../../Engine/Plugins/Online/OnlineSubsystemUtils/Binaries/Win64/UE4Editor-OnlineBlueprintSupport.dll (API version 3709383).
LogModuleManager: Display: Found up-to-date module file ../../../Engine/Plugins/Runtime/AndroidDeviceProfileSelector/Binaries/Win64/UE4Editor-AndroidDeviceProfileSelector.dll (API version 3709383).
LogModuleManager: Display: Found up-to-date module file ../../../Engine/Plugins/Runtime/AppleARKit/Binaries/Win64/UE4Editor-AppleARKit.dll (API version 3709383).
LogModuleManager: Display: Found up-to-date module file ../../../Engine/Plugins/Runtime/ArchVisCharacter/Binaries/Win64/UE4Editor-ArchVisCharacter.dll (API version 3709383).
LogModuleManager: Display: Found up-to-date module file ../../../Engine/Plugins/Runtime/CableComponent/Binaries/Win64/UE4Editor-CableComponent.dll (API version 3709383).
LogModuleManager: Display: Found up-to-date module file ../../../Engine/Plugins/Runtime/CustomMeshComponent/Binaries/Win64/UE4Editor-CustomMeshComponent.dll (API version 3709383).
LogModuleManager: Display: Found up-to-date module file ../../../Engine/Plugins/Runtime/ExampleDeviceProfileSelector/Binaries/Win64/UE4Editor-ExampleDeviceProfileSelector.dll (API version 3709383).
LogModuleManager: Display: Found up-to-date module file ../../../Engine/Plugins/Runtime/ImmediatePhysics/Binaries/Win64/UE4Editor-ImmediatePhysics.dll (API version 3709383).
LogModuleManager: Display: Found up-to-date module file ../../../Engine/Plugins/Runtime/ImmediatePhysics/Binaries/Win64/UE4Editor-ImmediatePhysicsEditor.dll (API version 3709383).
LogModuleManager: Display: Found up-to-date module file ../../../Engine/Plugins/Runtime/LocationServicesBPLibrary/Binaries/Win64/UE4Editor-LocationServicesBPLibrary.dll (API version 3709383).
LogModuleManager: Display: Found up-to-date module file ../../../Engine/Plugins/Runtime/MobilePatchingUtils/Binaries/Win64/UE4Editor-MobilePatchingUtils.dll (API version 3709383).
LogModuleManager: Display: Found up-to-date module file ../../../Engine/Plugins/Runtime/Oculus/OculusVR/Binaries/Win64/UE4Editor-OculusHMD.dll (API version 3709383).
LogModuleManager: Display: Found up-to-date module file ../../../Engine/Plugins/Runtime/Oculus/OculusVR/Binaries/Win64/UE4Editor-OculusInput.dll (API version 3709383).
LogModuleManager: Display: Found up-to-date module file ../../../Engine/Plugins/Runtime/Oculus/OculusVR/Binaries/Win64/UE4Editor-OculusEditor.dll (API version 3709383).
LogModuleManager: Display: Found up-to-date module file ../../../Engine/Plugins/Runtime/PhysXVehicles/Binaries/Win64/UE4Editor-PhysXVehicles.dll (API version 3709383).
LogModuleManager: Display: Found up-to-date module file ../../../Engine/Plugins/Runtime/PhysXVehicles/Binaries/Win64/UE4Editor-PhysXVehiclesEditor.dll (API version 3709383).
LogModuleManager: Display: Found up-to-date module file ../../../Engine/Plugins/Runtime/ProceduralMeshComponent/Binaries/Win64/UE4Editor-ProceduralMeshComponent.dll (API version 3709383).
LogModuleManager: Display: Found up-to-date module file ../../../Engine/Plugins/Runtime/ProceduralMeshComponent/Binaries/Win64/UE4Editor-ProceduralMeshComponentEditor.dll (API version 3709383).
LogModuleManager: Display: Found up-to-date module file ../../../Engine/Plugins/Runtime/RuntimePhysXCooking/Binaries/Win64/UE4Editor-RuntimePhysXCooking.dll (API version 3709383).
LogModuleManager: Display: Found up-to-date module file ../../../Engine/Plugins/Runtime/Steam/SteamVR/Binaries/Win64/UE4Editor-SteamVR.dll (API version 3709383).
LogModuleManager: Display: Found up-to-date module file ../../../Engine/Plugins/Runtime/Steam/SteamVR/Binaries/Win64/UE4Editor-SteamVRController.dll (API version 3709383).
LogModuleManager: Display: Found up-to-date module file ../../../Engine/Plugins/Runtime/WindowsMoviePlayer/Binaries/Win64/UE4Editor-WindowsMoviePlayer.dll (API version 3709383).
LogPluginManager: Mounting plugin Paper2D
LogPluginManager: Mounting plugin LightPropagationVolume
LogPluginManager: Mounting plugin CodeLiteSourceCodeAccess
LogPluginManager: Mounting plugin GitSourceControl
LogPluginManager: Mounting plugin KDevelopSourceCodeAccess
LogPluginManager: Mounting plugin NullSourceCodeAccess
LogPluginManager: Mounting plugin PerforceSourceControl
LogPluginManager: Mounting plugin SubversionSourceControl
LogPluginManager: Mounting plugin UObjectPlugin
LogPluginManager: Mounting plugin VisualStudioCodeSourceCodeAccess
LogPluginManager: Mounting plugin VisualStudioSourceCodeAccess
LogPluginManager: Mounting plugin XCodeSourceCodeAccess
LogPluginManager: Mounting plugin AssetManagerEditor
LogPluginManager: Mounting plugin AudioCapture
LogPluginManager: Mounting plugin FacialAnimation
LogPluginManager: Mounting plugin GameplayTagsEditor
LogPluginManager: Mounting plugin MobileLauncherProfileWizard
LogPluginManager: Mounting plugin PluginBrowser
LogPluginManager: Mounting plugin SpeedTreeImporter
LogPluginManager: Mounting plugin AlembicImporter
LogPluginManager: Mounting plugin CharacterAI
LogPluginManager: Mounting plugin HTML5Networking
LogPluginManager: Mounting plugin AndroidMedia
LogPluginManager: Mounting plugin AvfMedia
LogPluginManager: Mounting plugin ImgMedia
LogPluginManager: Mounting plugin MediaCompositing
LogPluginManager: Mounting plugin MediaPlayerEditor
LogPluginManager: Mounting plugin WmfMedia
LogPluginManager: Mounting plugin TcpMessaging
LogPluginManager: Mounting plugin UdpMessaging
LogPluginManager: Mounting plugin ActorSequence
LogPluginManager: Mounting plugin LevelSequenceEditor
LogPluginManager: Mounting plugin MatineeToLevelSequence
LogPluginManager: Mounting plugin OnlineSubsystemGooglePlay
LogPluginManager: Mounting plugin OnlineSubsystemIOS
LogPluginManager: Mounting plugin OnlineSubsystem
LogPluginManager: Mounting plugin OnlineSubsystemNull
LogPluginManager: Mounting plugin OnlineSubsystemUtils
LogPluginManager: Mounting plugin AndroidDeviceProfileSelector
LogPluginManager: Mounting plugin AndroidMoviePlayer
LogPluginManager: Mounting plugin AndroidPermission
LogPluginManager: Mounting plugin AppleARKit
LogPluginManager: Mounting plugin AppleMoviePlayer
LogPluginManager: Mounting plugin ArchVisCharacter
LogPluginManager: Mounting plugin CableComponent
LogPluginManager: Mounting plugin CustomMeshComponent
LogPluginManager: Mounting plugin ExampleDeviceProfileSelector
LogPluginManager: Mounting plugin GoogleCloudMessaging
LogPluginManager: Mounting plugin ImmediatePhysics
LogPluginManager: Mounting plugin IOSDeviceProfileSelector
LogPluginManager: Mounting plugin LinuxDeviceProfileSelector
LogPluginManager: Mounting plugin LocationServicesBPLibrary
LogPluginManager: Mounting plugin MobilePatchingUtils
LogPluginManager: Mounting plugin OculusVR
LogPluginManager: Plugin shader directory ../../../Engine/Plugins/Runtime/Oculus/OculusVR/Shaders found
LogPluginManager: Mapping shader source directory ../../../Engine/Plugins/Runtime/Oculus/OculusVR/Shaders to virtual directory /Plugin/OculusVR
LogPluginManager: Mounting plugin PhysXVehicles
LogPluginManager: Mounting plugin ProceduralMeshComponent
LogPluginManager: Mounting plugin RuntimePhysXCooking
LogPluginManager: Mounting plugin SteamVR
LogPluginManager: Mounting plugin WindowsMoviePlayer
LogInit: Using libcurl 7.47.1
LogInit:  - built for x86_64-pc-win32
LogInit:  - supports SSL with OpenSSL/1.0.2g
LogInit:  - supports HTTP deflate (compression) using libz 1.2.8
LogInit:  - other features:
LogInit:      CURL_VERSION_SSL
LogInit:      CURL_VERSION_LIBZ
LogInit:      CURL_VERSION_IPV6
LogInit:      CURL_VERSION_ASYNCHDNS
LogInit:      CURL_VERSION_LARGEFILE
LogInit:      CURL_VERSION_IDN
LogInit:  CurlRequestOptions (configurable via config and command line):
LogInit:  - bVerifyPeer = false  - Libcurl will NOT verify peer certificate
LogInit:  - bUseHttpProxy = false  - Libcurl will NOT use HTTP proxy
LogInit:  - bDontReuseConnections = false  - Libcurl will reuse connections
LogInit:  - CertBundlePath = nullptr  - Libcurl will use whatever was configured at build time.
LogInit: Build: ++UE4+Release-4.18-CL-3832480
LogInit: Engine Version: 4.18.3-3832480+++UE4+Release-4.18
LogInit: Compatible Engine Version: 4.18.0-3709383+++UE4+Release-4.18
LogInit: Net CL: 3709383
LogDevObjectVersion: Number of dev versions registered: 16
LogDevObjectVersion:   Dev-Blueprints (B0D832E4-1F89-4F0D-ACCF-7EB736FD4AA2): 10
LogDevObjectVersion:   Dev-Build (E1C64328-A22C-4D53-A36C-8E866417BD8C): 0
LogDevObjectVersion:   Dev-Core (375EC13C-06E4-48FB-B500-84F0262A717E): 2
LogDevObjectVersion:   Dev-Editor (E4B068ED-F494-42E9-A231-DA0B2E46BB41): 20
LogDevObjectVersion:   Dev-Framework (CFFC743F-43B0-4480-9391-14DF171D2073): 30
LogDevObjectVersion:   Dev-Mobile (B02B49B5-BB20-44E9-A304-32B752E40360): 0
LogDevObjectVersion:   Dev-Networking (A4E4105C-59A1-49B5-A7C5-40C4547EDFEE): 0
LogDevObjectVersion:   Dev-Online (39C831C9-5AE6-47DC-9A44-9C173E1C8E7C): 0
LogDevObjectVersion:   Dev-Physics (78F01B33-EBEA-4F98-B9B4-84EACCB95AA2): 0
LogDevObjectVersion:   Dev-Platform (6631380F-2D4D-43E0-8009-CF276956A95A): 0
LogDevObjectVersion:   Dev-Rendering (12F88B9F-8875-4AFC-A67C-D90C383ABD29): 20
LogDevObjectVersion:   Dev-Sequencer (7B5AE74C-D270-4C10-A958-57980B212A5A): 4
LogDevObjectVersion:   Dev-VR (D7296918-1DD6-4BDD-9DE2-64A83CC13884): 0
LogDevObjectVersion:   Dev-LoadTimes (C2A15278-BFE7-4AFE-6C17-90FF531DF755): 1
LogDevObjectVersion:   Private-Geometry (6EACA3D4-40EC-4CC1-B786-8BED09428FC5): 1
LogDevObjectVersion:   Dev-AnimPhys (29E575DD-E0A3-4627-9D10-D276232CDCEA): 12
LogInit: Compiled (64-bit): Jan 12 2018 02:04:55
LogInit: Compiled with Visual C++: 19.00.24215.01
LogInit: Build Configuration: Development
LogInit: Branch Name: ++UE4+Release-4.18
LogInit: Command line:  
LogInit: Base directory: D:/Program Files (x86)/UE_4.18/Engine/Binaries/Win64/
LogInit: Installed Engine Build: 1
LogInit: Presizing for max 8388607 objects, including 0 objects not considered by GC, pre-allocating 0 bytes for permanent pool.
LogInit: Object subsystem initialized
[2019.10.26-17.07.20:243][  0]LogInit: Selected Device Profile: [Windows]
[2019.10.26-17.07.20:243][  0]LogInit: Applying CVar settings loaded from the selected device profile: [Windows]
[2019.10.26-17.07.20:315][  0]LogInit: Computer: DESKTOP-EEGEEHC
[2019.10.26-17.07.20:316][  0]LogInit: User: ChristopherP
[2019.10.26-17.07.20:316][  0]LogInit: CPU Page size=4096, Cores=4
[2019.10.26-17.07.20:316][  0]LogInit: High frequency timer resolution =10.000000 MHz
[2019.10.26-17.07.20:325][  0]LogMemory: Memory total: Physical=7.9GB (8GB approx)
[2019.10.26-17.07.20:329][  0]LogMemory: Platform Memory Stats for Windows
[2019.10.26-17.07.20:329][  0]LogMemory: Process Physical Memory: 272.02 MB used, 272.02 MB peak
[2019.10.26-17.07.20:329][  0]LogMemory: Process Virtual Memory: 263.76 MB used, 263.76 MB peak
[2019.10.26-17.07.20:329][  0]LogMemory: Physical Memory: 6203.80 MB used,  1928.07 MB free, 8131.87 MB total
[2019.10.26-17.07.20:329][  0]LogMemory: Virtual Memory: 4742.16 MB used,  1928.07 MB free, 134217728.00 MB total
[2019.10.26-17.07.22:556][  0]LogInit: Using OS detected language (en-US).
[2019.10.26-17.07.22:556][  0]LogInit: Using OS detected locale (en-US).
[2019.10.26-17.07.22:850][  0]LogTextLocalizationManager: No specific localization for 'en-US' exists, so the 'en' localization will be used.
[2019.10.26-17.07.23:706][  0]LogInit: Setting process to per monitor DPI aware
[2019.10.26-17.07.27:947][  0]LogD3D11RHI: D3D11 adapters:
[2019.10.26-17.07.28:068][  0]LogD3D11RHI:    0. 'NVIDIA GeForce GTX 1070' (Feature Level 11_0)
[2019.10.26-17.07.28:069][  0]LogD3D11RHI:       8088/0/4065 MB DedicatedVideo/DedicatedSystem/SharedSystem, Outputs:2, VendorId:0x10de
[2019.10.26-17.07.28:074][  0]LogD3D11RHI:    1. 'Microsoft Basic Render Driver' (Feature Level 11_0)
[2019.10.26-17.07.28:074][  0]LogD3D11RHI:       0/0/4065 MB DedicatedVideo/DedicatedSystem/SharedSystem, Outputs:0, VendorId:0x1414
[2019.10.26-17.07.28:074][  0]LogD3D11RHI: Chosen D3D11 Adapter: 0
[2019.10.26-17.07.28:121][  0]LogD3D11RHI: Creating new Direct3DDevice
[2019.10.26-17.07.28:124][  0]LogD3D11RHI:     GPU DeviceId: 0x1b81 (for the marketing name, search the web for "GPU Device Id")
[2019.10.26-17.07.28:124][  0]LogWindows: EnumDisplayDevices:
[2019.10.26-17.07.28:124][  0]LogWindows:    0. 'NVIDIA GeForce GTX 1070' (P:1 D:1)
[2019.10.26-17.07.28:124][  0]LogWindows:    1. 'NVIDIA GeForce GTX 1070' (P:0 D:1)
[2019.10.26-17.07.28:125][  0]LogWindows:    2. 'NVIDIA GeForce GTX 1070' (P:0 D:0)
[2019.10.26-17.07.28:125][  0]LogWindows:    3. 'NVIDIA GeForce GTX 1070' (P:0 D:0)
[2019.10.26-17.07.28:125][  0]LogWindows: DebugString: GetVideoDriverDetailsInvalid PrimaryIsNotTheChoosenAdapter GetVideoDriverDetailsInvalid PrimaryIsNotTheChoosenAdapter GetVideoDriverDetailsInvalid PrimaryIsNotTheChoosenAdapter GetVideoDriverDetailsInvalid PrimaryIsNotTheChoosenAdapter FoundDriverCount:0 
[2019.10.26-17.07.28:125][  0]LogD3D11RHI:     Adapter Name: NVIDIA GeForce GTX 1070
[2019.10.26-17.07.28:125][  0]LogD3D11RHI:   Driver Version: Unknown (internal:Unknown, unified:Unknown)
[2019.10.26-17.07.28:125][  0]LogD3D11RHI:      Driver Date: Unknown
[2019.10.26-17.07.28:126][  0]LogRHI: Texture pool is 5661 MB (70% of 8088 MB)
[2019.10.26-17.07.28:208][  0]LogD3D11RHI: Async texture creation enabled
[2019.10.26-17.07.28:820][  0]LogD3D11RHI: GPU Timing Frequency: 1000.000000 (Debug: 2 1)
[2019.10.26-17.07.28:993][  0]LogShaderCompilers: Guid format shader working directory is -18 characters bigger than the processId version (../../../../../GitKrakenRepo/SugarKnight_SaltySour/SKnightPrototype_01/Intermediate/Shaders/WorkingDirectory/16228/).
[2019.10.26-17.07.28:993][  0]LogShaderCompilers: Cleaned the shader compiler working directory 'C:/Users/ChristopherP/AppData/Local/Temp/UnrealShaderWorkingDir/A1D2D06E493EF32FADBCE8A7B671B6E4/'.
[2019.10.26-17.07.29:004][  0]LogShaderCompilers: Display: Using Local Shader Compiler.
[2019.10.26-17.07.33:719][  0]LogTemp: Display: Loaded TP AllDesktopTargetPlatform
[2019.10.26-17.07.34:046][  0]LogTemp: Display: Loaded TP MacClientTargetPlatform
[2019.10.26-17.07.34:376][  0]LogTemp: Display: Loaded TP MacNoEditorTargetPlatform
[2019.10.26-17.07.34:706][  0]LogTemp: Display: Loaded TP MacServerTargetPlatform
[2019.10.26-17.07.35:067][  0]LogTemp: Display: Loaded TP MacTargetPlatform
[2019.10.26-17.07.35:360][  0]LogTemp: Display: Loaded TP WindowsClientTargetPlatform
[2019.10.26-17.07.35:637][  0]LogTemp: Display: Loaded TP WindowsNoEditorTargetPlatform
[2019.10.26-17.07.35:912][  0]LogTemp: Display: Loaded TP WindowsServerTargetPlatform
[2019.10.26-17.07.36:199][  0]LogTemp: Display: Loaded TP WindowsTargetPlatform
[2019.10.26-17.07.36:475][  0]LogTemp: Display: Loaded TP Android_ASTCTargetPlatform
[2019.10.26-17.07.36:751][  0]LogTemp: Display: Loaded TP Android_ATCTargetPlatform
[2019.10.26-17.07.37:026][  0]LogTemp: Display: Loaded TP Android_DXTTargetPlatform
[2019.10.26-17.07.37:305][  0]LogTemp: Display: Loaded TP Android_ETC1TargetPlatform
[2019.10.26-17.07.37:585][  0]LogTemp: Display: Loaded TP Android_ETC2TargetPlatform
[2019.10.26-17.07.38:135][  0]LogTemp: Display: Loaded TP Android_MultiTargetPlatform
[2019.10.26-17.07.38:135][  0]LogTemp: Display: Loaded TP Android_PVRTCTargetPlatform
[2019.10.26-17.07.38:441][  0]LogTemp: Display: Loaded TP AndroidTargetPlatform
[2019.10.26-17.07.38:702][  0]LogTemp: Display: Loaded TP HTML5TargetPlatform
[2019.10.26-17.07.39:176][  0]LogTemp: Display: Loaded TP IOSTargetPlatform
[2019.10.26-17.07.39:322][  0]LogTemp: Display: Loaded TP TVOSTargetPlatform
[2019.10.26-17.07.39:607][  0]LogTemp: Display: Loaded TP LinuxClientTargetPlatform
[2019.10.26-17.07.39:899][  0]LogTemp: Display: Loaded TP LinuxNoEditorTargetPlatform
[2019.10.26-17.07.40:190][  0]LogTemp: Display: Loaded TP LinuxServerTargetPlatform
[2019.10.26-17.07.40:481][  0]LogTemp: Display: Loaded TP LinuxTargetPlatform
[2019.10.26-17.07.40:481][  0]LogTargetPlatformManager: Display: Building Assets For Windows
[2019.10.26-17.07.44:318][  0]LogDerivedDataCache: Display: Max Cache Size: 512 MB
[2019.10.26-17.07.45:241][  0]LogDerivedDataCache: Loaded boot cache 0.91s 78MB C:/Users/ChristopherP/AppData/Local/UnrealEngine/4.18/DerivedDataCache/Boot.ddc.
[2019.10.26-17.07.45:241][  0]LogDerivedDataCache: Display: Loaded Boot cache: C:/Users/ChristopherP/AppData/Local/UnrealEngine/4.18/DerivedDataCache/Boot.ddc
[2019.10.26-17.07.45:241][  0]LogDerivedDataCache: FDerivedDataBackendGraph:  Pak pak cache file ../../../../../GitKrakenRepo/SugarKnight_SaltySour/SKnightPrototype_01/DerivedDataCache/DDC.ddp not found, will not use a pak cache.
[2019.10.26-17.07.45:241][  0]LogDerivedDataCache: Unable to find inner node Pak for hierarchical cache Hierarchy.
[2019.10.26-17.07.45:241][  0]LogDerivedDataCache: FDerivedDataBackendGraph:  CompressedPak pak cache file ../../../../../GitKrakenRepo/SugarKnight_SaltySour/SKnightPrototype_01/DerivedDataCache/Compressed.ddp not found, will not use a pak cache.
[2019.10.26-17.07.45:241][  0]LogDerivedDataCache: Unable to find inner node CompressedPak for hierarchical cache Hierarchy.
[2019.10.26-17.07.45:332][  0]LogDerivedDataCache: Display: Pak cache opened for reading ../../../Engine/DerivedDataCache/Compressed.ddp.
[2019.10.26-17.07.45:353][  0]LogDerivedDataCache: Using Local data cache path C:/Users/ChristopherP/AppData/Local/UnrealEngine/Common/DerivedDataCache: Writable
[2019.10.26-17.07.45:400][  0]LogMaterial: Verifying Global Shaders for PCD3D_SM5
[2019.10.26-17.07.45:494][  0]LogSlate: Using Freetype 2.6.0
[2019.10.26-17.07.45:577][  0]LogSlate: SlateFontCache - WITH_FREETYPE: 1, WITH_HARFBUZZ: 1
[2019.10.26-17.07.45:583][  0]LogSlate: SlateFontCache - WITH_FREETYPE: 1, WITH_HARFBUZZ: 1
[2019.10.26-17.07.51:679][  0]LogInit: Selected Device Profile: [Windows]
[2019.10.26-17.07.54:400][  0]LogSimplygon: Simplygon DLL not present - disabling.
[2019.10.26-17.07.54:706][  0]LogMeshReduction: Using SimplygonSwarm for distributed automatic mesh merging
[2019.10.26-17.07.54:707][  0]LogMeshReduction: Using QuadricMeshReduction for automatic static mesh reduction
[2019.10.26-17.07.54:707][  0]LogMeshReduction: No automatic skeletal mesh reduction module available
[2019.10.26-17.07.54:707][  0]LogMeshReduction: No automatic mesh merging module available
[2019.10.26-17.07.54:707][  0]LogMeshMerging: No automatic mesh merging module available
[2019.10.26-17.07.55:460][  0]LogNetVersion: SKnightPrototype_01 , NetCL: 3709383, EngineNetVer: 2, GameNetVer: 0 (Checksum: 431312611)
[2019.10.26-17.07.57:229][  0]LogAssetRegistry: FAssetRegistry took 0.0426 seconds to start up
[2019.10.26-17.08.12:453][  0]LogPackageLocalizationCache: Processed 7 localized package path(s) for 2 prioritized culture(s) in 0.219207 seconds
[2019.10.26-17.08.12:485][  0]LogUObjectArray: 35870 objects as part of root set at end of initial load.
[2019.10.26-17.08.12:485][  0]LogUObjectAllocator: 7363696 out of 0 bytes used by permanent object pool.
[2019.10.26-17.08.12:485][  0]LogUObjectArray: CloseDisregardForGC: 0/0 objects in disregard for GC pool
[2019.10.26-17.08.12:991][  0]LogInit: WinSock: version 1.1 (2.2), MaxSocks=32767, MaxUdp=65467
[2019.10.26-17.09.12:669][  0]LogTcpMessaging: Initializing TcpMessaging bridge
[2019.10.26-17.09.12:886][  0]LogUdpMessaging: Initializing bridge on interface 0.0.0.0:0 to multicast group 230.0.0.1:6666.
[2019.10.26-17.09.17:580][  0]LogMaterial: Uniform references updated for custom material expression Custom.
[2019.10.26-17.09.20:180][  0]SourceControl: Source control is disabled
[2019.10.26-17.09.20:190][  0]SourceControl: Source control is disabled
[2019.10.26-17.09.20:553][  0]SourceControl: Source control is disabled
[2019.10.26-17.09.20:926][  0]SourceControl: Source control is disabled
[2019.10.26-17.09.26:576][  0]LogAndroidPermission: UAndroidPermissionCallbackProxy::GetInstance
[2019.10.26-17.09.28:201][  0]LogOcInput: OculusInput pre-init called
[2019.10.26-17.09.30:282][  0]LogEngine: Initializing Engine...
[2019.10.26-17.09.30:356][  0]LogHMD: Failed to initialize OpenVR with code 110
[2019.10.26-17.09.30:793][  0]LogStats: UGameplayTagsManager::ConstructGameplayTagTree: Construct from data asset -  0.000 s
[2019.10.26-17.09.30:794][  0]LogStats: UGameplayTagsManager::ConstructGameplayTagTree: GameplayTagTreeChangedEvent.Broadcast -  0.000 s
[2019.10.26-17.09.31:855][  0]LogAIModule: Creating AISystem for world Untitled
[2019.10.26-17.09.32:099][  0]LogInit: XAudio2 using 'Speakers (Realtek High Definition Audio)' : 2 channels at 48 kHz using 32 bits per sample (channel mask 0x3)
[2019.10.26-17.09.32:205][  0]LogInit: FAudioDevice initialized.
[2019.10.26-17.09.32:404][  0]LogDerivedDataCache: Saved boot cache 0.18s 78MB C:/Users/ChristopherP/AppData/Local/UnrealEngine/4.18/DerivedDataCache/Boot.ddc.
[2019.10.26-17.09.32:422][  0]LogInit: Texture streaming: Enabled
[2019.10.26-17.09.33:218][  0]LogEngineSessionManager: EngineSessionManager initialized
[2019.10.26-17.09.34:169][  0]LogInit: Transaction tracking system initialized
[2019.10.26-17.09.36:452][  0]BlueprintLog: New page: Editor Load
[2019.10.26-17.09.43:439][  0]LocalizationService: Localization service is disabled
[2019.10.26-17.09.49:154][  0]LogConsoleResponse: Display: 
[2019.10.26-17.09.51:002][  0]LogFileCache: Scanning file cache for directory 'D:/GitKrakenRepo/SugarKnight_SaltySour/SKnightPrototype_01/Content/' took 0.03s
[2019.10.26-17.09.51:002][  0]LogCook: Display: Max memory allowance for cook 16384mb min free memory 0mb
[2019.10.26-17.09.51:002][  0]LogCook: Display: Mobile HDR setting 1
[2019.10.26-17.09.51:018][  0]LogGameplayTags: Display: UGameplayTagsManager::DoneAddingNativeTags. DelegateIsBound: 0
[2019.10.26-17.09.59:510][  0]SourceControl: Source control is disabled
[2019.10.26-17.09.59:564][  0]Cmd: MAP LOAD FILE="../../../../../GitKrakenRepo/SugarKnight_SaltySour/SKnightPrototype_01/Content/SideScrollerBP/Maps/SideScrollerExampleMap.umap" TEMPLATE=0 SHOWPROGRESS=1 FEATURELEVEL=3
[2019.10.26-17.09.59:566][  0]LightingResults: New page: Lighting Build
[2019.10.26-17.09.59:988][  0]MapCheck: New page: Map Check
[2019.10.26-17.09.59:988][  0]LightingResults: New page: Lighting Build
[2019.10.26-17.10.02:849][  0]LogAIModule: Creating AISystem for world SideScrollerExampleMap
[2019.10.26-17.10.03:509][  0]LogEditorServer: Finished looking for orphan Actors (0.000 secs)
[2019.10.26-17.10.03:656][  0]Cmd: MAP CHECKDEP NOCLEARLOG
[2019.10.26-17.10.03:865][  0]MapCheck: Map check complete: 0 Error(s), 0 Warning(s), took 208.993ms to complete.
[2019.10.26-17.10.03:865][  0]LogFileHelpers: Loading map 'SideScrollerExampleMap' took 4.326
[2019.10.26-17.10.05:445][  0]LogCollectionManager: Loaded 0 collections in 0.003000 seconds
[2019.10.26-17.10.05:851][  0]LogFileCache: Scanning file cache for directory 'D:/GitKrakenRepo/SugarKnight_SaltySour/SKnightPrototype_01/Saved/Collections/' took 0.01s
[2019.10.26-17.10.05:851][  0]LogFileCache: Scanning file cache for directory 'D:/GitKrakenRepo/SugarKnight_SaltySour/SKnightPrototype_01/Content/Developers/ChristopherP/Collections/' took 0.01s
[2019.10.26-17.10.05:851][  0]LogFileCache: Scanning file cache for directory 'D:/GitKrakenRepo/SugarKnight_SaltySour/SKnightPrototype_01/Content/Collections/' took 0.01s
[2019.10.26-17.10.05:851][  0]LogCollectionManager: Rebuilt the GUID cache for 0 collections in 0.000000 seconds
[2019.10.26-17.10.05:863][  0]LogContentBrowser: Native class hierarchy populated in 0.0095 seconds. Added 2363 classes and 519 folders.
[2019.10.26-17.10.06:342][  0]LogContentBrowser: Native class hierarchy updated for 'WidgetCarousel' in 0.0004 seconds. Added 0 classes and 0 folders.
[2019.10.26-17.10.07:553][  0]LogContentBrowser: Native class hierarchy updated for 'AddContentDialog' in 0.0003 seconds. Added 0 classes and 0 folders.
[2019.10.26-17.10.07:851][  0]LogContentBrowser: Native class hierarchy updated for 'SceneOutliner' in 0.0004 seconds. Added 1 classes and 2 folders.
[2019.10.26-17.10.08:240][  0]LogSlate: Took 0.013413 seconds to synchronously load lazily loaded font '../../../Engine/Content/Slate/Fonts/Roboto-Regular.ttf' (155K)
[2019.10.26-17.10.08:263][  0]LogSlate: Took 0.015352 seconds to synchronously load lazily loaded font '../../../Engine/Content/Slate/Fonts/Roboto-Bold.ttf' (160K)
[2019.10.26-17.10.08:320][  0]LogSlate: Took 0.012519 seconds to synchronously load lazily loaded font '../../../Engine/Content/Editor/Slate/Fonts/FontAwesome.ttf' (139K)
[2019.10.26-17.10.08:732][  0]LogRenderer: Reallocating scene render targets to support 1128x636 Format 10 NumSamples 1 (Frame:1).
[2019.10.26-17.10.09:521][  0]LogContentBrowser: Native class hierarchy updated for 'HierarchicalLODOutliner' in 0.0004 seconds. Added 1 classes and 2 folders.
[2019.10.26-17.10.09:521][  0]LogLoad: (Engine Initialization) Total time: 192.28 seconds
[2019.10.26-17.10.09:521][  0]LogLoad: (Engine Initialization) Total Blueprint compile time: 0.00 seconds
[2019.10.26-17.10.09:521][  0]LogExternalProfiler: No external profilers were discovered.  External profiling features will not be available.
[2019.10.26-17.10.09:941][  0]LogContentStreaming: Texture pool size now 1000 MB
[2019.10.26-17.10.10:059][  0]LogSlate: Took 0.011858 seconds to synchronously load lazily loaded font '../../../Engine/Content/Slate/Fonts/Roboto-Light.ttf' (159K)
[2019.10.26-17.10.10:233][  1]LogAssetRegistry: Asset discovery search completed in 133.0294 seconds
[2019.10.26-17.10.10:235][  1]LogCollectionManager: Rebuilt the object cache for 0 collections in 0.000001 seconds (found 0 objects)
[2019.10.26-17.10.10:235][  1]LogCollectionManager: Fixed up redirectors for 0 collections in 0.000061 seconds (updated 0 objects)
[2019.10.26-17.10.15:941][165]LogSlate: Took 0.000300 seconds to synchronously load lazily loaded font '../../../Engine/Content/Slate/Fonts/Roboto-Light.ttf' (159K)
[2019.10.26-17.10.16:428][165]LogSlate: Took 0.000317 seconds to synchronously load lazily loaded font '../../../Engine/Content/Slate/Fonts/Roboto-Regular.ttf' (155K)
[2019.10.26-17.10.16:855][165]LogContentBrowser: Native class hierarchy updated for 'BlueprintGraph' in 0.0010 seconds. Added 116 classes and 0 folders.
[2019.10.26-17.10.18:226][165]LogSlate: Took 0.021670 seconds to synchronously load lazily loaded font '../../../Engine/Content/Editor/Slate/Fonts/Roboto-BoldCondensed.ttf' (158K)
[2019.10.26-17.10.18:798][166]LogSlate: Took 0.017180 seconds to synchronously load lazily loaded font '../../../Engine/Content/Editor/Slate/Fonts/Roboto-Italic.ttf' (157K)
[2019.10.26-17.20.00:810][225]LogSlate: Took 0.000539 seconds to synchronously load lazily loaded font '../../../Engine/Content/Slate/Fonts/Roboto-Light.ttf' (159K)
[2019.10.26-17.20.11:654][253]LogSavePackage: Save=1264.14ms
[2019.10.26-17.20.11:654][253]LogSavePackage: Moving '../../../../../GitKrakenRepo/SugarKnight_SaltySour/SKnightPrototype_01/Saved/SideScrollerExampleMap_Auto1A8494BEA4ECC1C937A625FA5E3B81A07.tmp' to '../../../../../GitKrakenRepo/SugarKnight_SaltySour/SKnightPrototype_01/Saved/Autosaves/Game/SideScrollerBP/Maps/SideScrollerExampleMap_Auto1.umap'
[2019.10.26-17.20.11:683][253]LogSavePackage: Display: Finished SavePackage ../../../../../GitKrakenRepo/SugarKnight_SaltySour/SKnightPrototype_01/Saved/Autosaves/Game/SideScrollerBP/Maps/SideScrollerExampleMap_Auto1.umap
[2019.10.26-17.20.11:697][253]LogFileHelpers: Editor autosave (incl. sublevels) for '/Game/SideScrollerBP/Maps/SideScrollerExampleMap' took 1.569
[2019.10.26-17.20.11:697][253]LogFileHelpers: Editor autosave (incl. sublevels) for all levels took 1.569
[2019.10.26-17.20.11:705][253]OBJ SavePackage: Generating thumbnails for [1] asset(s) in package [/Game/SideScrollerBP/Blueprints/Enemy] ([1] browsable assets)...
[2019.10.26-17.20.11:735][253]OBJ SavePackage:     Rendered thumbnail for [Blueprint /Game/SideScrollerBP/Blueprints/Enemy.Enemy]
[2019.10.26-17.20.11:735][253]OBJ SavePackage: Finished generating thumbnails for package [/Game/SideScrollerBP/Blueprints/Enemy]
[2019.10.26-17.20.11:841][253]LogSavePackage: Save=92.20ms
[2019.10.26-17.20.11:841][253]LogSavePackage: Moving '../../../../../GitKrakenRepo/SugarKnight_SaltySour/SKnightPrototype_01/Saved/Enemy_Auto185AA45F343FE11C98E31FAB15CEFF80A.tmp' to '../../../../../GitKrakenRepo/SugarKnight_SaltySour/SKnightPrototype_01/Saved/Autosaves/Game/SideScrollerBP/Blueprints/Enemy_Auto1.uasset'
[2019.10.26-17.20.11:860][253]LogSavePackage: Display: Finished SavePackage ../../../../../GitKrakenRepo/SugarKnight_SaltySour/SKnightPrototype_01/Saved/Autosaves/Game/SideScrollerBP/Blueprints/Enemy_Auto1.uasset
[2019.10.26-17.20.11:860][253]LogFileHelpers: Auto-saving content packages took 0.157
[2019.10.26-17.53.56:834][457]LogSavePackage: Save=107.04ms
[2019.10.26-17.53.56:834][457]LogSavePackage: Moving '../../../../../GitKrakenRepo/SugarKnight_SaltySour/SKnightPrototype_01/Saved/EnemyE3E22B1B4C0482E4DFEAA3B790D7A5CE.tmp' to '../../../../../GitKrakenRepo/SugarKnight_SaltySour/SKnightPrototype_01/Content/SideScrollerBP/Blueprints/Enemy.uasset'
[2019.10.26-17.53.56:868][457]LogSavePackage: Display: Finished SavePackage ../../../../../GitKrakenRepo/SugarKnight_SaltySour/SKnightPrototype_01/Content/SideScrollerBP/Blueprints/Enemy.uasset
[2019.10.26-17.58.31:420][776]LogSavePackage: Save=825.08ms
[2019.10.26-17.58.31:420][776]LogSavePackage: Moving '../../../../../GitKrakenRepo/SugarKnight_SaltySour/SKnightPrototype_01/Saved/SideScrollerExampleMap927A6697450DC85B230BB0B80D06986E.tmp' to '../../../../../GitKrakenRepo/SugarKnight_SaltySour/SKnightPrototype_01/Content/SideScrollerBP/Maps/SideScrollerExampleMap.umap'
[2019.10.26-17.58.31:428][776]LogSavePackage: Display: Finished SavePackage ../../../../../GitKrakenRepo/SugarKnight_SaltySour/SKnightPrototype_01/Content/SideScrollerBP/Maps/SideScrollerExampleMap.umap
[2019.10.26-17.58.32:087][776]LogSavePackage: Save=434.94ms
[2019.10.26-17.58.32:087][776]LogSavePackage: Moving '../../../../../GitKrakenRepo/SugarKnight_SaltySour/SKnightPrototype_01/Saved/SideScrollerExampleMap_BuiltData7075EF9C45DB5E5C2FD8D0871F7A05F1.tmp' to '../../../../../GitKrakenRepo/SugarKnight_SaltySour/SKnightPrototype_01/Content/SideScrollerBP/Maps/SideScrollerExampleMap_BuiltData.uasset'
[2019.10.26-17.58.32:101][776]LogSavePackage: Display: Finished SavePackage ../../../../../GitKrakenRepo/SugarKnight_SaltySour/SKnightPrototype_01/Content/SideScrollerBP/Maps/SideScrollerExampleMap_BuiltData.uasset
[2019.10.26-17.58.36:064][132]LogWindowsTextInputMethodSystem: Display: IME system now deactivated.
[2019.10.26-17.58.36:484][133]Cmd: QUIT_EDITOR
[2019.10.26-17.58.37:021][133]LogExit: Preparing to exit.
[2019.10.26-17.58.37:820][133]LogDirectoryWatcher: A directory notification for 'D:/GitKrakenRepo/SugarKnight_SaltySour/SKnightPrototype_01/Content/' was aborted.
[2019.10.26-17.58.37:971][133]LogExit: Editor shut down
[2019.10.26-17.58.37:975][133]LogExit: Transaction tracking system shut down
[2019.10.26-17.58.38:340][133]LogDirectoryWatcher: A directory notification for '../../../Engine/Content/' was aborted.
[2019.10.26-17.58.38:340][133]LogDirectoryWatcher: A directory notification for '../../../../../GitKrakenRepo/SugarKnight_SaltySour/SKnightPrototype_01/Content/' was aborted.
[2019.10.26-17.58.38:340][133]LogDirectoryWatcher: A directory notification for '../../../Engine/Plugins/2D/Paper2D/Content/' was aborted.
[2019.10.26-17.58.38:340][133]LogDirectoryWatcher: A directory notification for '../../../Engine/Plugins/Media/MediaCompositing/Content/' was aborted.
[2019.10.26-17.58.38:340][133]LogDirectoryWatcher: A directory notification for '../../../Engine/Plugins/Runtime/AppleARKit/Content/' was aborted.
[2019.10.26-17.58.38:340][133]LogDirectoryWatcher: A directory notification for '../../../Engine/Plugins/Runtime/Oculus/OculusVR/Content/' was aborted.
[2019.10.26-17.58.38:340][133]LogDirectoryWatcher: A directory notification for '../../../Engine/Plugins/Runtime/Steam/SteamVR/Content/' was aborted.
[2019.10.26-17.58.39:710][133]LogExit: Object subsystem successfully closed.
[2019.10.26-17.58.40:110][133]LogD3D11RHI: Shutdown
[2019.10.26-17.58.40:125][133]LogD3D11RHI: CleanupD3DDevice
[2019.10.26-17.58.40:184][133]LogD3D11RHI: ~FD3D11DynamicRHI
[2019.10.26-17.58.41:367][133]LogModuleManager: Shutting down and abandoning module BlueprintGraph (550)
[2019.10.26-17.58.41:367][133]LogModuleManager: Shutting down and abandoning module HierarchicalLODOutliner (548)
[2019.10.26-17.58.41:367][133]LogModuleManager: Shutting down and abandoning module SceneOutliner (546)
[2019.10.26-17.58.41:378][133]LogModuleManager: Shutting down and abandoning module AddContentDialog (544)
[2019.10.26-17.58.41:384][133]LogDirectoryWatcher: A directory notification for 'D:/Program Files (x86)/UE_4.18/FeaturePacks/' was aborted.
[2019.10.26-17.58.41:386][133]LogModuleManager: Shutting down and abandoning module WidgetCarousel (543)
[2019.10.26-17.58.41:386][133]LogModuleManager: Shutting down and abandoning module EditorWidgets (540)
[2019.10.26-17.58.41:386][133]LogModuleManager: Shutting down and abandoning module CollectionManager (538)
[2019.10.26-17.58.41:403][133]LogDirectoryWatcher: A directory notification for 'D:/GitKrakenRepo/SugarKnight_SaltySour/SKnightPrototype_01/Content/Collections/' was aborted.
[2019.10.26-17.58.41:403][133]LogDirectoryWatcher: A directory notification for 'D:/GitKrakenRepo/SugarKnight_SaltySour/SKnightPrototype_01/Content/Developers/ChristopherP/Collections/' was aborted.
[2019.10.26-17.58.41:403][133]LogDirectoryWatcher: A directory notification for 'D:/GitKrakenRepo/SugarKnight_SaltySour/SKnightPrototype_01/Saved/Collections/' was aborted.
[2019.10.26-17.58.41:403][133]LogModuleManager: Shutting down and abandoning module StatsViewer (536)
[2019.10.26-17.58.41:420][133]LogModuleManager: Shutting down and abandoning module FoliageEdit (534)
[2019.10.26-17.58.41:420][133]LogModuleManager: Shutting down and abandoning module LandscapeEditor (532)
[2019.10.26-17.58.41:438][133]LogModuleManager: Shutting down and abandoning module MeshPaintMode (530)
[2019.10.26-17.58.41:438][133]LogModuleManager: Shutting down and abandoning module SceneDepthPickerMode (528)
[2019.10.26-17.58.41:438][133]LogModuleManager: Shutting down and abandoning module ActorPickerMode (526)
[2019.10.26-17.58.41:438][133]LogModuleManager: Shutting down and abandoning module GeometryMode (524)
[2019.10.26-17.58.41:438][133]LogModuleManager: Shutting down and abandoning module TextureAlignMode (522)
[2019.10.26-17.58.41:438][133]LogModuleManager: Shutting down and abandoning module BspMode (520)
[2019.10.26-17.58.41:439][133]LogModuleManager: Shutting down and abandoning module PIEPreviewDeviceProfileSelector (518)
[2019.10.26-17.58.41:439][133]LogModuleManager: Shutting down and abandoning module HardwareSurvey (516)
[2019.10.26-17.58.41:439][133]LogModuleManager: Shutting down and abandoning module SequenceRecorderSections (514)
[2019.10.26-17.58.41:457][133]LogModuleManager: Shutting down and abandoning module AutomationWorker (512)
[2019.10.26-17.58.41:463][133]LogModuleManager: Shutting down and abandoning module MatineeToLevelSequence (510)
[2019.10.26-17.58.41:478][133]LogModuleManager: Shutting down and abandoning module LevelSequenceEditor (508)
[2019.10.26-17.58.41:515][133]LogModuleManager: Shutting down and abandoning module PlacementMode (507)
[2019.10.26-17.58.41:515][133]LogModuleManager: Shutting down and abandoning module WmfMediaFactory (504)
[2019.10.26-17.58.41:515][133]LogModuleManager: Shutting down and abandoning module WmfMediaEditor (502)
[2019.10.26-17.58.41:515][133]LogModuleManager: Shutting down and abandoning module OpenExrWrapper (500)
[2019.10.26-17.58.41:515][133]LogModuleManager: Shutting down and abandoning module ImgMediaFactory (498)
[2019.10.26-17.58.41:515][133]LogModuleManager: Shutting down and abandoning module ImgMediaEditor (496)
[2019.10.26-17.58.41:515][133]LogModuleManager: Shutting down and abandoning module AvfMediaFactory (494)
[2019.10.26-17.58.41:515][133]LogModuleManager: Shutting down and abandoning module AvfMediaEditor (492)
[2019.10.26-17.58.41:515][133]LogModuleManager: Shutting down and abandoning module AndroidMediaFactory (490)
[2019.10.26-17.58.41:515][133]LogModuleManager: Shutting down and abandoning module AndroidMediaEditor (488)
[2019.10.26-17.58.41:515][133]LogModuleManager: Shutting down and abandoning module CharacterAI (486)
[2019.10.26-17.58.41:515][133]LogModuleManager: Shutting down and abandoning module AudioCapture (484)
[2019.10.26-17.58.41:531][133]LogModuleManager: Shutting down and abandoning module SequenceRecorder (483)
[2019.10.26-17.58.41:548][133]LogModuleManager: Shutting down and abandoning module SmartSnapping (480)
[2019.10.26-17.58.41:548][133]LogModuleManager: Shutting down and abandoning module SessionServices (478)
[2019.10.26-17.58.41:548][133]LogModuleManager: Shutting down and abandoning module ViewportSnapping (476)
[2019.10.26-17.58.41:548][133]LogModuleManager: Shutting down and abandoning module ViewportInteraction (474)
[2019.10.26-17.58.41:548][133]LogModuleManager: Shutting down and abandoning module ClothPainter (472)
[2019.10.26-17.58.41:572][133]LogModuleManager: Shutting down and abandoning module SkeletalMeshEditor (471)
[2019.10.26-17.58.41:603][133]LogModuleManager: Shutting down and abandoning module LogVisualizer (468)
[2019.10.26-17.58.41:621][133]LogModuleManager: Shutting down and abandoning module IntroTutorials (466)
[2019.10.26-17.58.41:664][133]LogModuleManager: Shutting down and abandoning module GameProjectGeneration (465)
[2019.10.26-17.58.41:682][133]LogModuleManager: Shutting down and abandoning module IOSPlatformEditor (462)
[2019.10.26-17.58.41:682][133]LogModuleManager: Shutting down and abandoning module HTML5PlatformEditor (460)
[2019.10.26-17.58.41:682][133]LogModuleManager: Shutting down and abandoning module AndroidPlatformEditor (458)
[2019.10.26-17.58.41:683][133]LogModuleManager: Shutting down and abandoning module AndroidDeviceDetection (457)
[2019.10.26-17.58.42:010][133]LogModuleManager: Shutting down and abandoning module WindowsPlatformEditor (454)
[2019.10.26-17.58.42:010][133]LogModuleManager: Shutting down and abandoning module IOSRuntimeSettings (452)
[2019.10.26-17.58.42:010][133]LogModuleManager: Shutting down and abandoning module AndroidRuntimeSettings (450)
[2019.10.26-17.58.42:010][133]LogModuleManager: Shutting down and abandoning module InputBindingEditor (448)
[2019.10.26-17.58.42:019][133]LogModuleManager: Shutting down and abandoning module MergeActors (446)
[2019.10.26-17.58.42:040][133]LogModuleManager: Shutting down and abandoning module SizeMap (444)
[2019.10.26-17.58.42:040][133]LogModuleManager: Shutting down and abandoning module TreeMap (442)
[2019.10.26-17.58.42:063][133]LogModuleManager: Shutting down and abandoning module ReferenceViewer (440)
[2019.10.26-17.58.42:063][133]LogModuleManager: Shutting down and abandoning module LocalizationDashboard (438)
[2019.10.26-17.58.42:071][133]LogModuleManager: Shutting down and abandoning module LocalizationService (437)
[2019.10.26-17.58.42:080][133]LogModuleManager: Shutting down and abandoning module HardwareTargeting (434)
[2019.10.26-17.58.42:080][133]LogModuleManager: Shutting down and abandoning module DeviceProfileEditor (432)
[2019.10.26-17.58.42:081][133]LogModuleManager: Shutting down and abandoning module UndoHistory (430)
[2019.10.26-17.58.42:081][133]LogModuleManager: Shutting down and abandoning module XmlParser (428)
[2019.10.26-17.58.42:099][133]LogModuleManager: Shutting down and abandoning module Blutility (426)
[2019.10.26-17.58.42:099][133]LogModuleManager: Shutting down and abandoning module ProjectSettingsViewer (424)
[2019.10.26-17.58.42:099][133]LogModuleManager: Shutting down and abandoning module ProjectTargetPlatformEditor (423)
[2019.10.26-17.58.42:099][133]LogModuleManager: Shutting down and abandoning module EditorSettingsViewer (420)
[2019.10.26-17.58.42:099][133]LogModuleManager: Shutting down and abandoning module SettingsEditor (418)
[2019.10.26-17.58.42:113][133]LogModuleManager: Shutting down and abandoning module ProjectLauncher (416)
[2019.10.26-17.58.42:126][133]LogModuleManager: Shutting down and abandoning module SessionFrontend (414)
[2019.10.26-17.58.42:139][133]LogModuleManager: Shutting down and abandoning module ProfilerClient (412)
[2019.10.26-17.58.42:149][133]LogModuleManager: Shutting down and abandoning module DeviceManager (410)
[2019.10.26-17.58.42:163][133]LogModuleManager: Shutting down and abandoning module TargetDeviceServices (409)
[2019.10.26-17.58.42:218][133]LogModuleManager: Shutting down and abandoning module AutomationController (406)
[2019.10.26-17.58.42:237][133]LogModuleManager: Shutting down and abandoning module AutomationWindow (404)
[2019.10.26-17.58.42:256][133]LogModuleManager: Shutting down and abandoning module Layers (402)
[2019.10.26-17.58.42:257][133]LogModuleManager: Shutting down and abandoning module ComponentVisualizers (400)
[2019.10.26-17.58.42:258][133]LogModuleManager: Shutting down and abandoning module DetailCustomizations (398)
[2019.10.26-17.58.42:267][133]LogModuleManager: Shutting down and abandoning module PackagesDialog (396)
[2019.10.26-17.58.42:301][133]LogModuleManager: Shutting down and abandoning module Persona (394)
[2019.10.26-17.58.42:321][133]LogModuleManager: Shutting down and abandoning module AdvancedPreviewScene (393)
[2019.10.26-17.58.42:321][133]LogModuleManager: Shutting down and abandoning module AnimGraph (391)
[2019.10.26-17.58.42:322][133]LogModuleManager: Shutting down and abandoning module Kismet (388)
[2019.10.26-17.58.42:344][133]LogModuleManager: Shutting down and abandoning module ClassViewer (386)
[2019.10.26-17.58.42:344][133]LogModuleManager: Shutting down and abandoning module Toolbox (384)
[2019.10.26-17.58.42:344][133]LogModuleManager: Shutting down and abandoning module ModuleUI (382)
[2019.10.26-17.58.42:353][133]LogModuleManager: Shutting down and abandoning module MovieSceneTools (380)
[2019.10.26-17.58.42:388][133]LogModuleManager: Shutting down and abandoning module OutputLog (378)
[2019.10.26-17.58.42:402][133]LogModuleManager: Shutting down and abandoning module GammaUI (376)
[2019.10.26-17.58.42:415][133]LogModuleManager: Shutting down and abandoning module Documentation (374)
[2019.10.26-17.58.42:415][133]LogModuleManager: Shutting down and abandoning module MovieSceneTracks (372)
[2019.10.26-17.58.42:415][133]LogModuleManager: Shutting down and abandoning module MovieScene (370)
[2019.10.26-17.58.42:415][133]LogModuleManager: Shutting down and abandoning module StreamingPauseRendering (368)
[2019.10.26-17.58.42:415][133]LogModuleManager: Shutting down and abandoning module LauncherPlatform (366)
[2019.10.26-17.58.42:415][133]LogModuleManager: Shutting down and abandoning module AnalyticsET (364)
[2019.10.26-17.58.42:415][133]LogModuleManager: Shutting down and abandoning module PortalServices (362)
[2019.10.26-17.58.42:415][133]LogModuleManager: Shutting down and abandoning module PortalRpc (360)
[2019.10.26-17.58.42:415][133]LogModuleManager: Shutting down and abandoning module MessagingRpc (358)
[2019.10.26-17.58.42:415][133]LogModuleManager: Shutting down and abandoning module AIModule (356)
[2019.10.26-17.58.42:428][133]LogModuleManager: Shutting down and abandoning module GameplayDebugger (355)
[2019.10.26-17.58.42:432][133]LogModuleManager: Shutting down and abandoning module AITestSuite (353)
[2019.10.26-17.58.42:447][133]LogModuleManager: Shutting down and abandoning module DesktopPlatform (350)
[2019.10.26-17.58.42:448][133]LogModuleManager: Shutting down and abandoning module ProfilerService (348)
[2019.10.26-17.58.42:483][133]LogModuleManager: Shutting down and abandoning module TaskGraph (346)
[2019.10.26-17.58.42:521][133]LogModuleManager: Shutting down and abandoning module SteamVRController (344)
[2019.10.26-17.58.42:521][133]LogModuleManager: Shutting down and abandoning module ProceduralMeshComponentEditor (342)
[2019.10.26-17.58.42:521][133]LogModuleManager: Shutting down and abandoning module ProceduralMeshComponent (340)
[2019.10.26-17.58.42:530][133]LogModuleManager: Shutting down and abandoning module OculusInput (338)
[2019.10.26-17.58.42:547][133]LogModuleManager: Shutting down and abandoning module MobilePatchingUtils (336)
[2019.10.26-17.58.42:547][133]LogModuleManager: Shutting down and abandoning module CustomMeshComponent (334)
[2019.10.26-17.58.42:547][133]LogModuleManager: Shutting down and abandoning module CableComponent (332)
[2019.10.26-17.58.42:554][133]LogModuleManager: Shutting down and abandoning module ArchVisCharacter (330)
[2019.10.26-17.58.42:554][133]LogModuleManager: Shutting down and abandoning module AndroidPermission (328)
[2019.10.26-17.58.42:554][133]LogModuleManager: Shutting down and abandoning module ActorSequence (324)
[2019.10.26-17.58.42:554][133]LogModuleManager: Shutting down and abandoning module MediaPlayerEditor (322)
[2019.10.26-17.58.42:576][133]LogModuleManager: Shutting down and abandoning module MediaCompositingEditor (320)
[2019.10.26-17.58.42:576][133]LogModuleManager: Shutting down and abandoning module MediaCompositing (318)
[2019.10.26-17.58.42:576][133]LogModuleManager: Shutting down and abandoning module HTML5Networking (316)
[2019.10.26-17.58.42:576][133]LogModuleManager: Shutting down and abandoning module AlembicImporter (314)
[2019.10.26-17.58.42:589][133]LogModuleManager: Shutting down and abandoning module AlembicLibrary (313)
[2019.10.26-17.58.42:589][133]LogModuleManager: Shutting down and abandoning module GeometryCache (312)
[2019.10.26-17.58.42:596][133]LogModuleManager: Shutting down and abandoning module GeometryCacheEd (311)
[2019.10.26-17.58.42:596][133]LogModuleManager: Shutting down and abandoning module SpeedTreeImporter (306)
[2019.10.26-17.58.42:596][133]LogModuleManager: Shutting down and abandoning module PluginBrowser (304)
[2019.10.26-17.58.42:663][133]LogModuleManager: Shutting down and abandoning module MobileLauncherProfileWizard (302)
[2019.10.26-17.58.42:680][133]LogModuleManager: Shutting down and abandoning module VisualStudioSourceCodeAccess (300)
[2019.10.26-17.58.42:681][133]LogModuleManager: Shutting down and abandoning module VisualStudioCodeSourceCodeAccess (298)
[2019.10.26-17.58.42:681][133]LogModuleManager: Shutting down and abandoning module UObjectPlugin (296)
[2019.10.26-17.58.42:681][133]LogModuleManager: Shutting down and abandoning module SubversionSourceControl (294)
[2019.10.26-17.58.42:700][133]LogModuleManager: Shutting down and abandoning module PerforceSourceControl (292)
[2019.10.26-17.58.42:720][133]LogModuleManager: Shutting down and abandoning module GitSourceControl (290)
[2019.10.26-17.58.42:739][133]LogModuleManager: Shutting down and abandoning module SourceControl (289)
[2019.10.26-17.58.42:765][133]LogModuleManager: Shutting down and abandoning module LightPropagationVolumeEditor (286)
[2019.10.26-17.58.42:765][133]LogModuleManager: Shutting down and abandoning module PaperTiledImporter (284)
[2019.10.26-17.58.42:765][133]LogModuleManager: Shutting down and abandoning module PaperSpriteSheetImporter (282)
[2019.10.26-17.58.42:765][133]LogModuleManager: Shutting down and abandoning module Paper2DEditor (280)
[2019.10.26-17.58.42:774][133]LogModuleManager: Shutting down and abandoning module MeshPaint (279)
[2019.10.26-17.58.42:787][133]LogModuleManager: Shutting down and abandoning module LevelEditor (277)
[2019.10.26-17.58.42:789][133]LogModuleManager: Shutting down and abandoning module PixelInspectorModule (276)
[2019.10.26-17.58.42:799][133]LogModuleManager: Shutting down and abandoning module MainFrame (274)
[2019.10.26-17.58.42:800][133]LogModuleManager: Shutting down and abandoning module HotReload (273)
[2019.10.26-17.58.42:814][133]LogModuleManager: Shutting down and abandoning module RuntimePhysXCooking (268)
[2019.10.26-17.58.42:814][133]LogModuleManager: Shutting down and abandoning module PhysXVehiclesEditor (266)
[2019.10.26-17.58.42:814][133]LogModuleManager: Shutting down and abandoning module PhysXVehicles (264)
[2019.10.26-17.58.42:814][133]LogModuleManager: Shutting down and abandoning module OculusEditor (262)
[2019.10.26-17.58.42:814][133]LogModuleManager: Shutting down and abandoning module LocationServicesBPLibrary (260)
[2019.10.26-17.58.42:814][133]LogModuleManager: Shutting down and abandoning module ImmediatePhysicsEditor (258)
[2019.10.26-17.58.42:814][133]LogModuleManager: Shutting down and abandoning module ImmediatePhysics (256)
[2019.10.26-17.58.42:818][133]LogModuleManager: Shutting down and abandoning module UdpMessaging (254)
[2019.10.26-17.58.42:936][133]LogModuleManager: Shutting down and abandoning module TcpMessaging (252)
[2019.10.26-17.58.43:047][133]LogModuleManager: Shutting down and abandoning module GameplayTagsEditor (250)
[2019.10.26-17.58.43:077][133]LogModuleManager: Shutting down and abandoning module FacialAnimationEditor (248)
[2019.10.26-17.58.43:077][133]LogModuleManager: Shutting down and abandoning module FacialAnimation (246)
[2019.10.26-17.58.43:077][133]LogModuleManager: Shutting down and abandoning module AssetManagerEditor (244)
[2019.10.26-17.58.43:092][133]LogModuleManager: Shutting down and abandoning module GraphEditor (243)
[2019.10.26-17.58.43:092][133]LogModuleManager: Shutting down and abandoning module ContentBrowser (241)
[2019.10.26-17.58.43:093][133]LogModuleManager: Shutting down and abandoning module LightPropagationVolumeRuntime (238)
[2019.10.26-17.58.43:093][133]LogModuleManager: Shutting down and abandoning module Paper2D (236)
[2019.10.26-17.58.43:093][133]LogModuleManager: Shutting down and abandoning module WindowsMoviePlayer (234)
[2019.10.26-17.58.43:102][133]LogModuleManager: Shutting down and abandoning module WmfMedia (232)
[2019.10.26-17.58.43:116][133]LogModuleManager: Shutting down and abandoning module ImgMedia (230)
[2019.10.26-17.58.43:116][133]LogModuleManager: Shutting down and abandoning module PacketHandler (228)
[2019.10.26-17.58.43:116][133]LogModuleManager: Shutting down and abandoning module ClothingSystemEditor (226)
[2019.10.26-17.58.43:116][133]LogModuleManager: Shutting down and abandoning module ClothingSystemRuntime (224)
[2019.10.26-17.58.43:137][133]LogModuleManager: Shutting down and abandoning module MediaAssets (222)
[2019.10.26-17.58.43:137][133]LogModuleManager: Shutting down and abandoning module Media (221)
[2019.10.26-17.58.43:144][133]LogModuleManager: Shutting down and abandoning module Overlay (218)
[2019.10.26-17.58.43:144][133]LogModuleManager: Shutting down and abandoning module OverlayEditor (217)
[2019.10.26-17.58.43:144][133]LogModuleManager: Shutting down and abandoning module VREditor (214)
[2019.10.26-17.58.43:171][133]LogModuleManager: Shutting down and abandoning module StringTableEditor (212)
[2019.10.26-17.58.43:179][133]LogModuleManager: Shutting down and abandoning module GameplayTasksEditor (210)
[2019.10.26-17.58.43:179][133]LogModuleManager: Shutting down and abandoning module BehaviorTreeEditor (208)
[2019.10.26-17.58.43:214][133]LogModuleManager: Shutting down and abandoning module FunctionalTesting (206)
[2019.10.26-17.58.43:228][133]LogModuleManager: Shutting down and abandoning module CollisionAnalyzer (204)
[2019.10.26-17.58.43:248][133]LogModuleManager: Shutting down and abandoning module WorkspaceMenuStructure (203)
[2019.10.26-17.58.43:248][133]LogModuleManager: Shutting down and abandoning module UMG (200)
[2019.10.26-17.58.43:261][133]LogModuleManager: Shutting down and abandoning module UMGEditor (199)
[2019.10.26-17.58.43:281][133]LogModuleManager: Shutting down and abandoning module Sequencer (198)
[2019.10.26-17.58.43:301][133]LogModuleManager: Shutting down and abandoning module MessageLog (195)
[2019.10.26-17.58.43:301][133]LogModuleManager: Shutting down and abandoning module SlateReflector (190)
[2019.10.26-17.58.43:325][133]LogModuleManager: Shutting down and abandoning module Slate (188)
[2019.10.26-17.58.43:325][133]LogModuleManager: Shutting down and abandoning module EditorStyle (186)
[2019.10.26-17.58.43:367][133]LogModuleManager: Shutting down and abandoning module MRMesh (184)
[2019.10.26-17.58.43:367][133]LogModuleManager: Shutting down and abandoning module SourceCodeAccess (182)
[2019.10.26-17.58.43:367][133]LogModuleManager: Shutting down and abandoning module HeadMountedDisplay (180)
[2019.10.26-17.58.43:367][133]LogModuleManager: Shutting down and abandoning module XAudio2 (178)
[2019.10.26-17.58.43:367][133]LogModuleManager: Shutting down and abandoning module Networking (176)
[2019.10.26-17.58.43:367][133]LogModuleManager: Shutting down and abandoning module Core (172)
[2019.10.26-17.58.43:367][133]LogModuleManager: Shutting down and abandoning module LevelSequence (168)
[2019.10.26-17.58.43:375][133]LogModuleManager: Shutting down and abandoning module DirectoryWatcher (166)
[2019.10.26-17.58.43:376][133]LogModuleManager: Shutting down and abandoning module KismetCompiler (164)
[2019.10.26-17.58.43:376][133]LogModuleManager: Shutting down and abandoning module MeshUtilities (162)
[2019.10.26-17.58.43:394][133]LogModuleManager: Shutting down and abandoning module MeshMergeUtilities (161)
[2019.10.26-17.58.43:404][133]LogModuleManager: Shutting down and abandoning module MeshReductionInterface (160)
[2019.10.26-17.58.43:404][133]LogModuleManager: Shutting down and abandoning module SimplygonSwarm (159)
[2019.10.26-17.58.43:413][133]LogModuleManager: Shutting down and abandoning module SimplygonMeshReduction (157)
[2019.10.26-17.58.43:413][133]LogModuleManager: Shutting down and abandoning module QuadricMeshReduction (155)
[2019.10.26-17.58.43:423][133]LogModuleManager: Shutting down and abandoning module MaterialBaking (151)
[2019.10.26-17.58.43:435][133]LogModuleManager: Shutting down and abandoning module DerivedDataCache (148)
[2019.10.26-17.58.43:473][133]LogDerivedDataCache: Shutdown
[2019.10.26-17.58.43:473][133]LogModuleManager: Shutting down and abandoning module TargetPlatform (146)
[2019.10.26-17.58.43:473][133]LogModuleManager: Shutting down and abandoning module VulkanShaderFormat (145)
[2019.10.26-17.58.43:490][133]LogModuleManager: Shutting down and abandoning module ShaderFormatVectorVM (143)
[2019.10.26-17.58.43:499][133]LogModuleManager: Shutting down and abandoning module ShaderFormatOpenGL (141)
[2019.10.26-17.58.43:513][133]LogModuleManager: Shutting down and abandoning module ShaderFormatD3D (139)
[2019.10.26-17.58.43:526][133]LogModuleManager: Shutting down and abandoning module MetalShaderFormat (137)
[2019.10.26-17.58.43:544][133]LogModuleManager: Shutting down and abandoning module TextureFormatUncompressed (135)
[2019.10.26-17.58.43:544][133]LogModuleManager: Shutting down and abandoning module TextureFormatPVR (133)
[2019.10.26-17.58.43:544][133]LogModuleManager: Shutting down and abandoning module TextureFormatDXT (131)
[2019.10.26-17.58.43:557][133]LogModuleManager: Shutting down and abandoning module TextureFormatIntelISPCTexComp (129)
[2019.10.26-17.58.43:569][133]LogModuleManager: Shutting down and abandoning module TextureFormatASTC (127)
[2019.10.26-17.58.43:569][133]LogModuleManager: Shutting down and abandoning module ImageWrapper (126)
[2019.10.26-17.58.43:569][133]LogModuleManager: Shutting down and abandoning module TextureFormatAndroid (123)
[2019.10.26-17.58.43:569][133]LogModuleManager: Shutting down and abandoning module AudioFormatOpus (121)
[2019.10.26-17.58.43:569][133]LogModuleManager: Shutting down and abandoning module AudioFormatOgg (119)
[2019.10.26-17.58.43:569][133]LogModuleManager: Shutting down and abandoning module AudioFormatADPCM (117)
[2019.10.26-17.58.43:569][133]LogModuleManager: Shutting down and abandoning module LinuxTargetPlatform (115)
[2019.10.26-17.58.43:569][133]LogModuleManager: Shutting down and abandoning module LinuxServerTargetPlatform (113)
[2019.10.26-17.58.43:570][133]LogModuleManager: Shutting down and abandoning module LinuxNoEditorTargetPlatform (111)
[2019.10.26-17.58.43:570][133]LogModuleManager: Shutting down and abandoning module LinuxClientTargetPlatform (109)
[2019.10.26-17.58.43:570][133]LogModuleManager: Shutting down and abandoning module TVOSTargetPlatform (107)
[2019.10.26-17.58.43:570][133]LogModuleManager: Shutting down and abandoning module Messaging (105)
[2019.10.26-17.58.43:570][133]LogModuleManager: Shutting down and abandoning module IOSTargetPlatform (103)
[2019.10.26-17.58.43:570][133]LogModuleManager: Shutting down and abandoning module HTML5TargetPlatform (101)
[2019.10.26-17.58.43:570][133]LogModuleManager: Shutting down and abandoning module AndroidTargetPlatform (99)
[2019.10.26-17.58.43:570][133]LogModuleManager: Shutting down and abandoning module Android_PVRTCTargetPlatform (97)
[2019.10.26-17.58.43:570][133]LogModuleManager: Shutting down and abandoning module Android_MultiTargetPlatform (95)
[2019.10.26-17.58.43:570][133]LogModuleManager: Shutting down and abandoning module Android_ETC2TargetPlatform (93)
[2019.10.26-17.58.43:570][133]LogModuleManager: Shutting down and abandoning module Android_ETC1TargetPlatform (91)
[2019.10.26-17.58.43:570][133]LogModuleManager: Shutting down and abandoning module Android_DXTTargetPlatform (89)
[2019.10.26-17.58.43:570][133]LogModuleManager: Shutting down and abandoning module Android_ATCTargetPlatform (87)
[2019.10.26-17.58.43:570][133]LogModuleManager: Shutting down and abandoning module Android_ASTCTargetPlatform (85)
[2019.10.26-17.58.43:570][133]LogModuleManager: Shutting down and abandoning module WindowsTargetPlatform (83)
[2019.10.26-17.58.43:570][133]LogModuleManager: Shutting down and abandoning module WindowsServerTargetPlatform (81)
[2019.10.26-17.58.43:570][133]LogModuleManager: Shutting down and abandoning module WindowsNoEditorTargetPlatform (79)
[2019.10.26-17.58.43:570][133]LogModuleManager: Shutting down and abandoning module WindowsClientTargetPlatform (77)
[2019.10.26-17.58.43:570][133]LogModuleManager: Shutting down and abandoning module MacTargetPlatform (75)
[2019.10.26-17.58.43:570][133]LogModuleManager: Shutting down and abandoning module MacServerTargetPlatform (73)
[2019.10.26-17.58.43:570][133]LogModuleManager: Shutting down and abandoning module MacNoEditorTargetPlatform (71)
[2019.10.26-17.58.43:570][133]LogModuleManager: Shutting down and abandoning module MacClientTargetPlatform (69)
[2019.10.26-17.58.43:570][133]LogModuleManager: Shutting down and abandoning module AllDesktopTargetPlatform (67)
[2019.10.26-17.58.43:570][133]LogModuleManager: Shutting down and abandoning module InputCore (64)
[2019.10.26-17.58.43:570][133]LogModuleManager: Shutting down and abandoning module Settings (62)
[2019.10.26-17.58.43:570][133]LogModuleManager: Shutting down and abandoning module PhysXCooking (60)
[2019.10.26-17.58.43:570][133]LogModuleManager: Shutting down and abandoning module SteamVR (58)
[2019.10.26-17.58.43:570][133]LogModuleManager: Shutting down and abandoning module OculusHMD (56)
[2019.10.26-17.58.43:583][133]LogModuleManager: Shutting down and abandoning module ExampleDeviceProfileSelector (54)
[2019.10.26-17.58.43:583][133]LogModuleManager: Shutting down and abandoning module AppleARKit (52)
[2019.10.26-17.58.43:583][133]LogModuleManager: Shutting down and abandoning module AugmentedReality (51)
[2019.10.26-17.58.43:583][133]LogModuleManager: Shutting down and abandoning module OnlineBlueprintSupport (48)
[2019.10.26-17.58.43:583][133]LogModuleManager: Shutting down and abandoning module OnlineSubsystem (44)
[2019.10.26-17.58.43:608][133]LogModuleManager: Shutting down and abandoning module XMPP (43)
[2019.10.26-17.58.43:655][133]LogModuleManager: Shutting down and abandoning module HTTP (41)
[2019.10.26-17.58.43:655][133]LogHttp: Display: Http module shutting down, but needs to wait on 1 outstanding Http requests:
[2019.10.26-17.58.43:672][133]LogHttp: Display: 	verb=[POST] url=[https://datarouter.ol.epicgames.com/datarouter/api/v1/public/data?SessionID=%7BF3721D7F-47A2-739D-B109-BFA4E2E1EFBC%7D&AppID=UEEditor.Rocket.Release&AppVersion=4.18.3-3832480%2B%2B%2BUE4%2BRelease-4.18&UserID=2f9916264acdf33f70768f822f9563c9%7C504a56eacb094752a172dcccc7c138cb%7C241500de-b41d-44c2-b004-1325f18bb3ba&AppEnvironment=datacollector-binary&UploadType=eteventstream] status=Processing
[2019.10.26-17.58.43:708][133]LogModuleManager: Shutting down and abandoning module SSL (40)
[2019.10.26-17.58.43:730][133]LogModuleManager: Shutting down and abandoning module AnimationModifiers (36)
[2019.10.26-17.58.43:740][133]LogModuleManager: Shutting down and abandoning module PropertyEditor (35)
[2019.10.26-17.58.43:741][133]LogModuleManager: Shutting down and abandoning module AudioEditor (32)
[2019.10.26-17.58.43:757][133]LogModuleManager: Shutting down and abandoning module TextureCompressor (30)
[2019.10.26-17.58.43:831][133]LogModuleManager: Shutting down and abandoning module ShaderCore (28)
[2019.10.26-17.58.43:831][133]LogModuleManager: Shutting down and abandoning module Landscape (26)
[2019.10.26-17.58.43:831][133]LogModuleManager: Shutting down and abandoning module SlateRHIRenderer (24)
[2019.10.26-17.58.43:834][133]LogModuleManager: Shutting down and abandoning module OpenGLDrv (22)
[2019.10.26-17.58.43:852][133]LogModuleManager: Shutting down and abandoning module D3D11RHI (20)
[2019.10.26-17.58.43:852][133]LogModuleManager: Shutting down and abandoning module AnimGraphRuntime (18)
[2019.10.26-17.58.43:870][133]LogModuleManager: Shutting down and abandoning module Renderer (16)
[2019.10.26-17.58.43:870][133]LogModuleManager: Shutting down and abandoning module Engine (14)
[2019.10.26-17.58.43:885][133]LogModuleManager: Shutting down and abandoning module CoreUObject (12)
[2019.10.26-17.58.43:885][133]LogModuleManager: Shutting down and abandoning module NetworkFile (10)
[2019.10.26-17.58.43:901][133]LogModuleManager: Shutting down and abandoning module CookedIterativeFile (8)
[2019.10.26-17.58.43:915][133]LogModuleManager: Shutting down and abandoning module StreamingFile (6)
[2019.10.26-17.58.43:933][133]LogModuleManager: Shutting down and abandoning module SandboxFile (4)
[2019.10.26-17.58.43:933][133]LogModuleManager: Shutting down and abandoning module PakFile (2)
[2019.10.26-17.58.44:016][133]LogExit: Exiting.
[2019.10.26-17.58.44:046][133]Log file closed, 10/26/19 13:58:44
