Log file open, 10/31/19 13:32:02
LogWindows: Failed to load 'aqProf.dll' (GetLastError=126)
LogWindows: File 'aqProf.dll' does not exist
LogWindows: Failed to load 'VSPerf140.dll' (GetLastError=126)
LogWindows: File 'VSPerf140.dll' does not exist
LogWindows: Failed to load 'VtuneApi.dll' (GetLastError=126)
LogWindows: File 'VtuneApi.dll' does not exist
LogWindows: Failed to load 'VtuneApi32e.dll' (GetLastError=126)
LogWindows: File 'VtuneApi32e.dll' does not exist
LogInit: Display: Running engine for game: SKnightPrototype_01
LogPlatformFile: Not using cached read wrapper
LogInit: Display: RandInit(975477473) SRandInit(975477474).
LogInit: Read version file with build ID '3709383'
LogInit: Overriding engine version to CL 3832480, compatible CL 3709383
LogInit: Registered custom module enumerator with build ID '3709383'
LogTaskGraph: Started task graph with 5 named threads and 14 total threads with 3 sets of task threads.
LogStats: Stats thread started at 8.924647
LogD3D11RHI: Aftermath initialized
LogModuleManager: Display: Found up-to-date module file ../../../Engine/Plugins/2D/Paper2D/Binaries/Win64/UE4Editor-Paper2D.dll (API version 3709383).
LogModuleManager: Display: Found up-to-date module file ../../../Engine/Plugins/2D/Paper2D/Binaries/Win64/UE4Editor-Paper2DEditor.dll (API version 3709383).
LogModuleManager: Display: Found up-to-date module file ../../../Engine/Plugins/2D/Paper2D/Binaries/Win64/UE4Editor-PaperSpriteSheetImporter.dll (API version 3709383).
LogModuleManager: Display: Found up-to-date module file ../../../Engine/Plugins/2D/Paper2D/Binaries/Win64/UE4Editor-PaperTiledImporter.dll (API version 3709383).
LogModuleManager: Display: Found up-to-date module file ../../../Engine/Plugins/2D/Paper2D/Binaries/Win64/UE4Editor-SmartSnapping.dll (API version 3709383).
LogModuleManager: Display: Found up-to-date module file ../../../Engine/Plugins/Blendables/LightPropagationVolume/Binaries/Win64/UE4Editor-LightPropagationVolumeRuntime.dll (API version 3709383).
LogModuleManager: Display: Found up-to-date module file ../../../Engine/Plugins/Blendables/LightPropagationVolume/Binaries/Win64/UE4Editor-LightPropagationVolumeEditor.dll (API version 3709383).
LogModuleManager: Display: Found up-to-date module file ../../../Engine/Plugins/Developer/GitSourceControl/Binaries/Win64/UE4Editor-GitSourceControl.dll (API version 3709383).
LogModuleManager: Display: Found up-to-date module file ../../../Engine/Plugins/Developer/PerforceSourceControl/Binaries/Win64/UE4Editor-PerforceSourceControl.dll (API version 3709383).
LogModuleManager: Display: Found up-to-date module file ../../../Engine/Plugins/Developer/SubversionSourceControl/Binaries/Win64/UE4Editor-SubversionSourceControl.dll (API version 3709383).
LogModuleManager: Display: Found up-to-date module file ../../../Engine/Plugins/Developer/UObjectPlugin/Binaries/Win64/UE4Editor-UObjectPlugin.dll (API version 3709383).
LogModuleManager: Display: Found up-to-date module file ../../../Engine/Plugins/Developer/VisualStudioCodeSourceCodeAccess/Binaries/Win64/UE4Editor-VisualStudioCodeSourceCodeAccess.dll (API version 3709383).
LogModuleManager: Display: Found up-to-date module file ../../../Engine/Plugins/Developer/VisualStudioSourceCodeAccess/Binaries/Win64/UE4Editor-VisualStudioSourceCodeAccess.dll (API version 3709383).
LogModuleManager: Display: Found up-to-date module file ../../../Engine/Plugins/Editor/AssetManagerEditor/Binaries/Win64/UE4Editor-AssetManagerEditor.dll (API version 3709383).
LogModuleManager: Display: Found up-to-date module file ../../../Engine/Plugins/Editor/AudioCapture/Binaries/Win64/UE4Editor-AudioCapture.dll (API version 3709383).
LogModuleManager: Display: Found up-to-date module file ../../../Engine/Plugins/Editor/FacialAnimation/Binaries/Win64/UE4Editor-FacialAnimation.dll (API version 3709383).
LogModuleManager: Display: Found up-to-date module file ../../../Engine/Plugins/Editor/FacialAnimation/Binaries/Win64/UE4Editor-FacialAnimationEditor.dll (API version 3709383).
LogModuleManager: Display: Found up-to-date module file ../../../Engine/Plugins/Editor/GameplayTagsEditor/Binaries/Win64/UE4Editor-GameplayTagsEditor.dll (API version 3709383).
LogModuleManager: Display: Found up-to-date module file ../../../Engine/Plugins/Editor/MobileLauncherProfileWizard/Binaries/Win64/UE4Editor-MobileLauncherProfileWizard.dll (API version 3709383).
LogModuleManager: Display: Found up-to-date module file ../../../Engine/Plugins/Editor/PluginBrowser/Binaries/Win64/UE4Editor-PluginBrowser.dll (API version 3709383).
LogModuleManager: Display: Found up-to-date module file ../../../Engine/Plugins/Editor/SpeedTreeImporter/Binaries/Win64/UE4Editor-SpeedTreeImporter.dll (API version 3709383).
LogModuleManager: Display: Found up-to-date module file ../../../Engine/Plugins/Experimental/AlembicImporter/Binaries/Win64/UE4Editor-AlembicImporter.dll (API version 3709383).
LogModuleManager: Display: Found up-to-date module file ../../../Engine/Plugins/Experimental/AlembicImporter/Binaries/Win64/UE4Editor-AlembicLibrary.dll (API version 3709383).
LogModuleManager: Display: Found up-to-date module file ../../../Engine/Plugins/Experimental/CharacterAI/Binaries/Win64/UE4Editor-CharacterAI.dll (API version 3709383).
LogModuleManager: Display: Found up-to-date module file ../../../Engine/Plugins/Experimental/HTML5Networking/Binaries/Win64/UE4Editor-HTML5Networking.dll (API version 3709383).
LogModuleManager: Display: Found up-to-date module file ../../../Engine/Plugins/Media/AndroidMedia/Binaries/Win64/UE4Editor-AndroidMediaEditor.dll (API version 3709383).
LogModuleManager: Display: Found up-to-date module file ../../../Engine/Plugins/Media/AndroidMedia/Binaries/Win64/UE4Editor-AndroidMediaFactory.dll (API version 3709383).
LogModuleManager: Display: Found up-to-date module file ../../../Engine/Plugins/Media/AvfMedia/Binaries/Win64/UE4Editor-AvfMediaEditor.dll (API version 3709383).
LogModuleManager: Display: Found up-to-date module file ../../../Engine/Plugins/Media/AvfMedia/Binaries/Win64/UE4Editor-AvfMediaFactory.dll (API version 3709383).
LogModuleManager: Display: Found up-to-date module file ../../../Engine/Plugins/Media/AvfMedia/Binaries/Win64/UE4Editor-AvfMediaFactory.dll (API version 3709383).
LogModuleManager: Display: Found up-to-date module file ../../../Engine/Plugins/Media/ImgMedia/Binaries/Win64/UE4Editor-ImgMedia.dll (API version 3709383).
LogModuleManager: Display: Found up-to-date module file ../../../Engine/Plugins/Media/ImgMedia/Binaries/Win64/UE4Editor-ImgMediaEditor.dll (API version 3709383).
LogModuleManager: Display: Found up-to-date module file ../../../Engine/Plugins/Media/ImgMedia/Binaries/Win64/UE4Editor-ImgMediaFactory.dll (API version 3709383).
LogModuleManager: Display: Found up-to-date module file ../../../Engine/Plugins/Media/ImgMedia/Binaries/Win64/UE4Editor-ImgMediaFactory.dll (API version 3709383).
LogModuleManager: Display: Found up-to-date module file ../../../Engine/Plugins/Media/ImgMedia/Binaries/Win64/UE4Editor-OpenExrWrapper.dll (API version 3709383).
LogModuleManager: Display: Found up-to-date module file ../../../Engine/Plugins/Media/MediaCompositing/Binaries/Win64/UE4Editor-MediaCompositing.dll (API version 3709383).
LogModuleManager: Display: Found up-to-date module file ../../../Engine/Plugins/Media/MediaCompositing/Binaries/Win64/UE4Editor-MediaCompositingEditor.dll (API version 3709383).
LogModuleManager: Display: Found up-to-date module file ../../../Engine/Plugins/Media/MediaPlayerEditor/Binaries/Win64/UE4Editor-MediaPlayerEditor.dll (API version 3709383).
LogModuleManager: Display: Found up-to-date module file ../../../Engine/Plugins/Media/WmfMedia/Binaries/Win64/UE4Editor-WmfMedia.dll (API version 3709383).
LogModuleManager: Display: Found up-to-date module file ../../../Engine/Plugins/Media/WmfMedia/Binaries/Win64/UE4Editor-WmfMediaEditor.dll (API version 3709383).
LogModuleManager: Display: Found up-to-date module file ../../../Engine/Plugins/Media/WmfMedia/Binaries/Win64/UE4Editor-WmfMediaFactory.dll (API version 3709383).
LogModuleManager: Display: Found up-to-date module file ../../../Engine/Plugins/Media/WmfMedia/Binaries/Win64/UE4Editor-WmfMediaFactory.dll (API version 3709383).
LogModuleManager: Display: Found up-to-date module file ../../../Engine/Plugins/Messaging/TcpMessaging/Binaries/Win64/UE4Editor-TcpMessaging.dll (API version 3709383).
LogModuleManager: Display: Found up-to-date module file ../../../Engine/Plugins/Messaging/UdpMessaging/Binaries/Win64/UE4Editor-UdpMessaging.dll (API version 3709383).
LogModuleManager: Display: Found up-to-date module file ../../../Engine/Plugins/MovieScene/ActorSequence/Binaries/Win64/UE4Editor-ActorSequence.dll (API version 3709383).
LogModuleManager: Display: Found up-to-date module file ../../../Engine/Plugins/MovieScene/LevelSequenceEditor/Binaries/Win64/UE4Editor-LevelSequenceEditor.dll (API version 3709383).
LogModuleManager: Display: Found up-to-date module file ../../../Engine/Plugins/MovieScene/MatineeToLevelSequence/Binaries/Win64/UE4Editor-MatineeToLevelSequence.dll (API version 3709383).
LogModuleManager: Display: Found up-to-date module file ../../../Engine/Plugins/Online/OnlineSubsystem/Binaries/Win64/UE4Editor-OnlineSubsystem.dll (API version 3709383).
LogModuleManager: Display: Found up-to-date module file ../../../Engine/Plugins/Runtime/AndroidPermission/Binaries/Win64/UE4Editor-AndroidPermission.dll (API version 3709383).
LogModuleManager: Display: Found up-to-date module file ../../../Engine/Plugins/Online/OnlineSubsystemNull/Binaries/Win64/UE4Editor-OnlineSubsystemNull.dll (API version 3709383).
LogModuleManager: Display: Found up-to-date module file ../../../Engine/Plugins/Online/OnlineSubsystemUtils/Binaries/Win64/UE4Editor-OnlineSubsystemUtils.dll (API version 3709383).
LogModuleManager: Display: Found up-to-date module file ../../../Engine/Plugins/Online/OnlineSubsystemUtils/Binaries/Win64/UE4Editor-OnlineBlueprintSupport.dll (API version 3709383).
LogModuleManager: Display: Found up-to-date module file ../../../Engine/Plugins/Runtime/AndroidDeviceProfileSelector/Binaries/Win64/UE4Editor-AndroidDeviceProfileSelector.dll (API version 3709383).
LogModuleManager: Display: Found up-to-date module file ../../../Engine/Plugins/Runtime/AppleARKit/Binaries/Win64/UE4Editor-AppleARKit.dll (API version 3709383).
LogModuleManager: Display: Found up-to-date module file ../../../Engine/Plugins/Runtime/ArchVisCharacter/Binaries/Win64/UE4Editor-ArchVisCharacter.dll (API version 3709383).
LogModuleManager: Display: Found up-to-date module file ../../../Engine/Plugins/Runtime/CableComponent/Binaries/Win64/UE4Editor-CableComponent.dll (API version 3709383).
LogModuleManager: Display: Found up-to-date module file ../../../Engine/Plugins/Runtime/CustomMeshComponent/Binaries/Win64/UE4Editor-CustomMeshComponent.dll (API version 3709383).
LogModuleManager: Display: Found up-to-date module file ../../../Engine/Plugins/Runtime/ExampleDeviceProfileSelector/Binaries/Win64/UE4Editor-ExampleDeviceProfileSelector.dll (API version 3709383).
LogModuleManager: Display: Found up-to-date module file ../../../Engine/Plugins/Runtime/ImmediatePhysics/Binaries/Win64/UE4Editor-ImmediatePhysics.dll (API version 3709383).
LogModuleManager: Display: Found up-to-date module file ../../../Engine/Plugins/Runtime/ImmediatePhysics/Binaries/Win64/UE4Editor-ImmediatePhysicsEditor.dll (API version 3709383).
LogModuleManager: Display: Found up-to-date module file ../../../Engine/Plugins/Runtime/LocationServicesBPLibrary/Binaries/Win64/UE4Editor-LocationServicesBPLibrary.dll (API version 3709383).
LogModuleManager: Display: Found up-to-date module file ../../../Engine/Plugins/Runtime/MobilePatchingUtils/Binaries/Win64/UE4Editor-MobilePatchingUtils.dll (API version 3709383).
LogModuleManager: Display: Found up-to-date module file ../../../Engine/Plugins/Runtime/Oculus/OculusVR/Binaries/Win64/UE4Editor-OculusHMD.dll (API version 3709383).
LogModuleManager: Display: Found up-to-date module file ../../../Engine/Plugins/Runtime/Oculus/OculusVR/Binaries/Win64/UE4Editor-OculusInput.dll (API version 3709383).
LogModuleManager: Display: Found up-to-date module file ../../../Engine/Plugins/Runtime/Oculus/OculusVR/Binaries/Win64/UE4Editor-OculusEditor.dll (API version 3709383).
LogModuleManager: Display: Found up-to-date module file ../../../Engine/Plugins/Runtime/PhysXVehicles/Binaries/Win64/UE4Editor-PhysXVehicles.dll (API version 3709383).
LogModuleManager: Display: Found up-to-date module file ../../../Engine/Plugins/Runtime/PhysXVehicles/Binaries/Win64/UE4Editor-PhysXVehiclesEditor.dll (API version 3709383).
LogModuleManager: Display: Found up-to-date module file ../../../Engine/Plugins/Runtime/ProceduralMeshComponent/Binaries/Win64/UE4Editor-ProceduralMeshComponent.dll (API version 3709383).
LogModuleManager: Display: Found up-to-date module file ../../../Engine/Plugins/Runtime/ProceduralMeshComponent/Binaries/Win64/UE4Editor-ProceduralMeshComponentEditor.dll (API version 3709383).
LogModuleManager: Display: Found up-to-date module file ../../../Engine/Plugins/Runtime/RuntimePhysXCooking/Binaries/Win64/UE4Editor-RuntimePhysXCooking.dll (API version 3709383).
LogModuleManager: Display: Found up-to-date module file ../../../Engine/Plugins/Runtime/Steam/SteamVR/Binaries/Win64/UE4Editor-SteamVR.dll (API version 3709383).
LogModuleManager: Display: Found up-to-date module file ../../../Engine/Plugins/Runtime/Steam/SteamVR/Binaries/Win64/UE4Editor-SteamVRController.dll (API version 3709383).
LogModuleManager: Display: Found up-to-date module file ../../../Engine/Plugins/Runtime/WindowsMoviePlayer/Binaries/Win64/UE4Editor-WindowsMoviePlayer.dll (API version 3709383).
LogPluginManager: Mounting plugin Paper2D
LogPluginManager: Mounting plugin LightPropagationVolume
LogPluginManager: Mounting plugin CodeLiteSourceCodeAccess
LogPluginManager: Mounting plugin GitSourceControl
LogPluginManager: Mounting plugin KDevelopSourceCodeAccess
LogPluginManager: Mounting plugin NullSourceCodeAccess
LogPluginManager: Mounting plugin PerforceSourceControl
LogPluginManager: Mounting plugin SubversionSourceControl
LogPluginManager: Mounting plugin UObjectPlugin
LogPluginManager: Mounting plugin VisualStudioCodeSourceCodeAccess
LogPluginManager: Mounting plugin VisualStudioSourceCodeAccess
LogPluginManager: Mounting plugin XCodeSourceCodeAccess
LogPluginManager: Mounting plugin AssetManagerEditor
LogPluginManager: Mounting plugin AudioCapture
LogPluginManager: Mounting plugin FacialAnimation
LogPluginManager: Mounting plugin GameplayTagsEditor
LogPluginManager: Mounting plugin MobileLauncherProfileWizard
LogPluginManager: Mounting plugin PluginBrowser
LogPluginManager: Mounting plugin SpeedTreeImporter
LogPluginManager: Mounting plugin AlembicImporter
LogPluginManager: Mounting plugin CharacterAI
LogPluginManager: Mounting plugin HTML5Networking
LogPluginManager: Mounting plugin AndroidMedia
LogPluginManager: Mounting plugin AvfMedia
LogPluginManager: Mounting plugin ImgMedia
LogPluginManager: Mounting plugin MediaCompositing
LogPluginManager: Mounting plugin MediaPlayerEditor
LogPluginManager: Mounting plugin WmfMedia
LogPluginManager: Mounting plugin TcpMessaging
LogPluginManager: Mounting plugin UdpMessaging
LogPluginManager: Mounting plugin ActorSequence
LogPluginManager: Mounting plugin LevelSequenceEditor
LogPluginManager: Mounting plugin MatineeToLevelSequence
LogPluginManager: Mounting plugin OnlineSubsystemGooglePlay
LogPluginManager: Mounting plugin OnlineSubsystemIOS
LogPluginManager: Mounting plugin OnlineSubsystem
LogPluginManager: Mounting plugin OnlineSubsystemNull
LogPluginManager: Mounting plugin OnlineSubsystemUtils
LogPluginManager: Mounting plugin AndroidDeviceProfileSelector
LogPluginManager: Mounting plugin AndroidMoviePlayer
LogPluginManager: Mounting plugin AndroidPermission
LogPluginManager: Mounting plugin AppleARKit
LogPluginManager: Mounting plugin AppleMoviePlayer
LogPluginManager: Mounting plugin ArchVisCharacter
LogPluginManager: Mounting plugin CableComponent
LogPluginManager: Mounting plugin CustomMeshComponent
LogPluginManager: Mounting plugin ExampleDeviceProfileSelector
LogPluginManager: Mounting plugin GoogleCloudMessaging
LogPluginManager: Mounting plugin ImmediatePhysics
LogPluginManager: Mounting plugin IOSDeviceProfileSelector
LogPluginManager: Mounting plugin LinuxDeviceProfileSelector
LogPluginManager: Mounting plugin LocationServicesBPLibrary
LogPluginManager: Mounting plugin MobilePatchingUtils
LogPluginManager: Mounting plugin OculusVR
LogPluginManager: Plugin shader directory ../../../Engine/Plugins/Runtime/Oculus/OculusVR/Shaders found
LogPluginManager: Mapping shader source directory ../../../Engine/Plugins/Runtime/Oculus/OculusVR/Shaders to virtual directory /Plugin/OculusVR
LogPluginManager: Mounting plugin PhysXVehicles
LogPluginManager: Mounting plugin ProceduralMeshComponent
LogPluginManager: Mounting plugin RuntimePhysXCooking
LogPluginManager: Mounting plugin SteamVR
LogPluginManager: Mounting plugin WindowsMoviePlayer
LogInit: Using libcurl 7.47.1
LogInit:  - built for x86_64-pc-win32
LogInit:  - supports SSL with OpenSSL/1.0.2g
LogInit:  - supports HTTP deflate (compression) using libz 1.2.8
LogInit:  - other features:
LogInit:      CURL_VERSION_SSL
LogInit:      CURL_VERSION_LIBZ
LogInit:      CURL_VERSION_IPV6
LogInit:      CURL_VERSION_ASYNCHDNS
LogInit:      CURL_VERSION_LARGEFILE
LogInit:      CURL_VERSION_IDN
LogInit:  CurlRequestOptions (configurable via config and command line):
LogInit:  - bVerifyPeer = false  - Libcurl will NOT verify peer certificate
LogInit:  - bUseHttpProxy = false  - Libcurl will NOT use HTTP proxy
LogInit:  - bDontReuseConnections = false  - Libcurl will reuse connections
LogInit:  - CertBundlePath = nullptr  - Libcurl will use whatever was configured at build time.
LogInit: Build: ++UE4+Release-4.18-CL-3832480
LogInit: Engine Version: 4.18.3-3832480+++UE4+Release-4.18
LogInit: Compatible Engine Version: 4.18.0-3709383+++UE4+Release-4.18
LogInit: Net CL: 3709383
LogDevObjectVersion: Number of dev versions registered: 16
LogDevObjectVersion:   Dev-Blueprints (B0D832E4-1F89-4F0D-ACCF-7EB736FD4AA2): 10
LogDevObjectVersion:   Dev-Build (E1C64328-A22C-4D53-A36C-8E866417BD8C): 0
LogDevObjectVersion:   Dev-Core (375EC13C-06E4-48FB-B500-84F0262A717E): 2
LogDevObjectVersion:   Dev-Editor (E4B068ED-F494-42E9-A231-DA0B2E46BB41): 20
LogDevObjectVersion:   Dev-Framework (CFFC743F-43B0-4480-9391-14DF171D2073): 30
LogDevObjectVersion:   Dev-Mobile (B02B49B5-BB20-44E9-A304-32B752E40360): 0
LogDevObjectVersion:   Dev-Networking (A4E4105C-59A1-49B5-A7C5-40C4547EDFEE): 0
LogDevObjectVersion:   Dev-Online (39C831C9-5AE6-47DC-9A44-9C173E1C8E7C): 0
LogDevObjectVersion:   Dev-Physics (78F01B33-EBEA-4F98-B9B4-84EACCB95AA2): 0
LogDevObjectVersion:   Dev-Platform (6631380F-2D4D-43E0-8009-CF276956A95A): 0
LogDevObjectVersion:   Dev-Rendering (12F88B9F-8875-4AFC-A67C-D90C383ABD29): 20
LogDevObjectVersion:   Dev-Sequencer (7B5AE74C-D270-4C10-A958-57980B212A5A): 4
LogDevObjectVersion:   Dev-VR (D7296918-1DD6-4BDD-9DE2-64A83CC13884): 0
LogDevObjectVersion:   Dev-LoadTimes (C2A15278-BFE7-4AFE-6C17-90FF531DF755): 1
LogDevObjectVersion:   Private-Geometry (6EACA3D4-40EC-4CC1-B786-8BED09428FC5): 1
LogDevObjectVersion:   Dev-AnimPhys (29E575DD-E0A3-4627-9D10-D276232CDCEA): 12
LogInit: Compiled (64-bit): Jan 12 2018 02:04:55
LogInit: Compiled with Visual C++: 19.00.24215.01
LogInit: Build Configuration: Development
LogInit: Branch Name: ++UE4+Release-4.18
LogInit: Command line:  
LogInit: Base directory: D:/Program Files (x86)/UE_4.18/Engine/Binaries/Win64/
LogInit: Installed Engine Build: 1
LogInit: Presizing for max 8388607 objects, including 0 objects not considered by GC, pre-allocating 0 bytes for permanent pool.
LogInit: Object subsystem initialized
[2019.10.31-17.32.17:004][  0]LogInit: Selected Device Profile: [Windows]
[2019.10.31-17.32.17:004][  0]LogInit: Applying CVar settings loaded from the selected device profile: [Windows]
[2019.10.31-17.32.17:199][  0]LogInit: Computer: DESKTOP-EEGEEHC
[2019.10.31-17.32.17:199][  0]LogInit: User: ChristopherP
[2019.10.31-17.32.17:199][  0]LogInit: CPU Page size=4096, Cores=4
[2019.10.31-17.32.17:199][  0]LogInit: High frequency timer resolution =10.000000 MHz
[2019.10.31-17.32.17:273][  0]LogMemory: Memory total: Physical=7.9GB (8GB approx)
[2019.10.31-17.32.17:273][  0]LogMemory: Platform Memory Stats for Windows
[2019.10.31-17.32.17:273][  0]LogMemory: Process Physical Memory: 271.88 MB used, 271.89 MB peak
[2019.10.31-17.32.17:273][  0]LogMemory: Process Virtual Memory: 263.61 MB used, 263.61 MB peak
[2019.10.31-17.32.17:273][  0]LogMemory: Physical Memory: 5255.52 MB used,  2876.35 MB free, 8131.87 MB total
[2019.10.31-17.32.17:273][  0]LogMemory: Virtual Memory: 4742.16 MB used,  2876.35 MB free, 134217728.00 MB total
[2019.10.31-17.32.20:658][  0]LogInit: Using OS detected language (en-US).
[2019.10.31-17.32.20:658][  0]LogInit: Using OS detected locale (en-US).
[2019.10.31-17.32.20:919][  0]LogTextLocalizationManager: No specific localization for 'en-US' exists, so the 'en' localization will be used.
[2019.10.31-17.32.21:899][  0]LogInit: Setting process to per monitor DPI aware
[2019.10.31-17.32.25:744][  0]LogD3D11RHI: D3D11 adapters:
[2019.10.31-17.32.25:837][  0]LogD3D11RHI:    0. 'NVIDIA GeForce GTX 1070' (Feature Level 11_0)
[2019.10.31-17.32.25:837][  0]LogD3D11RHI:       8088/0/4065 MB DedicatedVideo/DedicatedSystem/SharedSystem, Outputs:2, VendorId:0x10de
[2019.10.31-17.32.25:843][  0]LogD3D11RHI:    1. 'Microsoft Basic Render Driver' (Feature Level 11_0)
[2019.10.31-17.32.25:843][  0]LogD3D11RHI:       0/0/4065 MB DedicatedVideo/DedicatedSystem/SharedSystem, Outputs:0, VendorId:0x1414
[2019.10.31-17.32.25:843][  0]LogD3D11RHI: Chosen D3D11 Adapter: 0
[2019.10.31-17.32.25:852][  0]LogD3D11RHI: Creating new Direct3DDevice
[2019.10.31-17.32.25:852][  0]LogD3D11RHI:     GPU DeviceId: 0x1b81 (for the marketing name, search the web for "GPU Device Id")
[2019.10.31-17.32.25:852][  0]LogWindows: EnumDisplayDevices:
[2019.10.31-17.32.25:853][  0]LogWindows:    0. 'NVIDIA GeForce GTX 1070' (P:1 D:1)
[2019.10.31-17.32.25:877][  0]LogWindows:    1. 'NVIDIA GeForce GTX 1070' (P:0 D:1)
[2019.10.31-17.32.25:877][  0]LogWindows:    2. 'NVIDIA GeForce GTX 1070' (P:0 D:0)
[2019.10.31-17.32.25:877][  0]LogWindows:    3. 'NVIDIA GeForce GTX 1070' (P:0 D:0)
[2019.10.31-17.32.25:878][  0]LogWindows: DebugString: GetVideoDriverDetailsInvalid PrimaryIsNotTheChoosenAdapter GetVideoDriverDetailsInvalid PrimaryIsNotTheChoosenAdapter GetVideoDriverDetailsInvalid PrimaryIsNotTheChoosenAdapter GetVideoDriverDetailsInvalid PrimaryIsNotTheChoosenAdapter FoundDriverCount:0 
[2019.10.31-17.32.25:878][  0]LogD3D11RHI:     Adapter Name: NVIDIA GeForce GTX 1070
[2019.10.31-17.32.25:878][  0]LogD3D11RHI:   Driver Version: Unknown (internal:Unknown, unified:Unknown)
[2019.10.31-17.32.25:878][  0]LogD3D11RHI:      Driver Date: Unknown
[2019.10.31-17.32.25:878][  0]LogRHI: Texture pool is 5661 MB (70% of 8088 MB)
[2019.10.31-17.32.25:946][  0]LogD3D11RHI: Async texture creation enabled
[2019.10.31-17.32.26:674][  0]LogD3D11RHI: GPU Timing Frequency: 1000.000000 (Debug: 2 1)
[2019.10.31-17.32.26:814][  0]LogShaderCompilers: Guid format shader working directory is -18 characters bigger than the processId version (../../../../../GitKrakenRepo/SugarKnight_SaltySour/SKnightPrototype_01/Intermediate/Shaders/WorkingDirectory/15212/).
[2019.10.31-17.32.26:814][  0]LogShaderCompilers: Cleaned the shader compiler working directory 'C:/Users/ChristopherP/AppData/Local/Temp/UnrealShaderWorkingDir/A0DFAC5F4867AAB3ACB9DD8B8DE631D6/'.
[2019.10.31-17.32.26:823][  0]LogShaderCompilers: Display: Using Local Shader Compiler.
[2019.10.31-17.32.33:229][  0]LogTemp: Display: Loaded TP AllDesktopTargetPlatform
[2019.10.31-17.32.33:526][  0]LogTemp: Display: Loaded TP MacClientTargetPlatform
[2019.10.31-17.32.33:896][  0]LogTemp: Display: Loaded TP MacNoEditorTargetPlatform
[2019.10.31-17.32.34:243][  0]LogTemp: Display: Loaded TP MacServerTargetPlatform
[2019.10.31-17.32.34:660][  0]LogTemp: Display: Loaded TP MacTargetPlatform
[2019.10.31-17.32.35:068][  0]LogTemp: Display: Loaded TP WindowsClientTargetPlatform
[2019.10.31-17.32.35:430][  0]LogTemp: Display: Loaded TP WindowsNoEditorTargetPlatform
[2019.10.31-17.32.35:767][  0]LogTemp: Display: Loaded TP WindowsServerTargetPlatform
[2019.10.31-17.32.36:098][  0]LogTemp: Display: Loaded TP WindowsTargetPlatform
[2019.10.31-17.32.36:460][  0]LogTemp: Display: Loaded TP Android_ASTCTargetPlatform
[2019.10.31-17.32.36:781][  0]LogTemp: Display: Loaded TP Android_ATCTargetPlatform
[2019.10.31-17.32.37:099][  0]LogTemp: Display: Loaded TP Android_DXTTargetPlatform
[2019.10.31-17.32.37:463][  0]LogTemp: Display: Loaded TP Android_ETC1TargetPlatform
[2019.10.31-17.32.37:799][  0]LogTemp: Display: Loaded TP Android_ETC2TargetPlatform
[2019.10.31-17.32.38:464][  0]LogTemp: Display: Loaded TP Android_MultiTargetPlatform
[2019.10.31-17.32.38:465][  0]LogTemp: Display: Loaded TP Android_PVRTCTargetPlatform
[2019.10.31-17.32.38:835][  0]LogTemp: Display: Loaded TP AndroidTargetPlatform
[2019.10.31-17.32.39:150][  0]LogTemp: Display: Loaded TP HTML5TargetPlatform
[2019.10.31-17.32.39:847][  0]LogTemp: Display: Loaded TP IOSTargetPlatform
[2019.10.31-17.32.40:020][  0]LogTemp: Display: Loaded TP TVOSTargetPlatform
[2019.10.31-17.32.40:373][  0]LogTemp: Display: Loaded TP LinuxClientTargetPlatform
[2019.10.31-17.32.40:715][  0]LogTemp: Display: Loaded TP LinuxNoEditorTargetPlatform
[2019.10.31-17.32.41:041][  0]LogTemp: Display: Loaded TP LinuxServerTargetPlatform
[2019.10.31-17.32.41:396][  0]LogTemp: Display: Loaded TP LinuxTargetPlatform
[2019.10.31-17.32.41:396][  0]LogTargetPlatformManager: Display: Building Assets For Windows
[2019.10.31-17.32.46:153][  0]LogDerivedDataCache: Display: Max Cache Size: 512 MB
[2019.10.31-17.32.47:116][  0]LogDerivedDataCache: Loaded boot cache 0.95s 78MB C:/Users/ChristopherP/AppData/Local/UnrealEngine/4.18/DerivedDataCache/Boot.ddc.
[2019.10.31-17.32.47:116][  0]LogDerivedDataCache: Display: Loaded Boot cache: C:/Users/ChristopherP/AppData/Local/UnrealEngine/4.18/DerivedDataCache/Boot.ddc
[2019.10.31-17.32.47:117][  0]LogDerivedDataCache: FDerivedDataBackendGraph:  Pak pak cache file ../../../../../GitKrakenRepo/SugarKnight_SaltySour/SKnightPrototype_01/DerivedDataCache/DDC.ddp not found, will not use a pak cache.
[2019.10.31-17.32.47:117][  0]LogDerivedDataCache: Unable to find inner node Pak for hierarchical cache Hierarchy.
[2019.10.31-17.32.47:117][  0]LogDerivedDataCache: FDerivedDataBackendGraph:  CompressedPak pak cache file ../../../../../GitKrakenRepo/SugarKnight_SaltySour/SKnightPrototype_01/DerivedDataCache/Compressed.ddp not found, will not use a pak cache.
[2019.10.31-17.32.47:117][  0]LogDerivedDataCache: Unable to find inner node CompressedPak for hierarchical cache Hierarchy.
[2019.10.31-17.32.47:199][  0]LogDerivedDataCache: Display: Pak cache opened for reading ../../../Engine/DerivedDataCache/Compressed.ddp.
[2019.10.31-17.32.47:219][  0]LogDerivedDataCache: Using Local data cache path C:/Users/ChristopherP/AppData/Local/UnrealEngine/Common/DerivedDataCache: Writable
[2019.10.31-17.32.47:293][  0]LogMaterial: Verifying Global Shaders for PCD3D_SM5
[2019.10.31-17.32.47:367][  0]LogSlate: Using Freetype 2.6.0
[2019.10.31-17.32.47:425][  0]LogSlate: SlateFontCache - WITH_FREETYPE: 1, WITH_HARFBUZZ: 1
[2019.10.31-17.32.47:434][  0]LogSlate: SlateFontCache - WITH_FREETYPE: 1, WITH_HARFBUZZ: 1
[2019.10.31-17.32.57:470][  0]LogInit: Selected Device Profile: [Windows]
[2019.10.31-17.33.00:443][  0]LogSimplygon: Simplygon DLL not present - disabling.
[2019.10.31-17.33.00:735][  0]LogMeshReduction: Using SimplygonSwarm for distributed automatic mesh merging
[2019.10.31-17.33.00:735][  0]LogMeshReduction: Using QuadricMeshReduction for automatic static mesh reduction
[2019.10.31-17.33.00:735][  0]LogMeshReduction: No automatic skeletal mesh reduction module available
[2019.10.31-17.33.00:735][  0]LogMeshReduction: No automatic mesh merging module available
[2019.10.31-17.33.00:735][  0]LogMeshMerging: No automatic mesh merging module available
[2019.10.31-17.33.01:195][  0]LogNetVersion: SKnightPrototype_01 , NetCL: 3709383, EngineNetVer: 2, GameNetVer: 0 (Checksum: 431312611)
[2019.10.31-17.33.02:910][  0]LogAssetRegistry: FAssetRegistry took 0.0481 seconds to start up
[2019.10.31-17.33.07:734][  0]LogPackageLocalizationCache: Processed 7 localized package path(s) for 2 prioritized culture(s) in 0.239030 seconds
[2019.10.31-17.33.07:755][  0]LogUObjectArray: 35870 objects as part of root set at end of initial load.
[2019.10.31-17.33.07:755][  0]LogUObjectAllocator: 7363696 out of 0 bytes used by permanent object pool.
[2019.10.31-17.33.07:755][  0]LogUObjectArray: CloseDisregardForGC: 0/0 objects in disregard for GC pool
[2019.10.31-17.33.08:177][  0]LogInit: WinSock: version 1.1 (2.2), MaxSocks=32767, MaxUdp=65467
[2019.10.31-17.33.34:780][  0]LogTcpMessaging: Initializing TcpMessaging bridge
[2019.10.31-17.33.35:009][  0]LogUdpMessaging: Initializing bridge on interface 0.0.0.0:0 to multicast group 230.0.0.1:6666.
[2019.10.31-17.33.40:225][  0]LogMaterial: Uniform references updated for custom material expression Custom.
[2019.10.31-17.33.46:376][  0]SourceControl: Source control is disabled
[2019.10.31-17.33.46:385][  0]SourceControl: Source control is disabled
[2019.10.31-17.33.46:888][  0]SourceControl: Source control is disabled
[2019.10.31-17.33.47:438][  0]SourceControl: Source control is disabled
[2019.10.31-17.33.57:333][  0]LogAndroidPermission: UAndroidPermissionCallbackProxy::GetInstance
[2019.10.31-17.34.00:074][  0]LogOcInput: OculusInput pre-init called
[2019.10.31-17.34.02:877][  0]LogEngine: Initializing Engine...
[2019.10.31-17.34.03:025][  0]LogHMD: Failed to initialize OpenVR with code 110
[2019.10.31-17.34.04:122][  0]LogStats: UGameplayTagsManager::ConstructGameplayTagTree: Construct from data asset -  0.000 s
[2019.10.31-17.34.04:123][  0]LogStats: UGameplayTagsManager::ConstructGameplayTagTree: GameplayTagTreeChangedEvent.Broadcast -  0.000 s
[2019.10.31-17.34.05:339][  0]LogAIModule: Creating AISystem for world Untitled
[2019.10.31-17.34.05:585][  0]LogInit: XAudio2 using 'Speakers (Realtek High Definition Audio)' : 2 channels at 48 kHz using 32 bits per sample (channel mask 0x3)
[2019.10.31-17.34.05:730][  0]LogInit: FAudioDevice initialized.
[2019.10.31-17.34.05:931][  0]LogDerivedDataCache: Saved boot cache 0.18s 78MB C:/Users/ChristopherP/AppData/Local/UnrealEngine/4.18/DerivedDataCache/Boot.ddc.
[2019.10.31-17.34.05:942][  0]LogInit: Texture streaming: Enabled
[2019.10.31-17.34.06:855][  0]LogEngineSessionManager: EngineSessionManager initialized
[2019.10.31-17.34.08:041][  0]LogInit: Transaction tracking system initialized
[2019.10.31-17.34.10:877][  0]BlueprintLog: New page: Editor Load
[2019.10.31-17.34.18:671][  0]LocalizationService: Localization service is disabled
[2019.10.31-17.34.25:641][  0]LogConsoleResponse: Display: 
[2019.10.31-17.34.28:151][  0]LogFileCache: Scanning file cache for directory 'D:/GitKrakenRepo/SugarKnight_SaltySour/SKnightPrototype_01/Content/' took 0.10s
[2019.10.31-17.34.28:151][  0]LogCook: Display: Max memory allowance for cook 16384mb min free memory 0mb
[2019.10.31-17.34.28:167][  0]LogCook: Display: Mobile HDR setting 1
[2019.10.31-17.34.28:188][  0]LogGameplayTags: Display: UGameplayTagsManager::DoneAddingNativeTags. DelegateIsBound: 0
[2019.10.31-17.34.37:932][  0]SourceControl: Source control is disabled
[2019.10.31-17.34.37:958][  0]Cmd: MAP LOAD FILE="../../../../../GitKrakenRepo/SugarKnight_SaltySour/SKnightPrototype_01/Content/SideScrollerBP/Maps/SideScrollerExampleMap.umap" TEMPLATE=0 SHOWPROGRESS=1 FEATURELEVEL=3
[2019.10.31-17.34.37:960][  0]LightingResults: New page: Lighting Build
[2019.10.31-17.34.38:502][  0]MapCheck: New page: Map Check
[2019.10.31-17.34.38:503][  0]LightingResults: New page: Lighting Build
[2019.10.31-17.34.44:191][  0]LogAIModule: Creating AISystem for world SideScrollerExampleMap
[2019.10.31-17.34.45:069][  0]LogScript: Warning: Accessed None trying to read property Kane
	Kane_AnimBP_C /Game/SideScrollerBP/Maps/SideScrollerExampleMap.SideScrollerExampleMap:PersistentLevel.SideScrollerCharacter_78.CharacterMesh0.Kane_AnimBP_C_0
	Function /Game/Characters/Kane/Animations/Kane_AnimBP.Kane_AnimBP_C:ExecuteUbergraph_Kane_AnimBP:045E
[2019.10.31-17.34.45:428][  0]LogEditorServer: Finished looking for orphan Actors (0.003 secs)
[2019.10.31-17.34.45:767][  0]Cmd: MAP CHECKDEP NOCLEARLOG
[2019.10.31-17.34.46:167][  0]MapCheck: Map check complete: 0 Error(s), 0 Warning(s), took 393.83ms to complete.
[2019.10.31-17.34.46:167][  0]LogFileHelpers: Loading map 'SideScrollerExampleMap' took 8.224
[2019.10.31-17.34.48:819][  0]LogCollectionManager: Loaded 0 collections in 0.025179 seconds
[2019.10.31-17.34.49:391][  0]LogFileCache: Scanning file cache for directory 'D:/GitKrakenRepo/SugarKnight_SaltySour/SKnightPrototype_01/Saved/Collections/' took 0.01s
[2019.10.31-17.34.49:391][  0]LogFileCache: Scanning file cache for directory 'D:/GitKrakenRepo/SugarKnight_SaltySour/SKnightPrototype_01/Content/Developers/ChristopherP/Collections/' took 0.01s
[2019.10.31-17.34.49:391][  0]LogFileCache: Scanning file cache for directory 'D:/GitKrakenRepo/SugarKnight_SaltySour/SKnightPrototype_01/Content/Collections/' took 0.01s
[2019.10.31-17.34.49:391][  0]LogCollectionManager: Rebuilt the GUID cache for 0 collections in 0.000000 seconds
[2019.10.31-17.34.49:427][  0]LogContentBrowser: Native class hierarchy populated in 0.0113 seconds. Added 2363 classes and 519 folders.
[2019.10.31-17.34.50:078][  0]LogContentBrowser: Native class hierarchy updated for 'WidgetCarousel' in 0.0005 seconds. Added 0 classes and 0 folders.
[2019.10.31-17.34.51:253][  0]LogContentBrowser: Native class hierarchy updated for 'AddContentDialog' in 0.0011 seconds. Added 0 classes and 0 folders.
[2019.10.31-17.34.51:744][  0]LogContentBrowser: Native class hierarchy updated for 'SceneOutliner' in 0.0004 seconds. Added 1 classes and 2 folders.
[2019.10.31-17.34.52:797][  0]LogSlate: Took 0.024909 seconds to synchronously load lazily loaded font '../../../Engine/Content/Slate/Fonts/Roboto-Regular.ttf' (155K)
[2019.10.31-17.34.52:816][  0]LogSlate: Took 0.013183 seconds to synchronously load lazily loaded font '../../../Engine/Content/Slate/Fonts/Roboto-Bold.ttf' (160K)
[2019.10.31-17.34.53:047][  0]LogSlate: Took 0.019613 seconds to synchronously load lazily loaded font '../../../Engine/Content/Editor/Slate/Fonts/FontAwesome.ttf' (139K)
[2019.10.31-17.34.54:151][  0]LogRenderer: Reallocating scene render targets to support 1128x636 Format 10 NumSamples 1 (Frame:1).
[2019.10.31-17.34.57:438][  0]LogContentBrowser: Native class hierarchy updated for 'HierarchicalLODOutliner' in 0.0004 seconds. Added 1 classes and 2 folders.
[2019.10.31-17.34.57:438][  0]LogLoad: (Engine Initialization) Total time: 211.70 seconds
[2019.10.31-17.34.57:438][  0]LogLoad: (Engine Initialization) Total Blueprint compile time: 0.00 seconds
[2019.10.31-17.34.57:505][  0]LogExternalProfiler: No external profilers were discovered.  External profiling features will not be available.
[2019.10.31-17.34.58:736][  0]LogContentStreaming: Texture pool size now 1000 MB
[2019.10.31-17.35.00:144][  1]LogSlate: Took 0.069429 seconds to synchronously load lazily loaded font '../../../Engine/Content/Slate/Fonts/Roboto-Light.ttf' (159K)
[2019.10.31-17.35.00:595][  3]LogAssetRegistry: Asset discovery search completed in 117.7069 seconds
[2019.10.31-17.35.00:640][  3]LogCollectionManager: Rebuilt the object cache for 0 collections in 0.000001 seconds (found 0 objects)
[2019.10.31-17.35.00:640][  3]LogCollectionManager: Fixed up redirectors for 0 collections in 0.026968 seconds (updated 0 objects)
[2019.10.31-17.37.31:496][632]LogScript: Warning: Accessed None trying to read property Kane
	Kane_AnimBP_C /Engine/Transient.World_3:PersistentLevel.SideScrollerCharacter_C_0.CharacterMesh0.Kane_AnimBP_C_0
	Function /Game/Characters/Kane/Animations/Kane_AnimBP.Kane_AnimBP_C:ExecuteUbergraph_Kane_AnimBP:045E
[2019.10.31-17.37.33:860][775]LogSlate: Took 0.000397 seconds to synchronously load lazily loaded font '../../../Engine/Content/Slate/Fonts/Roboto-Light.ttf' (159K)
[2019.10.31-17.37.34:715][775]LogSlate: Took 0.000364 seconds to synchronously load lazily loaded font '../../../Engine/Content/Slate/Fonts/Roboto-Regular.ttf' (155K)
[2019.10.31-17.37.35:335][775]LogContentBrowser: Native class hierarchy updated for 'BlueprintGraph' in 0.0070 seconds. Added 116 classes and 0 folders.
[2019.10.31-17.37.37:991][775]LogSlate: Took 0.052571 seconds to synchronously load lazily loaded font '../../../Engine/Content/Editor/Slate/Fonts/Roboto-BoldCondensed.ttf' (158K)
[2019.10.31-17.37.43:337][  8]LogSlate: Took 0.017818 seconds to synchronously load lazily loaded font '../../../Engine/Content/Editor/Slate/Fonts/Roboto-Italic.ttf' (157K)
[2019.10.31-17.39.13:278][498]BlueprintLog: New page: Compile SKnight_Door
[2019.10.31-17.40.17:192][486]LogTemp: Repeating last play command: New Editor Window (PIE)
[2019.10.31-17.40.19:048][486]LogBlueprintUserMessages: Early PlayInEditor Detection: Level '/Game/SideScrollerBP/Maps/SideScrollerExampleMap.SideScrollerExampleMap:PersistentLevel' has LevelScriptBlueprint '/Game/SideScrollerBP/Maps/SideScrollerExampleMap.SideScrollerExampleMap:PersistentLevel.SideScrollerExampleMap' with GeneratedClass '/Game/SideScrollerBP/Maps/SideScrollerExampleMap.SideScrollerExampleMap_C' with ClassGeneratedBy '/Game/SideScrollerBP/Maps/SideScrollerExampleMap.SideScrollerExampleMap:PersistentLevel.SideScrollerExampleMap'
[2019.10.31-17.40.19:100][486]LogPlayLevel: PlayLevel: No blueprints needed recompiling
[2019.10.31-17.40.19:347][486]PIE: New page: PIE session: SideScrollerExampleMap (Oct 31, 2019, 9:40:19 AM)
[2019.10.31-17.40.19:454][486]LogPlayLevel: Creating play world package: /Game/SideScrollerBP/Maps/UEDPIE_0_SideScrollerExampleMap
[2019.10.31-17.40.22:909][486]LogPlayLevel: PIE: StaticDuplicateObject took: (3.455577s)
[2019.10.31-17.40.22:910][486]LogAIModule: Creating AISystem for world SideScrollerExampleMap
[2019.10.31-17.40.22:978][486]LogPlayLevel: PIE: World Init took: (0.068782s)
[2019.10.31-17.40.22:991][486]LogPlayLevel: PIE: Created PIE world by copying editor world from /Game/SideScrollerBP/Maps/SideScrollerExampleMap.SideScrollerExampleMap to /Game/SideScrollerBP/Maps/UEDPIE_0_SideScrollerExampleMap.SideScrollerExampleMap (3.539772s)
[2019.10.31-17.40.23:188][486]LogInit: XAudio2 using 'Speakers (Realtek High Definition Audio)' : 2 channels at 48 kHz using 32 bits per sample (channel mask 0x3)
[2019.10.31-17.40.23:253][486]LogInit: FAudioDevice initialized.
[2019.10.31-17.40.23:444][486]LogLoad: Game class is 'SideScrollerGameMode_C'
[2019.10.31-17.40.23:666][486]LogScript: Warning: Accessed None trying to read property Kane
	Kane_AnimBP_C /Game/SideScrollerBP/Maps/UEDPIE_0_SideScrollerExampleMap.SideScrollerExampleMap:PersistentLevel.SideScrollerCharacter_78.CharacterMesh0.Kane_AnimBP_C_0
	Function /Game/Characters/Kane/Animations/Kane_AnimBP.Kane_AnimBP_C:ExecuteUbergraph_Kane_AnimBP:045E
[2019.10.31-17.40.23:667][486]PIE: Error: Blueprint Runtime Error: Accessed None trying to read property Kane from function: 'ExecuteUbergraph_Kane_AnimBP' from node: Result in graph: Transition in object: Kane_AnimBP with description: Accessed None trying to read property Kane
[2019.10.31-17.40.23:668][486]LogWorld: Bringing World /Game/SideScrollerBP/Maps/UEDPIE_0_SideScrollerExampleMap.SideScrollerExampleMap up for play (max tick rate 0) at 2019.10.31-13.40.23
[2019.10.31-17.40.23:776][486]LogWorld: Bringing up level for play took: 0.121087
[2019.10.31-17.40.25:758][486]LogContentBrowser: Native class hierarchy updated for 'MovieSceneCapture' in 0.0006 seconds. Added 11 classes and 0 folders.
[2019.10.31-17.40.25:916][486]PIE: Play in editor start time for /Game/SideScrollerBP/Maps/UEDPIE_0_SideScrollerExampleMap 6.862
[2019.10.31-17.40.25:921][486]LogBlueprintUserMessages: Late PlayInEditor Detection: Level '/Game/SideScrollerBP/Maps/SideScrollerExampleMap.SideScrollerExampleMap:PersistentLevel' has LevelScriptBlueprint '/Game/SideScrollerBP/Maps/SideScrollerExampleMap.SideScrollerExampleMap:PersistentLevel.SideScrollerExampleMap' with GeneratedClass '/Game/SideScrollerBP/Maps/SideScrollerExampleMap.SideScrollerExampleMap_C' with ClassGeneratedBy '/Game/SideScrollerBP/Maps/SideScrollerExampleMap.SideScrollerExampleMap:PersistentLevel.SideScrollerExampleMap'
[2019.10.31-17.40.26:136][486]LogRenderer: Reallocating scene render targets to support 1292x756 Format 10 NumSamples 1 (Frame:1).
[2019.10.31-17.40.28:555][600]LogBlueprintUserMessages: [SKnight_Checkpoint_356] Checkpoint Reached
[2019.10.31-17.40.40:870][273]LogBlueprintUserMessages: Early EndPlayMap Detection: Level '/Game/SideScrollerBP/Maps/SideScrollerExampleMap.SideScrollerExampleMap:PersistentLevel' has LevelScriptBlueprint '/Game/SideScrollerBP/Maps/SideScrollerExampleMap.SideScrollerExampleMap:PersistentLevel.SideScrollerExampleMap' with GeneratedClass '/Game/SideScrollerBP/Maps/SideScrollerExampleMap.SideScrollerExampleMap_C' with ClassGeneratedBy '/Game/SideScrollerBP/Maps/SideScrollerExampleMap.SideScrollerExampleMap:PersistentLevel.SideScrollerExampleMap'
[2019.10.31-17.40.41:195][273]LogBlueprintUserMessages: Late EndPlayMap Detection: Level '/Game/SideScrollerBP/Maps/SideScrollerExampleMap.SideScrollerExampleMap:PersistentLevel' has LevelScriptBlueprint '/Game/SideScrollerBP/Maps/SideScrollerExampleMap.SideScrollerExampleMap:PersistentLevel.SideScrollerExampleMap' with GeneratedClass '/Game/SideScrollerBP/Maps/SideScrollerExampleMap.SideScrollerExampleMap_C' with ClassGeneratedBy '/Game/SideScrollerBP/Maps/SideScrollerExampleMap.SideScrollerExampleMap:PersistentLevel.SideScrollerExampleMap'
[2019.10.31-17.40.49:324][851]LogEditorViewport: Clicking on Actor (LMB): SKnight_Key_C (SKnight_Key)
[2019.10.31-17.40.58:963][502]LogScript: Warning: Accessed None trying to read property Kane
	Kane_AnimBP_C /Engine/Transient.World_8:PersistentLevel.SideScrollerCharacter_C_1.CharacterMesh0.Kane_AnimBP_C_1
	Function /Game/Characters/Kane/Animations/Kane_AnimBP.Kane_AnimBP_C:ExecuteUbergraph_Kane_AnimBP:045E
[2019.10.31-17.40.58:965][502]LogScript: Warning: Accessed None trying to read property Kane
	Kane_AnimBP_C /Engine/Transient.World_8:PersistentLevel.SideScrollerCharacter_C_1.CharacterMesh0.Kane_AnimBP_C_1
	Function /Game/Characters/Kane/Animations/Kane_AnimBP.Kane_AnimBP_C:ExecuteUbergraph_Kane_AnimBP:045E
[2019.10.31-17.40.59:552][503]LogScript: Warning: Accessed None trying to read property Kane
	Kane_AnimBP_C /Engine/Transient.World_8:PersistentLevel.SideScrollerCharacter_C_1.CharacterMesh0.Kane_AnimBP_C_1
	Function /Game/Characters/Kane/Animations/Kane_AnimBP.Kane_AnimBP_C:ExecuteUbergraph_Kane_AnimBP:045E
[2019.10.31-17.41.00:854][504]LogScript: Warning: Accessed None trying to read property Kane
	Kane_AnimBP_C /Engine/Transient.World_8:PersistentLevel.SideScrollerCharacter_C_1.CharacterMesh0.Kane_AnimBP_C_1
	Function /Game/Characters/Kane/Animations/Kane_AnimBP.Kane_AnimBP_C:ExecuteUbergraph_Kane_AnimBP:045E
[2019.10.31-17.41.00:871][505]LogScript: Warning: Accessed None trying to read property Kane
	Kane_AnimBP_C /Engine/Transient.World_8:PersistentLevel.SideScrollerCharacter_C_1.CharacterMesh0.Kane_AnimBP_C_1
	Function /Game/Characters/Kane/Animations/Kane_AnimBP.Kane_AnimBP_C:ExecuteUbergraph_Kane_AnimBP:045E
[2019.10.31-17.41.00:890][506]LogScript: Warning: Accessed None trying to read property Kane
	Kane_AnimBP_C /Engine/Transient.World_8:PersistentLevel.SideScrollerCharacter_C_1.CharacterMesh0.Kane_AnimBP_C_1
	Function /Game/Characters/Kane/Animations/Kane_AnimBP.Kane_AnimBP_C:ExecuteUbergraph_Kane_AnimBP:045E
[2019.10.31-17.41.00:907][507]LogScript: Warning: Accessed None trying to read property Kane
	Kane_AnimBP_C /Engine/Transient.World_8:PersistentLevel.SideScrollerCharacter_C_1.CharacterMesh0.Kane_AnimBP_C_1
	Function /Game/Characters/Kane/Animations/Kane_AnimBP.Kane_AnimBP_C:ExecuteUbergraph_Kane_AnimBP:045E
[2019.10.31-17.41.00:927][508]LogScript: Warning: Accessed None trying to read property Kane
	Kane_AnimBP_C /Engine/Transient.World_8:PersistentLevel.SideScrollerCharacter_C_1.CharacterMesh0.Kane_AnimBP_C_1
	Function /Game/Characters/Kane/Animations/Kane_AnimBP.Kane_AnimBP_C:ExecuteUbergraph_Kane_AnimBP:045E
[2019.10.31-17.41.00:946][509]LogScript: Warning: Accessed None trying to read property Kane
	Kane_AnimBP_C /Engine/Transient.World_8:PersistentLevel.SideScrollerCharacter_C_1.CharacterMesh0.Kane_AnimBP_C_1
	Function /Game/Characters/Kane/Animations/Kane_AnimBP.Kane_AnimBP_C:ExecuteUbergraph_Kane_AnimBP:045E
[2019.10.31-17.41.00:979][510]LogScript: Warning: Accessed None trying to read property Kane
	Kane_AnimBP_C /Engine/Transient.World_8:PersistentLevel.SideScrollerCharacter_C_1.CharacterMesh0.Kane_AnimBP_C_1
	Function /Game/Characters/Kane/Animations/Kane_AnimBP.Kane_AnimBP_C:ExecuteUbergraph_Kane_AnimBP:045E
[2019.10.31-17.41.01:007][511]LogScript: Warning: Accessed None trying to read property Kane
	Kane_AnimBP_C /Engine/Transient.World_8:PersistentLevel.SideScrollerCharacter_C_1.CharacterMesh0.Kane_AnimBP_C_1
	Function /Game/Characters/Kane/Animations/Kane_AnimBP.Kane_AnimBP_C:ExecuteUbergraph_Kane_AnimBP:045E
[2019.10.31-17.41.01:030][512]LogScript: Warning: Accessed None trying to read property Kane
	Kane_AnimBP_C /Engine/Transient.World_8:PersistentLevel.SideScrollerCharacter_C_1.CharacterMesh0.Kane_AnimBP_C_1
	Function /Game/Characters/Kane/Animations/Kane_AnimBP.Kane_AnimBP_C:ExecuteUbergraph_Kane_AnimBP:045E
[2019.10.31-17.41.01:058][513]LogScript: Warning: Accessed None trying to read property Kane
	Kane_AnimBP_C /Engine/Transient.World_8:PersistentLevel.SideScrollerCharacter_C_1.CharacterMesh0.Kane_AnimBP_C_1
	Function /Game/Characters/Kane/Animations/Kane_AnimBP.Kane_AnimBP_C:ExecuteUbergraph_Kane_AnimBP:045E
[2019.10.31-17.41.01:098][514]LogScript: Warning: Accessed None trying to read property Kane
	Kane_AnimBP_C /Engine/Transient.World_8:PersistentLevel.SideScrollerCharacter_C_1.CharacterMesh0.Kane_AnimBP_C_1
	Function /Game/Characters/Kane/Animations/Kane_AnimBP.Kane_AnimBP_C:ExecuteUbergraph_Kane_AnimBP:045E
[2019.10.31-17.41.01:126][515]LogScript: Warning: Accessed None trying to read property Kane
	Kane_AnimBP_C /Engine/Transient.World_8:PersistentLevel.SideScrollerCharacter_C_1.CharacterMesh0.Kane_AnimBP_C_1
	Function /Game/Characters/Kane/Animations/Kane_AnimBP.Kane_AnimBP_C:ExecuteUbergraph_Kane_AnimBP:045E
[2019.10.31-17.41.01:150][516]LogScript: Warning: Accessed None trying to read property Kane
	Kane_AnimBP_C /Engine/Transient.World_8:PersistentLevel.SideScrollerCharacter_C_1.CharacterMesh0.Kane_AnimBP_C_1
	Function /Game/Characters/Kane/Animations/Kane_AnimBP.Kane_AnimBP_C:ExecuteUbergraph_Kane_AnimBP:045E
[2019.10.31-17.41.01:175][517]LogScript: Warning: Accessed None trying to read property Kane
	Kane_AnimBP_C /Engine/Transient.World_8:PersistentLevel.SideScrollerCharacter_C_1.CharacterMesh0.Kane_AnimBP_C_1
	Function /Game/Characters/Kane/Animations/Kane_AnimBP.Kane_AnimBP_C:ExecuteUbergraph_Kane_AnimBP:045E
[2019.10.31-17.41.07:445][797]LogScript: Warning: Accessed None trying to read property Kane
	Kane_AnimBP_C /Game/SideScrollerBP/Maps/SideScrollerExampleMap.SideScrollerExampleMap:PersistentLevel.SideScrollerCharacter_78.CharacterMesh0.Kane_AnimBP_C_0
	Function /Game/Characters/Kane/Animations/Kane_AnimBP.Kane_AnimBP_C:ExecuteUbergraph_Kane_AnimBP:045E
[2019.10.31-17.41.07:447][797]LogScript: Warning: Accessed None trying to read property Kane
	Kane_AnimBP_C /Engine/Transient.World_3:PersistentLevel.SideScrollerCharacter_C_0.CharacterMesh0.Kane_AnimBP_C_0
	Function /Game/Characters/Kane/Animations/Kane_AnimBP.Kane_AnimBP_C:ExecuteUbergraph_Kane_AnimBP:045E
[2019.10.31-17.41.15:816][154]LogScript: Warning: Accessed None trying to read property Kane
	Kane_AnimBP_C /Game/SideScrollerBP/Maps/SideScrollerExampleMap.SideScrollerExampleMap:PersistentLevel.SideScrollerCharacter_78.CharacterMesh0.Kane_AnimBP_C_0
	Function /Game/Characters/Kane/Animations/Kane_AnimBP.Kane_AnimBP_C:ExecuteUbergraph_Kane_AnimBP:045E
[2019.10.31-17.41.15:818][154]LogScript: Warning: Accessed None trying to read property Kane
	Kane_AnimBP_C /Engine/Transient.World_3:PersistentLevel.SideScrollerCharacter_C_0.CharacterMesh0.Kane_AnimBP_C_0
	Function /Game/Characters/Kane/Animations/Kane_AnimBP.Kane_AnimBP_C:ExecuteUbergraph_Kane_AnimBP:045E
[2019.10.31-17.41.18:497][257]BlueprintLog: New page: Compile SideScrollerCharacter
[2019.10.31-17.41.18:670][257]LogScript: Warning: Accessed None trying to read property Kane
	Kane_AnimBP_C /Game/SideScrollerBP/Maps/SideScrollerExampleMap.SideScrollerExampleMap:PersistentLevel.SideScrollerCharacter_78.CharacterMesh0.Kane_AnimBP_C_2
	Function /Game/Characters/Kane/Animations/Kane_AnimBP.Kane_AnimBP_C:ExecuteUbergraph_Kane_AnimBP:045E
[2019.10.31-17.41.18:672][257]LogScript: Warning: Accessed None trying to read property Kane
	Kane_AnimBP_C /Engine/Transient.World_3:PersistentLevel.SideScrollerCharacter_C_0.CharacterMesh0.Kane_AnimBP_C_2
	Function /Game/Characters/Kane/Animations/Kane_AnimBP.Kane_AnimBP_C:ExecuteUbergraph_Kane_AnimBP:045E
[2019.10.31-17.41.18:673][257]LogScript: Warning: Accessed None trying to read property Kane
	Kane_AnimBP_C /Engine/Transient.World_3:PersistentLevel.SideScrollerCharacter_C_0.CharacterMesh0.Kane_AnimBP_C_3
	Function /Game/Characters/Kane/Animations/Kane_AnimBP.Kane_AnimBP_C:ExecuteUbergraph_Kane_AnimBP:045E
[2019.10.31-17.41.18:673][257]LogScript: Warning: Accessed None trying to read property Kane
	Kane_AnimBP_C /Engine/Transient.World_8:PersistentLevel.SideScrollerCharacter_C_1.CharacterMesh0.Kane_AnimBP_C_4
	Function /Game/Characters/Kane/Animations/Kane_AnimBP.Kane_AnimBP_C:ExecuteUbergraph_Kane_AnimBP:045E
[2019.10.31-17.41.18:675][257]LogScript: Warning: Accessed None trying to read property Kane
	Kane_AnimBP_C /Engine/Transient.World_8:PersistentLevel.SideScrollerCharacter_C_1.CharacterMesh0.Kane_AnimBP_C_5
	Function /Game/Characters/Kane/Animations/Kane_AnimBP.Kane_AnimBP_C:ExecuteUbergraph_Kane_AnimBP:045E
[2019.10.31-17.41.19:112][257]LogScript: Warning: Accessed None trying to read property Kane
	Kane_AnimBP_C /Game/SideScrollerBP/Maps/SideScrollerExampleMap.SideScrollerExampleMap:PersistentLevel.SideScrollerCharacter_78.CharacterMesh0.Kane_AnimBP_C_2
	Function /Game/Characters/Kane/Animations/Kane_AnimBP.Kane_AnimBP_C:ExecuteUbergraph_Kane_AnimBP:045E
[2019.10.31-17.41.19:113][257]LogScript: Warning: Accessed None trying to read property Kane
	Kane_AnimBP_C /Engine/Transient.World_3:PersistentLevel.SideScrollerCharacter_C_0.CharacterMesh0.Kane_AnimBP_C_3
	Function /Game/Characters/Kane/Animations/Kane_AnimBP.Kane_AnimBP_C:ExecuteUbergraph_Kane_AnimBP:045E
[2019.10.31-17.41.19:115][257]LogScript: Warning: Accessed None trying to read property Kane
	Kane_AnimBP_C /Engine/Transient.World_8:PersistentLevel.SideScrollerCharacter_C_1.CharacterMesh0.Kane_AnimBP_C_5
	Function /Game/Characters/Kane/Animations/Kane_AnimBP.Kane_AnimBP_C:ExecuteUbergraph_Kane_AnimBP:045E
[2019.10.31-17.41.19:145][257]LogScriptCore: Warning: Script Msg: Attempted to access index 0 from array 'CallFunc_GetAllActorsOfClass_OutActors' of length 0 in '/Game/SideScrollerBP/Blueprints/SideScrollerCharacter.SideScrollerCharacter_C:Spawn Player'!
[2019.10.31-17.41.19:146][257]LogScript: Warning: Accessed None trying to read property Kane
	Kane_AnimBP_C /Engine/Transient.World_3:PersistentLevel.SideScrollerCharacter_C_8.CharacterMesh0.Kane_AnimBP_C_6
	Function /Game/Characters/Kane/Animations/Kane_AnimBP.Kane_AnimBP_C:ExecuteUbergraph_Kane_AnimBP:045E
[2019.10.31-17.41.19:157][257]LogScript: Warning: Accessed None trying to read property Kane
	Kane_AnimBP_C /Engine/Transient.World_8:PersistentLevel.SideScrollerCharacter_C_1.CharacterMesh0.Kane_AnimBP_C_5
	Function /Game/Characters/Kane/Animations/Kane_AnimBP.Kane_AnimBP_C:ExecuteUbergraph_Kane_AnimBP:045E
[2019.10.31-17.41.19:222][258]LogScript: Warning: Accessed None trying to read property Kane
	Kane_AnimBP_C /Engine/Transient.World_8:PersistentLevel.SideScrollerCharacter_C_1.CharacterMesh0.Kane_AnimBP_C_5
	Function /Game/Characters/Kane/Animations/Kane_AnimBP.Kane_AnimBP_C:ExecuteUbergraph_Kane_AnimBP:045E
[2019.10.31-17.41.19:251][259]LogScript: Warning: Accessed None trying to read property Kane
	Kane_AnimBP_C /Engine/Transient.World_8:PersistentLevel.SideScrollerCharacter_C_1.CharacterMesh0.Kane_AnimBP_C_5
	Function /Game/Characters/Kane/Animations/Kane_AnimBP.Kane_AnimBP_C:ExecuteUbergraph_Kane_AnimBP:045E
[2019.10.31-17.41.19:276][260]LogScript: Warning: Accessed None trying to read property Kane
	Kane_AnimBP_C /Engine/Transient.World_8:PersistentLevel.SideScrollerCharacter_C_1.CharacterMesh0.Kane_AnimBP_C_5
	Function /Game/Characters/Kane/Animations/Kane_AnimBP.Kane_AnimBP_C:ExecuteUbergraph_Kane_AnimBP:045E
[2019.10.31-17.41.19:295][261]LogScript: Warning: Accessed None trying to read property Kane
	Kane_AnimBP_C /Engine/Transient.World_8:PersistentLevel.SideScrollerCharacter_C_1.CharacterMesh0.Kane_AnimBP_C_5
	Function /Game/Characters/Kane/Animations/Kane_AnimBP.Kane_AnimBP_C:ExecuteUbergraph_Kane_AnimBP:045E
[2019.10.31-17.41.19:317][262]LogScript: Warning: Accessed None trying to read property Kane
	Kane_AnimBP_C /Engine/Transient.World_8:PersistentLevel.SideScrollerCharacter_C_1.CharacterMesh0.Kane_AnimBP_C_5
	Function /Game/Characters/Kane/Animations/Kane_AnimBP.Kane_AnimBP_C:ExecuteUbergraph_Kane_AnimBP:045E
[2019.10.31-17.41.19:338][263]LogScript: Warning: Accessed None trying to read property Kane
	Kane_AnimBP_C /Engine/Transient.World_8:PersistentLevel.SideScrollerCharacter_C_1.CharacterMesh0.Kane_AnimBP_C_5
	Function /Game/Characters/Kane/Animations/Kane_AnimBP.Kane_AnimBP_C:ExecuteUbergraph_Kane_AnimBP:045E
[2019.10.31-17.41.19:359][264]LogScript: Warning: Accessed None trying to read property Kane
	Kane_AnimBP_C /Engine/Transient.World_8:PersistentLevel.SideScrollerCharacter_C_1.CharacterMesh0.Kane_AnimBP_C_5
	Function /Game/Characters/Kane/Animations/Kane_AnimBP.Kane_AnimBP_C:ExecuteUbergraph_Kane_AnimBP:045E
[2019.10.31-17.41.19:382][265]LogScript: Warning: Accessed None trying to read property Kane
	Kane_AnimBP_C /Engine/Transient.World_8:PersistentLevel.SideScrollerCharacter_C_1.CharacterMesh0.Kane_AnimBP_C_5
	Function /Game/Characters/Kane/Animations/Kane_AnimBP.Kane_AnimBP_C:ExecuteUbergraph_Kane_AnimBP:045E
[2019.10.31-17.41.19:405][266]LogScript: Warning: Accessed None trying to read property Kane
	Kane_AnimBP_C /Engine/Transient.World_8:PersistentLevel.SideScrollerCharacter_C_1.CharacterMesh0.Kane_AnimBP_C_5
	Function /Game/Characters/Kane/Animations/Kane_AnimBP.Kane_AnimBP_C:ExecuteUbergraph_Kane_AnimBP:045E
[2019.10.31-17.41.19:433][267]LogScript: Warning: Accessed None trying to read property Kane
	Kane_AnimBP_C /Engine/Transient.World_8:PersistentLevel.SideScrollerCharacter_C_1.CharacterMesh0.Kane_AnimBP_C_5
	Function /Game/Characters/Kane/Animations/Kane_AnimBP.Kane_AnimBP_C:ExecuteUbergraph_Kane_AnimBP:045E
[2019.10.31-17.41.19:452][268]LogScript: Warning: Accessed None trying to read property Kane
	Kane_AnimBP_C /Engine/Transient.World_8:PersistentLevel.SideScrollerCharacter_C_1.CharacterMesh0.Kane_AnimBP_C_5
	Function /Game/Characters/Kane/Animations/Kane_AnimBP.Kane_AnimBP_C:ExecuteUbergraph_Kane_AnimBP:045E
[2019.10.31-17.41.19:476][269]LogScript: Warning: Accessed None trying to read property Kane
	Kane_AnimBP_C /Engine/Transient.World_8:PersistentLevel.SideScrollerCharacter_C_1.CharacterMesh0.Kane_AnimBP_C_5
	Function /Game/Characters/Kane/Animations/Kane_AnimBP.Kane_AnimBP_C:ExecuteUbergraph_Kane_AnimBP:045E
[2019.10.31-17.41.19:499][270]LogScript: Warning: Accessed None trying to read property Kane
	Kane_AnimBP_C /Engine/Transient.World_8:PersistentLevel.SideScrollerCharacter_C_1.CharacterMesh0.Kane_AnimBP_C_5
	Function /Game/Characters/Kane/Animations/Kane_AnimBP.Kane_AnimBP_C:ExecuteUbergraph_Kane_AnimBP:045E
[2019.10.31-17.41.19:522][271]LogScript: Warning: Accessed None trying to read property Kane
	Kane_AnimBP_C /Engine/Transient.World_8:PersistentLevel.SideScrollerCharacter_C_1.CharacterMesh0.Kane_AnimBP_C_5
	Function /Game/Characters/Kane/Animations/Kane_AnimBP.Kane_AnimBP_C:ExecuteUbergraph_Kane_AnimBP:045E
[2019.10.31-17.42.18:101][506]BlueprintLog: New page: Compile SKnight_Key
[2019.10.31-17.43.20:967][160]BlueprintLog: New page: Compile SKnight_Door
[2019.10.31-17.43.28:762][458]BlueprintLog: New page: Compile SKnight_Door
[2019.10.31-17.43.30:192][488]LogSavePackage: Save=143.06ms
[2019.10.31-17.43.30:193][488]LogSavePackage: Moving '../../../../../GitKrakenRepo/SugarKnight_SaltySour/SKnightPrototype_01/Saved/SKnight_Door4476929E418CB67B3FAC9C81764A72E7.tmp' to '../../../../../GitKrakenRepo/SugarKnight_SaltySour/SKnightPrototype_01/Content/SideScrollerBP/Blueprints/SKnight_Door.uasset'
[2019.10.31-17.43.30:222][488]LogSavePackage: Display: Finished SavePackage ../../../../../GitKrakenRepo/SugarKnight_SaltySour/SKnightPrototype_01/Content/SideScrollerBP/Blueprints/SKnight_Door.uasset
[2019.10.31-17.43.32:909][614]LogSavePackage: Save=210.19ms
[2019.10.31-17.43.32:909][614]LogSavePackage: Moving '../../../../../GitKrakenRepo/SugarKnight_SaltySour/SKnightPrototype_01/Saved/SideScrollerCharacter7FCB8BEF41A646D115367DB350438FE6.tmp' to '../../../../../GitKrakenRepo/SugarKnight_SaltySour/SKnightPrototype_01/Content/SideScrollerBP/Blueprints/SideScrollerCharacter.uasset'
[2019.10.31-17.43.32:928][614]LogSavePackage: Display: Finished SavePackage ../../../../../GitKrakenRepo/SugarKnight_SaltySour/SKnightPrototype_01/Content/SideScrollerBP/Blueprints/SideScrollerCharacter.uasset
[2019.10.31-17.43.34:665][702]LogSavePackage: Save=44.88ms
[2019.10.31-17.43.34:665][702]LogSavePackage: Moving '../../../../../GitKrakenRepo/SugarKnight_SaltySour/SKnightPrototype_01/Saved/SKnight_Key308B39B24F90E586E9F65E9720FD1020.tmp' to '../../../../../GitKrakenRepo/SugarKnight_SaltySour/SKnightPrototype_01/Content/SideScrollerBP/Blueprints/SKnight_Key.uasset'
[2019.10.31-17.43.34:676][702]LogSavePackage: Display: Finished SavePackage ../../../../../GitKrakenRepo/SugarKnight_SaltySour/SKnightPrototype_01/Content/SideScrollerBP/Blueprints/SKnight_Key.uasset
[2019.10.31-17.43.44:753][330]LogTemp: Repeating last play command: New Editor Window (PIE)
[2019.10.31-17.43.44:805][330]LogBlueprintUserMessages: Early PlayInEditor Detection: Level '/Game/SideScrollerBP/Maps/SideScrollerExampleMap.SideScrollerExampleMap:PersistentLevel' has LevelScriptBlueprint '/Game/SideScrollerBP/Maps/SideScrollerExampleMap.SideScrollerExampleMap:PersistentLevel.SideScrollerExampleMap' with GeneratedClass '/Game/SideScrollerBP/Maps/SideScrollerExampleMap.SideScrollerExampleMap_C' with ClassGeneratedBy '/Game/SideScrollerBP/Maps/SideScrollerExampleMap.SideScrollerExampleMap:PersistentLevel.SideScrollerExampleMap'
[2019.10.31-17.43.44:806][330]LogPlayLevel: PlayLevel: No blueprints needed recompiling
[2019.10.31-17.43.44:806][330]PIE: New page: PIE session: SideScrollerExampleMap (Oct 31, 2019, 9:43:44 AM)
[2019.10.31-17.43.44:806][330]LogPlayLevel: Creating play world package: /Game/SideScrollerBP/Maps/UEDPIE_0_SideScrollerExampleMap
[2019.10.31-17.43.44:970][330]LogPlayLevel: PIE: StaticDuplicateObject took: (0.163142s)
[2019.10.31-17.43.44:970][330]LogAIModule: Creating AISystem for world SideScrollerExampleMap
[2019.10.31-17.43.44:971][330]LogPlayLevel: PIE: World Init took: (0.000987s)
[2019.10.31-17.43.44:971][330]LogPlayLevel: PIE: Created PIE world by copying editor world from /Game/SideScrollerBP/Maps/SideScrollerExampleMap.SideScrollerExampleMap to /Game/SideScrollerBP/Maps/UEDPIE_0_SideScrollerExampleMap.SideScrollerExampleMap (0.164565s)
[2019.10.31-17.43.45:101][330]LogInit: XAudio2 using 'Speakers (Realtek High Definition Audio)' : 2 channels at 48 kHz using 32 bits per sample (channel mask 0x3)
[2019.10.31-17.43.45:158][330]LogInit: FAudioDevice initialized.
[2019.10.31-17.43.45:239][330]LogLoad: Game class is 'SideScrollerGameMode_C'
[2019.10.31-17.43.45:245][330]LogScript: Warning: Accessed None trying to read property Kane
	Kane_AnimBP_C /Game/SideScrollerBP/Maps/UEDPIE_0_SideScrollerExampleMap.SideScrollerExampleMap:PersistentLevel.SideScrollerCharacter_78.CharacterMesh0.Kane_AnimBP_C_0
	Function /Game/Characters/Kane/Animations/Kane_AnimBP.Kane_AnimBP_C:ExecuteUbergraph_Kane_AnimBP:045E
[2019.10.31-17.43.45:245][330]PIE: Error: Blueprint Runtime Error: Accessed None trying to read property Kane from function: 'ExecuteUbergraph_Kane_AnimBP' from node: Result in graph: Transition in object: Kane_AnimBP with description: Accessed None trying to read property Kane
[2019.10.31-17.43.45:246][330]LogWorld: Bringing World /Game/SideScrollerBP/Maps/UEDPIE_0_SideScrollerExampleMap.SideScrollerExampleMap up for play (max tick rate 0) at 2019.10.31-13.43.45
[2019.10.31-17.43.45:247][330]LogWorld: Bringing up level for play took: 0.007223
[2019.10.31-17.43.45:257][330]PIE: Play in editor start time for /Game/SideScrollerBP/Maps/UEDPIE_0_SideScrollerExampleMap 0.203
[2019.10.31-17.43.45:274][330]LogBlueprintUserMessages: Late PlayInEditor Detection: Level '/Game/SideScrollerBP/Maps/SideScrollerExampleMap.SideScrollerExampleMap:PersistentLevel' has LevelScriptBlueprint '/Game/SideScrollerBP/Maps/SideScrollerExampleMap.SideScrollerExampleMap:PersistentLevel.SideScrollerExampleMap' with GeneratedClass '/Game/SideScrollerBP/Maps/SideScrollerExampleMap.SideScrollerExampleMap_C' with ClassGeneratedBy '/Game/SideScrollerBP/Maps/SideScrollerExampleMap.SideScrollerExampleMap:PersistentLevel.SideScrollerExampleMap'
[2019.10.31-17.43.46:243][387]LogBlueprintUserMessages: [SKnight_Checkpoint_356] Checkpoint Reached
[2019.10.31-17.43.57:422][161]LogBlueprintUserMessages: Early EndPlayMap Detection: Level '/Game/SideScrollerBP/Maps/SideScrollerExampleMap.SideScrollerExampleMap:PersistentLevel' has LevelScriptBlueprint '/Game/SideScrollerBP/Maps/SideScrollerExampleMap.SideScrollerExampleMap:PersistentLevel.SideScrollerExampleMap' with GeneratedClass '/Game/SideScrollerBP/Maps/SideScrollerExampleMap.SideScrollerExampleMap_C' with ClassGeneratedBy '/Game/SideScrollerBP/Maps/SideScrollerExampleMap.SideScrollerExampleMap:PersistentLevel.SideScrollerExampleMap'
[2019.10.31-17.43.57:511][161]LogBlueprintUserMessages: Late EndPlayMap Detection: Level '/Game/SideScrollerBP/Maps/SideScrollerExampleMap.SideScrollerExampleMap:PersistentLevel' has LevelScriptBlueprint '/Game/SideScrollerBP/Maps/SideScrollerExampleMap.SideScrollerExampleMap:PersistentLevel.SideScrollerExampleMap' with GeneratedClass '/Game/SideScrollerBP/Maps/SideScrollerExampleMap.SideScrollerExampleMap_C' with ClassGeneratedBy '/Game/SideScrollerBP/Maps/SideScrollerExampleMap.SideScrollerExampleMap:PersistentLevel.SideScrollerExampleMap'
[2019.10.31-17.45.14:530][915]LogSavePackage: Save=857.39ms
[2019.10.31-17.45.14:530][915]LogSavePackage: Moving '../../../../../GitKrakenRepo/SugarKnight_SaltySour/SKnightPrototype_01/Saved/SideScrollerExampleMap7CA3A396418423A62DADBE989BC71CFF.tmp' to '../../../../../GitKrakenRepo/SugarKnight_SaltySour/SKnightPrototype_01/Content/SideScrollerBP/Maps/SideScrollerExampleMap.umap'
[2019.10.31-17.45.14:566][915]LogSavePackage: Display: Finished SavePackage ../../../../../GitKrakenRepo/SugarKnight_SaltySour/SKnightPrototype_01/Content/SideScrollerBP/Maps/SideScrollerExampleMap.umap
