Log file open, 10/04/19 10:23:22
LogWindows: Failed to load 'aqProf.dll' (GetLastError=126)
LogWindows: File 'aqProf.dll' does not exist
LogWindows: Failed to load 'VSPerf140.dll' (GetLastError=126)
LogWindows: File 'VSPerf140.dll' does not exist
LogWindows: Failed to load 'VtuneApi.dll' (GetLastError=126)
LogWindows: File 'VtuneApi.dll' does not exist
LogWindows: Failed to load 'VtuneApi32e.dll' (GetLastError=126)
LogWindows: File 'VtuneApi32e.dll' does not exist
LogInit: Display: Running engine for game: SKnightPrototype_01
LogPlatformFile: Not using cached read wrapper
LogInit: Display: RandInit(-348203307) SRandInit(-348203307).
LogInit: Read version file with build ID '3709383'
LogInit: Overriding engine version to CL 3832480, compatible CL 3709383
LogInit: Registered custom module enumerator with build ID '3709383'
LogTaskGraph: Started task graph with 5 named threads and 14 total threads with 3 sets of task threads.
LogStats: Stats thread started at 9.638063
LogD3D11RHI: Aftermath initialized
LogModuleManager: Display: Found up-to-date module file ../../../Engine/Plugins/2D/Paper2D/Binaries/Win64/UE4Editor-Paper2D.dll (API version 3709383).
LogModuleManager: Display: Found up-to-date module file ../../../Engine/Plugins/2D/Paper2D/Binaries/Win64/UE4Editor-Paper2DEditor.dll (API version 3709383).
LogModuleManager: Display: Found up-to-date module file ../../../Engine/Plugins/2D/Paper2D/Binaries/Win64/UE4Editor-PaperSpriteSheetImporter.dll (API version 3709383).
LogModuleManager: Display: Found up-to-date module file ../../../Engine/Plugins/2D/Paper2D/Binaries/Win64/UE4Editor-PaperTiledImporter.dll (API version 3709383).
LogModuleManager: Display: Found up-to-date module file ../../../Engine/Plugins/2D/Paper2D/Binaries/Win64/UE4Editor-SmartSnapping.dll (API version 3709383).
LogModuleManager: Display: Found up-to-date module file ../../../Engine/Plugins/Blendables/LightPropagationVolume/Binaries/Win64/UE4Editor-LightPropagationVolumeRuntime.dll (API version 3709383).
LogModuleManager: Display: Found up-to-date module file ../../../Engine/Plugins/Blendables/LightPropagationVolume/Binaries/Win64/UE4Editor-LightPropagationVolumeEditor.dll (API version 3709383).
LogModuleManager: Display: Found up-to-date module file ../../../Engine/Plugins/Developer/GitSourceControl/Binaries/Win64/UE4Editor-GitSourceControl.dll (API version 3709383).
LogModuleManager: Display: Found up-to-date module file ../../../Engine/Plugins/Developer/PerforceSourceControl/Binaries/Win64/UE4Editor-PerforceSourceControl.dll (API version 3709383).
LogModuleManager: Display: Found up-to-date module file ../../../Engine/Plugins/Developer/SubversionSourceControl/Binaries/Win64/UE4Editor-SubversionSourceControl.dll (API version 3709383).
LogModuleManager: Display: Found up-to-date module file ../../../Engine/Plugins/Developer/UObjectPlugin/Binaries/Win64/UE4Editor-UObjectPlugin.dll (API version 3709383).
LogModuleManager: Display: Found up-to-date module file ../../../Engine/Plugins/Developer/VisualStudioCodeSourceCodeAccess/Binaries/Win64/UE4Editor-VisualStudioCodeSourceCodeAccess.dll (API version 3709383).
LogModuleManager: Display: Found up-to-date module file ../../../Engine/Plugins/Developer/VisualStudioSourceCodeAccess/Binaries/Win64/UE4Editor-VisualStudioSourceCodeAccess.dll (API version 3709383).
LogModuleManager: Display: Found up-to-date module file ../../../Engine/Plugins/Editor/AssetManagerEditor/Binaries/Win64/UE4Editor-AssetManagerEditor.dll (API version 3709383).
LogModuleManager: Display: Found up-to-date module file ../../../Engine/Plugins/Editor/AudioCapture/Binaries/Win64/UE4Editor-AudioCapture.dll (API version 3709383).
LogModuleManager: Display: Found up-to-date module file ../../../Engine/Plugins/Editor/FacialAnimation/Binaries/Win64/UE4Editor-FacialAnimation.dll (API version 3709383).
LogModuleManager: Display: Found up-to-date module file ../../../Engine/Plugins/Editor/FacialAnimation/Binaries/Win64/UE4Editor-FacialAnimationEditor.dll (API version 3709383).
LogModuleManager: Display: Found up-to-date module file ../../../Engine/Plugins/Editor/GameplayTagsEditor/Binaries/Win64/UE4Editor-GameplayTagsEditor.dll (API version 3709383).
LogModuleManager: Display: Found up-to-date module file ../../../Engine/Plugins/Editor/MobileLauncherProfileWizard/Binaries/Win64/UE4Editor-MobileLauncherProfileWizard.dll (API version 3709383).
LogModuleManager: Display: Found up-to-date module file ../../../Engine/Plugins/Editor/PluginBrowser/Binaries/Win64/UE4Editor-PluginBrowser.dll (API version 3709383).
LogModuleManager: Display: Found up-to-date module file ../../../Engine/Plugins/Editor/SpeedTreeImporter/Binaries/Win64/UE4Editor-SpeedTreeImporter.dll (API version 3709383).
LogModuleManager: Display: Found up-to-date module file ../../../Engine/Plugins/Experimental/AlembicImporter/Binaries/Win64/UE4Editor-AlembicImporter.dll (API version 3709383).
LogModuleManager: Display: Found up-to-date module file ../../../Engine/Plugins/Experimental/AlembicImporter/Binaries/Win64/UE4Editor-AlembicLibrary.dll (API version 3709383).
LogModuleManager: Display: Found up-to-date module file ../../../Engine/Plugins/Experimental/CharacterAI/Binaries/Win64/UE4Editor-CharacterAI.dll (API version 3709383).
LogModuleManager: Display: Found up-to-date module file ../../../Engine/Plugins/Experimental/HTML5Networking/Binaries/Win64/UE4Editor-HTML5Networking.dll (API version 3709383).
LogModuleManager: Display: Found up-to-date module file ../../../Engine/Plugins/Media/AndroidMedia/Binaries/Win64/UE4Editor-AndroidMediaEditor.dll (API version 3709383).
LogModuleManager: Display: Found up-to-date module file ../../../Engine/Plugins/Media/AndroidMedia/Binaries/Win64/UE4Editor-AndroidMediaFactory.dll (API version 3709383).
LogModuleManager: Display: Found up-to-date module file ../../../Engine/Plugins/Media/AvfMedia/Binaries/Win64/UE4Editor-AvfMediaEditor.dll (API version 3709383).
LogModuleManager: Display: Found up-to-date module file ../../../Engine/Plugins/Media/AvfMedia/Binaries/Win64/UE4Editor-AvfMediaFactory.dll (API version 3709383).
LogModuleManager: Display: Found up-to-date module file ../../../Engine/Plugins/Media/AvfMedia/Binaries/Win64/UE4Editor-AvfMediaFactory.dll (API version 3709383).
LogModuleManager: Display: Found up-to-date module file ../../../Engine/Plugins/Media/ImgMedia/Binaries/Win64/UE4Editor-ImgMedia.dll (API version 3709383).
LogModuleManager: Display: Found up-to-date module file ../../../Engine/Plugins/Media/ImgMedia/Binaries/Win64/UE4Editor-ImgMediaEditor.dll (API version 3709383).
LogModuleManager: Display: Found up-to-date module file ../../../Engine/Plugins/Media/ImgMedia/Binaries/Win64/UE4Editor-ImgMediaFactory.dll (API version 3709383).
LogModuleManager: Display: Found up-to-date module file ../../../Engine/Plugins/Media/ImgMedia/Binaries/Win64/UE4Editor-ImgMediaFactory.dll (API version 3709383).
LogModuleManager: Display: Found up-to-date module file ../../../Engine/Plugins/Media/ImgMedia/Binaries/Win64/UE4Editor-OpenExrWrapper.dll (API version 3709383).
LogModuleManager: Display: Found up-to-date module file ../../../Engine/Plugins/Media/MediaCompositing/Binaries/Win64/UE4Editor-MediaCompositing.dll (API version 3709383).
LogModuleManager: Display: Found up-to-date module file ../../../Engine/Plugins/Media/MediaCompositing/Binaries/Win64/UE4Editor-MediaCompositingEditor.dll (API version 3709383).
LogModuleManager: Display: Found up-to-date module file ../../../Engine/Plugins/Media/MediaPlayerEditor/Binaries/Win64/UE4Editor-MediaPlayerEditor.dll (API version 3709383).
LogModuleManager: Display: Found up-to-date module file ../../../Engine/Plugins/Media/WmfMedia/Binaries/Win64/UE4Editor-WmfMedia.dll (API version 3709383).
LogModuleManager: Display: Found up-to-date module file ../../../Engine/Plugins/Media/WmfMedia/Binaries/Win64/UE4Editor-WmfMediaEditor.dll (API version 3709383).
LogModuleManager: Display: Found up-to-date module file ../../../Engine/Plugins/Media/WmfMedia/Binaries/Win64/UE4Editor-WmfMediaFactory.dll (API version 3709383).
LogModuleManager: Display: Found up-to-date module file ../../../Engine/Plugins/Media/WmfMedia/Binaries/Win64/UE4Editor-WmfMediaFactory.dll (API version 3709383).
LogModuleManager: Display: Found up-to-date module file ../../../Engine/Plugins/Messaging/TcpMessaging/Binaries/Win64/UE4Editor-TcpMessaging.dll (API version 3709383).
LogModuleManager: Display: Found up-to-date module file ../../../Engine/Plugins/Messaging/UdpMessaging/Binaries/Win64/UE4Editor-UdpMessaging.dll (API version 3709383).
LogModuleManager: Display: Found up-to-date module file ../../../Engine/Plugins/MovieScene/ActorSequence/Binaries/Win64/UE4Editor-ActorSequence.dll (API version 3709383).
LogModuleManager: Display: Found up-to-date module file ../../../Engine/Plugins/MovieScene/LevelSequenceEditor/Binaries/Win64/UE4Editor-LevelSequenceEditor.dll (API version 3709383).
LogModuleManager: Display: Found up-to-date module file ../../../Engine/Plugins/MovieScene/MatineeToLevelSequence/Binaries/Win64/UE4Editor-MatineeToLevelSequence.dll (API version 3709383).
LogModuleManager: Display: Found up-to-date module file ../../../Engine/Plugins/Online/OnlineSubsystem/Binaries/Win64/UE4Editor-OnlineSubsystem.dll (API version 3709383).
LogModuleManager: Display: Found up-to-date module file ../../../Engine/Plugins/Runtime/AndroidPermission/Binaries/Win64/UE4Editor-AndroidPermission.dll (API version 3709383).
LogModuleManager: Display: Found up-to-date module file ../../../Engine/Plugins/Online/OnlineSubsystemNull/Binaries/Win64/UE4Editor-OnlineSubsystemNull.dll (API version 3709383).
LogModuleManager: Display: Found up-to-date module file ../../../Engine/Plugins/Online/OnlineSubsystemUtils/Binaries/Win64/UE4Editor-OnlineSubsystemUtils.dll (API version 3709383).
LogModuleManager: Display: Found up-to-date module file ../../../Engine/Plugins/Online/OnlineSubsystemUtils/Binaries/Win64/UE4Editor-OnlineBlueprintSupport.dll (API version 3709383).
LogModuleManager: Display: Found up-to-date module file ../../../Engine/Plugins/Runtime/AndroidDeviceProfileSelector/Binaries/Win64/UE4Editor-AndroidDeviceProfileSelector.dll (API version 3709383).
LogModuleManager: Display: Found up-to-date module file ../../../Engine/Plugins/Runtime/AppleARKit/Binaries/Win64/UE4Editor-AppleARKit.dll (API version 3709383).
LogModuleManager: Display: Found up-to-date module file ../../../Engine/Plugins/Runtime/ArchVisCharacter/Binaries/Win64/UE4Editor-ArchVisCharacter.dll (API version 3709383).
LogModuleManager: Display: Found up-to-date module file ../../../Engine/Plugins/Runtime/CableComponent/Binaries/Win64/UE4Editor-CableComponent.dll (API version 3709383).
LogModuleManager: Display: Found up-to-date module file ../../../Engine/Plugins/Runtime/CustomMeshComponent/Binaries/Win64/UE4Editor-CustomMeshComponent.dll (API version 3709383).
LogModuleManager: Display: Found up-to-date module file ../../../Engine/Plugins/Runtime/ExampleDeviceProfileSelector/Binaries/Win64/UE4Editor-ExampleDeviceProfileSelector.dll (API version 3709383).
LogModuleManager: Display: Found up-to-date module file ../../../Engine/Plugins/Runtime/ImmediatePhysics/Binaries/Win64/UE4Editor-ImmediatePhysics.dll (API version 3709383).
LogModuleManager: Display: Found up-to-date module file ../../../Engine/Plugins/Runtime/ImmediatePhysics/Binaries/Win64/UE4Editor-ImmediatePhysicsEditor.dll (API version 3709383).
LogModuleManager: Display: Found up-to-date module file ../../../Engine/Plugins/Runtime/LocationServicesBPLibrary/Binaries/Win64/UE4Editor-LocationServicesBPLibrary.dll (API version 3709383).
LogModuleManager: Display: Found up-to-date module file ../../../Engine/Plugins/Runtime/MobilePatchingUtils/Binaries/Win64/UE4Editor-MobilePatchingUtils.dll (API version 3709383).
LogModuleManager: Display: Found up-to-date module file ../../../Engine/Plugins/Runtime/Oculus/OculusVR/Binaries/Win64/UE4Editor-OculusHMD.dll (API version 3709383).
LogModuleManager: Display: Found up-to-date module file ../../../Engine/Plugins/Runtime/Oculus/OculusVR/Binaries/Win64/UE4Editor-OculusInput.dll (API version 3709383).
LogModuleManager: Display: Found up-to-date module file ../../../Engine/Plugins/Runtime/Oculus/OculusVR/Binaries/Win64/UE4Editor-OculusEditor.dll (API version 3709383).
LogModuleManager: Display: Found up-to-date module file ../../../Engine/Plugins/Runtime/PhysXVehicles/Binaries/Win64/UE4Editor-PhysXVehicles.dll (API version 3709383).
LogModuleManager: Display: Found up-to-date module file ../../../Engine/Plugins/Runtime/PhysXVehicles/Binaries/Win64/UE4Editor-PhysXVehiclesEditor.dll (API version 3709383).
LogModuleManager: Display: Found up-to-date module file ../../../Engine/Plugins/Runtime/ProceduralMeshComponent/Binaries/Win64/UE4Editor-ProceduralMeshComponent.dll (API version 3709383).
LogModuleManager: Display: Found up-to-date module file ../../../Engine/Plugins/Runtime/ProceduralMeshComponent/Binaries/Win64/UE4Editor-ProceduralMeshComponentEditor.dll (API version 3709383).
LogModuleManager: Display: Found up-to-date module file ../../../Engine/Plugins/Runtime/RuntimePhysXCooking/Binaries/Win64/UE4Editor-RuntimePhysXCooking.dll (API version 3709383).
LogModuleManager: Display: Found up-to-date module file ../../../Engine/Plugins/Runtime/Steam/SteamVR/Binaries/Win64/UE4Editor-SteamVR.dll (API version 3709383).
LogModuleManager: Display: Found up-to-date module file ../../../Engine/Plugins/Runtime/Steam/SteamVR/Binaries/Win64/UE4Editor-SteamVRController.dll (API version 3709383).
LogModuleManager: Display: Found up-to-date module file ../../../Engine/Plugins/Runtime/WindowsMoviePlayer/Binaries/Win64/UE4Editor-WindowsMoviePlayer.dll (API version 3709383).
LogPluginManager: Mounting plugin Paper2D
LogPluginManager: Mounting plugin LightPropagationVolume
LogPluginManager: Mounting plugin CodeLiteSourceCodeAccess
LogPluginManager: Mounting plugin GitSourceControl
LogPluginManager: Mounting plugin KDevelopSourceCodeAccess
LogPluginManager: Mounting plugin NullSourceCodeAccess
LogPluginManager: Mounting plugin PerforceSourceControl
LogPluginManager: Mounting plugin SubversionSourceControl
LogPluginManager: Mounting plugin UObjectPlugin
LogPluginManager: Mounting plugin VisualStudioCodeSourceCodeAccess
LogPluginManager: Mounting plugin VisualStudioSourceCodeAccess
LogPluginManager: Mounting plugin XCodeSourceCodeAccess
LogPluginManager: Mounting plugin AssetManagerEditor
LogPluginManager: Mounting plugin AudioCapture
LogPluginManager: Mounting plugin FacialAnimation
LogPluginManager: Mounting plugin GameplayTagsEditor
LogPluginManager: Mounting plugin MobileLauncherProfileWizard
LogPluginManager: Mounting plugin PluginBrowser
LogPluginManager: Mounting plugin SpeedTreeImporter
LogPluginManager: Mounting plugin AlembicImporter
LogPluginManager: Mounting plugin CharacterAI
LogPluginManager: Mounting plugin HTML5Networking
LogPluginManager: Mounting plugin AndroidMedia
LogPluginManager: Mounting plugin AvfMedia
LogPluginManager: Mounting plugin ImgMedia
LogPluginManager: Mounting plugin MediaCompositing
LogPluginManager: Mounting plugin MediaPlayerEditor
LogPluginManager: Mounting plugin WmfMedia
LogPluginManager: Mounting plugin TcpMessaging
LogPluginManager: Mounting plugin UdpMessaging
LogPluginManager: Mounting plugin ActorSequence
LogPluginManager: Mounting plugin LevelSequenceEditor
LogPluginManager: Mounting plugin MatineeToLevelSequence
LogPluginManager: Mounting plugin OnlineSubsystemGooglePlay
LogPluginManager: Mounting plugin OnlineSubsystemIOS
LogPluginManager: Mounting plugin OnlineSubsystem
LogPluginManager: Mounting plugin OnlineSubsystemNull
LogPluginManager: Mounting plugin OnlineSubsystemUtils
LogPluginManager: Mounting plugin AndroidDeviceProfileSelector
LogPluginManager: Mounting plugin AndroidMoviePlayer
LogPluginManager: Mounting plugin AndroidPermission
LogPluginManager: Mounting plugin AppleARKit
LogPluginManager: Mounting plugin AppleMoviePlayer
LogPluginManager: Mounting plugin ArchVisCharacter
LogPluginManager: Mounting plugin CableComponent
LogPluginManager: Mounting plugin CustomMeshComponent
LogPluginManager: Mounting plugin ExampleDeviceProfileSelector
LogPluginManager: Mounting plugin GoogleCloudMessaging
LogPluginManager: Mounting plugin ImmediatePhysics
LogPluginManager: Mounting plugin IOSDeviceProfileSelector
LogPluginManager: Mounting plugin LinuxDeviceProfileSelector
LogPluginManager: Mounting plugin LocationServicesBPLibrary
LogPluginManager: Mounting plugin MobilePatchingUtils
LogPluginManager: Mounting plugin OculusVR
LogPluginManager: Plugin shader directory ../../../Engine/Plugins/Runtime/Oculus/OculusVR/Shaders found
LogPluginManager: Mapping shader source directory ../../../Engine/Plugins/Runtime/Oculus/OculusVR/Shaders to virtual directory /Plugin/OculusVR
LogPluginManager: Mounting plugin PhysXVehicles
LogPluginManager: Mounting plugin ProceduralMeshComponent
LogPluginManager: Mounting plugin RuntimePhysXCooking
LogPluginManager: Mounting plugin SteamVR
LogPluginManager: Mounting plugin WindowsMoviePlayer
LogInit: Using libcurl 7.47.1
LogInit:  - built for x86_64-pc-win32
LogInit:  - supports SSL with OpenSSL/1.0.2g
LogInit:  - supports HTTP deflate (compression) using libz 1.2.8
LogInit:  - other features:
LogInit:      CURL_VERSION_SSL
LogInit:      CURL_VERSION_LIBZ
LogInit:      CURL_VERSION_IPV6
LogInit:      CURL_VERSION_ASYNCHDNS
LogInit:      CURL_VERSION_LARGEFILE
LogInit:      CURL_VERSION_IDN
LogInit:  CurlRequestOptions (configurable via config and command line):
LogInit:  - bVerifyPeer = false  - Libcurl will NOT verify peer certificate
LogInit:  - bUseHttpProxy = false  - Libcurl will NOT use HTTP proxy
LogInit:  - bDontReuseConnections = false  - Libcurl will reuse connections
LogInit:  - CertBundlePath = nullptr  - Libcurl will use whatever was configured at build time.
LogInit: Build: ++UE4+Release-4.18-CL-3832480
LogInit: Engine Version: 4.18.3-3832480+++UE4+Release-4.18
LogInit: Compatible Engine Version: 4.18.0-3709383+++UE4+Release-4.18
LogInit: Net CL: 3709383
LogDevObjectVersion: Number of dev versions registered: 16
LogDevObjectVersion:   Dev-Blueprints (B0D832E4-1F89-4F0D-ACCF-7EB736FD4AA2): 10
LogDevObjectVersion:   Dev-Build (E1C64328-A22C-4D53-A36C-8E866417BD8C): 0
LogDevObjectVersion:   Dev-Core (375EC13C-06E4-48FB-B500-84F0262A717E): 2
LogDevObjectVersion:   Dev-Editor (E4B068ED-F494-42E9-A231-DA0B2E46BB41): 20
LogDevObjectVersion:   Dev-Framework (CFFC743F-43B0-4480-9391-14DF171D2073): 30
LogDevObjectVersion:   Dev-Mobile (B02B49B5-BB20-44E9-A304-32B752E40360): 0
LogDevObjectVersion:   Dev-Networking (A4E4105C-59A1-49B5-A7C5-40C4547EDFEE): 0
LogDevObjectVersion:   Dev-Online (39C831C9-5AE6-47DC-9A44-9C173E1C8E7C): 0
LogDevObjectVersion:   Dev-Physics (78F01B33-EBEA-4F98-B9B4-84EACCB95AA2): 0
LogDevObjectVersion:   Dev-Platform (6631380F-2D4D-43E0-8009-CF276956A95A): 0
LogDevObjectVersion:   Dev-Rendering (12F88B9F-8875-4AFC-A67C-D90C383ABD29): 20
LogDevObjectVersion:   Dev-Sequencer (7B5AE74C-D270-4C10-A958-57980B212A5A): 4
LogDevObjectVersion:   Dev-VR (D7296918-1DD6-4BDD-9DE2-64A83CC13884): 0
LogDevObjectVersion:   Dev-LoadTimes (C2A15278-BFE7-4AFE-6C17-90FF531DF755): 1
LogDevObjectVersion:   Private-Geometry (6EACA3D4-40EC-4CC1-B786-8BED09428FC5): 1
LogDevObjectVersion:   Dev-AnimPhys (29E575DD-E0A3-4627-9D10-D276232CDCEA): 12
LogInit: Compiled (64-bit): Jan 12 2018 02:04:55
LogInit: Compiled with Visual C++: 19.00.24215.01
LogInit: Build Configuration: Development
LogInit: Branch Name: ++UE4+Release-4.18
LogInit: Command line: 
LogInit: Base directory: D:/Program Files (x86)/UE_4.18/Engine/Binaries/Win64/
LogInit: Installed Engine Build: 1
LogInit: Presizing for max 8388607 objects, including 0 objects not considered by GC, pre-allocating 0 bytes for permanent pool.
LogInit: Object subsystem initialized
[2019.10.04-14.23.31:402][  0]LogInit: Selected Device Profile: [Windows]
[2019.10.04-14.23.31:402][  0]LogInit: Applying CVar settings loaded from the selected device profile: [Windows]
[2019.10.04-14.23.31:493][  0]LogInit: Computer: DESKTOP-EEGEEHC
[2019.10.04-14.23.31:493][  0]LogInit: User: ChristopherP
[2019.10.04-14.23.31:493][  0]LogInit: CPU Page size=4096, Cores=4
[2019.10.04-14.23.31:493][  0]LogInit: High frequency timer resolution =10.000000 MHz
[2019.10.04-14.23.31:493][  0]LogMemory: Memory total: Physical=7.9GB (8GB approx)
[2019.10.04-14.23.31:493][  0]LogMemory: Platform Memory Stats for Windows
[2019.10.04-14.23.31:493][  0]LogMemory: Process Physical Memory: 273.41 MB used, 273.41 MB peak
[2019.10.04-14.23.31:493][  0]LogMemory: Process Virtual Memory: 271.75 MB used, 271.75 MB peak
[2019.10.04-14.23.31:493][  0]LogMemory: Physical Memory: 6195.07 MB used,  1936.80 MB free, 8131.87 MB total
[2019.10.04-14.23.31:493][  0]LogMemory: Virtual Memory: 4750.16 MB used,  1936.80 MB free, 134217728.00 MB total
[2019.10.04-14.23.33:468][  0]LogInit: Using OS detected language (en-US).
[2019.10.04-14.23.33:468][  0]LogInit: Using OS detected locale (en-US).
[2019.10.04-14.23.33:596][  0]LogTextLocalizationManager: No specific localization for 'en-US' exists, so the 'en' localization will be used.
[2019.10.04-14.23.34:569][  0]LogInit: Setting process to per monitor DPI aware
[2019.10.04-14.23.36:883][  0]LogD3D11RHI: D3D11 adapters:
[2019.10.04-14.23.37:113][  0]LogD3D11RHI:    0. 'NVIDIA GeForce GTX 1070' (Feature Level 11_0)
[2019.10.04-14.23.37:113][  0]LogD3D11RHI:       8088/0/4065 MB DedicatedVideo/DedicatedSystem/SharedSystem, Outputs:2, VendorId:0x10de
[2019.10.04-14.23.37:121][  0]LogD3D11RHI:    1. 'Microsoft Basic Render Driver' (Feature Level 11_0)
[2019.10.04-14.23.37:121][  0]LogD3D11RHI:       0/0/4065 MB DedicatedVideo/DedicatedSystem/SharedSystem, Outputs:0, VendorId:0x1414
[2019.10.04-14.23.37:121][  0]LogD3D11RHI: Chosen D3D11 Adapter: 0
[2019.10.04-14.23.37:132][  0]LogD3D11RHI: Creating new Direct3DDevice
[2019.10.04-14.23.37:151][  0]LogD3D11RHI:     GPU DeviceId: 0x1b81 (for the marketing name, search the web for "GPU Device Id")
[2019.10.04-14.23.37:151][  0]LogWindows: EnumDisplayDevices:
[2019.10.04-14.23.37:152][  0]LogWindows:    0. 'NVIDIA GeForce GTX 1070' (P:1 D:1)
[2019.10.04-14.23.37:152][  0]LogWindows:    1. 'NVIDIA GeForce GTX 1070' (P:0 D:1)
[2019.10.04-14.23.37:152][  0]LogWindows:    2. 'NVIDIA GeForce GTX 1070' (P:0 D:0)
[2019.10.04-14.23.37:153][  0]LogWindows:    3. 'NVIDIA GeForce GTX 1070' (P:0 D:0)
[2019.10.04-14.23.37:153][  0]LogWindows: DebugString: GetVideoDriverDetailsInvalid PrimaryIsNotTheChoosenAdapter GetVideoDriverDetailsInvalid PrimaryIsNotTheChoosenAdapter GetVideoDriverDetailsInvalid PrimaryIsNotTheChoosenAdapter GetVideoDriverDetailsInvalid PrimaryIsNotTheChoosenAdapter FoundDriverCount:0 
[2019.10.04-14.23.37:153][  0]LogD3D11RHI:     Adapter Name: NVIDIA GeForce GTX 1070
[2019.10.04-14.23.37:153][  0]LogD3D11RHI:   Driver Version: Unknown (internal:Unknown, unified:Unknown)
[2019.10.04-14.23.37:153][  0]LogD3D11RHI:      Driver Date: Unknown
[2019.10.04-14.23.37:153][  0]LogRHI: Texture pool is 5661 MB (70% of 8088 MB)
[2019.10.04-14.23.37:206][  0]LogD3D11RHI: Async texture creation enabled
[2019.10.04-14.23.37:246][  0]LogD3D11RHI: GPU Timing Frequency: 1000.000000 (Debug: 2 1)
[2019.10.04-14.23.37:301][  0]LogShaderCompilers: Guid format shader working directory is -18 characters bigger than the processId version (../../../../../GitKrakenRepo/SugarKnight_SaltySour/SKnightPrototype_01/Intermediate/Shaders/WorkingDirectory/10712/).
[2019.10.04-14.23.37:301][  0]LogShaderCompilers: Cleaned the shader compiler working directory 'C:/Users/ChristopherP/AppData/Local/Temp/UnrealShaderWorkingDir/D65F30724ABF9F01382F3C9CACEBD811/'.
[2019.10.04-14.23.37:301][  0]LogShaderCompilers: Display: Using Local Shader Compiler.
[2019.10.04-14.23.41:131][  0]LogTemp: Display: Loaded TP AllDesktopTargetPlatform
[2019.10.04-14.23.41:441][  0]LogTemp: Display: Loaded TP MacClientTargetPlatform
[2019.10.04-14.23.41:728][  0]LogTemp: Display: Loaded TP MacNoEditorTargetPlatform
[2019.10.04-14.23.42:021][  0]LogTemp: Display: Loaded TP MacServerTargetPlatform
[2019.10.04-14.23.42:355][  0]LogTemp: Display: Loaded TP MacTargetPlatform
[2019.10.04-14.23.42:700][  0]LogTemp: Display: Loaded TP WindowsClientTargetPlatform
[2019.10.04-14.23.43:023][  0]LogTemp: Display: Loaded TP WindowsNoEditorTargetPlatform
[2019.10.04-14.23.43:520][  0]LogTemp: Display: Loaded TP WindowsServerTargetPlatform
[2019.10.04-14.23.43:956][  0]LogTemp: Display: Loaded TP WindowsTargetPlatform
[2019.10.04-14.23.44:285][  0]LogTemp: Display: Loaded TP Android_ASTCTargetPlatform
[2019.10.04-14.23.44:646][  0]LogTemp: Display: Loaded TP Android_ATCTargetPlatform
[2019.10.04-14.23.44:980][  0]LogTemp: Display: Loaded TP Android_DXTTargetPlatform
[2019.10.04-14.23.45:303][  0]LogTemp: Display: Loaded TP Android_ETC1TargetPlatform
[2019.10.04-14.23.45:617][  0]LogTemp: Display: Loaded TP Android_ETC2TargetPlatform
[2019.10.04-14.23.46:247][  0]LogTemp: Display: Loaded TP Android_MultiTargetPlatform
[2019.10.04-14.23.46:247][  0]LogTemp: Display: Loaded TP Android_PVRTCTargetPlatform
[2019.10.04-14.23.46:695][  0]LogTemp: Display: Loaded TP AndroidTargetPlatform
[2019.10.04-14.23.47:069][  0]LogTemp: Display: Loaded TP HTML5TargetPlatform
[2019.10.04-14.23.47:625][  0]LogTemp: Display: Loaded TP IOSTargetPlatform
[2019.10.04-14.23.47:777][  0]LogTemp: Display: Loaded TP TVOSTargetPlatform
[2019.10.04-14.23.48:116][  0]LogTemp: Display: Loaded TP LinuxClientTargetPlatform
[2019.10.04-14.23.48:449][  0]LogTemp: Display: Loaded TP LinuxNoEditorTargetPlatform
[2019.10.04-14.23.48:759][  0]LogTemp: Display: Loaded TP LinuxServerTargetPlatform
[2019.10.04-14.23.49:098][  0]LogTemp: Display: Loaded TP LinuxTargetPlatform
[2019.10.04-14.23.49:098][  0]LogTargetPlatformManager: Display: Building Assets For Windows
[2019.10.04-14.23.53:257][  0]LogDerivedDataCache: Display: Max Cache Size: 512 MB
[2019.10.04-14.23.54:205][  0]LogDerivedDataCache: Loaded boot cache 0.94s 78MB C:/Users/ChristopherP/AppData/Local/UnrealEngine/4.18/DerivedDataCache/Boot.ddc.
[2019.10.04-14.23.54:205][  0]LogDerivedDataCache: Display: Loaded Boot cache: C:/Users/ChristopherP/AppData/Local/UnrealEngine/4.18/DerivedDataCache/Boot.ddc
[2019.10.04-14.23.54:205][  0]LogDerivedDataCache: FDerivedDataBackendGraph:  Pak pak cache file ../../../../../GitKrakenRepo/SugarKnight_SaltySour/SKnightPrototype_01/DerivedDataCache/DDC.ddp not found, will not use a pak cache.
[2019.10.04-14.23.54:205][  0]LogDerivedDataCache: Unable to find inner node Pak for hierarchical cache Hierarchy.
[2019.10.04-14.23.54:205][  0]LogDerivedDataCache: FDerivedDataBackendGraph:  CompressedPak pak cache file ../../../../../GitKrakenRepo/SugarKnight_SaltySour/SKnightPrototype_01/DerivedDataCache/Compressed.ddp not found, will not use a pak cache.
[2019.10.04-14.23.54:205][  0]LogDerivedDataCache: Unable to find inner node CompressedPak for hierarchical cache Hierarchy.
[2019.10.04-14.23.54:375][  0]LogDerivedDataCache: Display: Pak cache opened for reading ../../../Engine/DerivedDataCache/Compressed.ddp.
[2019.10.04-14.23.54:389][  0]LogDerivedDataCache: Using Local data cache path C:/Users/ChristopherP/AppData/Local/UnrealEngine/Common/DerivedDataCache: Writable
[2019.10.04-14.23.54:420][  0]LogMaterial: Verifying Global Shaders for PCD3D_SM5
[2019.10.04-14.23.54:421][  0]LogSlate: Using Freetype 2.6.0
[2019.10.04-14.23.54:504][  0]LogSlate: SlateFontCache - WITH_FREETYPE: 1, WITH_HARFBUZZ: 1
[2019.10.04-14.23.54:505][  0]LogSlate: SlateFontCache - WITH_FREETYPE: 1, WITH_HARFBUZZ: 1
[2019.10.04-14.24.08:364][  0]LogInit: Selected Device Profile: [Windows]
[2019.10.04-14.24.10:840][  0]LogSimplygon: Simplygon DLL not present - disabling.
[2019.10.04-14.24.11:170][  0]LogMeshReduction: Using SimplygonSwarm for distributed automatic mesh merging
[2019.10.04-14.24.11:170][  0]LogMeshReduction: Using QuadricMeshReduction for automatic static mesh reduction
[2019.10.04-14.24.11:170][  0]LogMeshReduction: No automatic skeletal mesh reduction module available
[2019.10.04-14.24.11:170][  0]LogMeshReduction: No automatic mesh merging module available
[2019.10.04-14.24.11:170][  0]LogMeshMerging: No automatic mesh merging module available
[2019.10.04-14.24.11:306][  0]LogNetVersion: SKnightPrototype_01 , NetCL: 3709383, EngineNetVer: 2, GameNetVer: 0 (Checksum: 431312611)
[2019.10.04-14.24.12:403][  0]LogAssetRegistry: FAssetRegistry took 0.0446 seconds to start up
[2019.10.04-14.24.18:277][  0]LogPackageLocalizationCache: Processed 7 localized package path(s) for 2 prioritized culture(s) in 0.154270 seconds
[2019.10.04-14.24.18:283][  0]LogUObjectArray: 35870 objects as part of root set at end of initial load.
[2019.10.04-14.24.18:283][  0]LogUObjectAllocator: 7363696 out of 0 bytes used by permanent object pool.
[2019.10.04-14.24.18:283][  0]LogUObjectArray: CloseDisregardForGC: 0/0 objects in disregard for GC pool
[2019.10.04-14.24.18:727][  0]LogInit: WinSock: version 1.1 (2.2), MaxSocks=32767, MaxUdp=65467
[2019.10.04-14.24.44:957][  0]LogTcpMessaging: Initializing TcpMessaging bridge
[2019.10.04-14.24.45:214][  0]LogUdpMessaging: Initializing bridge on interface 0.0.0.0:0 to multicast group 230.0.0.1:6666.
[2019.10.04-14.24.50:339][  0]LogMaterial: Uniform references updated for custom material expression Custom.
[2019.10.04-14.24.53:115][  0]SourceControl: Source control is disabled
[2019.10.04-14.24.53:115][  0]SourceControl: Source control is disabled
[2019.10.04-14.24.53:541][  0]SourceControl: Source control is disabled
[2019.10.04-14.24.53:912][  0]SourceControl: Source control is disabled
[2019.10.04-14.25.00:082][  0]LogAndroidPermission: UAndroidPermissionCallbackProxy::GetInstance
[2019.10.04-14.25.01:866][  0]LogOcInput: OculusInput pre-init called
[2019.10.04-14.25.04:008][  0]LogEngine: Initializing Engine...
[2019.10.04-14.25.04:023][  0]LogHMD: Failed to initialize OpenVR with code 110
[2019.10.04-14.25.05:034][  0]LogStats: UGameplayTagsManager::ConstructGameplayTagTree: Construct from data asset -  0.000 s
[2019.10.04-14.25.05:058][  0]LogStats: UGameplayTagsManager::ConstructGameplayTagTree: GameplayTagTreeChangedEvent.Broadcast -  0.000 s
[2019.10.04-14.25.06:042][  0]LogAIModule: Creating AISystem for world Untitled
[2019.10.04-14.25.06:250][  0]LogInit: XAudio2 using 'Speakers (Realtek High Definition Audio)' : 2 channels at 48 kHz using 32 bits per sample (channel mask 0x3)
[2019.10.04-14.25.06:351][  0]LogInit: FAudioDevice initialized.
[2019.10.04-14.25.06:519][  0]LogDerivedDataCache: Saved boot cache 0.17s 78MB C:/Users/ChristopherP/AppData/Local/UnrealEngine/4.18/DerivedDataCache/Boot.ddc.
[2019.10.04-14.25.06:540][  0]LogInit: Texture streaming: Enabled
[2019.10.04-14.25.07:697][  0]LogEngineSessionManager: EngineSessionManager initialized
[2019.10.04-14.25.08:617][  0]LogInit: Transaction tracking system initialized
[2019.10.04-14.25.10:915][  0]BlueprintLog: New page: Editor Load
[2019.10.04-14.25.18:146][  0]LocalizationService: Localization service is disabled
[2019.10.04-14.25.24:146][  0]LogConsoleResponse: Display: 
[2019.10.04-14.25.28:558][  0]LogFileCache: Scanning file cache for directory 'D:/GitKrakenRepo/SugarKnight_SaltySour/SKnightPrototype_01/Content/' took 0.11s
[2019.10.04-14.25.28:559][  0]LogCook: Display: Max memory allowance for cook 16384mb min free memory 0mb
[2019.10.04-14.25.28:559][  0]LogCook: Display: Mobile HDR setting 1
[2019.10.04-14.25.28:559][  0]LogGameplayTags: Display: UGameplayTagsManager::DoneAddingNativeTags. DelegateIsBound: 0
[2019.10.04-14.25.38:116][  0]SourceControl: Source control is disabled
[2019.10.04-14.25.38:116][  0]Cmd: MAP LOAD FILE="../../../../../GitKrakenRepo/SugarKnight_SaltySour/SKnightPrototype_01/Content/SideScrollerBP/Maps/SideScrollerExampleMap.umap" TEMPLATE=0 SHOWPROGRESS=1 FEATURELEVEL=3
[2019.10.04-14.25.38:117][  0]LightingResults: New page: Lighting Build
[2019.10.04-14.25.38:409][  0]MapCheck: New page: Map Check
[2019.10.04-14.25.38:409][  0]LightingResults: New page: Lighting Build
[2019.10.04-14.25.42:773][  0]LogAIModule: Creating AISystem for world SideScrollerExampleMap
[2019.10.04-14.25.43:178][  0]LogEditorServer: Finished looking for orphan Actors (0.000 secs)
[2019.10.04-14.25.43:278][  0]Cmd: MAP CHECKDEP NOCLEARLOG
[2019.10.04-14.25.43:492][  0]MapCheck: Map check complete: 0 Error(s), 0 Warning(s), took 213.156ms to complete.
[2019.10.04-14.25.43:492][  0]LogFileHelpers: Loading map 'SideScrollerExampleMap' took 5.376
[2019.10.04-14.25.44:637][  0]LogCollectionManager: Loaded 0 collections in 0.018787 seconds
[2019.10.04-14.25.45:117][  0]LogFileCache: Scanning file cache for directory 'D:/GitKrakenRepo/SugarKnight_SaltySour/SKnightPrototype_01/Saved/Collections/' took 0.01s
[2019.10.04-14.25.45:117][  0]LogFileCache: Scanning file cache for directory 'D:/GitKrakenRepo/SugarKnight_SaltySour/SKnightPrototype_01/Content/Developers/ChristopherP/Collections/' took 0.01s
[2019.10.04-14.25.45:117][  0]LogFileCache: Scanning file cache for directory 'D:/GitKrakenRepo/SugarKnight_SaltySour/SKnightPrototype_01/Content/Collections/' took 0.01s
[2019.10.04-14.25.45:117][  0]LogCollectionManager: Rebuilt the GUID cache for 0 collections in 0.000000 seconds
[2019.10.04-14.25.45:129][  0]LogContentBrowser: Native class hierarchy populated in 0.0098 seconds. Added 2363 classes and 519 folders.
[2019.10.04-14.25.45:748][  0]LogContentBrowser: Native class hierarchy updated for 'WidgetCarousel' in 0.0004 seconds. Added 0 classes and 0 folders.
[2019.10.04-14.25.46:982][  0]LogContentBrowser: Native class hierarchy updated for 'AddContentDialog' in 0.0005 seconds. Added 0 classes and 0 folders.
[2019.10.04-14.25.47:346][  0]LogContentBrowser: Native class hierarchy updated for 'SceneOutliner' in 0.0004 seconds. Added 1 classes and 2 folders.
[2019.10.04-14.25.47:915][  0]LogSlate: Took 0.016255 seconds to synchronously load lazily loaded font '../../../Engine/Content/Slate/Fonts/Roboto-Regular.ttf' (155K)
[2019.10.04-14.25.47:934][  0]LogSlate: Took 0.011399 seconds to synchronously load lazily loaded font '../../../Engine/Content/Slate/Fonts/Roboto-Bold.ttf' (160K)
[2019.10.04-14.25.47:991][  0]LogSlate: Took 0.011948 seconds to synchronously load lazily loaded font '../../../Engine/Content/Editor/Slate/Fonts/FontAwesome.ttf' (139K)
[2019.10.04-14.25.48:622][  0]LogRenderer: Reallocating scene render targets to support 1028x584 Format 10 NumSamples 1 (Frame:1).
[2019.10.04-14.25.49:718][  0]LogContentBrowser: Native class hierarchy updated for 'HierarchicalLODOutliner' in 0.0005 seconds. Added 1 classes and 2 folders.
[2019.10.04-14.25.49:718][  0]LogLoad: (Engine Initialization) Total time: 192.85 seconds
[2019.10.04-14.25.49:718][  0]LogLoad: (Engine Initialization) Total Blueprint compile time: 0.00 seconds
[2019.10.04-14.25.49:749][  0]LogExternalProfiler: No external profilers were discovered.  External profiling features will not be available.
[2019.10.04-14.25.50:472][  0]LogContentStreaming: Texture pool size now 1000 MB
[2019.10.04-14.25.51:097][  1]LogSlate: Took 0.017649 seconds to synchronously load lazily loaded font '../../../Engine/Content/Slate/Fonts/Roboto-Light.ttf' (159K)
[2019.10.04-14.25.51:532][  3]LogAssetRegistry: Asset discovery search completed in 99.1511 seconds
[2019.10.04-14.25.51:549][  3]LogCollectionManager: Rebuilt the object cache for 0 collections in 0.000000 seconds (found 0 objects)
[2019.10.04-14.25.51:549][  3]LogCollectionManager: Fixed up redirectors for 0 collections in 0.000102 seconds (updated 0 objects)
[2019.10.04-14.26.05:991][ 47]LogSlate: Took 0.000398 seconds to synchronously load lazily loaded font '../../../Engine/Content/Slate/Fonts/Roboto-Light.ttf' (159K)
[2019.10.04-14.26.06:684][ 47]LogSlate: Took 0.000332 seconds to synchronously load lazily loaded font '../../../Engine/Content/Slate/Fonts/Roboto-Regular.ttf' (155K)
[2019.10.04-14.26.07:187][ 47]LogContentBrowser: Native class hierarchy updated for 'BlueprintGraph' in 0.0007 seconds. Added 116 classes and 0 folders.
[2019.10.04-14.26.09:231][ 47]LogSlate: Took 0.019613 seconds to synchronously load lazily loaded font '../../../Engine/Content/Editor/Slate/Fonts/Roboto-BoldCondensed.ttf' (158K)
[2019.10.04-14.26.10:043][ 48]LogSlate: Took 0.010795 seconds to synchronously load lazily loaded font '../../../Engine/Content/Editor/Slate/Fonts/Roboto-Italic.ttf' (157K)
[2019.10.04-14.29.30:840][990]LogBlueprintUserMessages: Early PlayInEditor Detection: Level '/Game/SideScrollerBP/Maps/SideScrollerExampleMap.SideScrollerExampleMap:PersistentLevel' has LevelScriptBlueprint '/Game/SideScrollerBP/Maps/SideScrollerExampleMap.SideScrollerExampleMap:PersistentLevel.SideScrollerExampleMap' with GeneratedClass '/Game/SideScrollerBP/Maps/SideScrollerExampleMap.SideScrollerExampleMap_C' with ClassGeneratedBy '/Game/SideScrollerBP/Maps/SideScrollerExampleMap.SideScrollerExampleMap:PersistentLevel.SideScrollerExampleMap'
[2019.10.04-14.29.30:871][990]LogPlayLevel: PlayLevel: No blueprints needed recompiling
[2019.10.04-14.29.30:970][990]PIE: New page: PIE session: SideScrollerExampleMap (Oct 4, 2019, 6:29:30 AM)
[2019.10.04-14.29.30:981][990]LogPlayLevel: Creating play world package: /Game/SideScrollerBP/Maps/UEDPIE_0_SideScrollerExampleMap
[2019.10.04-14.29.31:148][990]LogPlayLevel: PIE: StaticDuplicateObject took: (0.165993s)
[2019.10.04-14.29.31:149][990]LogAIModule: Creating AISystem for world SideScrollerExampleMap
[2019.10.04-14.29.31:159][990]LogPlayLevel: PIE: World Init took: (0.010935s)
[2019.10.04-14.29.31:171][990]LogPlayLevel: PIE: Created PIE world by copying editor world from /Game/SideScrollerBP/Maps/SideScrollerExampleMap.SideScrollerExampleMap to /Game/SideScrollerBP/Maps/UEDPIE_0_SideScrollerExampleMap.SideScrollerExampleMap (0.189857s)
[2019.10.04-14.29.31:455][990]LogInit: XAudio2 using 'Speakers (Realtek High Definition Audio)' : 2 channels at 48 kHz using 32 bits per sample (channel mask 0x3)
[2019.10.04-14.29.31:538][990]LogInit: FAudioDevice initialized.
[2019.10.04-14.29.31:682][990]LogLoad: Game class is 'SideScrollerGameMode_C'
[2019.10.04-14.29.31:796][990]LogWorld: Bringing World /Game/SideScrollerBP/Maps/UEDPIE_0_SideScrollerExampleMap.SideScrollerExampleMap up for play (max tick rate 0) at 2019.10.04-10.29.31
[2019.10.04-14.29.31:905][990]LogWorld: Bringing up level for play took: 0.129772
[2019.10.04-14.29.32:203][990]LogContentBrowser: Native class hierarchy updated for 'MovieSceneCapture' in 0.0004 seconds. Added 11 classes and 0 folders.
[2019.10.04-14.29.32:310][990]PIE: Play in editor start time for /Game/SideScrollerBP/Maps/UEDPIE_0_SideScrollerExampleMap 1.586
[2019.10.04-14.29.32:312][990]LogBlueprintUserMessages: Late PlayInEditor Detection: Level '/Game/SideScrollerBP/Maps/SideScrollerExampleMap.SideScrollerExampleMap:PersistentLevel' has LevelScriptBlueprint '/Game/SideScrollerBP/Maps/SideScrollerExampleMap.SideScrollerExampleMap:PersistentLevel.SideScrollerExampleMap' with GeneratedClass '/Game/SideScrollerBP/Maps/SideScrollerExampleMap.SideScrollerExampleMap_C' with ClassGeneratedBy '/Game/SideScrollerBP/Maps/SideScrollerExampleMap.SideScrollerExampleMap:PersistentLevel.SideScrollerExampleMap'
[2019.10.04-14.29.32:478][990]LogRenderer: Reallocating scene render targets to support 1292x756 Format 10 NumSamples 1 (Frame:1).
[2019.10.04-14.29.34:692][101]LogBlueprintUserMessages: [SKnight_Checkpoint_356] Checkpoint Reached
[2019.10.04-14.29.42:160][471]LogBlueprintUserMessages: [SKnight_Checkpoint2_230] Checkpoint Reached
[2019.10.04-14.30.06:877][736]LogBlueprintUserMessages: Early EndPlayMap Detection: Level '/Game/SideScrollerBP/Maps/SideScrollerExampleMap.SideScrollerExampleMap:PersistentLevel' has LevelScriptBlueprint '/Game/SideScrollerBP/Maps/SideScrollerExampleMap.SideScrollerExampleMap:PersistentLevel.SideScrollerExampleMap' with GeneratedClass '/Game/SideScrollerBP/Maps/SideScrollerExampleMap.SideScrollerExampleMap_C' with ClassGeneratedBy '/Game/SideScrollerBP/Maps/SideScrollerExampleMap.SideScrollerExampleMap:PersistentLevel.SideScrollerExampleMap'
[2019.10.04-14.30.07:132][736]LogBlueprintUserMessages: Late EndPlayMap Detection: Level '/Game/SideScrollerBP/Maps/SideScrollerExampleMap.SideScrollerExampleMap:PersistentLevel' has LevelScriptBlueprint '/Game/SideScrollerBP/Maps/SideScrollerExampleMap.SideScrollerExampleMap:PersistentLevel.SideScrollerExampleMap' with GeneratedClass '/Game/SideScrollerBP/Maps/SideScrollerExampleMap.SideScrollerExampleMap_C' with ClassGeneratedBy '/Game/SideScrollerBP/Maps/SideScrollerExampleMap.SideScrollerExampleMap:PersistentLevel.SideScrollerExampleMap'
[2019.10.04-14.40.48:126][287]BlueprintLog: New page: Compile SideScrollerCharacter
[2019.10.04-14.41.11:779][876]BlueprintLog: New page: Compile SideScrollerCharacter
[2019.10.04-14.41.57:639][228]BlueprintLog: New page: Compile SideScrollerCharacter
[2019.10.04-14.42.59:521][124]LogSavePackage: Save=225.92ms
[2019.10.04-14.42.59:521][124]LogSavePackage: Moving '../../../../../GitKrakenRepo/SugarKnight_SaltySour/SKnightPrototype_01/Saved/SideScrollerCharacter758891BA40396204B265EFBB4332FC82.tmp' to '../../../../../GitKrakenRepo/SugarKnight_SaltySour/SKnightPrototype_01/Content/SideScrollerBP/Blueprints/SideScrollerCharacter.uasset'
[2019.10.04-14.42.59:540][124]LogSavePackage: Display: Finished SavePackage ../../../../../GitKrakenRepo/SugarKnight_SaltySour/SKnightPrototype_01/Content/SideScrollerBP/Blueprints/SideScrollerCharacter.uasset
[2019.10.04-14.43.01:758][293]LogSavePackage: Save=34.81ms
[2019.10.04-14.43.01:759][293]LogSavePackage: Moving '../../../../../GitKrakenRepo/SugarKnight_SaltySour/SKnightPrototype_01/Saved/SKnight_Checkpoint5EA0A5FE4B04ABDEB1EA69B3DA4A4087.tmp' to '../../../../../GitKrakenRepo/SugarKnight_SaltySour/SKnightPrototype_01/Content/SideScrollerBP/Blueprints/SKnight_Checkpoint.uasset'
[2019.10.04-14.43.01:774][293]LogSavePackage: Display: Finished SavePackage ../../../../../GitKrakenRepo/SugarKnight_SaltySour/SKnightPrototype_01/Content/SideScrollerBP/Blueprints/SKnight_Checkpoint.uasset
[2019.10.04-14.43.03:800][429]LogActorComponent: UnregisterComponent: (/Engine/Transient.EditorFloorComp) Not registered. Aborting.
[2019.10.04-14.43.18:880][499]LogSavePackage: Save=959.91ms
[2019.10.04-14.43.18:880][499]LogSavePackage: Moving '../../../../../GitKrakenRepo/SugarKnight_SaltySour/SKnightPrototype_01/Saved/SideScrollerExampleMap85E1B5774C3EE4DA1FEE59BA4789375C.tmp' to '../../../../../GitKrakenRepo/SugarKnight_SaltySour/SKnightPrototype_01/Content/SideScrollerBP/Maps/SideScrollerExampleMap.umap'
[2019.10.04-14.43.18:909][499]LogSavePackage: Display: Finished SavePackage ../../../../../GitKrakenRepo/SugarKnight_SaltySour/SKnightPrototype_01/Content/SideScrollerBP/Maps/SideScrollerExampleMap.umap
[2019.10.04-14.43.18:970][499]LogFileHelpers: Saving map 'SideScrollerExampleMap' took 3.895
[2019.10.04-14.43.19:164][499]LogWindowsTextInputMethodSystem: Display: IME system now deactivated.
[2019.10.04-14.43.19:505][500]Cmd: QUIT_EDITOR
[2019.10.04-14.43.21:305][500]LogExit: Preparing to exit.
[2019.10.04-14.43.22:795][500]LogDirectoryWatcher: A directory notification for 'D:/GitKrakenRepo/SugarKnight_SaltySour/SKnightPrototype_01/Content/' was aborted.
[2019.10.04-14.43.23:849][500]LogExit: Editor shut down
[2019.10.04-14.43.23:854][500]LogExit: Transaction tracking system shut down
[2019.10.04-14.43.24:507][500]LogDirectoryWatcher: A directory notification for '../../../Engine/Content/' was aborted.
[2019.10.04-14.43.24:507][500]LogDirectoryWatcher: A directory notification for '../../../../../GitKrakenRepo/SugarKnight_SaltySour/SKnightPrototype_01/Content/' was aborted.
[2019.10.04-14.43.24:507][500]LogDirectoryWatcher: A directory notification for '../../../Engine/Plugins/2D/Paper2D/Content/' was aborted.
[2019.10.04-14.43.24:507][500]LogDirectoryWatcher: A directory notification for '../../../Engine/Plugins/Media/MediaCompositing/Content/' was aborted.
[2019.10.04-14.43.24:507][500]LogDirectoryWatcher: A directory notification for '../../../Engine/Plugins/Runtime/AppleARKit/Content/' was aborted.
[2019.10.04-14.43.24:507][500]LogDirectoryWatcher: A directory notification for '../../../Engine/Plugins/Runtime/Oculus/OculusVR/Content/' was aborted.
[2019.10.04-14.43.24:507][500]LogDirectoryWatcher: A directory notification for '../../../Engine/Plugins/Runtime/Steam/SteamVR/Content/' was aborted.
[2019.10.04-14.43.25:759][500]LogExit: Object subsystem successfully closed.
[2019.10.04-14.43.25:973][500]LogD3D11RHI: Shutdown
[2019.10.04-14.43.25:983][500]LogD3D11RHI: CleanupD3DDevice
[2019.10.04-14.43.26:082][500]LogD3D11RHI: ~FD3D11DynamicRHI
[2019.10.04-14.43.27:284][500]LogModuleManager: Shutting down and abandoning module MovieSceneCapture (552)
[2019.10.04-14.43.27:284][500]LogModuleManager: Shutting down and abandoning module BlueprintGraph (550)
[2019.10.04-14.43.27:284][500]LogModuleManager: Shutting down and abandoning module HierarchicalLODOutliner (548)
[2019.10.04-14.43.27:284][500]LogModuleManager: Shutting down and abandoning module SceneOutliner (546)
[2019.10.04-14.43.27:295][500]LogModuleManager: Shutting down and abandoning module AddContentDialog (544)
[2019.10.04-14.43.27:301][500]LogDirectoryWatcher: A directory notification for 'D:/Program Files (x86)/UE_4.18/FeaturePacks/' was aborted.
[2019.10.04-14.43.27:302][500]LogModuleManager: Shutting down and abandoning module WidgetCarousel (543)
[2019.10.04-14.43.27:303][500]LogModuleManager: Shutting down and abandoning module EditorWidgets (540)
[2019.10.04-14.43.27:303][500]LogModuleManager: Shutting down and abandoning module CollectionManager (538)
[2019.10.04-14.43.27:317][500]LogDirectoryWatcher: A directory notification for 'D:/GitKrakenRepo/SugarKnight_SaltySour/SKnightPrototype_01/Content/Collections/' was aborted.
[2019.10.04-14.43.27:318][500]LogDirectoryWatcher: A directory notification for 'D:/GitKrakenRepo/SugarKnight_SaltySour/SKnightPrototype_01/Content/Developers/ChristopherP/Collections/' was aborted.
[2019.10.04-14.43.27:318][500]LogDirectoryWatcher: A directory notification for 'D:/GitKrakenRepo/SugarKnight_SaltySour/SKnightPrototype_01/Saved/Collections/' was aborted.
[2019.10.04-14.43.27:318][500]LogModuleManager: Shutting down and abandoning module StatsViewer (536)
[2019.10.04-14.43.27:345][500]LogModuleManager: Shutting down and abandoning module FoliageEdit (534)
[2019.10.04-14.43.27:346][500]LogModuleManager: Shutting down and abandoning module LandscapeEditor (532)
[2019.10.04-14.43.27:363][500]LogModuleManager: Shutting down and abandoning module MeshPaintMode (530)
[2019.10.04-14.43.27:363][500]LogModuleManager: Shutting down and abandoning module SceneDepthPickerMode (528)
[2019.10.04-14.43.27:363][500]LogModuleManager: Shutting down and abandoning module ActorPickerMode (526)
[2019.10.04-14.43.27:363][500]LogModuleManager: Shutting down and abandoning module GeometryMode (524)
[2019.10.04-14.43.27:376][500]LogModuleManager: Shutting down and abandoning module TextureAlignMode (522)
[2019.10.04-14.43.27:376][500]LogModuleManager: Shutting down and abandoning module BspMode (520)
[2019.10.04-14.43.27:387][500]LogModuleManager: Shutting down and abandoning module PIEPreviewDeviceProfileSelector (518)
[2019.10.04-14.43.27:387][500]LogModuleManager: Shutting down and abandoning module HardwareSurvey (516)
[2019.10.04-14.43.27:387][500]LogModuleManager: Shutting down and abandoning module SequenceRecorderSections (514)
[2019.10.04-14.43.27:398][500]LogModuleManager: Shutting down and abandoning module AutomationWorker (512)
[2019.10.04-14.43.27:404][500]LogModuleManager: Shutting down and abandoning module MatineeToLevelSequence (510)
[2019.10.04-14.43.27:420][500]LogModuleManager: Shutting down and abandoning module LevelSequenceEditor (508)
[2019.10.04-14.43.27:458][500]LogModuleManager: Shutting down and abandoning module PlacementMode (507)
[2019.10.04-14.43.27:458][500]LogModuleManager: Shutting down and abandoning module WmfMediaFactory (504)
[2019.10.04-14.43.27:458][500]LogModuleManager: Shutting down and abandoning module WmfMediaEditor (502)
[2019.10.04-14.43.27:458][500]LogModuleManager: Shutting down and abandoning module OpenExrWrapper (500)
[2019.10.04-14.43.27:458][500]LogModuleManager: Shutting down and abandoning module ImgMediaFactory (498)
[2019.10.04-14.43.27:458][500]LogModuleManager: Shutting down and abandoning module ImgMediaEditor (496)
[2019.10.04-14.43.27:458][500]LogModuleManager: Shutting down and abandoning module AvfMediaFactory (494)
[2019.10.04-14.43.27:458][500]LogModuleManager: Shutting down and abandoning module AvfMediaEditor (492)
[2019.10.04-14.43.27:458][500]LogModuleManager: Shutting down and abandoning module AndroidMediaFactory (490)
[2019.10.04-14.43.27:458][500]LogModuleManager: Shutting down and abandoning module AndroidMediaEditor (488)
[2019.10.04-14.43.27:458][500]LogModuleManager: Shutting down and abandoning module CharacterAI (486)
[2019.10.04-14.43.27:458][500]LogModuleManager: Shutting down and abandoning module AudioCapture (484)
[2019.10.04-14.43.27:473][500]LogModuleManager: Shutting down and abandoning module SequenceRecorder (483)
[2019.10.04-14.43.27:489][500]LogModuleManager: Shutting down and abandoning module SmartSnapping (480)
[2019.10.04-14.43.27:489][500]LogModuleManager: Shutting down and abandoning module SessionServices (478)
[2019.10.04-14.43.27:490][500]LogModuleManager: Shutting down and abandoning module ViewportSnapping (476)
[2019.10.04-14.43.27:490][500]LogModuleManager: Shutting down and abandoning module ViewportInteraction (474)
[2019.10.04-14.43.27:490][500]LogModuleManager: Shutting down and abandoning module ClothPainter (472)
[2019.10.04-14.43.27:506][500]LogModuleManager: Shutting down and abandoning module SkeletalMeshEditor (471)
[2019.10.04-14.43.27:536][500]LogModuleManager: Shutting down and abandoning module LogVisualizer (468)
[2019.10.04-14.43.27:554][500]LogModuleManager: Shutting down and abandoning module IntroTutorials (466)
[2019.10.04-14.43.27:597][500]LogModuleManager: Shutting down and abandoning module GameProjectGeneration (465)
[2019.10.04-14.43.27:616][500]LogModuleManager: Shutting down and abandoning module IOSPlatformEditor (462)
[2019.10.04-14.43.27:616][500]LogModuleManager: Shutting down and abandoning module HTML5PlatformEditor (460)
[2019.10.04-14.43.27:616][500]LogModuleManager: Shutting down and abandoning module AndroidPlatformEditor (458)
[2019.10.04-14.43.27:616][500]LogModuleManager: Shutting down and abandoning module AndroidDeviceDetection (457)
[2019.10.04-14.43.28:149][500]LogModuleManager: Shutting down and abandoning module WindowsPlatformEditor (454)
[2019.10.04-14.43.28:149][500]LogModuleManager: Shutting down and abandoning module IOSRuntimeSettings (452)
[2019.10.04-14.43.28:149][500]LogModuleManager: Shutting down and abandoning module AndroidRuntimeSettings (450)
[2019.10.04-14.43.28:149][500]LogModuleManager: Shutting down and abandoning module InputBindingEditor (448)
[2019.10.04-14.43.28:161][500]LogModuleManager: Shutting down and abandoning module MergeActors (446)
[2019.10.04-14.43.28:181][500]LogModuleManager: Shutting down and abandoning module SizeMap (444)
[2019.10.04-14.43.28:181][500]LogModuleManager: Shutting down and abandoning module TreeMap (442)
[2019.10.04-14.43.28:204][500]LogModuleManager: Shutting down and abandoning module ReferenceViewer (440)
[2019.10.04-14.43.28:204][500]LogModuleManager: Shutting down and abandoning module LocalizationDashboard (438)
[2019.10.04-14.43.28:213][500]LogModuleManager: Shutting down and abandoning module LocalizationService (437)
[2019.10.04-14.43.28:222][500]LogModuleManager: Shutting down and abandoning module HardwareTargeting (434)
[2019.10.04-14.43.28:222][500]LogModuleManager: Shutting down and abandoning module DeviceProfileEditor (432)
[2019.10.04-14.43.28:222][500]LogModuleManager: Shutting down and abandoning module UndoHistory (430)
[2019.10.04-14.43.28:222][500]LogModuleManager: Shutting down and abandoning module XmlParser (428)
[2019.10.04-14.43.28:241][500]LogModuleManager: Shutting down and abandoning module Blutility (426)
[2019.10.04-14.43.28:241][500]LogModuleManager: Shutting down and abandoning module ProjectSettingsViewer (424)
[2019.10.04-14.43.28:241][500]LogModuleManager: Shutting down and abandoning module ProjectTargetPlatformEditor (423)
[2019.10.04-14.43.28:241][500]LogModuleManager: Shutting down and abandoning module EditorSettingsViewer (420)
[2019.10.04-14.43.28:241][500]LogModuleManager: Shutting down and abandoning module SettingsEditor (418)
[2019.10.04-14.43.28:263][500]LogModuleManager: Shutting down and abandoning module ProjectLauncher (416)
[2019.10.04-14.43.28:276][500]LogModuleManager: Shutting down and abandoning module SessionFrontend (414)
[2019.10.04-14.43.28:289][500]LogModuleManager: Shutting down and abandoning module ProfilerClient (412)
[2019.10.04-14.43.28:299][500]LogModuleManager: Shutting down and abandoning module DeviceManager (410)
[2019.10.04-14.43.28:313][500]LogModuleManager: Shutting down and abandoning module TargetDeviceServices (409)
[2019.10.04-14.43.28:368][500]LogModuleManager: Shutting down and abandoning module AutomationController (406)
[2019.10.04-14.43.28:413][500]LogModuleManager: Shutting down and abandoning module AutomationWindow (404)
[2019.10.04-14.43.28:432][500]LogModuleManager: Shutting down and abandoning module Layers (402)
[2019.10.04-14.43.28:443][500]LogModuleManager: Shutting down and abandoning module ComponentVisualizers (400)
[2019.10.04-14.43.28:443][500]LogModuleManager: Shutting down and abandoning module DetailCustomizations (398)
[2019.10.04-14.43.28:460][500]LogModuleManager: Shutting down and abandoning module PackagesDialog (396)
[2019.10.04-14.43.28:460][500]LogModuleManager: Shutting down and abandoning module Persona (394)
[2019.10.04-14.43.28:513][500]LogModuleManager: Shutting down and abandoning module AdvancedPreviewScene (393)
[2019.10.04-14.43.28:513][500]LogModuleManager: Shutting down and abandoning module AnimGraph (391)
[2019.10.04-14.43.28:513][500]LogModuleManager: Shutting down and abandoning module Kismet (388)
[2019.10.04-14.43.28:579][500]LogModuleManager: Shutting down and abandoning module ClassViewer (386)
[2019.10.04-14.43.28:580][500]LogModuleManager: Shutting down and abandoning module Toolbox (384)
[2019.10.04-14.43.28:580][500]LogModuleManager: Shutting down and abandoning module ModuleUI (382)
[2019.10.04-14.43.28:587][500]LogModuleManager: Shutting down and abandoning module MovieSceneTools (380)
[2019.10.04-14.43.28:621][500]LogModuleManager: Shutting down and abandoning module OutputLog (378)
[2019.10.04-14.43.28:635][500]LogModuleManager: Shutting down and abandoning module GammaUI (376)
[2019.10.04-14.43.28:648][500]LogModuleManager: Shutting down and abandoning module Documentation (374)
[2019.10.04-14.43.28:648][500]LogModuleManager: Shutting down and abandoning module MovieSceneTracks (372)
[2019.10.04-14.43.28:648][500]LogModuleManager: Shutting down and abandoning module MovieScene (370)
[2019.10.04-14.43.28:648][500]LogModuleManager: Shutting down and abandoning module StreamingPauseRendering (368)
[2019.10.04-14.43.28:648][500]LogModuleManager: Shutting down and abandoning module LauncherPlatform (366)
[2019.10.04-14.43.28:648][500]LogModuleManager: Shutting down and abandoning module AnalyticsET (364)
[2019.10.04-14.43.28:648][500]LogModuleManager: Shutting down and abandoning module PortalServices (362)
[2019.10.04-14.43.28:648][500]LogModuleManager: Shutting down and abandoning module PortalRpc (360)
[2019.10.04-14.43.28:648][500]LogModuleManager: Shutting down and abandoning module MessagingRpc (358)
[2019.10.04-14.43.28:648][500]LogModuleManager: Shutting down and abandoning module AIModule (356)
[2019.10.04-14.43.28:648][500]LogModuleManager: Shutting down and abandoning module GameplayDebugger (355)
[2019.10.04-14.43.28:656][500]LogModuleManager: Shutting down and abandoning module AITestSuite (353)
[2019.10.04-14.43.28:672][500]LogModuleManager: Shutting down and abandoning module DesktopPlatform (350)
[2019.10.04-14.43.28:686][500]LogModuleManager: Shutting down and abandoning module ProfilerService (348)
[2019.10.04-14.43.28:737][500]LogModuleManager: Shutting down and abandoning module TaskGraph (346)
[2019.10.04-14.43.28:754][500]LogModuleManager: Shutting down and abandoning module SteamVRController (344)
[2019.10.04-14.43.28:754][500]LogModuleManager: Shutting down and abandoning module ProceduralMeshComponentEditor (342)
[2019.10.04-14.43.28:754][500]LogModuleManager: Shutting down and abandoning module ProceduralMeshComponent (340)
[2019.10.04-14.43.28:763][500]LogModuleManager: Shutting down and abandoning module OculusInput (338)
[2019.10.04-14.43.28:780][500]LogModuleManager: Shutting down and abandoning module MobilePatchingUtils (336)
[2019.10.04-14.43.28:780][500]LogModuleManager: Shutting down and abandoning module CustomMeshComponent (334)
[2019.10.04-14.43.28:780][500]LogModuleManager: Shutting down and abandoning module CableComponent (332)
[2019.10.04-14.43.28:787][500]LogModuleManager: Shutting down and abandoning module ArchVisCharacter (330)
[2019.10.04-14.43.28:787][500]LogModuleManager: Shutting down and abandoning module AndroidPermission (328)
[2019.10.04-14.43.28:787][500]LogModuleManager: Shutting down and abandoning module ActorSequence (324)
[2019.10.04-14.43.28:787][500]LogModuleManager: Shutting down and abandoning module MediaPlayerEditor (322)
[2019.10.04-14.43.28:807][500]LogModuleManager: Shutting down and abandoning module MediaCompositingEditor (320)
[2019.10.04-14.43.28:807][500]LogModuleManager: Shutting down and abandoning module MediaCompositing (318)
[2019.10.04-14.43.28:807][500]LogModuleManager: Shutting down and abandoning module HTML5Networking (316)
[2019.10.04-14.43.28:807][500]LogModuleManager: Shutting down and abandoning module AlembicImporter (314)
[2019.10.04-14.43.28:814][500]LogModuleManager: Shutting down and abandoning module AlembicLibrary (313)
[2019.10.04-14.43.28:814][500]LogModuleManager: Shutting down and abandoning module GeometryCache (312)
[2019.10.04-14.43.28:821][500]LogModuleManager: Shutting down and abandoning module GeometryCacheEd (311)
[2019.10.04-14.43.28:821][500]LogModuleManager: Shutting down and abandoning module SpeedTreeImporter (306)
[2019.10.04-14.43.28:821][500]LogModuleManager: Shutting down and abandoning module PluginBrowser (304)
[2019.10.04-14.43.28:888][500]LogModuleManager: Shutting down and abandoning module MobileLauncherProfileWizard (302)
[2019.10.04-14.43.28:906][500]LogModuleManager: Shutting down and abandoning module VisualStudioSourceCodeAccess (300)
[2019.10.04-14.43.28:906][500]LogModuleManager: Shutting down and abandoning module VisualStudioCodeSourceCodeAccess (298)
[2019.10.04-14.43.28:906][500]LogModuleManager: Shutting down and abandoning module UObjectPlugin (296)
[2019.10.04-14.43.28:906][500]LogModuleManager: Shutting down and abandoning module SubversionSourceControl (294)
[2019.10.04-14.43.28:926][500]LogModuleManager: Shutting down and abandoning module PerforceSourceControl (292)
[2019.10.04-14.43.28:946][500]LogModuleManager: Shutting down and abandoning module GitSourceControl (290)
[2019.10.04-14.43.28:964][500]LogModuleManager: Shutting down and abandoning module SourceControl (289)
[2019.10.04-14.43.28:982][500]LogModuleManager: Shutting down and abandoning module LightPropagationVolumeEditor (286)
[2019.10.04-14.43.28:982][500]LogModuleManager: Shutting down and abandoning module PaperTiledImporter (284)
[2019.10.04-14.43.28:982][500]LogModuleManager: Shutting down and abandoning module PaperSpriteSheetImporter (282)
[2019.10.04-14.43.28:982][500]LogModuleManager: Shutting down and abandoning module Paper2DEditor (280)
[2019.10.04-14.43.28:996][500]LogModuleManager: Shutting down and abandoning module MeshPaint (279)
[2019.10.04-14.43.29:004][500]LogModuleManager: Shutting down and abandoning module LevelEditor (277)
[2019.10.04-14.43.29:018][500]LogModuleManager: Shutting down and abandoning module PixelInspectorModule (276)
[2019.10.04-14.43.29:024][500]LogModuleManager: Shutting down and abandoning module MainFrame (274)
[2019.10.04-14.43.29:035][500]LogModuleManager: Shutting down and abandoning module HotReload (273)
[2019.10.04-14.43.29:058][500]LogModuleManager: Shutting down and abandoning module RuntimePhysXCooking (268)
[2019.10.04-14.43.29:058][500]LogModuleManager: Shutting down and abandoning module PhysXVehiclesEditor (266)
[2019.10.04-14.43.29:059][500]LogModuleManager: Shutting down and abandoning module PhysXVehicles (264)
[2019.10.04-14.43.29:059][500]LogModuleManager: Shutting down and abandoning module OculusEditor (262)
[2019.10.04-14.43.29:059][500]LogModuleManager: Shutting down and abandoning module LocationServicesBPLibrary (260)
[2019.10.04-14.43.29:059][500]LogModuleManager: Shutting down and abandoning module ImmediatePhysicsEditor (258)
[2019.10.04-14.43.29:059][500]LogModuleManager: Shutting down and abandoning module ImmediatePhysics (256)
[2019.10.04-14.43.29:106][500]LogModuleManager: Shutting down and abandoning module UdpMessaging (254)
[2019.10.04-14.43.29:221][500]LogModuleManager: Shutting down and abandoning module TcpMessaging (252)
[2019.10.04-14.43.29:341][500]LogModuleManager: Shutting down and abandoning module GameplayTagsEditor (250)
[2019.10.04-14.43.29:368][500]LogModuleManager: Shutting down and abandoning module FacialAnimationEditor (248)
[2019.10.04-14.43.29:368][500]LogModuleManager: Shutting down and abandoning module FacialAnimation (246)
[2019.10.04-14.43.29:368][500]LogModuleManager: Shutting down and abandoning module AssetManagerEditor (244)
[2019.10.04-14.43.29:383][500]LogModuleManager: Shutting down and abandoning module GraphEditor (243)
[2019.10.04-14.43.29:383][500]LogModuleManager: Shutting down and abandoning module ContentBrowser (241)
[2019.10.04-14.43.29:384][500]LogModuleManager: Shutting down and abandoning module LightPropagationVolumeRuntime (238)
[2019.10.04-14.43.29:384][500]LogModuleManager: Shutting down and abandoning module Paper2D (236)
[2019.10.04-14.43.29:395][500]LogModuleManager: Shutting down and abandoning module WindowsMoviePlayer (234)
[2019.10.04-14.43.29:410][500]LogModuleManager: Shutting down and abandoning module WmfMedia (232)
[2019.10.04-14.43.29:424][500]LogModuleManager: Shutting down and abandoning module ImgMedia (230)
[2019.10.04-14.43.29:424][500]LogModuleManager: Shutting down and abandoning module PacketHandler (228)
[2019.10.04-14.43.29:424][500]LogModuleManager: Shutting down and abandoning module ClothingSystemEditor (226)
[2019.10.04-14.43.29:424][500]LogModuleManager: Shutting down and abandoning module ClothingSystemRuntime (224)
[2019.10.04-14.43.29:445][500]LogModuleManager: Shutting down and abandoning module MediaAssets (222)
[2019.10.04-14.43.29:445][500]LogModuleManager: Shutting down and abandoning module Media (221)
[2019.10.04-14.43.29:460][500]LogModuleManager: Shutting down and abandoning module Overlay (218)
[2019.10.04-14.43.29:460][500]LogModuleManager: Shutting down and abandoning module OverlayEditor (217)
[2019.10.04-14.43.29:460][500]LogModuleManager: Shutting down and abandoning module VREditor (214)
[2019.10.04-14.43.29:488][500]LogModuleManager: Shutting down and abandoning module StringTableEditor (212)
[2019.10.04-14.43.29:500][500]LogModuleManager: Shutting down and abandoning module GameplayTasksEditor (210)
[2019.10.04-14.43.29:500][500]LogModuleManager: Shutting down and abandoning module BehaviorTreeEditor (208)
[2019.10.04-14.43.29:543][500]LogModuleManager: Shutting down and abandoning module FunctionalTesting (206)
[2019.10.04-14.43.29:553][500]LogModuleManager: Shutting down and abandoning module CollisionAnalyzer (204)
[2019.10.04-14.43.29:574][500]LogModuleManager: Shutting down and abandoning module WorkspaceMenuStructure (203)
[2019.10.04-14.43.29:574][500]LogModuleManager: Shutting down and abandoning module UMG (200)
[2019.10.04-14.43.29:579][500]LogModuleManager: Shutting down and abandoning module UMGEditor (199)
[2019.10.04-14.43.29:597][500]LogModuleManager: Shutting down and abandoning module Sequencer (198)
[2019.10.04-14.43.29:618][500]LogModuleManager: Shutting down and abandoning module MessageLog (195)
[2019.10.04-14.43.29:633][500]LogModuleManager: Shutting down and abandoning module SlateReflector (190)
[2019.10.04-14.43.29:661][500]LogModuleManager: Shutting down and abandoning module Slate (188)
[2019.10.04-14.43.29:661][500]LogModuleManager: Shutting down and abandoning module EditorStyle (186)
[2019.10.04-14.43.29:684][500]LogModuleManager: Shutting down and abandoning module MRMesh (184)
[2019.10.04-14.43.29:684][500]LogModuleManager: Shutting down and abandoning module SourceCodeAccess (182)
[2019.10.04-14.43.29:684][500]LogModuleManager: Shutting down and abandoning module HeadMountedDisplay (180)
[2019.10.04-14.43.29:684][500]LogModuleManager: Shutting down and abandoning module XAudio2 (178)
[2019.10.04-14.43.29:684][500]LogModuleManager: Shutting down and abandoning module Networking (176)
[2019.10.04-14.43.29:684][500]LogModuleManager: Shutting down and abandoning module Core (172)
[2019.10.04-14.43.29:684][500]LogModuleManager: Shutting down and abandoning module LevelSequence (168)
[2019.10.04-14.43.29:693][500]LogModuleManager: Shutting down and abandoning module DirectoryWatcher (166)
[2019.10.04-14.43.29:693][500]LogModuleManager: Shutting down and abandoning module KismetCompiler (164)
[2019.10.04-14.43.29:693][500]LogModuleManager: Shutting down and abandoning module MeshUtilities (162)
[2019.10.04-14.43.29:711][500]LogModuleManager: Shutting down and abandoning module MeshMergeUtilities (161)
[2019.10.04-14.43.29:720][500]LogModuleManager: Shutting down and abandoning module MeshReductionInterface (160)
[2019.10.04-14.43.29:720][500]LogModuleManager: Shutting down and abandoning module SimplygonSwarm (159)
[2019.10.04-14.43.29:737][500]LogModuleManager: Shutting down and abandoning module SimplygonMeshReduction (157)
[2019.10.04-14.43.29:737][500]LogModuleManager: Shutting down and abandoning module QuadricMeshReduction (155)
[2019.10.04-14.43.29:748][500]LogModuleManager: Shutting down and abandoning module MaterialBaking (151)
[2019.10.04-14.43.29:760][500]LogModuleManager: Shutting down and abandoning module DerivedDataCache (148)
[2019.10.04-14.43.29:780][500]LogDerivedDataCache: Shutdown
[2019.10.04-14.43.29:780][500]LogModuleManager: Shutting down and abandoning module TargetPlatform (146)
[2019.10.04-14.43.29:780][500]LogModuleManager: Shutting down and abandoning module VulkanShaderFormat (145)
[2019.10.04-14.43.29:832][500]LogModuleManager: Shutting down and abandoning module ShaderFormatVectorVM (143)
[2019.10.04-14.43.29:840][500]LogModuleManager: Shutting down and abandoning module ShaderFormatOpenGL (141)
[2019.10.04-14.43.29:854][500]LogModuleManager: Shutting down and abandoning module ShaderFormatD3D (139)
[2019.10.04-14.43.29:868][500]LogModuleManager: Shutting down and abandoning module MetalShaderFormat (137)
[2019.10.04-14.43.29:885][500]LogModuleManager: Shutting down and abandoning module TextureFormatUncompressed (135)
[2019.10.04-14.43.29:885][500]LogModuleManager: Shutting down and abandoning module TextureFormatPVR (133)
[2019.10.04-14.43.29:885][500]LogModuleManager: Shutting down and abandoning module TextureFormatDXT (131)
[2019.10.04-14.43.29:885][500]LogModuleManager: Shutting down and abandoning module TextureFormatIntelISPCTexComp (129)
[2019.10.04-14.43.29:895][500]LogModuleManager: Shutting down and abandoning module TextureFormatASTC (127)
[2019.10.04-14.43.29:895][500]LogModuleManager: Shutting down and abandoning module ImageWrapper (126)
[2019.10.04-14.43.29:895][500]LogModuleManager: Shutting down and abandoning module TextureFormatAndroid (123)
[2019.10.04-14.43.29:895][500]LogModuleManager: Shutting down and abandoning module AudioFormatOpus (121)
[2019.10.04-14.43.29:895][500]LogModuleManager: Shutting down and abandoning module AudioFormatOgg (119)
[2019.10.04-14.43.29:895][500]LogModuleManager: Shutting down and abandoning module AudioFormatADPCM (117)
[2019.10.04-14.43.29:895][500]LogModuleManager: Shutting down and abandoning module LinuxTargetPlatform (115)
[2019.10.04-14.43.29:895][500]LogModuleManager: Shutting down and abandoning module LinuxServerTargetPlatform (113)
[2019.10.04-14.43.29:895][500]LogModuleManager: Shutting down and abandoning module LinuxNoEditorTargetPlatform (111)
[2019.10.04-14.43.29:895][500]LogModuleManager: Shutting down and abandoning module LinuxClientTargetPlatform (109)
[2019.10.04-14.43.29:895][500]LogModuleManager: Shutting down and abandoning module TVOSTargetPlatform (107)
[2019.10.04-14.43.29:895][500]LogModuleManager: Shutting down and abandoning module Messaging (105)
[2019.10.04-14.43.29:895][500]LogModuleManager: Shutting down and abandoning module IOSTargetPlatform (103)
[2019.10.04-14.43.29:895][500]LogModuleManager: Shutting down and abandoning module HTML5TargetPlatform (101)
[2019.10.04-14.43.29:895][500]LogModuleManager: Shutting down and abandoning module AndroidTargetPlatform (99)
[2019.10.04-14.43.29:895][500]LogModuleManager: Shutting down and abandoning module Android_PVRTCTargetPlatform (97)
[2019.10.04-14.43.29:895][500]LogModuleManager: Shutting down and abandoning module Android_MultiTargetPlatform (95)
[2019.10.04-14.43.29:895][500]LogModuleManager: Shutting down and abandoning module Android_ETC2TargetPlatform (93)
[2019.10.04-14.43.29:895][500]LogModuleManager: Shutting down and abandoning module Android_ETC1TargetPlatform (91)
[2019.10.04-14.43.29:895][500]LogModuleManager: Shutting down and abandoning module Android_DXTTargetPlatform (89)
[2019.10.04-14.43.29:895][500]LogModuleManager: Shutting down and abandoning module Android_ATCTargetPlatform (87)
[2019.10.04-14.43.29:896][500]LogModuleManager: Shutting down and abandoning module Android_ASTCTargetPlatform (85)
[2019.10.04-14.43.29:896][500]LogModuleManager: Shutting down and abandoning module WindowsTargetPlatform (83)
[2019.10.04-14.43.29:896][500]LogModuleManager: Shutting down and abandoning module WindowsServerTargetPlatform (81)
[2019.10.04-14.43.29:896][500]LogModuleManager: Shutting down and abandoning module WindowsNoEditorTargetPlatform (79)
[2019.10.04-14.43.29:896][500]LogModuleManager: Shutting down and abandoning module WindowsClientTargetPlatform (77)
[2019.10.04-14.43.29:896][500]LogModuleManager: Shutting down and abandoning module MacTargetPlatform (75)
[2019.10.04-14.43.29:896][500]LogModuleManager: Shutting down and abandoning module MacServerTargetPlatform (73)
[2019.10.04-14.43.29:896][500]LogModuleManager: Shutting down and abandoning module MacNoEditorTargetPlatform (71)
[2019.10.04-14.43.29:896][500]LogModuleManager: Shutting down and abandoning module MacClientTargetPlatform (69)
[2019.10.04-14.43.29:896][500]LogModuleManager: Shutting down and abandoning module AllDesktopTargetPlatform (67)
[2019.10.04-14.43.29:896][500]LogModuleManager: Shutting down and abandoning module InputCore (64)
[2019.10.04-14.43.29:896][500]LogModuleManager: Shutting down and abandoning module Settings (62)
[2019.10.04-14.43.29:896][500]LogModuleManager: Shutting down and abandoning module PhysXCooking (60)
[2019.10.04-14.43.29:896][500]LogModuleManager: Shutting down and abandoning module SteamVR (58)
[2019.10.04-14.43.29:896][500]LogModuleManager: Shutting down and abandoning module OculusHMD (56)
[2019.10.04-14.43.29:908][500]LogModuleManager: Shutting down and abandoning module ExampleDeviceProfileSelector (54)
[2019.10.04-14.43.29:908][500]LogModuleManager: Shutting down and abandoning module AppleARKit (52)
[2019.10.04-14.43.29:908][500]LogModuleManager: Shutting down and abandoning module AugmentedReality (51)
[2019.10.04-14.43.29:908][500]LogModuleManager: Shutting down and abandoning module OnlineBlueprintSupport (48)
[2019.10.04-14.43.29:908][500]LogModuleManager: Shutting down and abandoning module OnlineSubsystem (44)
[2019.10.04-14.43.29:942][500]LogModuleManager: Shutting down and abandoning module XMPP (43)
[2019.10.04-14.43.29:961][500]LogModuleManager: Shutting down and abandoning module HTTP (41)
[2019.10.04-14.43.29:961][500]LogHttp: Display: Http module shutting down, but needs to wait on 1 outstanding Http requests:
[2019.10.04-14.43.29:973][500]LogHttp: Display: 	verb=[POST] url=[https://datarouter.ol.epicgames.com/datarouter/api/v1/public/data?SessionID=%7BBB1EFAF9-4647-98AA-1138-27BC6376DC85%7D&AppID=UEEditor.Rocket.Release&AppVersion=4.18.3-3832480%2B%2B%2BUE4%2BRelease-4.18&UserID=2f9916264acdf33f70768f822f9563c9%7C504a56eacb094752a172dcccc7c138cb%7C241500de-b41d-44c2-b004-1325f18bb3ba&AppEnvironment=datacollector-binary&UploadType=eteventstream] status=Processing
[2019.10.04-14.43.29:978][500]LogModuleManager: Shutting down and abandoning module SSL (40)
[2019.10.04-14.43.29:992][500]LogModuleManager: Shutting down and abandoning module AnimationModifiers (36)
[2019.10.04-14.43.30:007][500]LogModuleManager: Shutting down and abandoning module PropertyEditor (35)
[2019.10.04-14.43.30:021][500]LogModuleManager: Shutting down and abandoning module AudioEditor (32)
[2019.10.04-14.43.30:116][500]LogModuleManager: Shutting down and abandoning module TextureCompressor (30)
[2019.10.04-14.43.30:214][500]LogModuleManager: Shutting down and abandoning module ShaderCore (28)
[2019.10.04-14.43.30:214][500]LogModuleManager: Shutting down and abandoning module Landscape (26)
[2019.10.04-14.43.30:214][500]LogModuleManager: Shutting down and abandoning module SlateRHIRenderer (24)
[2019.10.04-14.43.30:230][500]LogModuleManager: Shutting down and abandoning module OpenGLDrv (22)
[2019.10.04-14.43.30:237][500]LogModuleManager: Shutting down and abandoning module D3D11RHI (20)
[2019.10.04-14.43.30:237][500]LogModuleManager: Shutting down and abandoning module AnimGraphRuntime (18)
[2019.10.04-14.43.30:254][500]LogModuleManager: Shutting down and abandoning module Renderer (16)
[2019.10.04-14.43.30:254][500]LogModuleManager: Shutting down and abandoning module Engine (14)
[2019.10.04-14.43.30:254][500]LogModuleManager: Shutting down and abandoning module CoreUObject (12)
[2019.10.04-14.43.30:254][500]LogModuleManager: Shutting down and abandoning module NetworkFile (10)
[2019.10.04-14.43.30:268][500]LogModuleManager: Shutting down and abandoning module CookedIterativeFile (8)
[2019.10.04-14.43.30:282][500]LogModuleManager: Shutting down and abandoning module StreamingFile (6)
[2019.10.04-14.43.30:292][500]LogModuleManager: Shutting down and abandoning module SandboxFile (4)
[2019.10.04-14.43.30:320][500]LogModuleManager: Shutting down and abandoning module PakFile (2)
[2019.10.04-14.43.30:347][500]LogExit: Exiting.
[2019.10.04-14.43.30:361][500]Log file closed, 10/04/19 10:43:30
