Log file open, 11/05/19 14:36:13
LogWindows: Failed to load 'aqProf.dll' (GetLastError=126)
LogWindows: File 'aqProf.dll' does not exist
LogWindows: Failed to load 'VSPerf140.dll' (GetLastError=126)
LogWindows: File 'VSPerf140.dll' does not exist
LogWindows: Failed to load 'VtuneApi.dll' (GetLastError=126)
LogWindows: File 'VtuneApi.dll' does not exist
LogWindows: Failed to load 'VtuneApi32e.dll' (GetLastError=126)
LogWindows: File 'VtuneApi32e.dll' does not exist
LogInit: Display: Running engine for game: SKnightPrototype_01
LogPlatformFile: Not using cached read wrapper
LogInit: Display: RandInit(-1190886574) SRandInit(-1190886573).
LogInit: Read version file with build ID '3709383'
LogInit: Overriding engine version to CL 3832480, compatible CL 3709383
LogInit: Registered custom module enumerator with build ID '3709383'
LogTaskGraph: Started task graph with 5 named threads and 14 total threads with 3 sets of task threads.
LogStats: Stats thread started at 0.695551
LogD3D11RHI: Aftermath initialized
LogModuleManager: Display: Found up-to-date module file ../../../Engine/Plugins/2D/Paper2D/Binaries/Win64/UE4Editor-Paper2D.dll (API version 3709383).
LogModuleManager: Display: Found up-to-date module file ../../../Engine/Plugins/2D/Paper2D/Binaries/Win64/UE4Editor-Paper2DEditor.dll (API version 3709383).
LogModuleManager: Display: Found up-to-date module file ../../../Engine/Plugins/2D/Paper2D/Binaries/Win64/UE4Editor-PaperSpriteSheetImporter.dll (API version 3709383).
LogModuleManager: Display: Found up-to-date module file ../../../Engine/Plugins/2D/Paper2D/Binaries/Win64/UE4Editor-PaperTiledImporter.dll (API version 3709383).
LogModuleManager: Display: Found up-to-date module file ../../../Engine/Plugins/2D/Paper2D/Binaries/Win64/UE4Editor-SmartSnapping.dll (API version 3709383).
LogModuleManager: Display: Found up-to-date module file ../../../Engine/Plugins/Blendables/LightPropagationVolume/Binaries/Win64/UE4Editor-LightPropagationVolumeRuntime.dll (API version 3709383).
LogModuleManager: Display: Found up-to-date module file ../../../Engine/Plugins/Blendables/LightPropagationVolume/Binaries/Win64/UE4Editor-LightPropagationVolumeEditor.dll (API version 3709383).
LogModuleManager: Display: Found up-to-date module file ../../../Engine/Plugins/Developer/GitSourceControl/Binaries/Win64/UE4Editor-GitSourceControl.dll (API version 3709383).
LogModuleManager: Display: Found up-to-date module file ../../../Engine/Plugins/Developer/PerforceSourceControl/Binaries/Win64/UE4Editor-PerforceSourceControl.dll (API version 3709383).
LogModuleManager: Display: Found up-to-date module file ../../../Engine/Plugins/Developer/SubversionSourceControl/Binaries/Win64/UE4Editor-SubversionSourceControl.dll (API version 3709383).
LogModuleManager: Display: Found up-to-date module file ../../../Engine/Plugins/Developer/UObjectPlugin/Binaries/Win64/UE4Editor-UObjectPlugin.dll (API version 3709383).
LogModuleManager: Display: Found up-to-date module file ../../../Engine/Plugins/Developer/VisualStudioCodeSourceCodeAccess/Binaries/Win64/UE4Editor-VisualStudioCodeSourceCodeAccess.dll (API version 3709383).
LogModuleManager: Display: Found up-to-date module file ../../../Engine/Plugins/Developer/VisualStudioSourceCodeAccess/Binaries/Win64/UE4Editor-VisualStudioSourceCodeAccess.dll (API version 3709383).
LogModuleManager: Display: Found up-to-date module file ../../../Engine/Plugins/Editor/AssetManagerEditor/Binaries/Win64/UE4Editor-AssetManagerEditor.dll (API version 3709383).
LogModuleManager: Display: Found up-to-date module file ../../../Engine/Plugins/Editor/AudioCapture/Binaries/Win64/UE4Editor-AudioCapture.dll (API version 3709383).
LogModuleManager: Display: Found up-to-date module file ../../../Engine/Plugins/Editor/FacialAnimation/Binaries/Win64/UE4Editor-FacialAnimation.dll (API version 3709383).
LogModuleManager: Display: Found up-to-date module file ../../../Engine/Plugins/Editor/FacialAnimation/Binaries/Win64/UE4Editor-FacialAnimationEditor.dll (API version 3709383).
LogModuleManager: Display: Found up-to-date module file ../../../Engine/Plugins/Editor/GameplayTagsEditor/Binaries/Win64/UE4Editor-GameplayTagsEditor.dll (API version 3709383).
LogModuleManager: Display: Found up-to-date module file ../../../Engine/Plugins/Editor/MobileLauncherProfileWizard/Binaries/Win64/UE4Editor-MobileLauncherProfileWizard.dll (API version 3709383).
LogModuleManager: Display: Found up-to-date module file ../../../Engine/Plugins/Editor/PluginBrowser/Binaries/Win64/UE4Editor-PluginBrowser.dll (API version 3709383).
LogModuleManager: Display: Found up-to-date module file ../../../Engine/Plugins/Editor/SpeedTreeImporter/Binaries/Win64/UE4Editor-SpeedTreeImporter.dll (API version 3709383).
LogModuleManager: Display: Found up-to-date module file ../../../Engine/Plugins/Experimental/AlembicImporter/Binaries/Win64/UE4Editor-AlembicImporter.dll (API version 3709383).
LogModuleManager: Display: Found up-to-date module file ../../../Engine/Plugins/Experimental/AlembicImporter/Binaries/Win64/UE4Editor-AlembicLibrary.dll (API version 3709383).
LogModuleManager: Display: Found up-to-date module file ../../../Engine/Plugins/Experimental/CharacterAI/Binaries/Win64/UE4Editor-CharacterAI.dll (API version 3709383).
LogModuleManager: Display: Found up-to-date module file ../../../Engine/Plugins/Experimental/HTML5Networking/Binaries/Win64/UE4Editor-HTML5Networking.dll (API version 3709383).
LogModuleManager: Display: Found up-to-date module file ../../../Engine/Plugins/Media/AndroidMedia/Binaries/Win64/UE4Editor-AndroidMediaEditor.dll (API version 3709383).
LogModuleManager: Display: Found up-to-date module file ../../../Engine/Plugins/Media/AndroidMedia/Binaries/Win64/UE4Editor-AndroidMediaFactory.dll (API version 3709383).
LogModuleManager: Display: Found up-to-date module file ../../../Engine/Plugins/Media/AvfMedia/Binaries/Win64/UE4Editor-AvfMediaEditor.dll (API version 3709383).
LogModuleManager: Display: Found up-to-date module file ../../../Engine/Plugins/Media/AvfMedia/Binaries/Win64/UE4Editor-AvfMediaFactory.dll (API version 3709383).
LogModuleManager: Display: Found up-to-date module file ../../../Engine/Plugins/Media/AvfMedia/Binaries/Win64/UE4Editor-AvfMediaFactory.dll (API version 3709383).
LogModuleManager: Display: Found up-to-date module file ../../../Engine/Plugins/Media/ImgMedia/Binaries/Win64/UE4Editor-ImgMedia.dll (API version 3709383).
LogModuleManager: Display: Found up-to-date module file ../../../Engine/Plugins/Media/ImgMedia/Binaries/Win64/UE4Editor-ImgMediaEditor.dll (API version 3709383).
LogModuleManager: Display: Found up-to-date module file ../../../Engine/Plugins/Media/ImgMedia/Binaries/Win64/UE4Editor-ImgMediaFactory.dll (API version 3709383).
LogModuleManager: Display: Found up-to-date module file ../../../Engine/Plugins/Media/ImgMedia/Binaries/Win64/UE4Editor-ImgMediaFactory.dll (API version 3709383).
LogModuleManager: Display: Found up-to-date module file ../../../Engine/Plugins/Media/ImgMedia/Binaries/Win64/UE4Editor-OpenExrWrapper.dll (API version 3709383).
LogModuleManager: Display: Found up-to-date module file ../../../Engine/Plugins/Media/MediaCompositing/Binaries/Win64/UE4Editor-MediaCompositing.dll (API version 3709383).
LogModuleManager: Display: Found up-to-date module file ../../../Engine/Plugins/Media/MediaCompositing/Binaries/Win64/UE4Editor-MediaCompositingEditor.dll (API version 3709383).
LogModuleManager: Display: Found up-to-date module file ../../../Engine/Plugins/Media/MediaPlayerEditor/Binaries/Win64/UE4Editor-MediaPlayerEditor.dll (API version 3709383).
LogModuleManager: Display: Found up-to-date module file ../../../Engine/Plugins/Media/WmfMedia/Binaries/Win64/UE4Editor-WmfMedia.dll (API version 3709383).
LogModuleManager: Display: Found up-to-date module file ../../../Engine/Plugins/Media/WmfMedia/Binaries/Win64/UE4Editor-WmfMediaEditor.dll (API version 3709383).
LogModuleManager: Display: Found up-to-date module file ../../../Engine/Plugins/Media/WmfMedia/Binaries/Win64/UE4Editor-WmfMediaFactory.dll (API version 3709383).
LogModuleManager: Display: Found up-to-date module file ../../../Engine/Plugins/Media/WmfMedia/Binaries/Win64/UE4Editor-WmfMediaFactory.dll (API version 3709383).
LogModuleManager: Display: Found up-to-date module file ../../../Engine/Plugins/Messaging/TcpMessaging/Binaries/Win64/UE4Editor-TcpMessaging.dll (API version 3709383).
LogModuleManager: Display: Found up-to-date module file ../../../Engine/Plugins/Messaging/UdpMessaging/Binaries/Win64/UE4Editor-UdpMessaging.dll (API version 3709383).
LogModuleManager: Display: Found up-to-date module file ../../../Engine/Plugins/MovieScene/ActorSequence/Binaries/Win64/UE4Editor-ActorSequence.dll (API version 3709383).
LogModuleManager: Display: Found up-to-date module file ../../../Engine/Plugins/MovieScene/LevelSequenceEditor/Binaries/Win64/UE4Editor-LevelSequenceEditor.dll (API version 3709383).
LogModuleManager: Display: Found up-to-date module file ../../../Engine/Plugins/MovieScene/MatineeToLevelSequence/Binaries/Win64/UE4Editor-MatineeToLevelSequence.dll (API version 3709383).
LogModuleManager: Display: Found up-to-date module file ../../../Engine/Plugins/Online/OnlineSubsystem/Binaries/Win64/UE4Editor-OnlineSubsystem.dll (API version 3709383).
LogModuleManager: Display: Found up-to-date module file ../../../Engine/Plugins/Runtime/AndroidPermission/Binaries/Win64/UE4Editor-AndroidPermission.dll (API version 3709383).
LogModuleManager: Display: Found up-to-date module file ../../../Engine/Plugins/Online/OnlineSubsystemNull/Binaries/Win64/UE4Editor-OnlineSubsystemNull.dll (API version 3709383).
LogModuleManager: Display: Found up-to-date module file ../../../Engine/Plugins/Online/OnlineSubsystemUtils/Binaries/Win64/UE4Editor-OnlineSubsystemUtils.dll (API version 3709383).
LogModuleManager: Display: Found up-to-date module file ../../../Engine/Plugins/Online/OnlineSubsystemUtils/Binaries/Win64/UE4Editor-OnlineBlueprintSupport.dll (API version 3709383).
LogModuleManager: Display: Found up-to-date module file ../../../Engine/Plugins/Runtime/AndroidDeviceProfileSelector/Binaries/Win64/UE4Editor-AndroidDeviceProfileSelector.dll (API version 3709383).
LogModuleManager: Display: Found up-to-date module file ../../../Engine/Plugins/Runtime/AppleARKit/Binaries/Win64/UE4Editor-AppleARKit.dll (API version 3709383).
LogModuleManager: Display: Found up-to-date module file ../../../Engine/Plugins/Runtime/ArchVisCharacter/Binaries/Win64/UE4Editor-ArchVisCharacter.dll (API version 3709383).
LogModuleManager: Display: Found up-to-date module file ../../../Engine/Plugins/Runtime/CableComponent/Binaries/Win64/UE4Editor-CableComponent.dll (API version 3709383).
LogModuleManager: Display: Found up-to-date module file ../../../Engine/Plugins/Runtime/CustomMeshComponent/Binaries/Win64/UE4Editor-CustomMeshComponent.dll (API version 3709383).
LogModuleManager: Display: Found up-to-date module file ../../../Engine/Plugins/Runtime/ExampleDeviceProfileSelector/Binaries/Win64/UE4Editor-ExampleDeviceProfileSelector.dll (API version 3709383).
LogModuleManager: Display: Found up-to-date module file ../../../Engine/Plugins/Runtime/ImmediatePhysics/Binaries/Win64/UE4Editor-ImmediatePhysics.dll (API version 3709383).
LogModuleManager: Display: Found up-to-date module file ../../../Engine/Plugins/Runtime/ImmediatePhysics/Binaries/Win64/UE4Editor-ImmediatePhysicsEditor.dll (API version 3709383).
LogModuleManager: Display: Found up-to-date module file ../../../Engine/Plugins/Runtime/LocationServicesBPLibrary/Binaries/Win64/UE4Editor-LocationServicesBPLibrary.dll (API version 3709383).
LogModuleManager: Display: Found up-to-date module file ../../../Engine/Plugins/Runtime/MobilePatchingUtils/Binaries/Win64/UE4Editor-MobilePatchingUtils.dll (API version 3709383).
LogModuleManager: Display: Found up-to-date module file ../../../Engine/Plugins/Runtime/Oculus/OculusVR/Binaries/Win64/UE4Editor-OculusHMD.dll (API version 3709383).
LogModuleManager: Display: Found up-to-date module file ../../../Engine/Plugins/Runtime/Oculus/OculusVR/Binaries/Win64/UE4Editor-OculusInput.dll (API version 3709383).
LogModuleManager: Display: Found up-to-date module file ../../../Engine/Plugins/Runtime/Oculus/OculusVR/Binaries/Win64/UE4Editor-OculusEditor.dll (API version 3709383).
LogModuleManager: Display: Found up-to-date module file ../../../Engine/Plugins/Runtime/PhysXVehicles/Binaries/Win64/UE4Editor-PhysXVehicles.dll (API version 3709383).
LogModuleManager: Display: Found up-to-date module file ../../../Engine/Plugins/Runtime/PhysXVehicles/Binaries/Win64/UE4Editor-PhysXVehiclesEditor.dll (API version 3709383).
LogModuleManager: Display: Found up-to-date module file ../../../Engine/Plugins/Runtime/ProceduralMeshComponent/Binaries/Win64/UE4Editor-ProceduralMeshComponent.dll (API version 3709383).
LogModuleManager: Display: Found up-to-date module file ../../../Engine/Plugins/Runtime/ProceduralMeshComponent/Binaries/Win64/UE4Editor-ProceduralMeshComponentEditor.dll (API version 3709383).
LogModuleManager: Display: Found up-to-date module file ../../../Engine/Plugins/Runtime/RuntimePhysXCooking/Binaries/Win64/UE4Editor-RuntimePhysXCooking.dll (API version 3709383).
LogModuleManager: Display: Found up-to-date module file ../../../Engine/Plugins/Runtime/Steam/SteamVR/Binaries/Win64/UE4Editor-SteamVR.dll (API version 3709383).
LogModuleManager: Display: Found up-to-date module file ../../../Engine/Plugins/Runtime/Steam/SteamVR/Binaries/Win64/UE4Editor-SteamVRController.dll (API version 3709383).
LogModuleManager: Display: Found up-to-date module file ../../../Engine/Plugins/Runtime/WindowsMoviePlayer/Binaries/Win64/UE4Editor-WindowsMoviePlayer.dll (API version 3709383).
LogPluginManager: Mounting plugin Paper2D
LogPluginManager: Mounting plugin LightPropagationVolume
LogPluginManager: Mounting plugin CodeLiteSourceCodeAccess
LogPluginManager: Mounting plugin GitSourceControl
LogPluginManager: Mounting plugin KDevelopSourceCodeAccess
LogPluginManager: Mounting plugin NullSourceCodeAccess
LogPluginManager: Mounting plugin PerforceSourceControl
LogPluginManager: Mounting plugin SubversionSourceControl
LogPluginManager: Mounting plugin UObjectPlugin
LogPluginManager: Mounting plugin VisualStudioCodeSourceCodeAccess
LogPluginManager: Mounting plugin VisualStudioSourceCodeAccess
LogPluginManager: Mounting plugin XCodeSourceCodeAccess
LogPluginManager: Mounting plugin AssetManagerEditor
LogPluginManager: Mounting plugin AudioCapture
LogPluginManager: Mounting plugin FacialAnimation
LogPluginManager: Mounting plugin GameplayTagsEditor
LogPluginManager: Mounting plugin MobileLauncherProfileWizard
LogPluginManager: Mounting plugin PluginBrowser
LogPluginManager: Mounting plugin SpeedTreeImporter
LogPluginManager: Mounting plugin AlembicImporter
LogPluginManager: Mounting plugin CharacterAI
LogPluginManager: Mounting plugin HTML5Networking
LogPluginManager: Mounting plugin AndroidMedia
LogPluginManager: Mounting plugin AvfMedia
LogPluginManager: Mounting plugin ImgMedia
LogPluginManager: Mounting plugin MediaCompositing
LogPluginManager: Mounting plugin MediaPlayerEditor
LogPluginManager: Mounting plugin WmfMedia
LogPluginManager: Mounting plugin TcpMessaging
LogPluginManager: Mounting plugin UdpMessaging
LogPluginManager: Mounting plugin ActorSequence
LogPluginManager: Mounting plugin LevelSequenceEditor
LogPluginManager: Mounting plugin MatineeToLevelSequence
LogPluginManager: Mounting plugin OnlineSubsystemGooglePlay
LogPluginManager: Mounting plugin OnlineSubsystemIOS
LogPluginManager: Mounting plugin OnlineSubsystem
LogPluginManager: Mounting plugin OnlineSubsystemNull
LogPluginManager: Mounting plugin OnlineSubsystemUtils
LogPluginManager: Mounting plugin AndroidDeviceProfileSelector
LogPluginManager: Mounting plugin AndroidMoviePlayer
LogPluginManager: Mounting plugin AndroidPermission
LogPluginManager: Mounting plugin AppleARKit
LogPluginManager: Mounting plugin AppleMoviePlayer
LogPluginManager: Mounting plugin ArchVisCharacter
LogPluginManager: Mounting plugin CableComponent
LogPluginManager: Mounting plugin CustomMeshComponent
LogPluginManager: Mounting plugin ExampleDeviceProfileSelector
LogPluginManager: Mounting plugin GoogleCloudMessaging
LogPluginManager: Mounting plugin ImmediatePhysics
LogPluginManager: Mounting plugin IOSDeviceProfileSelector
LogPluginManager: Mounting plugin LinuxDeviceProfileSelector
LogPluginManager: Mounting plugin LocationServicesBPLibrary
LogPluginManager: Mounting plugin MobilePatchingUtils
LogPluginManager: Mounting plugin OculusVR
LogPluginManager: Plugin shader directory ../../../Engine/Plugins/Runtime/Oculus/OculusVR/Shaders found
LogPluginManager: Mapping shader source directory ../../../Engine/Plugins/Runtime/Oculus/OculusVR/Shaders to virtual directory /Plugin/OculusVR
LogPluginManager: Mounting plugin PhysXVehicles
LogPluginManager: Mounting plugin ProceduralMeshComponent
LogPluginManager: Mounting plugin RuntimePhysXCooking
LogPluginManager: Mounting plugin SteamVR
LogPluginManager: Mounting plugin WindowsMoviePlayer
LogInit: Using libcurl 7.47.1
LogInit:  - built for x86_64-pc-win32
LogInit:  - supports SSL with OpenSSL/1.0.2g
LogInit:  - supports HTTP deflate (compression) using libz 1.2.8
LogInit:  - other features:
LogInit:      CURL_VERSION_SSL
LogInit:      CURL_VERSION_LIBZ
LogInit:      CURL_VERSION_IPV6
LogInit:      CURL_VERSION_ASYNCHDNS
LogInit:      CURL_VERSION_LARGEFILE
LogInit:      CURL_VERSION_IDN
LogInit:  CurlRequestOptions (configurable via config and command line):
LogInit:  - bVerifyPeer = false  - Libcurl will NOT verify peer certificate
LogInit:  - bUseHttpProxy = false  - Libcurl will NOT use HTTP proxy
LogInit:  - bDontReuseConnections = false  - Libcurl will reuse connections
LogInit:  - CertBundlePath = nullptr  - Libcurl will use whatever was configured at build time.
LogInit: Build: ++UE4+Release-4.18-CL-3832480
LogInit: Engine Version: 4.18.3-3832480+++UE4+Release-4.18
LogInit: Compatible Engine Version: 4.18.0-3709383+++UE4+Release-4.18
LogInit: Net CL: 3709383
LogDevObjectVersion: Number of dev versions registered: 16
LogDevObjectVersion:   Dev-Blueprints (B0D832E4-1F89-4F0D-ACCF-7EB736FD4AA2): 10
LogDevObjectVersion:   Dev-Build (E1C64328-A22C-4D53-A36C-8E866417BD8C): 0
LogDevObjectVersion:   Dev-Core (375EC13C-06E4-48FB-B500-84F0262A717E): 2
LogDevObjectVersion:   Dev-Editor (E4B068ED-F494-42E9-A231-DA0B2E46BB41): 20
LogDevObjectVersion:   Dev-Framework (CFFC743F-43B0-4480-9391-14DF171D2073): 30
LogDevObjectVersion:   Dev-Mobile (B02B49B5-BB20-44E9-A304-32B752E40360): 0
LogDevObjectVersion:   Dev-Networking (A4E4105C-59A1-49B5-A7C5-40C4547EDFEE): 0
LogDevObjectVersion:   Dev-Online (39C831C9-5AE6-47DC-9A44-9C173E1C8E7C): 0
LogDevObjectVersion:   Dev-Physics (78F01B33-EBEA-4F98-B9B4-84EACCB95AA2): 0
LogDevObjectVersion:   Dev-Platform (6631380F-2D4D-43E0-8009-CF276956A95A): 0
LogDevObjectVersion:   Dev-Rendering (12F88B9F-8875-4AFC-A67C-D90C383ABD29): 20
LogDevObjectVersion:   Dev-Sequencer (7B5AE74C-D270-4C10-A958-57980B212A5A): 4
LogDevObjectVersion:   Dev-VR (D7296918-1DD6-4BDD-9DE2-64A83CC13884): 0
LogDevObjectVersion:   Dev-LoadTimes (C2A15278-BFE7-4AFE-6C17-90FF531DF755): 1
LogDevObjectVersion:   Private-Geometry (6EACA3D4-40EC-4CC1-B786-8BED09428FC5): 1
LogDevObjectVersion:   Dev-AnimPhys (29E575DD-E0A3-4627-9D10-D276232CDCEA): 12
LogInit: Compiled (64-bit): Jan 12 2018 02:04:55
LogInit: Compiled with Visual C++: 19.00.24215.01
LogInit: Build Configuration: Development
LogInit: Branch Name: ++UE4+Release-4.18
LogInit: Command line: 
LogInit: Base directory: C:/Program Files/Epic Games/UE_4.18/Engine/Binaries/Win64/
LogInit: Installed Engine Build: 1
LogInit: Presizing for max 8388607 objects, including 0 objects not considered by GC, pre-allocating 0 bytes for permanent pool.
LogInit: Object subsystem initialized
[2019.11.05-19.36.20:560][  0]LogInit: Selected Device Profile: [Windows]
[2019.11.05-19.36.20:560][  0]LogInit: Applying CVar settings loaded from the selected device profile: [Windows]
[2019.11.05-19.36.20:633][  0]LogInit: Computer: LAPTOP-FD302QU7
[2019.11.05-19.36.20:633][  0]LogInit: User: cp283
[2019.11.05-19.36.20:633][  0]LogInit: CPU Page size=4096, Cores=4
[2019.11.05-19.36.20:633][  0]LogInit: High frequency timer resolution =10.000000 MHz
[2019.11.05-19.36.20:633][  0]LogMemory: Memory total: Physical=7.9GB (8GB approx)
[2019.11.05-19.36.20:633][  0]LogMemory: Platform Memory Stats for Windows
[2019.11.05-19.36.20:633][  0]LogMemory: Process Physical Memory: 274.85 MB used, 274.85 MB peak
[2019.11.05-19.36.20:633][  0]LogMemory: Process Virtual Memory: 263.77 MB used, 263.77 MB peak
[2019.11.05-19.36.20:633][  0]LogMemory: Physical Memory: 6099.13 MB used,  1955.02 MB free, 8054.15 MB total
[2019.11.05-19.36.20:633][  0]LogMemory: Virtual Memory: 4742.72 MB used,  1955.02 MB free, 134217728.00 MB total
[2019.11.05-19.36.21:342][  0]LogInit: Using OS detected language (en-US).
[2019.11.05-19.36.21:342][  0]LogInit: Using OS detected locale (en-US).
[2019.11.05-19.36.21:347][  0]LogTextLocalizationManager: No specific localization for 'en-US' exists, so the 'en' localization will be used.
[2019.11.05-19.36.22:806][  0]LogInit: Setting process to per monitor DPI aware
[2019.11.05-19.36.32:656][  0]LogD3D11RHI: D3D11 adapters:
[2019.11.05-19.36.32:782][  0]LogD3D11RHI:    0. 'NVIDIA GeForce GTX 1050' (Feature Level 11_0)
[2019.11.05-19.36.32:782][  0]LogD3D11RHI:       4021/0/4027 MB DedicatedVideo/DedicatedSystem/SharedSystem, Outputs:1, VendorId:0x10de
[2019.11.05-19.36.32:814][  0]LogD3D11RHI:    1. 'Intel(R) HD Graphics 630' (Feature Level 11_0)
[2019.11.05-19.36.32:814][  0]LogD3D11RHI:       128/0/4027 MB DedicatedVideo/DedicatedSystem/SharedSystem, Outputs:0, VendorId:0x8086
[2019.11.05-19.36.32:836][  0]LogD3D11RHI:    2. 'Microsoft Basic Render Driver' (Feature Level 11_0)
[2019.11.05-19.36.32:836][  0]LogD3D11RHI:       0/0/4027 MB DedicatedVideo/DedicatedSystem/SharedSystem, Outputs:0, VendorId:0x1414
[2019.11.05-19.36.32:836][  0]LogD3D11RHI: Chosen D3D11 Adapter: 0
[2019.11.05-19.36.32:900][  0]LogD3D11RHI: Creating new Direct3DDevice
[2019.11.05-19.36.32:900][  0]LogD3D11RHI:     GPU DeviceId: 0x1c8d (for the marketing name, search the web for "GPU Device Id")
[2019.11.05-19.36.32:900][  0]LogWindows: EnumDisplayDevices:
[2019.11.05-19.36.32:901][  0]LogWindows:    0. 'Intel(R) HD Graphics 630' (P:1 D:1)
[2019.11.05-19.36.32:901][  0]LogWindows:    1. 'Intel(R) HD Graphics 630' (P:0 D:0)
[2019.11.05-19.36.32:901][  0]LogWindows:    2. 'Intel(R) HD Graphics 630' (P:0 D:0)
[2019.11.05-19.36.32:902][  0]LogWindows: DebugString: GetVideoDriverDetailsInvalid PrimaryIsNotTheChoosenAdapter GetVideoDriverDetailsInvalid PrimaryIsNotTheChoosenAdapter GetVideoDriverDetailsInvalid PrimaryIsNotTheChoosenAdapter FoundDriverCount:0 
[2019.11.05-19.36.32:902][  0]LogD3D11RHI:     Adapter Name: NVIDIA GeForce GTX 1050
[2019.11.05-19.36.32:902][  0]LogD3D11RHI:   Driver Version: Unknown (internal:Unknown, unified:Unknown)
[2019.11.05-19.36.32:902][  0]LogD3D11RHI:      Driver Date: Unknown
[2019.11.05-19.36.32:902][  0]LogRHI: Texture pool is 2814 MB (70% of 4021 MB)
[2019.11.05-19.36.32:969][  0]LogD3D11RHI: Async texture creation enabled
[2019.11.05-19.36.32:990][  0]LogD3D11RHI: GPU Timing Frequency: 1000.000000 (Debug: 2 1)
[2019.11.05-19.36.32:991][  0]LogShaderCompilers: Guid format shader working directory is -61 characters bigger than the processId version (../../../../../../Users/cp283/OneDrive/Documents/Unreal Projects/SugarKnight_SaltySour/SKnightPrototype_01/Intermediate/Shaders/WorkingDirectory/12432/).
[2019.11.05-19.36.32:992][  0]LogShaderCompilers: Cleaned the shader compiler working directory 'C:/Users/cp283/AppData/Local/Temp/UnrealShaderWorkingDir/D813FADC412A6ED2AC96EF9EB9B4303F/'.
[2019.11.05-19.36.32:992][  0]LogShaderCompilers: Display: Using Local Shader Compiler.
[2019.11.05-19.36.42:299][  0]LogTemp: Display: Loaded TP AllDesktopTargetPlatform
[2019.11.05-19.36.42:454][  0]LogTemp: Display: Loaded TP MacClientTargetPlatform
[2019.11.05-19.36.42:582][  0]LogTemp: Display: Loaded TP MacNoEditorTargetPlatform
[2019.11.05-19.36.42:698][  0]LogTemp: Display: Loaded TP MacServerTargetPlatform
[2019.11.05-19.36.42:848][  0]LogTemp: Display: Loaded TP MacTargetPlatform
[2019.11.05-19.36.42:971][  0]LogTemp: Display: Loaded TP WindowsClientTargetPlatform
[2019.11.05-19.36.43:089][  0]LogTemp: Display: Loaded TP WindowsNoEditorTargetPlatform
[2019.11.05-19.36.43:295][  0]LogTemp: Display: Loaded TP WindowsServerTargetPlatform
[2019.11.05-19.36.43:429][  0]LogTemp: Display: Loaded TP WindowsTargetPlatform
[2019.11.05-19.36.43:543][  0]LogTemp: Display: Loaded TP Android_ASTCTargetPlatform
[2019.11.05-19.36.43:654][  0]LogTemp: Display: Loaded TP Android_ATCTargetPlatform
[2019.11.05-19.36.43:781][  0]LogTemp: Display: Loaded TP Android_DXTTargetPlatform
[2019.11.05-19.36.43:916][  0]LogTemp: Display: Loaded TP Android_ETC1TargetPlatform
[2019.11.05-19.36.44:044][  0]LogTemp: Display: Loaded TP Android_ETC2TargetPlatform
[2019.11.05-19.36.44:343][  0]LogTemp: Display: Loaded TP Android_MultiTargetPlatform
[2019.11.05-19.36.44:343][  0]LogTemp: Display: Loaded TP Android_PVRTCTargetPlatform
[2019.11.05-19.36.44:514][  0]LogTemp: Display: Loaded TP AndroidTargetPlatform
[2019.11.05-19.36.44:640][  0]LogTemp: Display: Loaded TP HTML5TargetPlatform
[2019.11.05-19.36.44:956][  0]LogTemp: Display: Loaded TP IOSTargetPlatform
[2019.11.05-19.36.45:028][  0]LogTemp: Display: Loaded TP TVOSTargetPlatform
[2019.11.05-19.36.45:141][  0]LogTemp: Display: Loaded TP LinuxClientTargetPlatform
[2019.11.05-19.36.45:261][  0]LogTemp: Display: Loaded TP LinuxNoEditorTargetPlatform
[2019.11.05-19.36.45:433][  0]LogTemp: Display: Loaded TP LinuxServerTargetPlatform
[2019.11.05-19.36.45:607][  0]LogTemp: Display: Loaded TP LinuxTargetPlatform
[2019.11.05-19.36.45:607][  0]LogTargetPlatformManager: Display: Building Assets For Windows
[2019.11.05-19.36.47:473][  0]LogDerivedDataCache: Display: Max Cache Size: 512 MB
[2019.11.05-19.36.48:902][  0]LogDerivedDataCache: Loaded boot cache 1.43s 78MB C:/Users/cp283/AppData/Local/UnrealEngine/4.18/DerivedDataCache/Boot.ddc.
[2019.11.05-19.36.48:902][  0]LogDerivedDataCache: Display: Loaded Boot cache: C:/Users/cp283/AppData/Local/UnrealEngine/4.18/DerivedDataCache/Boot.ddc
[2019.11.05-19.36.48:902][  0]LogDerivedDataCache: FDerivedDataBackendGraph:  Pak pak cache file ../../../../../../Users/cp283/OneDrive/Documents/Unreal Projects/SugarKnight_SaltySour/SKnightPrototype_01/DerivedDataCache/DDC.ddp not found, will not use a pak cache.
[2019.11.05-19.36.48:902][  0]LogDerivedDataCache: Unable to find inner node Pak for hierarchical cache Hierarchy.
[2019.11.05-19.36.48:903][  0]LogDerivedDataCache: FDerivedDataBackendGraph:  CompressedPak pak cache file ../../../../../../Users/cp283/OneDrive/Documents/Unreal Projects/SugarKnight_SaltySour/SKnightPrototype_01/DerivedDataCache/Compressed.ddp not found, will not use a pak cache.
[2019.11.05-19.36.48:903][  0]LogDerivedDataCache: Unable to find inner node CompressedPak for hierarchical cache Hierarchy.
[2019.11.05-19.36.48:927][  0]LogDerivedDataCache: Display: Pak cache opened for reading ../../../Engine/DerivedDataCache/Compressed.ddp.
[2019.11.05-19.36.48:940][  0]LogDerivedDataCache: Using Local data cache path C:/Users/cp283/AppData/Local/UnrealEngine/Common/DerivedDataCache: Writable
[2019.11.05-19.36.48:950][  0]LogMaterial: Verifying Global Shaders for PCD3D_SM5
[2019.11.05-19.36.48:951][  0]LogSlate: Using Freetype 2.6.0
[2019.11.05-19.36.48:952][  0]LogSlate: SlateFontCache - WITH_FREETYPE: 1, WITH_HARFBUZZ: 1
[2019.11.05-19.36.48:952][  0]LogSlate: SlateFontCache - WITH_FREETYPE: 1, WITH_HARFBUZZ: 1
[2019.11.05-19.36.53:192][  0]LogInit: Selected Device Profile: [Windows]
[2019.11.05-19.36.54:214][  0]LogSimplygon: Simplygon DLL not present - disabling.
[2019.11.05-19.36.54:346][  0]LogMeshReduction: Using SimplygonSwarm for distributed automatic mesh merging
[2019.11.05-19.36.54:346][  0]LogMeshReduction: Using QuadricMeshReduction for automatic static mesh reduction
[2019.11.05-19.36.54:346][  0]LogMeshReduction: No automatic skeletal mesh reduction module available
[2019.11.05-19.36.54:346][  0]LogMeshReduction: No automatic mesh merging module available
[2019.11.05-19.36.54:346][  0]LogMeshMerging: No automatic mesh merging module available
[2019.11.05-19.36.54:397][  0]LogNetVersion: SKnightPrototype_01 , NetCL: 3709383, EngineNetVer: 2, GameNetVer: 0 (Checksum: 431312611)
[2019.11.05-19.36.54:741][  0]LogAssetRegistry: FAssetRegistry took 0.0278 seconds to start up
[2019.11.05-19.36.55:765][  0]LogPackageLocalizationCache: Processed 7 localized package path(s) for 2 prioritized culture(s) in 0.145944 seconds
[2019.11.05-19.36.55:772][  0]LogUObjectArray: 35870 objects as part of root set at end of initial load.
[2019.11.05-19.36.55:772][  0]LogUObjectAllocator: 7363696 out of 0 bytes used by permanent object pool.
[2019.11.05-19.36.55:772][  0]LogUObjectArray: CloseDisregardForGC: 0/0 objects in disregard for GC pool
[2019.11.05-19.36.55:943][  0]LogInit: WinSock: version 1.1 (2.2), MaxSocks=32767, MaxUdp=65467
[2019.11.05-19.37.38:843][  0]LogTcpMessaging: Initializing TcpMessaging bridge
[2019.11.05-19.37.38:950][  0]LogUdpMessaging: Initializing bridge on interface 0.0.0.0:0 to multicast group 230.0.0.1:6666.
[2019.11.05-19.37.41:493][  0]LogMaterial: Uniform references updated for custom material expression Custom.
[2019.11.05-19.37.42:811][  0]SourceControl: Source control is disabled
[2019.11.05-19.37.42:811][  0]SourceControl: Source control is disabled
[2019.11.05-19.37.42:971][  0]SourceControl: Source control is disabled
[2019.11.05-19.37.43:148][  0]SourceControl: Source control is disabled
[2019.11.05-19.37.46:014][  0]LogAndroidPermission: UAndroidPermissionCallbackProxy::GetInstance
[2019.11.05-19.37.46:780][  0]LogOcInput: OculusInput pre-init called
[2019.11.05-19.37.47:762][  0]LogEngine: Initializing Engine...
[2019.11.05-19.37.47:766][  0]LogHMD: Failed to initialize OpenVR with code 110
[2019.11.05-19.37.48:183][  0]LogStats: UGameplayTagsManager::ConstructGameplayTagTree: Construct from data asset -  0.000 s
[2019.11.05-19.37.48:183][  0]LogStats: UGameplayTagsManager::ConstructGameplayTagTree: GameplayTagTreeChangedEvent.Broadcast -  0.000 s
[2019.11.05-19.37.48:678][  0]LogAIModule: Creating AISystem for world Untitled
[2019.11.05-19.37.48:730][  0]LogInit: XAudio2 using 'Speakers / Headphones (Realtek Audio)' : 2 channels at 48 kHz using 32 bits per sample (channel mask 0x3)
[2019.11.05-19.37.49:121][  0]LogInit: FAudioDevice initialized.
[2019.11.05-19.37.49:738][  0]LogDerivedDataCache: Saved boot cache 0.62s 78MB C:/Users/cp283/AppData/Local/UnrealEngine/4.18/DerivedDataCache/Boot.ddc.
[2019.11.05-19.37.49:753][  0]LogInit: Texture streaming: Enabled
[2019.11.05-19.37.51:592][  0]LogEngineSessionManager: EngineSessionManager initialized
[2019.11.05-19.37.51:610][  0]LogEngineSessionManager: EngineSessionManager sent abnormal shutdown report. Type=Crashed, SessionId={75803D0D-4D07-BA3D-FF44-63973392EC9B}
[2019.11.05-19.37.51:961][  0]LogInit: Transaction tracking system initialized
[2019.11.05-19.37.53:036][  0]BlueprintLog: New page: Editor Load
[2019.11.05-19.37.56:176][  0]LocalizationService: Localization service is disabled
[2019.11.05-19.37.58:550][  0]LogConsoleResponse: Display: 
[2019.11.05-19.37.59:776][  0]LogCook: Display: Max memory allowance for cook 16384mb min free memory 0mb
[2019.11.05-19.37.59:776][  0]LogCook: Display: Mobile HDR setting 1
[2019.11.05-19.37.59:776][  0]LogGameplayTags: Display: UGameplayTagsManager::DoneAddingNativeTags. DelegateIsBound: 0
[2019.11.05-19.38.00:257][  0]LogFileCache: Scanning file cache for directory 'C:/Users/cp283/OneDrive/Documents/Unreal Projects/SugarKnight_SaltySour/SKnightPrototype_01/Content/' took 0.02s
[2019.11.05-19.38.03:859][  0]SourceControl: Source control is disabled
[2019.11.05-19.38.03:871][  0]LightingResults: New page: Lighting Build
[2019.11.05-19.38.03:967][  0]MapCheck: New page: Map Check
[2019.11.05-19.38.03:967][  0]LightingResults: New page: Lighting Build
[2019.11.05-19.38.04:840][  0]LogLinker: Warning: Can't find file '/Game/SideScrollerBP/Maps/SideScrollerExampleMap_BuiltData'
[2019.11.05-19.38.04:840][  0]LogLinker: Warning: Can't find file for asset '/Game/SideScrollerBP/Maps/SideScrollerExampleMap_BuiltData' while loading ../../../../../../Users/cp283/OneDrive/Documents/Unreal Projects/SugarKnight_SaltySour/SKnightPrototype_01/Content/SideScrollerBP/Maps/SideScrollerExampleMap.umap.
[2019.11.05-19.38.04:840][  0]LoadErrors: Error: /Game/SideScrollerBP/Maps/SideScrollerExampleMap : Can't find file for asset. /Game/SideScrollerBP/Maps/SideScrollerExampleMap_BuiltData
[2019.11.05-19.38.05:054][  0]LogLinker: Warning: Can't find file '/Game/SideScrollerBP/Maps/SideScrollerExampleMap_BuiltData'
[2019.11.05-19.38.05:054][  0]LogLinker: Warning: Can't find file for asset '/Game/SideScrollerBP/Maps/SideScrollerExampleMap_BuiltData' while loading ../../../../../../Users/cp283/OneDrive/Documents/Unreal Projects/SugarKnight_SaltySour/SKnightPrototype_01/Content/SideScrollerBP/Maps/SideScrollerExampleMap.umap.
[2019.11.05-19.38.05:054][  0]LoadErrors: Error: /Game/SideScrollerBP/Maps/SideScrollerExampleMap : Can't find file for asset. /Game/SideScrollerBP/Maps/SideScrollerExampleMap_BuiltData
[2019.11.05-19.38.05:131][  0]LogLinker: Warning: Can't find file '/Game/SideScrollerBP/Maps/SideScrollerExampleMap_BuiltData'
[2019.11.05-19.38.05:131][  0]LogLinker: Warning: Can't find file for asset '/Game/SideScrollerBP/Maps/SideScrollerExampleMap_BuiltData' while loading NULL.
[2019.11.05-19.38.05:131][  0]LogLinker: Warning: Can't find file '/Game/SideScrollerBP/Maps/SideScrollerExampleMap_BuiltData'
[2019.11.05-19.38.05:132][  0]LogLinker: Warning: Can't find file for asset '/Game/SideScrollerBP/Maps/SideScrollerExampleMap_BuiltData' while loading NULL.
[2019.11.05-19.38.05:338][  0]LogLinker: Warning: Can't find file '/Game/SideScrollerBP/Maps/SideScrollerExampleMap_BuiltData'
[2019.11.05-19.38.05:338][  0]LoadErrors: Failed to load /Game/SideScrollerBP/Maps/SideScrollerExampleMap_BuiltData.SideScrollerExampleMap_BuiltData Referenced by PersistentLevel
[2019.11.05-19.38.05:338][  0]LogLinker: Warning: Can't find file for asset '/Game/SideScrollerBP/Maps/SideScrollerExampleMap_BuiltData' while loading NULL.
[2019.11.05-19.38.05:338][  0]LoadErrors: Failed to load /Game/SideScrollerBP/Maps/SideScrollerExampleMap_BuiltData.SideScrollerExampleMap_BuiltData Referenced by PersistentLevel
[2019.11.05-19.38.07:745][  0]LogAIModule: Creating AISystem for world SideScrollerExampleMap
[2019.11.05-19.38.07:912][  0]LogScript: Warning: Accessed None trying to read property Kane
	Kane_AnimBP_C /Game/SideScrollerBP/Maps/SideScrollerExampleMap.SideScrollerExampleMap:PersistentLevel.SideScrollerCharacter_78.CharacterMesh0.Kane_AnimBP_C_0
	Function /Game/Characters/Kane/Animations/Kane_AnimBP.Kane_AnimBP_C:ExecuteUbergraph_Kane_AnimBP:05F3
[2019.11.05-19.38.07:913][  0]LogScript: Warning: Accessed None trying to read property Kane
	Kane_AnimBP_C /Game/SideScrollerBP/Maps/SideScrollerExampleMap.SideScrollerExampleMap:PersistentLevel.SideScrollerCharacter_78.CharacterMesh0.Kane_AnimBP_C_0
	Function /Game/Characters/Kane/Animations/Kane_AnimBP.Kane_AnimBP_C:ExecuteUbergraph_Kane_AnimBP:05B8
[2019.11.05-19.38.07:937][  0]LogEditorServer: Finished looking for orphan Actors (0.000 secs)
[2019.11.05-19.38.07:978][  0]Cmd: MAP CHECKDEP NOCLEARLOG
[2019.11.05-19.38.08:093][  0]MapCheck: Map check complete: 0 Error(s), 0 Warning(s), took 115.45ms to complete.
[2019.11.05-19.38.08:093][  0]LogFileHelpers: Loading map 'SideScrollerExampleMap' took 4.234
[2019.11.05-19.38.08:485][  0]LogCollectionManager: Loaded 0 collections in 0.003444 seconds
[2019.11.05-19.38.08:647][  0]LogFileCache: Scanning file cache for directory 'C:/Users/cp283/OneDrive/Documents/Unreal Projects/SugarKnight_SaltySour/SKnightPrototype_01/Saved/Collections/' took 0.01s
[2019.11.05-19.38.08:647][  0]LogFileCache: Scanning file cache for directory 'C:/Users/cp283/OneDrive/Documents/Unreal Projects/SugarKnight_SaltySour/SKnightPrototype_01/Content/Developers/cp283/Collections/' took 0.01s
[2019.11.05-19.38.08:647][  0]LogFileCache: Scanning file cache for directory 'C:/Users/cp283/OneDrive/Documents/Unreal Projects/SugarKnight_SaltySour/SKnightPrototype_01/Content/Collections/' took 0.01s
[2019.11.05-19.38.08:647][  0]LogCollectionManager: Rebuilt the GUID cache for 0 collections in 0.000000 seconds
[2019.11.05-19.38.08:658][  0]LogContentBrowser: Native class hierarchy populated in 0.0103 seconds. Added 2363 classes and 519 folders.
[2019.11.05-19.38.08:809][  0]LogContentBrowser: Native class hierarchy updated for 'WidgetCarousel' in 0.0003 seconds. Added 0 classes and 0 folders.
[2019.11.05-19.38.10:425][  0]LogContentBrowser: Native class hierarchy updated for 'AddContentDialog' in 0.0003 seconds. Added 0 classes and 0 folders.
[2019.11.05-19.38.10:583][  0]LogContentBrowser: Native class hierarchy updated for 'SceneOutliner' in 0.0003 seconds. Added 1 classes and 2 folders.
[2019.11.05-19.38.10:661][  0]LogSlate: Took 0.000344 seconds to synchronously load lazily loaded font '../../../Engine/Content/Slate/Fonts/Roboto-Regular.ttf' (155K)
[2019.11.05-19.38.10:664][  0]LogSlate: Took 0.000397 seconds to synchronously load lazily loaded font '../../../Engine/Content/Slate/Fonts/Roboto-Bold.ttf' (160K)
[2019.11.05-19.38.10:690][  0]LogSlate: Took 0.019441 seconds to synchronously load lazily loaded font '../../../Engine/Content/Editor/Slate/Fonts/FontAwesome.ttf' (139K)
[2019.11.05-19.38.10:928][  0]LogRenderer: Reallocating scene render targets to support 1208x576 Format 10 NumSamples 1 (Frame:1).
[2019.11.05-19.38.11:564][  0]LogContentBrowser: Native class hierarchy updated for 'HierarchicalLODOutliner' in 0.0004 seconds. Added 1 classes and 2 folders.
[2019.11.05-19.38.11:565][  0]LogLoad: (Engine Initialization) Total time: 123.84 seconds
[2019.11.05-19.38.11:565][  0]LogLoad: (Engine Initialization) Total Blueprint compile time: 0.00 seconds
[2019.11.05-19.38.11:579][  0]LogExternalProfiler: No external profilers were discovered.  External profiling features will not be available.
[2019.11.05-19.38.12:341][  0]LogContentStreaming: Texture pool size now 1000 MB
[2019.11.05-19.38.12:685][  0]LogSlate: Took 0.024685 seconds to synchronously load lazily loaded font '../../../Engine/Content/Slate/Fonts/Roboto-Light.ttf' (159K)
[2019.11.05-19.38.13:812][  2]LogAssetRegistry: Asset discovery search completed in 79.0938 seconds
[2019.11.05-19.38.13:845][  2]LogCollectionManager: Rebuilt the object cache for 0 collections in 0.000000 seconds (found 0 objects)
[2019.11.05-19.38.13:845][  2]LogCollectionManager: Fixed up redirectors for 0 collections in 0.000092 seconds (updated 0 objects)
[2019.11.05-19.38.14:107][  2]LogSlate: Took 0.000395 seconds to synchronously load lazily loaded font '../../../Engine/Content/Slate/Fonts/Roboto-Light.ttf' (159K)
[2019.11.05-19.41.42:045][883]LogScript: Warning: Accessed None trying to read property Kane
	Kane_AnimBP_C /Engine/Transient.World_3:PersistentLevel.SideScrollerCharacter_C_0.CharacterMesh0.Kane_AnimBP_C_0
	Function /Game/Characters/Kane/Animations/Kane_AnimBP.Kane_AnimBP_C:ExecuteUbergraph_Kane_AnimBP:05F3
[2019.11.05-19.41.42:045][883]LogScript: Warning: Accessed None trying to read property Kane
	Kane_AnimBP_C /Engine/Transient.World_3:PersistentLevel.SideScrollerCharacter_C_0.CharacterMesh0.Kane_AnimBP_C_0
	Function /Game/Characters/Kane/Animations/Kane_AnimBP.Kane_AnimBP_C:ExecuteUbergraph_Kane_AnimBP:05B8
[2019.11.05-19.41.48:223][ 38]LogSlate: Took 0.000251 seconds to synchronously load lazily loaded font '../../../Engine/Content/Slate/Fonts/Roboto-Light.ttf' (159K)
[2019.11.05-19.41.48:908][ 38]LogSlate: Took 0.000208 seconds to synchronously load lazily loaded font '../../../Engine/Content/Slate/Fonts/Roboto-Regular.ttf' (155K)
[2019.11.05-19.41.49:311][ 38]LogContentBrowser: Native class hierarchy updated for 'BlueprintGraph' in 0.0006 seconds. Added 116 classes and 0 folders.
[2019.11.05-19.41.51:267][ 38]LogSlate: Took 0.259022 seconds to synchronously load lazily loaded font '../../../Engine/Content/Editor/Slate/Fonts/Roboto-BoldCondensed.ttf' (158K)
[2019.11.05-19.44.23:447][ 72]LogSlate: Took 0.029553 seconds to synchronously load lazily loaded font '../../../Engine/Content/Editor/Slate/Fonts/Roboto-Italic.ttf' (157K)
[2019.11.05-19.47.46:213][498]LogD3D11RHI: Error: Result failed 
 at D:\Build\++UE4+Release-4.18+Compile\Sync\Engine\Source\Runtime\Windows\D3D11RHI\Private\D3D11Query.cpp:134 
 with error DXGI_ERROR_DEVICE_REMOVED DXGI_ERROR_DEVICE_HUNG
[2019.11.05-19.47.46:213][498]LogWindows: Windows GetLastError: The operation completed successfully. (0)
[2019.11.05-19.48.04:151][498]LogWindows: Windows GetLastError: The operation completed successfully. (0)
[2019.11.05-19.48.04:268][498]LogWindows: Error: === Critical error: ===
[2019.11.05-19.48.04:268][498]LogWindows: Error: 
[2019.11.05-19.48.04:268][498]LogWindows: Error: Fatal error: [File:D:\Build\++UE4+Release-4.18+Compile\Sync\Engine\Source\Runtime\RenderCore\Private\RenderingThread.cpp] [Line: 813] 
[2019.11.05-19.48.04:268][498]LogWindows: Error: Rendering thread exception:
[2019.11.05-19.48.04:268][498]LogWindows: Error: Fatal error: [File:D:\Build\++UE4+Release-4.18+Compile\Sync\Engine\Source\Runtime\Windows\D3D11RHI\Private\D3D11Util.cpp] [Line: 182] 
[2019.11.05-19.48.04:269][498]LogWindows: Error: Unreal Engine is exiting due to D3D device being lost. (Error: 0x887A0006 - 'HUNG')
[2019.11.05-19.48.04:269][498]LogWindows: Error: 
[2019.11.05-19.48.04:269][498]LogWindows: Error: 
[2019.11.05-19.48.04:269][498]LogWindows: Error: [Callstack] 0x00000000F6A9A839 KERNELBASE.dll!UnknownFunction []
[2019.11.05-19.48.04:269][498]LogWindows: Error: [Callstack] 0x00000000D51476D4 UE4Editor-ApplicationCore.dll!UnknownFunction []
[2019.11.05-19.48.04:269][498]LogWindows: Error: [Callstack] 0x00000000A8BC330B UE4Editor-Core.dll!UnknownFunction []
[2019.11.05-19.48.04:269][498]LogWindows: Error: [Callstack] 0x00000000A8B547F9 UE4Editor-Core.dll!UnknownFunction []
[2019.11.05-19.48.04:269][498]LogWindows: Error: [Callstack] 0x00000000B89A79FF UE4Editor-D3D11RHI.dll!UnknownFunction []
[2019.11.05-19.48.04:269][498]LogWindows: Error: [Callstack] 0x00000000B89ABBC0 UE4Editor-D3D11RHI.dll!UnknownFunction []
[2019.11.05-19.48.04:269][498]LogWindows: Error: [Callstack] 0x00000000B8983EFA UE4Editor-D3D11RHI.dll!UnknownFunction []
[2019.11.05-19.48.04:269][498]LogWindows: Error: [Callstack] 0x00000000B89985A8 UE4Editor-D3D11RHI.dll!UnknownFunction []
[2019.11.05-19.48.04:269][498]LogWindows: Error: [Callstack] 0x00000000E73EE4F7 UE4Editor-RHI.dll!UnknownFunction []
[2019.11.05-19.48.04:269][498]LogWindows: Error: [Callstack] 0x00000000B8770B45 UE4Editor-SlateRHIRenderer.dll!UnknownFunction []
[2019.11.05-19.48.04:269][498]LogWindows: Error: [Callstack] 0x00000000B87760A9 UE4Editor-SlateRHIRenderer.dll!UnknownFunction []
[2019.11.05-19.48.04:269][498]LogWindows: Error: [Callstack] 0x00000000A8A24845 UE4Editor-Core.dll!UnknownFunction []
[2019.11.05-19.48.04:269][498]LogWindows: Error: [Callstack] 0x00000000A8A24E2A UE4Editor-Core.dll!UnknownFunction []
[2019.11.05-19.48.04:269][498]LogWindows: Error: [Callstack] 0x00000000ECFC22C4 UE4Editor-RenderCore.dll!UnknownFunction []
[2019.11.05-19.48.04:269][498]LogWindows: Error: [Callstack] 0x00000000ECFC32F6 UE4Editor-RenderCore.dll!UnknownFunction []
[2019.11.05-19.48.04:269][498]LogWindows: Error: [Callstack] 0x00000000A8DC092C UE4Editor-Core.dll!UnknownFunction []
[2019.11.05-19.48.04:269][498]LogWindows: Error: [Callstack] 0x00000000A8DB2563 UE4Editor-Core.dll!UnknownFunction []
[2019.11.05-19.48.04:269][498]LogWindows: Error: [Callstack] 0x00000000F83D7BD4 KERNEL32.DLL!UnknownFunction []
[2019.11.05-19.48.04:269][498]LogWindows: Error: [Callstack] 0x00000000F8CCCED1 ntdll.dll!UnknownFunction []
[2019.11.05-19.48.04:269][498]LogWindows: Error: [Callstack] 0x00000000F8CCCED1 ntdll.dll!UnknownFunction []
[2019.11.05-19.48.04:269][498]LogWindows: Error: 
[2019.11.05-19.48.04:269][498]LogWindows: Error: 
[2019.11.05-19.48.04:269][498]LogWindows: Error: 
[2019.11.05-19.48.04:269][498]LogWindows: Error: 
[2019.11.05-19.48.04:317][498]LogExit: Executing StaticShutdownAfterError
[2019.11.05-19.48.04:438][498]LogWindows: FPlatformMisc::RequestExit(1)
[2019.11.05-19.48.04:569][498]Log file closed, 11/05/19 14:48:04
