Log file open, 11/05/19 14:13:20
LogWindows: Failed to load 'aqProf.dll' (GetLastError=126)
LogWindows: File 'aqProf.dll' does not exist
LogWindows: Failed to load 'VSPerf140.dll' (GetLastError=126)
LogWindows: File 'VSPerf140.dll' does not exist
LogWindows: Failed to load 'VtuneApi.dll' (GetLastError=126)
LogWindows: File 'VtuneApi.dll' does not exist
LogWindows: Failed to load 'VtuneApi32e.dll' (GetLastError=126)
LogWindows: File 'VtuneApi32e.dll' does not exist
LogInit: Display: Running engine for game: SKnightPrototype_01
LogPlatformFile: Not using cached read wrapper
LogInit: Display: RandInit(1912966709) SRandInit(1912966709).
LogInit: Read version file with build ID '3709383'
LogInit: Overriding engine version to CL 3832480, compatible CL 3709383
LogInit: Registered custom module enumerator with build ID '3709383'
LogTaskGraph: Started task graph with 5 named threads and 14 total threads with 3 sets of task threads.
LogStats: Stats thread started at 17.377882
LogD3D11RHI: Aftermath initialized
LogModuleManager: Display: Found up-to-date module file ../../../Engine/Plugins/2D/Paper2D/Binaries/Win64/UE4Editor-Paper2D.dll (API version 3709383).
LogModuleManager: Display: Found up-to-date module file ../../../Engine/Plugins/2D/Paper2D/Binaries/Win64/UE4Editor-Paper2DEditor.dll (API version 3709383).
LogModuleManager: Display: Found up-to-date module file ../../../Engine/Plugins/2D/Paper2D/Binaries/Win64/UE4Editor-PaperSpriteSheetImporter.dll (API version 3709383).
LogModuleManager: Display: Found up-to-date module file ../../../Engine/Plugins/2D/Paper2D/Binaries/Win64/UE4Editor-PaperTiledImporter.dll (API version 3709383).
LogModuleManager: Display: Found up-to-date module file ../../../Engine/Plugins/2D/Paper2D/Binaries/Win64/UE4Editor-SmartSnapping.dll (API version 3709383).
LogModuleManager: Display: Found up-to-date module file ../../../Engine/Plugins/Blendables/LightPropagationVolume/Binaries/Win64/UE4Editor-LightPropagationVolumeRuntime.dll (API version 3709383).
LogModuleManager: Display: Found up-to-date module file ../../../Engine/Plugins/Blendables/LightPropagationVolume/Binaries/Win64/UE4Editor-LightPropagationVolumeEditor.dll (API version 3709383).
LogModuleManager: Display: Found up-to-date module file ../../../Engine/Plugins/Developer/GitSourceControl/Binaries/Win64/UE4Editor-GitSourceControl.dll (API version 3709383).
LogModuleManager: Display: Found up-to-date module file ../../../Engine/Plugins/Developer/PerforceSourceControl/Binaries/Win64/UE4Editor-PerforceSourceControl.dll (API version 3709383).
LogModuleManager: Display: Found up-to-date module file ../../../Engine/Plugins/Developer/SubversionSourceControl/Binaries/Win64/UE4Editor-SubversionSourceControl.dll (API version 3709383).
LogModuleManager: Display: Found up-to-date module file ../../../Engine/Plugins/Developer/UObjectPlugin/Binaries/Win64/UE4Editor-UObjectPlugin.dll (API version 3709383).
LogModuleManager: Display: Found up-to-date module file ../../../Engine/Plugins/Developer/VisualStudioCodeSourceCodeAccess/Binaries/Win64/UE4Editor-VisualStudioCodeSourceCodeAccess.dll (API version 3709383).
LogModuleManager: Display: Found up-to-date module file ../../../Engine/Plugins/Developer/VisualStudioSourceCodeAccess/Binaries/Win64/UE4Editor-VisualStudioSourceCodeAccess.dll (API version 3709383).
LogModuleManager: Display: Found up-to-date module file ../../../Engine/Plugins/Editor/AssetManagerEditor/Binaries/Win64/UE4Editor-AssetManagerEditor.dll (API version 3709383).
LogModuleManager: Display: Found up-to-date module file ../../../Engine/Plugins/Editor/AudioCapture/Binaries/Win64/UE4Editor-AudioCapture.dll (API version 3709383).
LogModuleManager: Display: Found up-to-date module file ../../../Engine/Plugins/Editor/FacialAnimation/Binaries/Win64/UE4Editor-FacialAnimation.dll (API version 3709383).
LogModuleManager: Display: Found up-to-date module file ../../../Engine/Plugins/Editor/FacialAnimation/Binaries/Win64/UE4Editor-FacialAnimationEditor.dll (API version 3709383).
LogModuleManager: Display: Found up-to-date module file ../../../Engine/Plugins/Editor/GameplayTagsEditor/Binaries/Win64/UE4Editor-GameplayTagsEditor.dll (API version 3709383).
LogModuleManager: Display: Found up-to-date module file ../../../Engine/Plugins/Editor/MobileLauncherProfileWizard/Binaries/Win64/UE4Editor-MobileLauncherProfileWizard.dll (API version 3709383).
LogModuleManager: Display: Found up-to-date module file ../../../Engine/Plugins/Editor/PluginBrowser/Binaries/Win64/UE4Editor-PluginBrowser.dll (API version 3709383).
LogModuleManager: Display: Found up-to-date module file ../../../Engine/Plugins/Editor/SpeedTreeImporter/Binaries/Win64/UE4Editor-SpeedTreeImporter.dll (API version 3709383).
LogModuleManager: Display: Found up-to-date module file ../../../Engine/Plugins/Experimental/AlembicImporter/Binaries/Win64/UE4Editor-AlembicImporter.dll (API version 3709383).
LogModuleManager: Display: Found up-to-date module file ../../../Engine/Plugins/Experimental/AlembicImporter/Binaries/Win64/UE4Editor-AlembicLibrary.dll (API version 3709383).
LogModuleManager: Display: Found up-to-date module file ../../../Engine/Plugins/Experimental/CharacterAI/Binaries/Win64/UE4Editor-CharacterAI.dll (API version 3709383).
LogModuleManager: Display: Found up-to-date module file ../../../Engine/Plugins/Experimental/HTML5Networking/Binaries/Win64/UE4Editor-HTML5Networking.dll (API version 3709383).
LogModuleManager: Display: Found up-to-date module file ../../../Engine/Plugins/Media/AndroidMedia/Binaries/Win64/UE4Editor-AndroidMediaEditor.dll (API version 3709383).
LogModuleManager: Display: Found up-to-date module file ../../../Engine/Plugins/Media/AndroidMedia/Binaries/Win64/UE4Editor-AndroidMediaFactory.dll (API version 3709383).
LogModuleManager: Display: Found up-to-date module file ../../../Engine/Plugins/Media/AvfMedia/Binaries/Win64/UE4Editor-AvfMediaEditor.dll (API version 3709383).
LogModuleManager: Display: Found up-to-date module file ../../../Engine/Plugins/Media/AvfMedia/Binaries/Win64/UE4Editor-AvfMediaFactory.dll (API version 3709383).
LogModuleManager: Display: Found up-to-date module file ../../../Engine/Plugins/Media/AvfMedia/Binaries/Win64/UE4Editor-AvfMediaFactory.dll (API version 3709383).
LogModuleManager: Display: Found up-to-date module file ../../../Engine/Plugins/Media/ImgMedia/Binaries/Win64/UE4Editor-ImgMedia.dll (API version 3709383).
LogModuleManager: Display: Found up-to-date module file ../../../Engine/Plugins/Media/ImgMedia/Binaries/Win64/UE4Editor-ImgMediaEditor.dll (API version 3709383).
LogModuleManager: Display: Found up-to-date module file ../../../Engine/Plugins/Media/ImgMedia/Binaries/Win64/UE4Editor-ImgMediaFactory.dll (API version 3709383).
LogModuleManager: Display: Found up-to-date module file ../../../Engine/Plugins/Media/ImgMedia/Binaries/Win64/UE4Editor-ImgMediaFactory.dll (API version 3709383).
LogModuleManager: Display: Found up-to-date module file ../../../Engine/Plugins/Media/ImgMedia/Binaries/Win64/UE4Editor-OpenExrWrapper.dll (API version 3709383).
LogModuleManager: Display: Found up-to-date module file ../../../Engine/Plugins/Media/MediaCompositing/Binaries/Win64/UE4Editor-MediaCompositing.dll (API version 3709383).
LogModuleManager: Display: Found up-to-date module file ../../../Engine/Plugins/Media/MediaCompositing/Binaries/Win64/UE4Editor-MediaCompositingEditor.dll (API version 3709383).
LogModuleManager: Display: Found up-to-date module file ../../../Engine/Plugins/Media/MediaPlayerEditor/Binaries/Win64/UE4Editor-MediaPlayerEditor.dll (API version 3709383).
LogModuleManager: Display: Found up-to-date module file ../../../Engine/Plugins/Media/WmfMedia/Binaries/Win64/UE4Editor-WmfMedia.dll (API version 3709383).
LogModuleManager: Display: Found up-to-date module file ../../../Engine/Plugins/Media/WmfMedia/Binaries/Win64/UE4Editor-WmfMediaEditor.dll (API version 3709383).
LogModuleManager: Display: Found up-to-date module file ../../../Engine/Plugins/Media/WmfMedia/Binaries/Win64/UE4Editor-WmfMediaFactory.dll (API version 3709383).
LogModuleManager: Display: Found up-to-date module file ../../../Engine/Plugins/Media/WmfMedia/Binaries/Win64/UE4Editor-WmfMediaFactory.dll (API version 3709383).
LogModuleManager: Display: Found up-to-date module file ../../../Engine/Plugins/Messaging/TcpMessaging/Binaries/Win64/UE4Editor-TcpMessaging.dll (API version 3709383).
LogModuleManager: Display: Found up-to-date module file ../../../Engine/Plugins/Messaging/UdpMessaging/Binaries/Win64/UE4Editor-UdpMessaging.dll (API version 3709383).
LogModuleManager: Display: Found up-to-date module file ../../../Engine/Plugins/MovieScene/ActorSequence/Binaries/Win64/UE4Editor-ActorSequence.dll (API version 3709383).
LogModuleManager: Display: Found up-to-date module file ../../../Engine/Plugins/MovieScene/LevelSequenceEditor/Binaries/Win64/UE4Editor-LevelSequenceEditor.dll (API version 3709383).
LogModuleManager: Display: Found up-to-date module file ../../../Engine/Plugins/MovieScene/MatineeToLevelSequence/Binaries/Win64/UE4Editor-MatineeToLevelSequence.dll (API version 3709383).
LogModuleManager: Display: Found up-to-date module file ../../../Engine/Plugins/Online/OnlineSubsystem/Binaries/Win64/UE4Editor-OnlineSubsystem.dll (API version 3709383).
LogModuleManager: Display: Found up-to-date module file ../../../Engine/Plugins/Runtime/AndroidPermission/Binaries/Win64/UE4Editor-AndroidPermission.dll (API version 3709383).
LogModuleManager: Display: Found up-to-date module file ../../../Engine/Plugins/Online/OnlineSubsystemNull/Binaries/Win64/UE4Editor-OnlineSubsystemNull.dll (API version 3709383).
LogModuleManager: Display: Found up-to-date module file ../../../Engine/Plugins/Online/OnlineSubsystemUtils/Binaries/Win64/UE4Editor-OnlineSubsystemUtils.dll (API version 3709383).
LogModuleManager: Display: Found up-to-date module file ../../../Engine/Plugins/Online/OnlineSubsystemUtils/Binaries/Win64/UE4Editor-OnlineBlueprintSupport.dll (API version 3709383).
LogModuleManager: Display: Found up-to-date module file ../../../Engine/Plugins/Runtime/AndroidDeviceProfileSelector/Binaries/Win64/UE4Editor-AndroidDeviceProfileSelector.dll (API version 3709383).
LogModuleManager: Display: Found up-to-date module file ../../../Engine/Plugins/Runtime/AppleARKit/Binaries/Win64/UE4Editor-AppleARKit.dll (API version 3709383).
LogModuleManager: Display: Found up-to-date module file ../../../Engine/Plugins/Runtime/ArchVisCharacter/Binaries/Win64/UE4Editor-ArchVisCharacter.dll (API version 3709383).
LogModuleManager: Display: Found up-to-date module file ../../../Engine/Plugins/Runtime/CableComponent/Binaries/Win64/UE4Editor-CableComponent.dll (API version 3709383).
LogModuleManager: Display: Found up-to-date module file ../../../Engine/Plugins/Runtime/CustomMeshComponent/Binaries/Win64/UE4Editor-CustomMeshComponent.dll (API version 3709383).
LogModuleManager: Display: Found up-to-date module file ../../../Engine/Plugins/Runtime/ExampleDeviceProfileSelector/Binaries/Win64/UE4Editor-ExampleDeviceProfileSelector.dll (API version 3709383).
LogModuleManager: Display: Found up-to-date module file ../../../Engine/Plugins/Runtime/ImmediatePhysics/Binaries/Win64/UE4Editor-ImmediatePhysics.dll (API version 3709383).
LogModuleManager: Display: Found up-to-date module file ../../../Engine/Plugins/Runtime/ImmediatePhysics/Binaries/Win64/UE4Editor-ImmediatePhysicsEditor.dll (API version 3709383).
LogModuleManager: Display: Found up-to-date module file ../../../Engine/Plugins/Runtime/LocationServicesBPLibrary/Binaries/Win64/UE4Editor-LocationServicesBPLibrary.dll (API version 3709383).
LogModuleManager: Display: Found up-to-date module file ../../../Engine/Plugins/Runtime/MobilePatchingUtils/Binaries/Win64/UE4Editor-MobilePatchingUtils.dll (API version 3709383).
LogModuleManager: Display: Found up-to-date module file ../../../Engine/Plugins/Runtime/Oculus/OculusVR/Binaries/Win64/UE4Editor-OculusHMD.dll (API version 3709383).
LogModuleManager: Display: Found up-to-date module file ../../../Engine/Plugins/Runtime/Oculus/OculusVR/Binaries/Win64/UE4Editor-OculusInput.dll (API version 3709383).
LogModuleManager: Display: Found up-to-date module file ../../../Engine/Plugins/Runtime/Oculus/OculusVR/Binaries/Win64/UE4Editor-OculusEditor.dll (API version 3709383).
LogModuleManager: Display: Found up-to-date module file ../../../Engine/Plugins/Runtime/PhysXVehicles/Binaries/Win64/UE4Editor-PhysXVehicles.dll (API version 3709383).
LogModuleManager: Display: Found up-to-date module file ../../../Engine/Plugins/Runtime/PhysXVehicles/Binaries/Win64/UE4Editor-PhysXVehiclesEditor.dll (API version 3709383).
LogModuleManager: Display: Found up-to-date module file ../../../Engine/Plugins/Runtime/ProceduralMeshComponent/Binaries/Win64/UE4Editor-ProceduralMeshComponent.dll (API version 3709383).
LogModuleManager: Display: Found up-to-date module file ../../../Engine/Plugins/Runtime/ProceduralMeshComponent/Binaries/Win64/UE4Editor-ProceduralMeshComponentEditor.dll (API version 3709383).
LogModuleManager: Display: Found up-to-date module file ../../../Engine/Plugins/Runtime/RuntimePhysXCooking/Binaries/Win64/UE4Editor-RuntimePhysXCooking.dll (API version 3709383).
LogModuleManager: Display: Found up-to-date module file ../../../Engine/Plugins/Runtime/Steam/SteamVR/Binaries/Win64/UE4Editor-SteamVR.dll (API version 3709383).
LogModuleManager: Display: Found up-to-date module file ../../../Engine/Plugins/Runtime/Steam/SteamVR/Binaries/Win64/UE4Editor-SteamVRController.dll (API version 3709383).
LogModuleManager: Display: Found up-to-date module file ../../../Engine/Plugins/Runtime/WindowsMoviePlayer/Binaries/Win64/UE4Editor-WindowsMoviePlayer.dll (API version 3709383).
LogPluginManager: Mounting plugin Paper2D
LogPluginManager: Mounting plugin LightPropagationVolume
LogPluginManager: Mounting plugin CodeLiteSourceCodeAccess
LogPluginManager: Mounting plugin GitSourceControl
LogPluginManager: Mounting plugin KDevelopSourceCodeAccess
LogPluginManager: Mounting plugin NullSourceCodeAccess
LogPluginManager: Mounting plugin PerforceSourceControl
LogPluginManager: Mounting plugin SubversionSourceControl
LogPluginManager: Mounting plugin UObjectPlugin
LogPluginManager: Mounting plugin VisualStudioCodeSourceCodeAccess
LogPluginManager: Mounting plugin VisualStudioSourceCodeAccess
LogPluginManager: Mounting plugin XCodeSourceCodeAccess
LogPluginManager: Mounting plugin AssetManagerEditor
LogPluginManager: Mounting plugin AudioCapture
LogPluginManager: Mounting plugin FacialAnimation
LogPluginManager: Mounting plugin GameplayTagsEditor
LogPluginManager: Mounting plugin MobileLauncherProfileWizard
LogPluginManager: Mounting plugin PluginBrowser
LogPluginManager: Mounting plugin SpeedTreeImporter
LogPluginManager: Mounting plugin AlembicImporter
LogPluginManager: Mounting plugin CharacterAI
LogPluginManager: Mounting plugin HTML5Networking
LogPluginManager: Mounting plugin AndroidMedia
LogPluginManager: Mounting plugin AvfMedia
LogPluginManager: Mounting plugin ImgMedia
LogPluginManager: Mounting plugin MediaCompositing
LogPluginManager: Mounting plugin MediaPlayerEditor
LogPluginManager: Mounting plugin WmfMedia
LogPluginManager: Mounting plugin TcpMessaging
LogPluginManager: Mounting plugin UdpMessaging
LogPluginManager: Mounting plugin ActorSequence
LogPluginManager: Mounting plugin LevelSequenceEditor
LogPluginManager: Mounting plugin MatineeToLevelSequence
LogPluginManager: Mounting plugin OnlineSubsystemGooglePlay
LogPluginManager: Mounting plugin OnlineSubsystemIOS
LogPluginManager: Mounting plugin OnlineSubsystem
LogPluginManager: Mounting plugin OnlineSubsystemNull
LogPluginManager: Mounting plugin OnlineSubsystemUtils
LogPluginManager: Mounting plugin AndroidDeviceProfileSelector
LogPluginManager: Mounting plugin AndroidMoviePlayer
LogPluginManager: Mounting plugin AndroidPermission
LogPluginManager: Mounting plugin AppleARKit
LogPluginManager: Mounting plugin AppleMoviePlayer
LogPluginManager: Mounting plugin ArchVisCharacter
LogPluginManager: Mounting plugin CableComponent
LogPluginManager: Mounting plugin CustomMeshComponent
LogPluginManager: Mounting plugin ExampleDeviceProfileSelector
LogPluginManager: Mounting plugin GoogleCloudMessaging
LogPluginManager: Mounting plugin ImmediatePhysics
LogPluginManager: Mounting plugin IOSDeviceProfileSelector
LogPluginManager: Mounting plugin LinuxDeviceProfileSelector
LogPluginManager: Mounting plugin LocationServicesBPLibrary
LogPluginManager: Mounting plugin MobilePatchingUtils
LogPluginManager: Mounting plugin OculusVR
LogPluginManager: Plugin shader directory ../../../Engine/Plugins/Runtime/Oculus/OculusVR/Shaders found
LogPluginManager: Mapping shader source directory ../../../Engine/Plugins/Runtime/Oculus/OculusVR/Shaders to virtual directory /Plugin/OculusVR
LogPluginManager: Mounting plugin PhysXVehicles
LogPluginManager: Mounting plugin ProceduralMeshComponent
LogPluginManager: Mounting plugin RuntimePhysXCooking
LogPluginManager: Mounting plugin SteamVR
LogPluginManager: Mounting plugin WindowsMoviePlayer
LogInit: Using libcurl 7.47.1
LogInit:  - built for x86_64-pc-win32
LogInit:  - supports SSL with OpenSSL/1.0.2g
LogInit:  - supports HTTP deflate (compression) using libz 1.2.8
LogInit:  - other features:
LogInit:      CURL_VERSION_SSL
LogInit:      CURL_VERSION_LIBZ
LogInit:      CURL_VERSION_IPV6
LogInit:      CURL_VERSION_ASYNCHDNS
LogInit:      CURL_VERSION_LARGEFILE
LogInit:      CURL_VERSION_IDN
LogInit:  CurlRequestOptions (configurable via config and command line):
LogInit:  - bVerifyPeer = false  - Libcurl will NOT verify peer certificate
LogInit:  - bUseHttpProxy = false  - Libcurl will NOT use HTTP proxy
LogInit:  - bDontReuseConnections = false  - Libcurl will reuse connections
LogInit:  - CertBundlePath = nullptr  - Libcurl will use whatever was configured at build time.
LogInit: Build: ++UE4+Release-4.18-CL-3832480
LogInit: Engine Version: 4.18.3-3832480+++UE4+Release-4.18
LogInit: Compatible Engine Version: 4.18.0-3709383+++UE4+Release-4.18
LogInit: Net CL: 3709383
LogDevObjectVersion: Number of dev versions registered: 16
LogDevObjectVersion:   Dev-Blueprints (B0D832E4-1F89-4F0D-ACCF-7EB736FD4AA2): 10
LogDevObjectVersion:   Dev-Build (E1C64328-A22C-4D53-A36C-8E866417BD8C): 0
LogDevObjectVersion:   Dev-Core (375EC13C-06E4-48FB-B500-84F0262A717E): 2
LogDevObjectVersion:   Dev-Editor (E4B068ED-F494-42E9-A231-DA0B2E46BB41): 20
LogDevObjectVersion:   Dev-Framework (CFFC743F-43B0-4480-9391-14DF171D2073): 30
LogDevObjectVersion:   Dev-Mobile (B02B49B5-BB20-44E9-A304-32B752E40360): 0
LogDevObjectVersion:   Dev-Networking (A4E4105C-59A1-49B5-A7C5-40C4547EDFEE): 0
LogDevObjectVersion:   Dev-Online (39C831C9-5AE6-47DC-9A44-9C173E1C8E7C): 0
LogDevObjectVersion:   Dev-Physics (78F01B33-EBEA-4F98-B9B4-84EACCB95AA2): 0
LogDevObjectVersion:   Dev-Platform (6631380F-2D4D-43E0-8009-CF276956A95A): 0
LogDevObjectVersion:   Dev-Rendering (12F88B9F-8875-4AFC-A67C-D90C383ABD29): 20
LogDevObjectVersion:   Dev-Sequencer (7B5AE74C-D270-4C10-A958-57980B212A5A): 4
LogDevObjectVersion:   Dev-VR (D7296918-1DD6-4BDD-9DE2-64A83CC13884): 0
LogDevObjectVersion:   Dev-LoadTimes (C2A15278-BFE7-4AFE-6C17-90FF531DF755): 1
LogDevObjectVersion:   Private-Geometry (6EACA3D4-40EC-4CC1-B786-8BED09428FC5): 1
LogDevObjectVersion:   Dev-AnimPhys (29E575DD-E0A3-4627-9D10-D276232CDCEA): 12
LogInit: Compiled (64-bit): Jan 12 2018 02:04:55
LogInit: Compiled with Visual C++: 19.00.24215.01
LogInit: Build Configuration: Development
LogInit: Branch Name: ++UE4+Release-4.18
LogInit: Command line:  
LogInit: Base directory: C:/Program Files/Epic Games/UE_4.18/Engine/Binaries/Win64/
LogInit: Installed Engine Build: 1
LogInit: Presizing for max 8388607 objects, including 0 objects not considered by GC, pre-allocating 0 bytes for permanent pool.
LogInit: Object subsystem initialized
[2019.11.05-19.13.32:937][  0]LogInit: Selected Device Profile: [Windows]
[2019.11.05-19.13.32:938][  0]LogInit: Applying CVar settings loaded from the selected device profile: [Windows]
[2019.11.05-19.13.33:102][  0]LogInit: Computer: LAPTOP-FD302QU7
[2019.11.05-19.13.33:102][  0]LogInit: User: cp283
[2019.11.05-19.13.33:102][  0]LogInit: CPU Page size=4096, Cores=4
[2019.11.05-19.13.33:102][  0]LogInit: High frequency timer resolution =10.000000 MHz
[2019.11.05-19.13.33:103][  0]LogMemory: Memory total: Physical=7.9GB (8GB approx)
[2019.11.05-19.13.33:103][  0]LogMemory: Platform Memory Stats for Windows
[2019.11.05-19.13.33:103][  0]LogMemory: Process Physical Memory: 274.70 MB used, 274.71 MB peak
[2019.11.05-19.13.33:103][  0]LogMemory: Process Virtual Memory: 263.71 MB used, 263.71 MB peak
[2019.11.05-19.13.33:103][  0]LogMemory: Physical Memory: 5292.36 MB used,  2761.79 MB free, 8054.15 MB total
[2019.11.05-19.13.33:103][  0]LogMemory: Virtual Memory: 4742.72 MB used,  2761.79 MB free, 134217728.00 MB total
[2019.11.05-19.13.36:374][  0]LogInit: Using OS detected language (en-US).
[2019.11.05-19.13.36:374][  0]LogInit: Using OS detected locale (en-US).
[2019.11.05-19.13.37:117][  0]LogTextLocalizationManager: No specific localization for 'en-US' exists, so the 'en' localization will be used.
[2019.11.05-19.13.39:345][  0]LogInit: Setting process to per monitor DPI aware
[2019.11.05-19.13.57:004][  0]LogD3D11RHI: D3D11 adapters:
[2019.11.05-19.13.57:842][  0]LogD3D11RHI:    0. 'NVIDIA GeForce GTX 1050' (Feature Level 11_0)
[2019.11.05-19.13.57:842][  0]LogD3D11RHI:       4021/0/4027 MB DedicatedVideo/DedicatedSystem/SharedSystem, Outputs:1, VendorId:0x10de
[2019.11.05-19.13.58:042][  0]LogD3D11RHI:    1. 'Intel(R) HD Graphics 630' (Feature Level 11_0)
[2019.11.05-19.13.58:042][  0]LogD3D11RHI:       128/0/4027 MB DedicatedVideo/DedicatedSystem/SharedSystem, Outputs:0, VendorId:0x8086
[2019.11.05-19.13.58:136][  0]LogD3D11RHI:    2. 'Microsoft Basic Render Driver' (Feature Level 11_0)
[2019.11.05-19.13.58:136][  0]LogD3D11RHI:       0/0/4027 MB DedicatedVideo/DedicatedSystem/SharedSystem, Outputs:0, VendorId:0x1414
[2019.11.05-19.13.58:136][  0]LogD3D11RHI: Chosen D3D11 Adapter: 0
[2019.11.05-19.13.58:180][  0]LogD3D11RHI: Creating new Direct3DDevice
[2019.11.05-19.13.58:256][  0]LogD3D11RHI:     GPU DeviceId: 0x1c8d (for the marketing name, search the web for "GPU Device Id")
[2019.11.05-19.13.58:256][  0]LogWindows: EnumDisplayDevices:
[2019.11.05-19.13.58:256][  0]LogWindows:    0. 'Intel(R) HD Graphics 630' (P:1 D:1)
[2019.11.05-19.13.58:256][  0]LogWindows:    1. 'Intel(R) HD Graphics 630' (P:0 D:0)
[2019.11.05-19.13.58:257][  0]LogWindows:    2. 'Intel(R) HD Graphics 630' (P:0 D:0)
[2019.11.05-19.13.58:257][  0]LogWindows: DebugString: GetVideoDriverDetailsInvalid PrimaryIsNotTheChoosenAdapter GetVideoDriverDetailsInvalid PrimaryIsNotTheChoosenAdapter GetVideoDriverDetailsInvalid PrimaryIsNotTheChoosenAdapter FoundDriverCount:0 
[2019.11.05-19.13.58:257][  0]LogD3D11RHI:     Adapter Name: NVIDIA GeForce GTX 1050
[2019.11.05-19.13.58:257][  0]LogD3D11RHI:   Driver Version: Unknown (internal:Unknown, unified:Unknown)
[2019.11.05-19.13.58:257][  0]LogD3D11RHI:      Driver Date: Unknown
[2019.11.05-19.13.58:257][  0]LogRHI: Texture pool is 2814 MB (70% of 4021 MB)
[2019.11.05-19.13.58:652][  0]LogD3D11RHI: Async texture creation enabled
[2019.11.05-19.13.59:452][  0]LogD3D11RHI: GPU Timing Frequency: 1000.000000 (Debug: 2 1)
[2019.11.05-19.13.59:901][  0]LogShaderCompilers: Guid format shader working directory is -61 characters bigger than the processId version (../../../../../../Users/cp283/OneDrive/Documents/Unreal Projects/SugarKnight_SaltySour/SKnightPrototype_01/Intermediate/Shaders/WorkingDirectory/15276/).
[2019.11.05-19.13.59:902][  0]LogShaderCompilers: Cleaned the shader compiler working directory 'C:/Users/cp283/AppData/Local/Temp/UnrealShaderWorkingDir/53FD79974B96A6950193C099E394418B/'.
[2019.11.05-19.13.59:927][  0]LogShaderCompilers: Display: Using Local Shader Compiler.
[2019.11.05-19.14.23:986][  0]LogTemp: Display: Loaded TP AllDesktopTargetPlatform
[2019.11.05-19.14.25:373][  0]LogTemp: Display: Loaded TP MacClientTargetPlatform
[2019.11.05-19.14.25:525][  0]LogTemp: Display: Loaded TP MacNoEditorTargetPlatform
[2019.11.05-19.14.25:710][  0]LogTemp: Display: Loaded TP MacServerTargetPlatform
[2019.11.05-19.14.26:040][  0]LogTemp: Display: Loaded TP MacTargetPlatform
[2019.11.05-19.14.26:230][  0]LogTemp: Display: Loaded TP WindowsClientTargetPlatform
[2019.11.05-19.14.26:394][  0]LogTemp: Display: Loaded TP WindowsNoEditorTargetPlatform
[2019.11.05-19.14.26:550][  0]LogTemp: Display: Loaded TP WindowsServerTargetPlatform
[2019.11.05-19.14.26:757][  0]LogTemp: Display: Loaded TP WindowsTargetPlatform
[2019.11.05-19.14.26:976][  0]LogTemp: Display: Loaded TP Android_ASTCTargetPlatform
[2019.11.05-19.14.27:428][  0]LogTemp: Display: Loaded TP Android_ATCTargetPlatform
[2019.11.05-19.14.27:579][  0]LogTemp: Display: Loaded TP Android_DXTTargetPlatform
[2019.11.05-19.14.27:763][  0]LogTemp: Display: Loaded TP Android_ETC1TargetPlatform
[2019.11.05-19.14.27:951][  0]LogTemp: Display: Loaded TP Android_ETC2TargetPlatform
[2019.11.05-19.14.28:286][  0]LogTemp: Display: Loaded TP Android_MultiTargetPlatform
[2019.11.05-19.14.28:286][  0]LogTemp: Display: Loaded TP Android_PVRTCTargetPlatform
[2019.11.05-19.14.28:543][  0]LogTemp: Display: Loaded TP AndroidTargetPlatform
[2019.11.05-19.14.28:690][  0]LogTemp: Display: Loaded TP HTML5TargetPlatform
[2019.11.05-19.14.29:185][  0]LogTemp: Display: Loaded TP IOSTargetPlatform
[2019.11.05-19.14.29:358][  0]LogTemp: Display: Loaded TP TVOSTargetPlatform
[2019.11.05-19.14.29:562][  0]LogTemp: Display: Loaded TP LinuxClientTargetPlatform
[2019.11.05-19.14.29:688][  0]LogTemp: Display: Loaded TP LinuxNoEditorTargetPlatform
[2019.11.05-19.14.29:874][  0]LogTemp: Display: Loaded TP LinuxServerTargetPlatform
[2019.11.05-19.14.30:213][  0]LogTemp: Display: Loaded TP LinuxTargetPlatform
[2019.11.05-19.14.30:214][  0]LogTargetPlatformManager: Display: Building Assets For Windows
[2019.11.05-19.14.38:481][  0]LogDerivedDataCache: Display: Max Cache Size: 512 MB
[2019.11.05-19.14.55:136][  0]LogDerivedDataCache: Loaded boot cache 16.57s 78MB C:/Users/cp283/AppData/Local/UnrealEngine/4.18/DerivedDataCache/Boot.ddc.
[2019.11.05-19.14.55:146][  0]LogDerivedDataCache: Display: Loaded Boot cache: C:/Users/cp283/AppData/Local/UnrealEngine/4.18/DerivedDataCache/Boot.ddc
[2019.11.05-19.14.55:146][  0]LogDerivedDataCache: FDerivedDataBackendGraph:  Pak pak cache file ../../../../../../Users/cp283/OneDrive/Documents/Unreal Projects/SugarKnight_SaltySour/SKnightPrototype_01/DerivedDataCache/DDC.ddp not found, will not use a pak cache.
[2019.11.05-19.14.55:146][  0]LogDerivedDataCache: Unable to find inner node Pak for hierarchical cache Hierarchy.
[2019.11.05-19.14.55:147][  0]LogDerivedDataCache: FDerivedDataBackendGraph:  CompressedPak pak cache file ../../../../../../Users/cp283/OneDrive/Documents/Unreal Projects/SugarKnight_SaltySour/SKnightPrototype_01/DerivedDataCache/Compressed.ddp not found, will not use a pak cache.
[2019.11.05-19.14.55:147][  0]LogDerivedDataCache: Unable to find inner node CompressedPak for hierarchical cache Hierarchy.
[2019.11.05-19.14.55:293][  0]LogDerivedDataCache: Display: Pak cache opened for reading ../../../Engine/DerivedDataCache/Compressed.ddp.
[2019.11.05-19.14.55:391][  0]LogDerivedDataCache: Using Local data cache path C:/Users/cp283/AppData/Local/UnrealEngine/Common/DerivedDataCache: Writable
[2019.11.05-19.14.55:966][  0]LogMaterial: Verifying Global Shaders for PCD3D_SM5
[2019.11.05-19.14.56:208][  0]LogSlate: Using Freetype 2.6.0
[2019.11.05-19.14.56:545][  0]LogSlate: SlateFontCache - WITH_FREETYPE: 1, WITH_HARFBUZZ: 1
[2019.11.05-19.14.56:551][  0]LogSlate: SlateFontCache - WITH_FREETYPE: 1, WITH_HARFBUZZ: 1
[2019.11.05-19.15.44:797][  0]LogInit: Selected Device Profile: [Windows]
[2019.11.05-19.15.56:782][  0]LogSimplygon: Simplygon DLL not present - disabling.
[2019.11.05-19.15.57:206][  0]LogMeshReduction: Using SimplygonSwarm for distributed automatic mesh merging
[2019.11.05-19.15.57:247][  0]LogMeshReduction: Using QuadricMeshReduction for automatic static mesh reduction
[2019.11.05-19.15.57:247][  0]LogMeshReduction: No automatic skeletal mesh reduction module available
[2019.11.05-19.15.57:247][  0]LogMeshReduction: No automatic mesh merging module available
[2019.11.05-19.15.57:247][  0]LogMeshMerging: No automatic mesh merging module available
[2019.11.05-19.16.00:373][  0]LogNetVersion: SKnightPrototype_01 , NetCL: 3709383, EngineNetVer: 2, GameNetVer: 0 (Checksum: 431312611)
[2019.11.05-19.16.12:071][  0]LogAssetRegistry: FAssetRegistry took 0.0433 seconds to start up
[2019.11.05-19.16.42:370][  0]LogPackageLocalizationCache: Processed 7 localized package path(s) for 2 prioritized culture(s) in 0.661587 seconds
[2019.11.05-19.16.42:564][  0]LogUObjectArray: 35870 objects as part of root set at end of initial load.
[2019.11.05-19.16.42:564][  0]LogUObjectAllocator: 7363696 out of 0 bytes used by permanent object pool.
[2019.11.05-19.16.42:565][  0]LogUObjectArray: CloseDisregardForGC: 0/0 objects in disregard for GC pool
[2019.11.05-19.16.42:811][  0]LogInit: WinSock: version 1.1 (2.2), MaxSocks=32767, MaxUdp=65467
[2019.11.05-19.19.07:990][  0]LogTcpMessaging: Initializing TcpMessaging bridge
[2019.11.05-19.19.08:190][  0]LogUdpMessaging: Initializing bridge on interface 0.0.0.0:0 to multicast group 230.0.0.1:6666.
[2019.11.05-19.19.15:986][  0]LogMaterial: Uniform references updated for custom material expression Custom.
[2019.11.05-19.19.19:677][  0]SourceControl: Source control is disabled
[2019.11.05-19.19.19:680][  0]SourceControl: Source control is disabled
[2019.11.05-19.19.20:255][  0]SourceControl: Source control is disabled
[2019.11.05-19.19.20:677][  0]SourceControl: Source control is disabled
[2019.11.05-19.19.28:209][  0]LogAndroidPermission: UAndroidPermissionCallbackProxy::GetInstance
[2019.11.05-19.19.29:517][  0]LogOcInput: OculusInput pre-init called
[2019.11.05-19.19.33:720][  0]LogEngine: Initializing Engine...
[2019.11.05-19.19.34:280][  0]LogHMD: Failed to initialize OpenVR with code 110
[2019.11.05-19.19.35:680][  0]LogStats: UGameplayTagsManager::ConstructGameplayTagTree: Construct from data asset -  0.000 s
[2019.11.05-19.19.35:681][  0]LogStats: UGameplayTagsManager::ConstructGameplayTagTree: GameplayTagTreeChangedEvent.Broadcast -  0.000 s
[2019.11.05-19.19.38:899][  0]LogAIModule: Creating AISystem for world Untitled
[2019.11.05-19.19.40:456][  0]LogInit: XAudio2 using 'Speakers / Headphones (Realtek Audio)' : 2 channels at 48 kHz using 32 bits per sample (channel mask 0x3)
[2019.11.05-19.19.42:190][  0]LogInit: FAudioDevice initialized.
[2019.11.05-19.19.42:992][  0]LogDerivedDataCache: Saved boot cache 0.74s 78MB C:/Users/cp283/AppData/Local/UnrealEngine/4.18/DerivedDataCache/Boot.ddc.
[2019.11.05-19.19.43:128][  0]LogInit: Texture streaming: Enabled
[2019.11.05-19.19.45:929][  0]LogEngineSessionManager: EngineSessionManager initialized
[2019.11.05-19.19.49:814][  0]LogInit: Transaction tracking system initialized
[2019.11.05-19.19.53:827][  0]BlueprintLog: New page: Editor Load
[2019.11.05-19.20.08:993][  0]LocalizationService: Localization service is disabled
[2019.11.05-19.20.20:126][  0]LogConsoleResponse: Display: 
[2019.11.05-19.20.27:050][  0]LogFileCache: Scanning file cache for directory 'C:/Users/cp283/OneDrive/Documents/Unreal Projects/SugarKnight_SaltySour/SKnightPrototype_01/Content/' took 0.04s
[2019.11.05-19.20.27:050][  0]LogCook: Display: Max memory allowance for cook 16384mb min free memory 0mb
[2019.11.05-19.20.27:136][  0]LogCook: Display: Mobile HDR setting 1
[2019.11.05-19.20.27:181][  0]LogGameplayTags: Display: UGameplayTagsManager::DoneAddingNativeTags. DelegateIsBound: 0
[2019.11.05-19.20.43:983][  0]SourceControl: Source control is disabled
[2019.11.05-19.20.44:476][  0]LightingResults: New page: Lighting Build
[2019.11.05-19.20.46:396][  0]MapCheck: New page: Map Check
[2019.11.05-19.20.46:397][  0]LightingResults: New page: Lighting Build
[2019.11.05-19.21.13:193][  0]LogLinker: Warning: Can't find file '/Game/SideScrollerBP/Maps/SideScrollerExampleMap_BuiltData'
[2019.11.05-19.21.13:297][  0]LogLinker: Warning: Can't find file for asset '/Game/SideScrollerBP/Maps/SideScrollerExampleMap_BuiltData' while loading ../../../../../../Users/cp283/OneDrive/Documents/Unreal Projects/SugarKnight_SaltySour/SKnightPrototype_01/Content/SideScrollerBP/Maps/SideScrollerExampleMap.umap.
[2019.11.05-19.21.13:315][  0]LoadErrors: Error: /Game/SideScrollerBP/Maps/SideScrollerExampleMap : Can't find file for asset. /Game/SideScrollerBP/Maps/SideScrollerExampleMap_BuiltData
[2019.11.05-19.21.15:027][  0]LogLinker: Warning: Can't find file '/Game/SideScrollerBP/Maps/SideScrollerExampleMap_BuiltData'
[2019.11.05-19.21.15:027][  0]LogLinker: Warning: Can't find file for asset '/Game/SideScrollerBP/Maps/SideScrollerExampleMap_BuiltData' while loading ../../../../../../Users/cp283/OneDrive/Documents/Unreal Projects/SugarKnight_SaltySour/SKnightPrototype_01/Content/SideScrollerBP/Maps/SideScrollerExampleMap.umap.
[2019.11.05-19.21.15:028][  0]LoadErrors: Error: /Game/SideScrollerBP/Maps/SideScrollerExampleMap : Can't find file for asset. /Game/SideScrollerBP/Maps/SideScrollerExampleMap_BuiltData
[2019.11.05-19.21.15:046][  0]LogLinker: Warning: Can't find file '/Game/SideScrollerBP/Maps/SideScrollerExampleMap_BuiltData'
[2019.11.05-19.21.15:047][  0]LogLinker: Warning: Can't find file for asset '/Game/SideScrollerBP/Maps/SideScrollerExampleMap_BuiltData' while loading NULL.
[2019.11.05-19.21.15:047][  0]LogLinker: Warning: Can't find file '/Game/SideScrollerBP/Maps/SideScrollerExampleMap_BuiltData'
[2019.11.05-19.21.15:047][  0]LogLinker: Warning: Can't find file for asset '/Game/SideScrollerBP/Maps/SideScrollerExampleMap_BuiltData' while loading NULL.
[2019.11.05-19.21.18:016][  0]LogLinker: Warning: Can't find file '/Game/SideScrollerBP/Maps/SideScrollerExampleMap_BuiltData'
[2019.11.05-19.21.18:016][  0]LoadErrors: Failed to load /Game/SideScrollerBP/Maps/SideScrollerExampleMap_BuiltData.SideScrollerExampleMap_BuiltData Referenced by PersistentLevel
[2019.11.05-19.21.18:016][  0]LogLinker: Warning: Can't find file for asset '/Game/SideScrollerBP/Maps/SideScrollerExampleMap_BuiltData' while loading NULL.
[2019.11.05-19.21.18:016][  0]LoadErrors: Failed to load /Game/SideScrollerBP/Maps/SideScrollerExampleMap_BuiltData.SideScrollerExampleMap_BuiltData Referenced by PersistentLevel
[2019.11.05-19.21.19:703][  0]LogAnimationCompression: Building Anim DDC data for AnimSequence /Game/Characters/Kane/Animations/Kane_Run_2.Kane_Run_2
[2019.11.05-19.21.19:730][  0]LogAnimationCompression: Recompressing (AnimSequence /Game/Characters/Kane/Animations/Kane_Run_2.Kane_Run_2) using current/default (AnimCompress_BitwiseCompressOnly_0) bFirstRecompressUsingCurrentOrDefault(1) bTryAlternateCompressor(0) IsCompressedDataValid(0)
[2019.11.05-19.21.20:176][  0]LogAnimationCompression: Building Anim DDC data for AnimSequence /Game/Characters/Kane/Animations/Kane_Landing.Kane_Landing
[2019.11.05-19.21.20:176][  0]LogAnimationCompression: Recompressing (AnimSequence /Game/Characters/Kane/Animations/Kane_Landing.Kane_Landing) using current/default (AnimCompress_BitwiseCompressOnly_0) bFirstRecompressUsingCurrentOrDefault(1) bTryAlternateCompressor(0) IsCompressedDataValid(0)
[2019.11.05-19.21.20:177][  0]LogAnimationCompression: Building Anim DDC data for AnimSequence /Game/Characters/Kane/Animations/Kane_JumpLoop.Kane_JumpLoop
[2019.11.05-19.21.20:177][  0]LogAnimationCompression: Recompressing (AnimSequence /Game/Characters/Kane/Animations/Kane_JumpLoop.Kane_JumpLoop) using current/default (AnimCompress_BitwiseCompressOnly_0) bFirstRecompressUsingCurrentOrDefault(1) bTryAlternateCompressor(0) IsCompressedDataValid(0)
[2019.11.05-19.21.20:906][  0]LogStaticMesh: Building static mesh sword...
[2019.11.05-19.21.21:413][  0]LogStaticMesh: Built static mesh [0.51s] /Game/Assets/Sword/sword.sword
[2019.11.05-19.21.22:522][  0]LogAnimationCompression: Building Anim DDC data for AnimSequence /Game/Characters/Kane/Animations/Kane_JumpLaunch.Kane_JumpLaunch
[2019.11.05-19.21.22:522][  0]LogAnimationCompression: Recompressing (AnimSequence /Game/Characters/Kane/Animations/Kane_JumpLaunch.Kane_JumpLaunch) using current/default (AnimCompress_BitwiseCompressOnly_0) bFirstRecompressUsingCurrentOrDefault(1) bTryAlternateCompressor(0) IsCompressedDataValid(0)
[2019.11.05-19.21.22:523][  0]LogAnimationCompression: Building Anim DDC data for AnimSequence /Game/Characters/Kane/Animations/Kane_JumpAttack.Kane_JumpAttack
[2019.11.05-19.21.22:523][  0]LogAnimationCompression: Recompressing (AnimSequence /Game/Characters/Kane/Animations/Kane_JumpAttack.Kane_JumpAttack) using current/default (AnimCompress_BitwiseCompressOnly_2) bFirstRecompressUsingCurrentOrDefault(1) bTryAlternateCompressor(0) IsCompressedDataValid(0)
[2019.11.05-19.21.22:524][  0]LogAnimationCompression: Building Anim DDC data for AnimSequence /Game/Characters/Kane/Animations/Kane_Idle.Kane_Idle
[2019.11.05-19.21.22:524][  0]LogAnimationCompression: Recompressing (AnimSequence /Game/Characters/Kane/Animations/Kane_Idle.Kane_Idle) using current/default (AnimCompress_BitwiseCompressOnly_0) bFirstRecompressUsingCurrentOrDefault(1) bTryAlternateCompressor(0) IsCompressedDataValid(0)
[2019.11.05-19.21.22:526][  0]LogAnimationCompression: Building Anim DDC data for AnimSequence /Game/Characters/Kane/Animations/Kane_Dash.Kane_Dash
[2019.11.05-19.21.22:526][  0]LogAnimationCompression: Recompressing (AnimSequence /Game/Characters/Kane/Animations/Kane_Dash.Kane_Dash) using current/default (AnimCompress_BitwiseCompressOnly_0) bFirstRecompressUsingCurrentOrDefault(1) bTryAlternateCompressor(0) IsCompressedDataValid(0)
[2019.11.05-19.21.22:527][  0]LogAnimationCompression: Building Anim DDC data for AnimSequence /Game/Characters/Kane/Animations/Kane_Attack.Kane_Attack
[2019.11.05-19.21.22:527][  0]LogAnimationCompression: Recompressing (AnimSequence /Game/Characters/Kane/Animations/Kane_Attack.Kane_Attack) using current/default (AnimCompress_BitwiseCompressOnly_1) bFirstRecompressUsingCurrentOrDefault(1) bTryAlternateCompressor(0) IsCompressedDataValid(0)
[2019.11.05-19.21.23:647][  0]LogStaticMesh: Building static mesh Column_low_game_Column_low...
[2019.11.05-19.21.23:683][  0]LogStaticMesh: Built static mesh [0.04s] /Game/Assets/Column/Column_low_game_Column_low.Column_low_game_Column_low
[2019.11.05-19.21.23:737][  0]LogStaticMesh: Building static mesh Column_Chunk_low_Column_Chunk_low...
[2019.11.05-19.21.23:834][  0]LogStaticMesh: Built static mesh [0.10s] /Game/Assets/Column/Column_Chunk_low_Column_Chunk_low.Column_Chunk_low_Column_Chunk_low
[2019.11.05-19.21.23:852][  0]LogStaticMesh: Building static mesh Column_Chunk_Broke_low_Column_Chunk_Broke_low...
[2019.11.05-19.21.23:900][  0]LogStaticMesh: Built static mesh [0.05s] /Game/Assets/Column/Column_Chunk_Broke_low_Column_Chunk_Broke_low.Column_Chunk_Broke_low_Column_Chunk_Broke_low
[2019.11.05-19.21.24:117][  0]LogStaticMesh: Building static mesh Column_Capital_Clean_low_Column_Capital_Clean_low...
[2019.11.05-19.21.24:132][  0]LogStaticMesh: Built static mesh [0.07s] /Game/Assets/Column/Column_Capital_Clean_low_Column_Capital_Clean_low.Column_Capital_Clean_low_Column_Capital_Clean_low
[2019.11.05-19.21.24:162][  0]LogStaticMesh: Building static mesh Column_Capital_Clean_low_Column_Capital_Clean_high...
[2019.11.05-19.21.24:227][  0]LogStaticMesh: Built static mesh [0.09s] /Game/Assets/Column/Column_Capital_Clean_low_Column_Capital_Clean_high.Column_Capital_Clean_low_Column_Capital_Clean_high
[2019.11.05-19.21.24:241][  0]LogStaticMesh: Building static mesh Column_Base_Cut_low_Column_Base_Cut_low...
[2019.11.05-19.21.24:326][  0]LogStaticMesh: Built static mesh [0.09s] /Game/Assets/Column/Column_Base_Cut_low_Column_Base_Cut_low.Column_Base_Cut_low_Column_Base_Cut_low
[2019.11.05-19.21.24:345][  0]LogStaticMesh: Building static mesh Cloumn_Base_Clean_low_Column_Base_Clean_low...
[2019.11.05-19.21.24:384][  0]LogStaticMesh: Built static mesh [0.04s] /Game/Assets/Column/Cloumn_Base_Clean_low_Column_Base_Clean_low.Cloumn_Base_Clean_low_Column_Base_Clean_low
[2019.11.05-19.21.32:833][  0]LogAIModule: Creating AISystem for world SideScrollerExampleMap
[2019.11.05-19.21.39:502][  0]LogScript: Warning: Accessed None trying to read property Kane
	Kane_AnimBP_C /Game/SideScrollerBP/Maps/SideScrollerExampleMap.SideScrollerExampleMap:PersistentLevel.SideScrollerCharacter_78.CharacterMesh0.Kane_AnimBP_C_0
	Function /Game/Characters/Kane/Animations/Kane_AnimBP.Kane_AnimBP_C:ExecuteUbergraph_Kane_AnimBP:05F3
[2019.11.05-19.21.39:502][  0]LogScript: Warning: Accessed None trying to read property Kane
	Kane_AnimBP_C /Game/SideScrollerBP/Maps/SideScrollerExampleMap.SideScrollerExampleMap:PersistentLevel.SideScrollerCharacter_78.CharacterMesh0.Kane_AnimBP_C_0
	Function /Game/Characters/Kane/Animations/Kane_AnimBP.Kane_AnimBP_C:ExecuteUbergraph_Kane_AnimBP:05B8
[2019.11.05-19.21.44:354][  0]LogEditorServer: Finished looking for orphan Actors (0.000 secs)
[2019.11.05-19.21.47:236][  0]Cmd: MAP CHECKDEP NOCLEARLOG
[2019.11.05-19.21.47:563][  0]MapCheck: Map check complete: 0 Error(s), 0 Warning(s), took 316.173ms to complete.
[2019.11.05-19.21.47:563][  0]LogFileHelpers: Loading map 'SideScrollerExampleMap' took 63.397
[2019.11.05-19.22.03:376][  0]LogCollectionManager: Loaded 0 collections in 0.004550 seconds
[2019.11.05-19.22.07:281][  0]LogFileCache: Scanning file cache for directory 'C:/Users/cp283/OneDrive/Documents/Unreal Projects/SugarKnight_SaltySour/SKnightPrototype_01/Saved/Collections/' took 0.01s
[2019.11.05-19.22.07:281][  0]LogFileCache: Scanning file cache for directory 'C:/Users/cp283/OneDrive/Documents/Unreal Projects/SugarKnight_SaltySour/SKnightPrototype_01/Content/Developers/cp283/Collections/' took 0.01s
[2019.11.05-19.22.07:281][  0]LogFileCache: Scanning file cache for directory 'C:/Users/cp283/OneDrive/Documents/Unreal Projects/SugarKnight_SaltySour/SKnightPrototype_01/Content/Collections/' took 0.01s
[2019.11.05-19.22.07:281][  0]LogCollectionManager: Rebuilt the GUID cache for 0 collections in 0.000000 seconds
[2019.11.05-19.22.07:893][  0]LogContentBrowser: Native class hierarchy populated in 0.2307 seconds. Added 2363 classes and 519 folders.
[2019.11.05-19.22.10:529][  0]LogContentBrowser: Native class hierarchy updated for 'WidgetCarousel' in 0.0004 seconds. Added 0 classes and 0 folders.
[2019.11.05-19.22.16:442][  0]LogContentBrowser: Native class hierarchy updated for 'AddContentDialog' in 0.0003 seconds. Added 0 classes and 0 folders.
[2019.11.05-19.22.19:842][  0]LogContentBrowser: Native class hierarchy updated for 'SceneOutliner' in 0.0004 seconds. Added 1 classes and 2 folders.
[2019.11.05-19.22.37:748][  0]LogSlate: Took 0.041135 seconds to synchronously load lazily loaded font '../../../Engine/Content/Slate/Fonts/Roboto-Regular.ttf' (155K)
[2019.11.05-19.22.38:370][  0]LogSlate: Took 0.295495 seconds to synchronously load lazily loaded font '../../../Engine/Content/Slate/Fonts/Roboto-Bold.ttf' (160K)
[2019.11.05-19.22.39:367][  0]LogSlate: Took 0.309986 seconds to synchronously load lazily loaded font '../../../Engine/Content/Editor/Slate/Fonts/FontAwesome.ttf' (139K)
[2019.11.05-19.22.45:819][  0]LogRenderer: Reallocating scene render targets to support 1208x576 Format 10 NumSamples 1 (Frame:1).
[2019.11.05-19.23.01:052][  0]LogContentBrowser: Native class hierarchy updated for 'HierarchicalLODOutliner' in 0.0004 seconds. Added 1 classes and 2 folders.
[2019.11.05-19.23.01:052][  0]LogLoad: (Engine Initialization) Total time: 637.40 seconds
[2019.11.05-19.23.01:052][  0]LogLoad: (Engine Initialization) Total Blueprint compile time: 0.00 seconds
[2019.11.05-19.23.01:115][  0]LogExternalProfiler: No external profilers were discovered.  External profiling features will not be available.
[2019.11.05-19.23.03:241][  0]LogContentStreaming: Texture pool size now 1000 MB
[2019.11.05-19.23.09:162][  1]LogSlate: Took 0.200439 seconds to synchronously load lazily loaded font '../../../Engine/Content/Slate/Fonts/Roboto-Light.ttf' (159K)
[2019.11.05-19.23.11:191][  3]LogAssetRegistry: Asset discovery search completed in 419.1431 seconds
[2019.11.05-19.23.11:274][  3]LogCollectionManager: Rebuilt the object cache for 0 collections in 0.000001 seconds (found 0 objects)
[2019.11.05-19.23.11:274][  3]LogCollectionManager: Fixed up redirectors for 0 collections in 0.066353 seconds (updated 0 objects)
[2019.11.05-19.23.22:988][198]LogScript: Warning: Accessed None trying to read property Kane
	Kane_AnimBP_C /Engine/Transient.World_3:PersistentLevel.SideScrollerCharacter_C_0.CharacterMesh0.Kane_AnimBP_C_0
	Function /Game/Characters/Kane/Animations/Kane_AnimBP.Kane_AnimBP_C:ExecuteUbergraph_Kane_AnimBP:05F3
[2019.11.05-19.23.22:989][198]LogScript: Warning: Accessed None trying to read property Kane
	Kane_AnimBP_C /Engine/Transient.World_3:PersistentLevel.SideScrollerCharacter_C_0.CharacterMesh0.Kane_AnimBP_C_0
	Function /Game/Characters/Kane/Animations/Kane_AnimBP.Kane_AnimBP_C:ExecuteUbergraph_Kane_AnimBP:05B8
[2019.11.05-19.23.27:748][266]LogSlate: Took 0.000257 seconds to synchronously load lazily loaded font '../../../Engine/Content/Slate/Fonts/Roboto-Light.ttf' (159K)
[2019.11.05-19.23.28:270][266]LogSlate: Took 0.000266 seconds to synchronously load lazily loaded font '../../../Engine/Content/Slate/Fonts/Roboto-Regular.ttf' (155K)
[2019.11.05-19.23.32:809][266]LogContentBrowser: Native class hierarchy updated for 'BlueprintGraph' in 0.0814 seconds. Added 116 classes and 0 folders.
[2019.11.05-19.23.43:538][266]LogSlate: Took 0.221449 seconds to synchronously load lazily loaded font '../../../Engine/Content/Editor/Slate/Fonts/Roboto-BoldCondensed.ttf' (158K)
[2019.11.05-19.23.48:813][267]LogSlate: Took 0.065041 seconds to synchronously load lazily loaded font '../../../Engine/Content/Editor/Slate/Fonts/Roboto-Italic.ttf' (157K)
[2019.11.05-19.24.21:672][ 96]LogEditorTransaction: Undo Move Node
[2019.11.05-19.24.22:482][ 96]LogSlate: Took 0.000282 seconds to synchronously load lazily loaded font '../../../Engine/Content/Slate/Fonts/Roboto-Light.ttf' (159K)
[2019.11.05-19.24.35:249][334]LogSavePackage: Save=1084.45ms
[2019.11.05-19.24.35:249][334]LogSavePackage: Moving '../../../../../../Users/cp283/OneDrive/Documents/Unreal Projects/SugarKnight_SaltySour/SKnightPrototype_01/Saved/EnemyF979D4C941F7FCC587F8A491B6711ED9.tmp' to '../../../../../../Users/cp283/OneDrive/Documents/Unreal Projects/SugarKnight_SaltySour/SKnightPrototype_01/Content/SideScrollerBP/Blueprints/Enemy.uasset'
[2019.11.05-19.24.35:678][334]LogSavePackage: Display: Finished SavePackage ../../../../../../Users/cp283/OneDrive/Documents/Unreal Projects/SugarKnight_SaltySour/SKnightPrototype_01/Content/SideScrollerBP/Blueprints/Enemy.uasset
[2019.11.05-19.26.31:305][800]BlueprintLog: New page: Compile Enemy
[2019.11.05-19.29.02:370][847]LogTemp: Repeating last play command: New Editor Window (PIE)
[2019.11.05-19.29.08:652][847]LogBlueprintUserMessages: Early PlayInEditor Detection: Level '/Game/SideScrollerBP/Maps/SideScrollerExampleMap.SideScrollerExampleMap:PersistentLevel' has LevelScriptBlueprint '/Game/SideScrollerBP/Maps/SideScrollerExampleMap.SideScrollerExampleMap:PersistentLevel.SideScrollerExampleMap' with GeneratedClass '/Game/SideScrollerBP/Maps/SideScrollerExampleMap.SideScrollerExampleMap_C' with ClassGeneratedBy '/Game/SideScrollerBP/Maps/SideScrollerExampleMap.SideScrollerExampleMap:PersistentLevel.SideScrollerExampleMap'
[2019.11.05-19.29.08:676][847]LogPlayLevel: PlayLevel: No blueprints needed recompiling
[2019.11.05-19.29.08:954][847]PIE: New page: PIE session: SideScrollerExampleMap (Nov 5, 2019, 9:29:08 AM)
[2019.11.05-19.29.08:979][847]LogPlayLevel: Creating play world package: /Game/SideScrollerBP/Maps/UEDPIE_0_SideScrollerExampleMap
[2019.11.05-19.29.09:178][847]LogPlayLevel: PIE: StaticDuplicateObject took: (0.199190s)
[2019.11.05-19.29.09:189][847]LogAIModule: Creating AISystem for world SideScrollerExampleMap
[2019.11.05-19.29.09:204][847]LogPlayLevel: PIE: World Init took: (0.015236s)
[2019.11.05-19.29.09:215][847]LogPlayLevel: PIE: Created PIE world by copying editor world from /Game/SideScrollerBP/Maps/SideScrollerExampleMap.SideScrollerExampleMap to /Game/SideScrollerBP/Maps/UEDPIE_0_SideScrollerExampleMap.SideScrollerExampleMap (0.236533s)
[2019.11.05-19.29.09:408][847]LogInit: XAudio2 using 'Speakers / Headphones (Realtek Audio)' : 2 channels at 48 kHz using 32 bits per sample (channel mask 0x3)
[2019.11.05-19.29.09:572][847]LogInit: FAudioDevice initialized.
[2019.11.05-19.29.09:750][847]LogLoad: Game class is 'SideScrollerGameMode_C'
[2019.11.05-19.29.09:973][847]LogScript: Warning: Accessed None trying to read property Kane
	Kane_AnimBP_C /Game/SideScrollerBP/Maps/UEDPIE_0_SideScrollerExampleMap.SideScrollerExampleMap:PersistentLevel.SideScrollerCharacter_78.CharacterMesh0.Kane_AnimBP_C_0
	Function /Game/Characters/Kane/Animations/Kane_AnimBP.Kane_AnimBP_C:ExecuteUbergraph_Kane_AnimBP:05F3
[2019.11.05-19.29.09:973][847]PIE: Error: Blueprint Runtime Error: Accessed None trying to read property Kane from function: 'ExecuteUbergraph_Kane_AnimBP' from node: Result in graph: Transition in object: Kane_AnimBP with description: Accessed None trying to read property Kane
[2019.11.05-19.29.09:973][847]LogScript: Warning: Accessed None trying to read property Kane
	Kane_AnimBP_C /Game/SideScrollerBP/Maps/UEDPIE_0_SideScrollerExampleMap.SideScrollerExampleMap:PersistentLevel.SideScrollerCharacter_78.CharacterMesh0.Kane_AnimBP_C_0
	Function /Game/Characters/Kane/Animations/Kane_AnimBP.Kane_AnimBP_C:ExecuteUbergraph_Kane_AnimBP:05B8
[2019.11.05-19.29.09:973][847]PIE: Error: Blueprint Runtime Error: Accessed None trying to read property Kane from function: 'ExecuteUbergraph_Kane_AnimBP' from node: Result in graph: Transition in object: Kane_AnimBP with description: Accessed None trying to read property Kane
[2019.11.05-19.29.09:975][847]LogWorld: Bringing World /Game/SideScrollerBP/Maps/UEDPIE_0_SideScrollerExampleMap.SideScrollerExampleMap up for play (max tick rate 60) at 2019.11.05-14.29.09
[2019.11.05-19.29.10:286][847]LogWorld: Bringing up level for play took: 0.343851
[2019.11.05-19.29.10:787][847]LogContentBrowser: Native class hierarchy updated for 'MovieSceneCapture' in 0.0005 seconds. Added 11 classes and 0 folders.
[2019.11.05-19.29.11:309][847]PIE: Play in editor start time for /Game/SideScrollerBP/Maps/UEDPIE_0_SideScrollerExampleMap 3.474
[2019.11.05-19.29.11:356][847]LogBlueprintUserMessages: Late PlayInEditor Detection: Level '/Game/SideScrollerBP/Maps/SideScrollerExampleMap.SideScrollerExampleMap:PersistentLevel' has LevelScriptBlueprint '/Game/SideScrollerBP/Maps/SideScrollerExampleMap.SideScrollerExampleMap:PersistentLevel.SideScrollerExampleMap' with GeneratedClass '/Game/SideScrollerBP/Maps/SideScrollerExampleMap.SideScrollerExampleMap_C' with ClassGeneratedBy '/Game/SideScrollerBP/Maps/SideScrollerExampleMap.SideScrollerExampleMap:PersistentLevel.SideScrollerExampleMap'
[2019.11.05-19.29.12:057][847]LogRenderer: Reallocating scene render targets to support 1292x756 Format 10 NumSamples 1 (Frame:1).
[2019.11.05-19.29.16:473][912]LogBlueprintUserMessages: [SKnight_Checkpoint_356] Checkpoint Reached
[2019.11.05-19.29.26:888][101]LogBlueprintUserMessages: [SKnight_Checkpoint2_230] Checkpoint Reached
[2019.11.05-19.29.26:938][102]LogBlueprintUserMessages: [SKnight_Checkpoint2_230] Checkpoint Reached
[2019.11.05-19.29.45:744][478]LogBlueprintUserMessages: Early EndPlayMap Detection: Level '/Game/SideScrollerBP/Maps/SideScrollerExampleMap.SideScrollerExampleMap:PersistentLevel' has LevelScriptBlueprint '/Game/SideScrollerBP/Maps/SideScrollerExampleMap.SideScrollerExampleMap:PersistentLevel.SideScrollerExampleMap' with GeneratedClass '/Game/SideScrollerBP/Maps/SideScrollerExampleMap.SideScrollerExampleMap_C' with ClassGeneratedBy '/Game/SideScrollerBP/Maps/SideScrollerExampleMap.SideScrollerExampleMap:PersistentLevel.SideScrollerExampleMap'
[2019.11.05-19.29.46:411][478]LogBlueprintUserMessages: Late EndPlayMap Detection: Level '/Game/SideScrollerBP/Maps/SideScrollerExampleMap.SideScrollerExampleMap:PersistentLevel' has LevelScriptBlueprint '/Game/SideScrollerBP/Maps/SideScrollerExampleMap.SideScrollerExampleMap:PersistentLevel.SideScrollerExampleMap' with GeneratedClass '/Game/SideScrollerBP/Maps/SideScrollerExampleMap.SideScrollerExampleMap_C' with ClassGeneratedBy '/Game/SideScrollerBP/Maps/SideScrollerExampleMap.SideScrollerExampleMap:PersistentLevel.SideScrollerExampleMap'
[2019.11.05-19.33.29:988][630]LogD3D11RHI: Error: Result failed 
 at D:\Build\++UE4+Release-4.18+Compile\Sync\Engine\Source\Runtime\Windows\D3D11RHI\Private\D3D11Query.cpp:134 
 with error DXGI_ERROR_DEVICE_REMOVED DXGI_ERROR_DEVICE_HUNG
[2019.11.05-19.33.29:988][630]LogWindows: Windows GetLastError: The operation completed successfully. (0)
[2019.11.05-19.33.58:831][630]LogWindows: Windows GetLastError: The operation completed successfully. (0)
[2019.11.05-19.33.58:921][630]LogWindows: Error: === Critical error: ===
[2019.11.05-19.33.58:921][630]LogWindows: Error: 
[2019.11.05-19.33.58:921][630]LogWindows: Error: Fatal error: [File:D:\Build\++UE4+Release-4.18+Compile\Sync\Engine\Source\Runtime\RenderCore\Private\RenderingThread.cpp] [Line: 813] 
[2019.11.05-19.33.58:921][630]LogWindows: Error: Rendering thread exception:
[2019.11.05-19.33.58:921][630]LogWindows: Error: Fatal error: [File:D:\Build\++UE4+Release-4.18+Compile\Sync\Engine\Source\Runtime\Windows\D3D11RHI\Private\D3D11Util.cpp] [Line: 182] 
[2019.11.05-19.33.58:922][630]LogWindows: Error: Unreal Engine is exiting due to D3D device being lost. (Error: 0x887A0006 - 'HUNG')
[2019.11.05-19.33.58:922][630]LogWindows: Error: 
[2019.11.05-19.33.58:922][630]LogWindows: Error: 
[2019.11.05-19.33.58:922][630]LogWindows: Error: [Callstack] 0x00000000F6A9A839 KERNELBASE.dll!UnknownFunction []
[2019.11.05-19.33.58:922][630]LogWindows: Error: [Callstack] 0x00000000C47676D4 UE4Editor-ApplicationCore.dll!UnknownFunction []
[2019.11.05-19.33.58:922][630]LogWindows: Error: [Callstack] 0x00000000AAF8330B UE4Editor-Core.dll!UnknownFunction []
[2019.11.05-19.33.58:922][630]LogWindows: Error: [Callstack] 0x00000000AAF147F9 UE4Editor-Core.dll!UnknownFunction []
[2019.11.05-19.33.58:922][630]LogWindows: Error: [Callstack] 0x000000007F3079FF UE4Editor-D3D11RHI.dll!UnknownFunction []
[2019.11.05-19.33.58:922][630]LogWindows: Error: [Callstack] 0x000000007F30BBC0 UE4Editor-D3D11RHI.dll!UnknownFunction []
[2019.11.05-19.33.58:922][630]LogWindows: Error: [Callstack] 0x000000007F2E3EFA UE4Editor-D3D11RHI.dll!UnknownFunction []
[2019.11.05-19.33.58:922][630]LogWindows: Error: [Callstack] 0x000000007F2F85A8 UE4Editor-D3D11RHI.dll!UnknownFunction []
[2019.11.05-19.33.58:922][630]LogWindows: Error: [Callstack] 0x00000000C1AFE4F7 UE4Editor-RHI.dll!UnknownFunction []
[2019.11.05-19.33.58:922][630]LogWindows: Error: [Callstack] 0x000000007F0D0B45 UE4Editor-SlateRHIRenderer.dll!UnknownFunction []
[2019.11.05-19.33.58:922][630]LogWindows: Error: [Callstack] 0x000000007F0D60A9 UE4Editor-SlateRHIRenderer.dll!UnknownFunction []
[2019.11.05-19.33.58:922][630]LogWindows: Error: [Callstack] 0x00000000AADE4845 UE4Editor-Core.dll!UnknownFunction []
[2019.11.05-19.33.58:922][630]LogWindows: Error: [Callstack] 0x00000000AADE4E2A UE4Editor-Core.dll!UnknownFunction []
[2019.11.05-19.33.58:922][630]LogWindows: Error: [Callstack] 0x00000000C5BB22C4 UE4Editor-RenderCore.dll!UnknownFunction []
[2019.11.05-19.33.58:922][630]LogWindows: Error: [Callstack] 0x00000000C5BB32F6 UE4Editor-RenderCore.dll!UnknownFunction []
[2019.11.05-19.33.58:922][630]LogWindows: Error: [Callstack] 0x00000000AB18092C UE4Editor-Core.dll!UnknownFunction []
[2019.11.05-19.33.58:922][630]LogWindows: Error: [Callstack] 0x00000000AB172563 UE4Editor-Core.dll!UnknownFunction []
[2019.11.05-19.33.58:922][630]LogWindows: Error: [Callstack] 0x00000000F83D7BD4 KERNEL32.DLL!UnknownFunction []
[2019.11.05-19.33.58:922][630]LogWindows: Error: [Callstack] 0x00000000F8CCCED1 ntdll.dll!UnknownFunction []
[2019.11.05-19.33.58:922][630]LogWindows: Error: [Callstack] 0x00000000F8CCCED1 ntdll.dll!UnknownFunction []
[2019.11.05-19.33.58:922][630]LogWindows: Error: 
[2019.11.05-19.33.58:922][630]LogWindows: Error: 
[2019.11.05-19.33.58:922][630]LogWindows: Error: 
[2019.11.05-19.33.58:922][630]LogWindows: Error: 
[2019.11.05-19.33.59:078][630]LogExit: Executing StaticShutdownAfterError
[2019.11.05-19.33.59:401][630]LogWindows: FPlatformMisc::RequestExit(1)
[2019.11.05-19.33.59:682][630]Log file closed, 11/05/19 14:33:59
