Log file open, 09/12/19 12:38:31
LogWindows: Failed to load 'aqProf.dll' (GetLastError=126)
LogWindows: File 'aqProf.dll' does not exist
LogWindows: Failed to load 'VSPerf140.dll' (GetLastError=126)
LogWindows: File 'VSPerf140.dll' does not exist
LogWindows: Failed to load 'VtuneApi.dll' (GetLastError=126)
LogWindows: File 'VtuneApi.dll' does not exist
LogWindows: Failed to load 'VtuneApi32e.dll' (GetLastError=126)
LogWindows: File 'VtuneApi32e.dll' does not exist
LogInit: Display: Running engine for game: SKnightPrototype_01
LogPlatformFile: Not using cached read wrapper
LogInit: Display: RandInit(-16534683) SRandInit(-16534682).
LogInit: Read version file with build ID '3709383'
LogInit: Overriding engine version to CL 3832480, compatible CL 3709383
LogInit: Registered custom module enumerator with build ID '3709383'
LogTaskGraph: Started task graph with 5 named threads and 14 total threads with 3 sets of task threads.
LogStats: Stats thread started at 16.767503
LogD3D11RHI: Aftermath initialized
LogModuleManager: Display: Found up-to-date module file ../../../Engine/Plugins/2D/Paper2D/Binaries/Win64/UE4Editor-Paper2D.dll (API version 3709383).
LogModuleManager: Display: Found up-to-date module file ../../../Engine/Plugins/2D/Paper2D/Binaries/Win64/UE4Editor-Paper2DEditor.dll (API version 3709383).
LogModuleManager: Display: Found up-to-date module file ../../../Engine/Plugins/2D/Paper2D/Binaries/Win64/UE4Editor-PaperSpriteSheetImporter.dll (API version 3709383).
LogModuleManager: Display: Found up-to-date module file ../../../Engine/Plugins/2D/Paper2D/Binaries/Win64/UE4Editor-PaperTiledImporter.dll (API version 3709383).
LogModuleManager: Display: Found up-to-date module file ../../../Engine/Plugins/2D/Paper2D/Binaries/Win64/UE4Editor-SmartSnapping.dll (API version 3709383).
LogModuleManager: Display: Found up-to-date module file ../../../Engine/Plugins/Blendables/LightPropagationVolume/Binaries/Win64/UE4Editor-LightPropagationVolumeRuntime.dll (API version 3709383).
LogModuleManager: Display: Found up-to-date module file ../../../Engine/Plugins/Blendables/LightPropagationVolume/Binaries/Win64/UE4Editor-LightPropagationVolumeEditor.dll (API version 3709383).
LogModuleManager: Display: Found up-to-date module file ../../../Engine/Plugins/Developer/GitSourceControl/Binaries/Win64/UE4Editor-GitSourceControl.dll (API version 3709383).
LogModuleManager: Display: Found up-to-date module file ../../../Engine/Plugins/Developer/PerforceSourceControl/Binaries/Win64/UE4Editor-PerforceSourceControl.dll (API version 3709383).
LogModuleManager: Display: Found up-to-date module file ../../../Engine/Plugins/Developer/SubversionSourceControl/Binaries/Win64/UE4Editor-SubversionSourceControl.dll (API version 3709383).
LogModuleManager: Display: Found up-to-date module file ../../../Engine/Plugins/Developer/UObjectPlugin/Binaries/Win64/UE4Editor-UObjectPlugin.dll (API version 3709383).
LogModuleManager: Display: Found up-to-date module file ../../../Engine/Plugins/Developer/VisualStudioCodeSourceCodeAccess/Binaries/Win64/UE4Editor-VisualStudioCodeSourceCodeAccess.dll (API version 3709383).
LogModuleManager: Display: Found up-to-date module file ../../../Engine/Plugins/Developer/VisualStudioSourceCodeAccess/Binaries/Win64/UE4Editor-VisualStudioSourceCodeAccess.dll (API version 3709383).
LogModuleManager: Display: Found up-to-date module file ../../../Engine/Plugins/Editor/AssetManagerEditor/Binaries/Win64/UE4Editor-AssetManagerEditor.dll (API version 3709383).
LogModuleManager: Display: Found up-to-date module file ../../../Engine/Plugins/Editor/AudioCapture/Binaries/Win64/UE4Editor-AudioCapture.dll (API version 3709383).
LogModuleManager: Display: Found up-to-date module file ../../../Engine/Plugins/Editor/FacialAnimation/Binaries/Win64/UE4Editor-FacialAnimation.dll (API version 3709383).
LogModuleManager: Display: Found up-to-date module file ../../../Engine/Plugins/Editor/FacialAnimation/Binaries/Win64/UE4Editor-FacialAnimationEditor.dll (API version 3709383).
LogModuleManager: Display: Found up-to-date module file ../../../Engine/Plugins/Editor/GameplayTagsEditor/Binaries/Win64/UE4Editor-GameplayTagsEditor.dll (API version 3709383).
LogModuleManager: Display: Found up-to-date module file ../../../Engine/Plugins/Editor/MobileLauncherProfileWizard/Binaries/Win64/UE4Editor-MobileLauncherProfileWizard.dll (API version 3709383).
LogModuleManager: Display: Found up-to-date module file ../../../Engine/Plugins/Editor/PluginBrowser/Binaries/Win64/UE4Editor-PluginBrowser.dll (API version 3709383).
LogModuleManager: Display: Found up-to-date module file ../../../Engine/Plugins/Editor/SpeedTreeImporter/Binaries/Win64/UE4Editor-SpeedTreeImporter.dll (API version 3709383).
LogModuleManager: Display: Found up-to-date module file ../../../Engine/Plugins/Experimental/AlembicImporter/Binaries/Win64/UE4Editor-AlembicImporter.dll (API version 3709383).
LogModuleManager: Display: Found up-to-date module file ../../../Engine/Plugins/Experimental/AlembicImporter/Binaries/Win64/UE4Editor-AlembicLibrary.dll (API version 3709383).
LogModuleManager: Display: Found up-to-date module file ../../../Engine/Plugins/Experimental/CharacterAI/Binaries/Win64/UE4Editor-CharacterAI.dll (API version 3709383).
LogModuleManager: Display: Found up-to-date module file ../../../Engine/Plugins/Experimental/HTML5Networking/Binaries/Win64/UE4Editor-HTML5Networking.dll (API version 3709383).
LogModuleManager: Display: Found up-to-date module file ../../../Engine/Plugins/Media/AndroidMedia/Binaries/Win64/UE4Editor-AndroidMediaEditor.dll (API version 3709383).
LogModuleManager: Display: Found up-to-date module file ../../../Engine/Plugins/Media/AndroidMedia/Binaries/Win64/UE4Editor-AndroidMediaFactory.dll (API version 3709383).
LogModuleManager: Display: Found up-to-date module file ../../../Engine/Plugins/Media/AvfMedia/Binaries/Win64/UE4Editor-AvfMediaEditor.dll (API version 3709383).
LogModuleManager: Display: Found up-to-date module file ../../../Engine/Plugins/Media/AvfMedia/Binaries/Win64/UE4Editor-AvfMediaFactory.dll (API version 3709383).
LogModuleManager: Display: Found up-to-date module file ../../../Engine/Plugins/Media/AvfMedia/Binaries/Win64/UE4Editor-AvfMediaFactory.dll (API version 3709383).
LogModuleManager: Display: Found up-to-date module file ../../../Engine/Plugins/Media/ImgMedia/Binaries/Win64/UE4Editor-ImgMedia.dll (API version 3709383).
LogModuleManager: Display: Found up-to-date module file ../../../Engine/Plugins/Media/ImgMedia/Binaries/Win64/UE4Editor-ImgMediaEditor.dll (API version 3709383).
LogModuleManager: Display: Found up-to-date module file ../../../Engine/Plugins/Media/ImgMedia/Binaries/Win64/UE4Editor-ImgMediaFactory.dll (API version 3709383).
LogModuleManager: Display: Found up-to-date module file ../../../Engine/Plugins/Media/ImgMedia/Binaries/Win64/UE4Editor-ImgMediaFactory.dll (API version 3709383).
LogModuleManager: Display: Found up-to-date module file ../../../Engine/Plugins/Media/ImgMedia/Binaries/Win64/UE4Editor-OpenExrWrapper.dll (API version 3709383).
LogModuleManager: Display: Found up-to-date module file ../../../Engine/Plugins/Media/MediaCompositing/Binaries/Win64/UE4Editor-MediaCompositing.dll (API version 3709383).
LogModuleManager: Display: Found up-to-date module file ../../../Engine/Plugins/Media/MediaCompositing/Binaries/Win64/UE4Editor-MediaCompositingEditor.dll (API version 3709383).
LogModuleManager: Display: Found up-to-date module file ../../../Engine/Plugins/Media/MediaPlayerEditor/Binaries/Win64/UE4Editor-MediaPlayerEditor.dll (API version 3709383).
LogModuleManager: Display: Found up-to-date module file ../../../Engine/Plugins/Media/WmfMedia/Binaries/Win64/UE4Editor-WmfMedia.dll (API version 3709383).
LogModuleManager: Display: Found up-to-date module file ../../../Engine/Plugins/Media/WmfMedia/Binaries/Win64/UE4Editor-WmfMediaEditor.dll (API version 3709383).
LogModuleManager: Display: Found up-to-date module file ../../../Engine/Plugins/Media/WmfMedia/Binaries/Win64/UE4Editor-WmfMediaFactory.dll (API version 3709383).
LogModuleManager: Display: Found up-to-date module file ../../../Engine/Plugins/Media/WmfMedia/Binaries/Win64/UE4Editor-WmfMediaFactory.dll (API version 3709383).
LogModuleManager: Display: Found up-to-date module file ../../../Engine/Plugins/Messaging/TcpMessaging/Binaries/Win64/UE4Editor-TcpMessaging.dll (API version 3709383).
LogModuleManager: Display: Found up-to-date module file ../../../Engine/Plugins/Messaging/UdpMessaging/Binaries/Win64/UE4Editor-UdpMessaging.dll (API version 3709383).
LogModuleManager: Display: Found up-to-date module file ../../../Engine/Plugins/MovieScene/ActorSequence/Binaries/Win64/UE4Editor-ActorSequence.dll (API version 3709383).
LogModuleManager: Display: Found up-to-date module file ../../../Engine/Plugins/MovieScene/LevelSequenceEditor/Binaries/Win64/UE4Editor-LevelSequenceEditor.dll (API version 3709383).
LogModuleManager: Display: Found up-to-date module file ../../../Engine/Plugins/MovieScene/MatineeToLevelSequence/Binaries/Win64/UE4Editor-MatineeToLevelSequence.dll (API version 3709383).
LogModuleManager: Display: Found up-to-date module file ../../../Engine/Plugins/Online/OnlineSubsystem/Binaries/Win64/UE4Editor-OnlineSubsystem.dll (API version 3709383).
LogModuleManager: Display: Found up-to-date module file ../../../Engine/Plugins/Runtime/AndroidPermission/Binaries/Win64/UE4Editor-AndroidPermission.dll (API version 3709383).
LogModuleManager: Display: Found up-to-date module file ../../../Engine/Plugins/Online/OnlineSubsystemNull/Binaries/Win64/UE4Editor-OnlineSubsystemNull.dll (API version 3709383).
LogModuleManager: Display: Found up-to-date module file ../../../Engine/Plugins/Online/OnlineSubsystemUtils/Binaries/Win64/UE4Editor-OnlineSubsystemUtils.dll (API version 3709383).
LogModuleManager: Display: Found up-to-date module file ../../../Engine/Plugins/Online/OnlineSubsystemUtils/Binaries/Win64/UE4Editor-OnlineBlueprintSupport.dll (API version 3709383).
LogModuleManager: Display: Found up-to-date module file ../../../Engine/Plugins/Runtime/AndroidDeviceProfileSelector/Binaries/Win64/UE4Editor-AndroidDeviceProfileSelector.dll (API version 3709383).
LogModuleManager: Display: Found up-to-date module file ../../../Engine/Plugins/Runtime/AppleARKit/Binaries/Win64/UE4Editor-AppleARKit.dll (API version 3709383).
LogModuleManager: Display: Found up-to-date module file ../../../Engine/Plugins/Runtime/ArchVisCharacter/Binaries/Win64/UE4Editor-ArchVisCharacter.dll (API version 3709383).
LogModuleManager: Display: Found up-to-date module file ../../../Engine/Plugins/Runtime/CableComponent/Binaries/Win64/UE4Editor-CableComponent.dll (API version 3709383).
LogModuleManager: Display: Found up-to-date module file ../../../Engine/Plugins/Runtime/CustomMeshComponent/Binaries/Win64/UE4Editor-CustomMeshComponent.dll (API version 3709383).
LogModuleManager: Display: Found up-to-date module file ../../../Engine/Plugins/Runtime/ExampleDeviceProfileSelector/Binaries/Win64/UE4Editor-ExampleDeviceProfileSelector.dll (API version 3709383).
LogModuleManager: Display: Found up-to-date module file ../../../Engine/Plugins/Runtime/ImmediatePhysics/Binaries/Win64/UE4Editor-ImmediatePhysics.dll (API version 3709383).
LogModuleManager: Display: Found up-to-date module file ../../../Engine/Plugins/Runtime/ImmediatePhysics/Binaries/Win64/UE4Editor-ImmediatePhysicsEditor.dll (API version 3709383).
LogModuleManager: Display: Found up-to-date module file ../../../Engine/Plugins/Runtime/LocationServicesBPLibrary/Binaries/Win64/UE4Editor-LocationServicesBPLibrary.dll (API version 3709383).
LogModuleManager: Display: Found up-to-date module file ../../../Engine/Plugins/Runtime/MobilePatchingUtils/Binaries/Win64/UE4Editor-MobilePatchingUtils.dll (API version 3709383).
LogModuleManager: Display: Found up-to-date module file ../../../Engine/Plugins/Runtime/Oculus/OculusVR/Binaries/Win64/UE4Editor-OculusHMD.dll (API version 3709383).
LogModuleManager: Display: Found up-to-date module file ../../../Engine/Plugins/Runtime/Oculus/OculusVR/Binaries/Win64/UE4Editor-OculusInput.dll (API version 3709383).
LogModuleManager: Display: Found up-to-date module file ../../../Engine/Plugins/Runtime/Oculus/OculusVR/Binaries/Win64/UE4Editor-OculusEditor.dll (API version 3709383).
LogModuleManager: Display: Found up-to-date module file ../../../Engine/Plugins/Runtime/PhysXVehicles/Binaries/Win64/UE4Editor-PhysXVehicles.dll (API version 3709383).
LogModuleManager: Display: Found up-to-date module file ../../../Engine/Plugins/Runtime/PhysXVehicles/Binaries/Win64/UE4Editor-PhysXVehiclesEditor.dll (API version 3709383).
LogModuleManager: Display: Found up-to-date module file ../../../Engine/Plugins/Runtime/ProceduralMeshComponent/Binaries/Win64/UE4Editor-ProceduralMeshComponent.dll (API version 3709383).
LogModuleManager: Display: Found up-to-date module file ../../../Engine/Plugins/Runtime/ProceduralMeshComponent/Binaries/Win64/UE4Editor-ProceduralMeshComponentEditor.dll (API version 3709383).
LogModuleManager: Display: Found up-to-date module file ../../../Engine/Plugins/Runtime/RuntimePhysXCooking/Binaries/Win64/UE4Editor-RuntimePhysXCooking.dll (API version 3709383).
LogModuleManager: Display: Found up-to-date module file ../../../Engine/Plugins/Runtime/Steam/SteamVR/Binaries/Win64/UE4Editor-SteamVR.dll (API version 3709383).
LogModuleManager: Display: Found up-to-date module file ../../../Engine/Plugins/Runtime/Steam/SteamVR/Binaries/Win64/UE4Editor-SteamVRController.dll (API version 3709383).
LogModuleManager: Display: Found up-to-date module file ../../../Engine/Plugins/Runtime/WindowsMoviePlayer/Binaries/Win64/UE4Editor-WindowsMoviePlayer.dll (API version 3709383).
LogPluginManager: Mounting plugin Paper2D
LogPluginManager: Mounting plugin LightPropagationVolume
LogPluginManager: Mounting plugin CodeLiteSourceCodeAccess
LogPluginManager: Mounting plugin GitSourceControl
LogPluginManager: Mounting plugin KDevelopSourceCodeAccess
LogPluginManager: Mounting plugin NullSourceCodeAccess
LogPluginManager: Mounting plugin PerforceSourceControl
LogPluginManager: Mounting plugin SubversionSourceControl
LogPluginManager: Mounting plugin UObjectPlugin
LogPluginManager: Mounting plugin VisualStudioCodeSourceCodeAccess
LogPluginManager: Mounting plugin VisualStudioSourceCodeAccess
LogPluginManager: Mounting plugin XCodeSourceCodeAccess
LogPluginManager: Mounting plugin AssetManagerEditor
LogPluginManager: Mounting plugin AudioCapture
LogPluginManager: Mounting plugin FacialAnimation
LogPluginManager: Mounting plugin GameplayTagsEditor
LogPluginManager: Mounting plugin MobileLauncherProfileWizard
LogPluginManager: Mounting plugin PluginBrowser
LogPluginManager: Mounting plugin SpeedTreeImporter
LogPluginManager: Mounting plugin AlembicImporter
LogPluginManager: Mounting plugin CharacterAI
LogPluginManager: Mounting plugin HTML5Networking
LogPluginManager: Mounting plugin AndroidMedia
LogPluginManager: Mounting plugin AvfMedia
LogPluginManager: Mounting plugin ImgMedia
LogPluginManager: Mounting plugin MediaCompositing
LogPluginManager: Mounting plugin MediaPlayerEditor
LogPluginManager: Mounting plugin WmfMedia
LogPluginManager: Mounting plugin TcpMessaging
LogPluginManager: Mounting plugin UdpMessaging
LogPluginManager: Mounting plugin ActorSequence
LogPluginManager: Mounting plugin LevelSequenceEditor
LogPluginManager: Mounting plugin MatineeToLevelSequence
LogPluginManager: Mounting plugin OnlineSubsystemGooglePlay
LogPluginManager: Mounting plugin OnlineSubsystemIOS
LogPluginManager: Mounting plugin OnlineSubsystem
LogPluginManager: Mounting plugin OnlineSubsystemNull
LogPluginManager: Mounting plugin OnlineSubsystemUtils
LogPluginManager: Mounting plugin AndroidDeviceProfileSelector
LogPluginManager: Mounting plugin AndroidMoviePlayer
LogPluginManager: Mounting plugin AndroidPermission
LogPluginManager: Mounting plugin AppleARKit
LogPluginManager: Mounting plugin AppleMoviePlayer
LogPluginManager: Mounting plugin ArchVisCharacter
LogPluginManager: Mounting plugin CableComponent
LogPluginManager: Mounting plugin CustomMeshComponent
LogPluginManager: Mounting plugin ExampleDeviceProfileSelector
LogPluginManager: Mounting plugin GoogleCloudMessaging
LogPluginManager: Mounting plugin ImmediatePhysics
LogPluginManager: Mounting plugin IOSDeviceProfileSelector
LogPluginManager: Mounting plugin LinuxDeviceProfileSelector
LogPluginManager: Mounting plugin LocationServicesBPLibrary
LogPluginManager: Mounting plugin MobilePatchingUtils
LogPluginManager: Mounting plugin OculusVR
LogPluginManager: Plugin shader directory ../../../Engine/Plugins/Runtime/Oculus/OculusVR/Shaders found
LogPluginManager: Mapping shader source directory ../../../Engine/Plugins/Runtime/Oculus/OculusVR/Shaders to virtual directory /Plugin/OculusVR
LogPluginManager: Mounting plugin PhysXVehicles
LogPluginManager: Mounting plugin ProceduralMeshComponent
LogPluginManager: Mounting plugin RuntimePhysXCooking
LogPluginManager: Mounting plugin SteamVR
LogPluginManager: Mounting plugin WindowsMoviePlayer
LogInit: Using libcurl 7.47.1
LogInit:  - built for x86_64-pc-win32
LogInit:  - supports SSL with OpenSSL/1.0.2g
LogInit:  - supports HTTP deflate (compression) using libz 1.2.8
LogInit:  - other features:
LogInit:      CURL_VERSION_SSL
LogInit:      CURL_VERSION_LIBZ
LogInit:      CURL_VERSION_IPV6
LogInit:      CURL_VERSION_ASYNCHDNS
LogInit:      CURL_VERSION_LARGEFILE
LogInit:      CURL_VERSION_IDN
LogInit:  CurlRequestOptions (configurable via config and command line):
LogInit:  - bVerifyPeer = false  - Libcurl will NOT verify peer certificate
LogInit:  - bUseHttpProxy = false  - Libcurl will NOT use HTTP proxy
LogInit:  - bDontReuseConnections = false  - Libcurl will reuse connections
LogInit:  - CertBundlePath = nullptr  - Libcurl will use whatever was configured at build time.
LogInit: Build: ++UE4+Release-4.18-CL-3832480
LogInit: Engine Version: 4.18.3-3832480+++UE4+Release-4.18
LogInit: Compatible Engine Version: 4.18.0-3709383+++UE4+Release-4.18
LogInit: Net CL: 3709383
LogDevObjectVersion: Number of dev versions registered: 16
LogDevObjectVersion:   Dev-Blueprints (B0D832E4-1F89-4F0D-ACCF-7EB736FD4AA2): 10
LogDevObjectVersion:   Dev-Build (E1C64328-A22C-4D53-A36C-8E866417BD8C): 0
LogDevObjectVersion:   Dev-Core (375EC13C-06E4-48FB-B500-84F0262A717E): 2
LogDevObjectVersion:   Dev-Editor (E4B068ED-F494-42E9-A231-DA0B2E46BB41): 20
LogDevObjectVersion:   Dev-Framework (CFFC743F-43B0-4480-9391-14DF171D2073): 30
LogDevObjectVersion:   Dev-Mobile (B02B49B5-BB20-44E9-A304-32B752E40360): 0
LogDevObjectVersion:   Dev-Networking (A4E4105C-59A1-49B5-A7C5-40C4547EDFEE): 0
LogDevObjectVersion:   Dev-Online (39C831C9-5AE6-47DC-9A44-9C173E1C8E7C): 0
LogDevObjectVersion:   Dev-Physics (78F01B33-EBEA-4F98-B9B4-84EACCB95AA2): 0
LogDevObjectVersion:   Dev-Platform (6631380F-2D4D-43E0-8009-CF276956A95A): 0
LogDevObjectVersion:   Dev-Rendering (12F88B9F-8875-4AFC-A67C-D90C383ABD29): 20
LogDevObjectVersion:   Dev-Sequencer (7B5AE74C-D270-4C10-A958-57980B212A5A): 4
LogDevObjectVersion:   Dev-VR (D7296918-1DD6-4BDD-9DE2-64A83CC13884): 0
LogDevObjectVersion:   Dev-LoadTimes (C2A15278-BFE7-4AFE-6C17-90FF531DF755): 1
LogDevObjectVersion:   Private-Geometry (6EACA3D4-40EC-4CC1-B786-8BED09428FC5): 1
LogDevObjectVersion:   Dev-AnimPhys (29E575DD-E0A3-4627-9D10-D276232CDCEA): 12
LogInit: Compiled (64-bit): Jan 12 2018 02:04:55
LogInit: Compiled with Visual C++: 19.00.24215.01
LogInit: Build Configuration: Development
LogInit: Branch Name: ++UE4+Release-4.18
LogInit: Command line: -EpicPortal  -epicusername="CMP001" -epicuserid=504a56eacb094752a172dcccc7c138cb -epiclocale=en-US
LogInit: Base directory: D:/Program Files (x86)/UE_4.18/Engine/Binaries/Win64/
LogInit: Installed Engine Build: 1
LogInit: Presizing for max 8388607 objects, including 0 objects not considered by GC, pre-allocating 0 bytes for permanent pool.
LogInit: Object subsystem initialized
[2019.09.12-16.38.38:915][  0]LogInit: Selected Device Profile: [Windows]
[2019.09.12-16.38.38:915][  0]LogInit: Applying CVar settings loaded from the selected device profile: [Windows]
[2019.09.12-16.38.38:994][  0]LogInit: Computer: DESKTOP-EEGEEHC
[2019.09.12-16.38.38:994][  0]LogInit: User: ChristopherP
[2019.09.12-16.38.38:994][  0]LogInit: CPU Page size=4096, Cores=4
[2019.09.12-16.38.38:994][  0]LogInit: High frequency timer resolution =10.000000 MHz
[2019.09.12-16.38.38:995][  0]LogMemory: Memory total: Physical=7.9GB (8GB approx)
[2019.09.12-16.38.38:995][  0]LogMemory: Platform Memory Stats for Windows
[2019.09.12-16.38.38:995][  0]LogMemory: Process Physical Memory: 271.35 MB used, 271.35 MB peak
[2019.09.12-16.38.38:995][  0]LogMemory: Process Virtual Memory: 263.62 MB used, 263.62 MB peak
[2019.09.12-16.38.38:995][  0]LogMemory: Physical Memory: 5128.15 MB used,  3003.71 MB free, 8131.87 MB total
[2019.09.12-16.38.38:995][  0]LogMemory: Virtual Memory: 4742.09 MB used,  3003.71 MB free, 134217728.00 MB total
[2019.09.12-16.38.39:884][  0]LogInit: Using OS detected language (en-US).
[2019.09.12-16.38.39:884][  0]LogInit: Using OS detected locale (en-US).
[2019.09.12-16.38.40:001][  0]LogTextLocalizationManager: No specific localization for 'en-US' exists, so the 'en' localization will be used.
[2019.09.12-16.38.41:031][  0]LogInit: Setting process to per monitor DPI aware
[2019.09.12-16.38.42:755][  0]LogD3D11RHI: D3D11 adapters:
[2019.09.12-16.38.42:889][  0]LogD3D11RHI:    0. 'NVIDIA GeForce GTX 1070' (Feature Level 11_0)
[2019.09.12-16.38.42:889][  0]LogD3D11RHI:       8088/0/4065 MB DedicatedVideo/DedicatedSystem/SharedSystem, Outputs:2, VendorId:0x10de
[2019.09.12-16.38.42:918][  0]LogD3D11RHI:    1. 'Microsoft Basic Render Driver' (Feature Level 11_0)
[2019.09.12-16.38.42:918][  0]LogD3D11RHI:       0/0/4065 MB DedicatedVideo/DedicatedSystem/SharedSystem, Outputs:0, VendorId:0x1414
[2019.09.12-16.38.42:918][  0]LogD3D11RHI: Chosen D3D11 Adapter: 0
[2019.09.12-16.38.42:933][  0]LogD3D11RHI: Creating new Direct3DDevice
[2019.09.12-16.38.42:935][  0]LogD3D11RHI:     GPU DeviceId: 0x1b81 (for the marketing name, search the web for "GPU Device Id")
[2019.09.12-16.38.42:935][  0]LogWindows: EnumDisplayDevices:
[2019.09.12-16.38.42:935][  0]LogWindows:    0. 'NVIDIA GeForce GTX 1070' (P:1 D:1)
[2019.09.12-16.38.42:936][  0]LogWindows:    1. 'NVIDIA GeForce GTX 1070' (P:0 D:1)
[2019.09.12-16.38.42:936][  0]LogWindows:    2. 'NVIDIA GeForce GTX 1070' (P:0 D:0)
[2019.09.12-16.38.42:936][  0]LogWindows:    3. 'NVIDIA GeForce GTX 1070' (P:0 D:0)
[2019.09.12-16.38.42:936][  0]LogWindows: DebugString: GetVideoDriverDetailsInvalid PrimaryIsNotTheChoosenAdapter GetVideoDriverDetailsInvalid PrimaryIsNotTheChoosenAdapter GetVideoDriverDetailsInvalid PrimaryIsNotTheChoosenAdapter GetVideoDriverDetailsInvalid PrimaryIsNotTheChoosenAdapter FoundDriverCount:0 
[2019.09.12-16.38.42:936][  0]LogD3D11RHI:     Adapter Name: NVIDIA GeForce GTX 1070
[2019.09.12-16.38.42:936][  0]LogD3D11RHI:   Driver Version: Unknown (internal:Unknown, unified:Unknown)
[2019.09.12-16.38.42:936][  0]LogD3D11RHI:      Driver Date: Unknown
[2019.09.12-16.38.42:936][  0]LogRHI: Texture pool is 5661 MB (70% of 8088 MB)
[2019.09.12-16.38.43:035][  0]LogD3D11RHI: Async texture creation enabled
[2019.09.12-16.38.43:084][  0]LogD3D11RHI: GPU Timing Frequency: 1000.000000 (Debug: 2 1)
[2019.09.12-16.38.43:144][  0]LogShaderCompilers: Guid format shader working directory is -17 characters bigger than the processId version (../../../../../GitKrakenRepo/SugarKnight_SaltySour/SKnightPrototype_01/Intermediate/Shaders/WorkingDirectory/5712/).
[2019.09.12-16.38.43:144][  0]LogShaderCompilers: Cleaned the shader compiler working directory 'C:/Users/ChristopherP/AppData/Local/Temp/UnrealShaderWorkingDir/226DE63A4278C5FE4F300E81A4110ADA/'.
[2019.09.12-16.38.43:144][  0]LogShaderCompilers: Display: Using Local Shader Compiler.
[2019.09.12-16.38.46:236][  0]LogTemp: Display: Loaded TP AllDesktopTargetPlatform
[2019.09.12-16.38.46:372][  0]LogTemp: Display: Loaded TP MacClientTargetPlatform
[2019.09.12-16.38.46:474][  0]LogTemp: Display: Loaded TP MacNoEditorTargetPlatform
[2019.09.12-16.38.46:591][  0]LogTemp: Display: Loaded TP MacServerTargetPlatform
[2019.09.12-16.38.46:760][  0]LogTemp: Display: Loaded TP MacTargetPlatform
[2019.09.12-16.38.46:869][  0]LogTemp: Display: Loaded TP WindowsClientTargetPlatform
[2019.09.12-16.38.46:983][  0]LogTemp: Display: Loaded TP WindowsNoEditorTargetPlatform
[2019.09.12-16.38.47:083][  0]LogTemp: Display: Loaded TP WindowsServerTargetPlatform
[2019.09.12-16.38.47:175][  0]LogTemp: Display: Loaded TP WindowsTargetPlatform
[2019.09.12-16.38.47:287][  0]LogTemp: Display: Loaded TP Android_ASTCTargetPlatform
[2019.09.12-16.38.47:394][  0]LogTemp: Display: Loaded TP Android_ATCTargetPlatform
[2019.09.12-16.38.47:483][  0]LogTemp: Display: Loaded TP Android_DXTTargetPlatform
[2019.09.12-16.38.47:581][  0]LogTemp: Display: Loaded TP Android_ETC1TargetPlatform
[2019.09.12-16.38.47:665][  0]LogTemp: Display: Loaded TP Android_ETC2TargetPlatform
[2019.09.12-16.38.47:856][  0]LogTemp: Display: Loaded TP Android_MultiTargetPlatform
[2019.09.12-16.38.47:856][  0]LogTemp: Display: Loaded TP Android_PVRTCTargetPlatform
[2019.09.12-16.38.47:985][  0]LogTemp: Display: Loaded TP AndroidTargetPlatform
[2019.09.12-16.38.48:076][  0]LogTemp: Display: Loaded TP HTML5TargetPlatform
[2019.09.12-16.38.48:311][  0]LogTemp: Display: Loaded TP IOSTargetPlatform
[2019.09.12-16.38.48:356][  0]LogTemp: Display: Loaded TP TVOSTargetPlatform
[2019.09.12-16.38.48:449][  0]LogTemp: Display: Loaded TP LinuxClientTargetPlatform
[2019.09.12-16.38.48:553][  0]LogTemp: Display: Loaded TP LinuxNoEditorTargetPlatform
[2019.09.12-16.38.48:655][  0]LogTemp: Display: Loaded TP LinuxServerTargetPlatform
[2019.09.12-16.38.48:813][  0]LogTemp: Display: Loaded TP LinuxTargetPlatform
[2019.09.12-16.38.48:814][  0]LogTargetPlatformManager: Display: Building Assets For Windows
[2019.09.12-16.38.50:469][  0]LogDerivedDataCache: Display: Max Cache Size: 512 MB
[2019.09.12-16.38.51:651][  0]LogDerivedDataCache: Loaded boot cache 1.18s 78MB C:/Users/ChristopherP/AppData/Local/UnrealEngine/4.18/DerivedDataCache/Boot.ddc.
[2019.09.12-16.38.51:651][  0]LogDerivedDataCache: Display: Loaded Boot cache: C:/Users/ChristopherP/AppData/Local/UnrealEngine/4.18/DerivedDataCache/Boot.ddc
[2019.09.12-16.38.51:651][  0]LogDerivedDataCache: FDerivedDataBackendGraph:  Pak pak cache file ../../../../../GitKrakenRepo/SugarKnight_SaltySour/SKnightPrototype_01/DerivedDataCache/DDC.ddp not found, will not use a pak cache.
[2019.09.12-16.38.51:651][  0]LogDerivedDataCache: Unable to find inner node Pak for hierarchical cache Hierarchy.
[2019.09.12-16.38.51:651][  0]LogDerivedDataCache: FDerivedDataBackendGraph:  CompressedPak pak cache file ../../../../../GitKrakenRepo/SugarKnight_SaltySour/SKnightPrototype_01/DerivedDataCache/Compressed.ddp not found, will not use a pak cache.
[2019.09.12-16.38.51:651][  0]LogDerivedDataCache: Unable to find inner node CompressedPak for hierarchical cache Hierarchy.
[2019.09.12-16.38.51:689][  0]LogDerivedDataCache: Display: Pak cache opened for reading ../../../Engine/DerivedDataCache/Compressed.ddp.
[2019.09.12-16.38.51:706][  0]LogDerivedDataCache: Using Local data cache path C:/Users/ChristopherP/AppData/Local/UnrealEngine/Common/DerivedDataCache: Writable
[2019.09.12-16.38.51:736][  0]LogMaterial: Verifying Global Shaders for PCD3D_SM5
[2019.09.12-16.38.51:737][  0]LogSlate: Using Freetype 2.6.0
[2019.09.12-16.38.51:772][  0]LogSlate: SlateFontCache - WITH_FREETYPE: 1, WITH_HARFBUZZ: 1
[2019.09.12-16.38.51:773][  0]LogSlate: SlateFontCache - WITH_FREETYPE: 1, WITH_HARFBUZZ: 1
[2019.09.12-16.38.56:953][  0]LogInit: Selected Device Profile: [Windows]
[2019.09.12-16.38.57:984][  0]LogSimplygon: Simplygon DLL not present - disabling.
[2019.09.12-16.38.58:087][  0]LogMeshReduction: Using SimplygonSwarm for distributed automatic mesh merging
[2019.09.12-16.38.58:087][  0]LogMeshReduction: Using QuadricMeshReduction for automatic static mesh reduction
[2019.09.12-16.38.58:087][  0]LogMeshReduction: No automatic skeletal mesh reduction module available
[2019.09.12-16.38.58:087][  0]LogMeshReduction: No automatic mesh merging module available
[2019.09.12-16.38.58:087][  0]LogMeshMerging: No automatic mesh merging module available
[2019.09.12-16.38.58:184][  0]LogNetVersion: SKnightPrototype_01 , NetCL: 3709383, EngineNetVer: 2, GameNetVer: 0 (Checksum: 431312611)
[2019.09.12-16.38.58:639][  0]LogAssetRegistry: FAssetRegistry took 0.0322 seconds to start up
[2019.09.12-16.39.01:152][  0]LogPackageLocalizationCache: Processed 7 localized package path(s) for 2 prioritized culture(s) in 0.398615 seconds
[2019.09.12-16.39.01:166][  0]LogUObjectArray: 35870 objects as part of root set at end of initial load.
[2019.09.12-16.39.01:166][  0]LogUObjectAllocator: 7363696 out of 0 bytes used by permanent object pool.
[2019.09.12-16.39.01:166][  0]LogUObjectArray: CloseDisregardForGC: 0/0 objects in disregard for GC pool
[2019.09.12-16.39.01:452][  0]LogInit: WinSock: version 1.1 (2.2), MaxSocks=32767, MaxUdp=65467
[2019.09.12-16.39.14:510][  0]LogTcpMessaging: Initializing TcpMessaging bridge
[2019.09.12-16.39.14:680][  0]LogUdpMessaging: Initializing bridge on interface 0.0.0.0:0 to multicast group 230.0.0.1:6666.
[2019.09.12-16.39.17:258][  0]LogMaterial: Uniform references updated for custom material expression Custom.
[2019.09.12-16.39.18:463][  0]SourceControl: Source control is disabled
[2019.09.12-16.39.18:463][  0]SourceControl: Source control is disabled
[2019.09.12-16.39.18:680][  0]SourceControl: Source control is disabled
[2019.09.12-16.39.18:884][  0]SourceControl: Source control is disabled
[2019.09.12-16.39.22:068][  0]LogAndroidPermission: UAndroidPermissionCallbackProxy::GetInstance
[2019.09.12-16.39.23:080][  0]LogOcInput: OculusInput pre-init called
[2019.09.12-16.39.24:185][  0]LogEngine: Initializing Engine...
[2019.09.12-16.39.24:190][  0]LogHMD: Failed to initialize OpenVR with code 110
[2019.09.12-16.39.24:740][  0]LogStats: UGameplayTagsManager::ConstructGameplayTagTree: Construct from data asset -  0.000 s
[2019.09.12-16.39.24:741][  0]LogStats: UGameplayTagsManager::ConstructGameplayTagTree: GameplayTagTreeChangedEvent.Broadcast -  0.000 s
[2019.09.12-16.39.25:067][  0]LogAIModule: Creating AISystem for world Untitled
[2019.09.12-16.39.25:249][  0]LogInit: XAudio2 using 'Speakers (Realtek High Definition Audio)' : 2 channels at 48 kHz using 32 bits per sample (channel mask 0x3)
[2019.09.12-16.39.25:325][  0]LogInit: FAudioDevice initialized.
[2019.09.12-16.39.27:446][  0]LogDerivedDataCache: Saved boot cache 2.12s 78MB C:/Users/ChristopherP/AppData/Local/UnrealEngine/4.18/DerivedDataCache/Boot.ddc.
[2019.09.12-16.39.27:475][  0]LogInit: Texture streaming: Enabled
[2019.09.12-16.39.27:792][  0]LogEngineSessionManager: EngineSessionManager initialized
[2019.09.12-16.39.28:168][  0]LogInit: Transaction tracking system initialized
[2019.09.12-16.39.29:006][  0]BlueprintLog: New page: Editor Load
[2019.09.12-16.39.31:775][  0]LocalizationService: Localization service is disabled
[2019.09.12-16.39.34:496][  0]LogConsoleResponse: Display: 
[2019.09.12-16.39.35:595][  0]LogFileCache: Scanning file cache for directory 'D:/GitKrakenRepo/SugarKnight_SaltySour/SKnightPrototype_01/Content/' took 0.08s
[2019.09.12-16.39.35:595][  0]LogCook: Display: Max memory allowance for cook 16384mb min free memory 0mb
[2019.09.12-16.39.35:596][  0]LogCook: Display: Mobile HDR setting 1
[2019.09.12-16.39.35:596][  0]LogGameplayTags: Display: UGameplayTagsManager::DoneAddingNativeTags. DelegateIsBound: 0
[2019.09.12-16.39.39:792][  0]SourceControl: Source control is disabled
[2019.09.12-16.39.39:792][  0]Cmd: MAP LOAD FILE="../../../../../GitKrakenRepo/SugarKnight_SaltySour/SKnightPrototype_01/Content/SideScrollerBP/Maps/SideScrollerExampleMap.umap" TEMPLATE=0 SHOWPROGRESS=1 FEATURELEVEL=3
[2019.09.12-16.39.39:821][  0]LightingResults: New page: Lighting Build
[2019.09.12-16.39.39:924][  0]MapCheck: New page: Map Check
[2019.09.12-16.39.39:924][  0]LightingResults: New page: Lighting Build
[2019.09.12-16.39.44:473][  0]LogAIModule: Creating AISystem for world SideScrollerExampleMap
[2019.09.12-16.39.44:940][  0]LogEditorServer: Finished looking for orphan Actors (0.000 secs)
[2019.09.12-16.39.45:034][  0]Cmd: MAP CHECKDEP NOCLEARLOG
[2019.09.12-16.39.45:193][  0]MapCheck: Map check complete: 0 Error(s), 0 Warning(s), took 159.006ms to complete.
[2019.09.12-16.39.45:194][  0]LogFileHelpers: Loading map 'SideScrollerExampleMap' took 5.402
[2019.09.12-16.39.46:497][  0]LogCollectionManager: Loaded 0 collections in 0.002590 seconds
[2019.09.12-16.39.46:744][  0]LogFileCache: Scanning file cache for directory 'D:/GitKrakenRepo/SugarKnight_SaltySour/SKnightPrototype_01/Saved/Collections/' took 0.01s
[2019.09.12-16.39.46:744][  0]LogFileCache: Scanning file cache for directory 'D:/GitKrakenRepo/SugarKnight_SaltySour/SKnightPrototype_01/Content/Developers/ChristopherP/Collections/' took 0.01s
[2019.09.12-16.39.46:744][  0]LogFileCache: Scanning file cache for directory 'D:/GitKrakenRepo/SugarKnight_SaltySour/SKnightPrototype_01/Content/Collections/' took 0.02s
[2019.09.12-16.39.46:744][  0]LogCollectionManager: Rebuilt the GUID cache for 0 collections in 0.000002 seconds
[2019.09.12-16.39.46:758][  0]LogContentBrowser: Native class hierarchy populated in 0.0119 seconds. Added 2363 classes and 519 folders.
[2019.09.12-16.39.47:076][  0]LogContentBrowser: Native class hierarchy updated for 'WidgetCarousel' in 0.0008 seconds. Added 0 classes and 0 folders.
[2019.09.12-16.39.48:142][  0]LogContentBrowser: Native class hierarchy updated for 'AddContentDialog' in 0.0004 seconds. Added 0 classes and 0 folders.
[2019.09.12-16.39.48:318][  0]LogContentBrowser: Native class hierarchy updated for 'SceneOutliner' in 0.0007 seconds. Added 1 classes and 2 folders.
[2019.09.12-16.39.49:247][  0]LogSlate: Took 0.040874 seconds to synchronously load lazily loaded font '../../../Engine/Content/Slate/Fonts/Roboto-Regular.ttf' (155K)
[2019.09.12-16.39.49:251][  0]LogSlate: Took 0.001682 seconds to synchronously load lazily loaded font '../../../Engine/Content/Slate/Fonts/Roboto-Bold.ttf' (160K)
[2019.09.12-16.39.49:371][  0]LogSlate: Took 0.039731 seconds to synchronously load lazily loaded font '../../../Engine/Content/Editor/Slate/Fonts/FontAwesome.ttf' (139K)
[2019.09.12-16.39.50:037][  0]LogRenderer: Reallocating scene render targets to support 1128x584 Format 10 NumSamples 1 (Frame:1).
[2019.09.12-16.39.51:564][  0]LogContentBrowser: Native class hierarchy updated for 'HierarchicalLODOutliner' in 0.0007 seconds. Added 1 classes and 2 folders.
[2019.09.12-16.39.51:565][  0]LogLoad: (Engine Initialization) Total time: 143.71 seconds
[2019.09.12-16.39.51:565][  0]LogLoad: (Engine Initialization) Total Blueprint compile time: 0.00 seconds
[2019.09.12-16.39.51:565][  0]LogExternalProfiler: No external profilers were discovered.  External profiling features will not be available.
[2019.09.12-16.39.52:103][  0]LogContentStreaming: Texture pool size now 1000 MB
[2019.09.12-16.39.53:015][  3]LogAssetRegistry: Asset discovery search completed in 54.4039 seconds
[2019.09.12-16.39.53:018][  3]LogCollectionManager: Rebuilt the object cache for 0 collections in 0.000001 seconds (found 0 objects)
[2019.09.12-16.39.53:019][  3]LogCollectionManager: Fixed up redirectors for 0 collections in 0.000259 seconds (updated 0 objects)
[2019.09.12-16.39.56:504][ 13]LogSlate: Took 0.012947 seconds to synchronously load lazily loaded font '../../../Engine/Content/Slate/Fonts/Roboto-Light.ttf' (159K)
[2019.09.12-16.41.57:085][273]LogStaticMesh: Building static mesh Pillar...
[2019.09.12-16.41.57:262][273]LogSlate: Took 0.000374 seconds to synchronously load lazily loaded font '../../../Engine/Content/Slate/Fonts/Roboto-Light.ttf' (159K)
[2019.09.12-16.41.57:354][273]LogStaticMesh: Built static mesh [0.31s] /Game/Assets/Pillar.Pillar
[2019.09.12-16.41.58:105][273]LogSlate: Took 0.000513 seconds to synchronously load lazily loaded font '../../../Engine/Content/Slate/Fonts/Roboto-Regular.ttf' (155K)
[2019.09.12-16.42.00:471][273]LogRenderer: Reallocating scene render targets to support 1432x924 Format 10 NumSamples 1 (Frame:1).
[2019.09.12-16.42.11:713][896]LogStaticMesh: Building static mesh Doors...
[2019.09.12-16.42.11:764][896]LogStaticMesh: Built static mesh [0.05s] /Game/Assets/Doors.Doors
[2019.09.12-16.43.12:937][997]LogWindowsTextInputMethodSystem: Display: IME system now deactivated.
[2019.09.12-16.43.16:681][998]Cmd: QUIT_EDITOR
[2019.09.12-16.43.18:853][998]LogExit: Preparing to exit.
[2019.09.12-16.43.21:654][998]LogDirectoryWatcher: A directory notification for 'D:/GitKrakenRepo/SugarKnight_SaltySour/SKnightPrototype_01/Content/' was aborted.
[2019.09.12-16.43.25:206][998]LogExit: Editor shut down
[2019.09.12-16.43.25:212][998]LogExit: Transaction tracking system shut down
[2019.09.12-16.43.30:215][998]LogDirectoryWatcher: A directory notification for '../../../Engine/Content/' was aborted.
[2019.09.12-16.43.30:215][998]LogDirectoryWatcher: A directory notification for '../../../../../GitKrakenRepo/SugarKnight_SaltySour/SKnightPrototype_01/Content/' was aborted.
[2019.09.12-16.43.30:216][998]LogDirectoryWatcher: A directory notification for '../../../Engine/Plugins/2D/Paper2D/Content/' was aborted.
[2019.09.12-16.43.30:216][998]LogDirectoryWatcher: A directory notification for '../../../Engine/Plugins/Media/MediaCompositing/Content/' was aborted.
[2019.09.12-16.43.30:216][998]LogDirectoryWatcher: A directory notification for '../../../Engine/Plugins/Runtime/AppleARKit/Content/' was aborted.
[2019.09.12-16.43.30:216][998]LogDirectoryWatcher: A directory notification for '../../../Engine/Plugins/Runtime/Oculus/OculusVR/Content/' was aborted.
[2019.09.12-16.43.30:217][998]LogDirectoryWatcher: A directory notification for '../../../Engine/Plugins/Runtime/Steam/SteamVR/Content/' was aborted.
[2019.09.12-16.43.38:994][998]LogExit: Object subsystem successfully closed.
[2019.09.12-16.43.41:418][998]LogD3D11RHI: Shutdown
[2019.09.12-16.43.41:452][998]LogD3D11RHI: CleanupD3DDevice
[2019.09.12-16.43.41:637][998]LogD3D11RHI: ~FD3D11DynamicRHI
[2019.09.12-16.43.45:572][998]LogModuleManager: Shutting down and abandoning module StaticMeshEditor (550)
[2019.09.12-16.43.45:572][998]LogModuleManager: Shutting down and abandoning module HierarchicalLODOutliner (548)
[2019.09.12-16.43.45:572][998]LogModuleManager: Shutting down and abandoning module SceneOutliner (546)
[2019.09.12-16.43.45:694][998]LogModuleManager: Shutting down and abandoning module AddContentDialog (544)
[2019.09.12-16.43.45:865][998]LogDirectoryWatcher: A directory notification for 'D:/Program Files (x86)/UE_4.18/FeaturePacks/' was aborted.
[2019.09.12-16.43.45:868][998]LogModuleManager: Shutting down and abandoning module WidgetCarousel (543)
[2019.09.12-16.43.45:868][998]LogModuleManager: Shutting down and abandoning module EditorWidgets (540)
[2019.09.12-16.43.45:868][998]LogModuleManager: Shutting down and abandoning module CollectionManager (538)
[2019.09.12-16.43.45:930][998]LogDirectoryWatcher: A directory notification for 'D:/GitKrakenRepo/SugarKnight_SaltySour/SKnightPrototype_01/Content/Collections/' was aborted.
[2019.09.12-16.43.45:930][998]LogDirectoryWatcher: A directory notification for 'D:/GitKrakenRepo/SugarKnight_SaltySour/SKnightPrototype_01/Content/Developers/ChristopherP/Collections/' was aborted.
[2019.09.12-16.43.45:930][998]LogDirectoryWatcher: A directory notification for 'D:/GitKrakenRepo/SugarKnight_SaltySour/SKnightPrototype_01/Saved/Collections/' was aborted.
[2019.09.12-16.43.45:931][998]LogModuleManager: Shutting down and abandoning module StatsViewer (536)
[2019.09.12-16.43.46:004][998]LogModuleManager: Shutting down and abandoning module FoliageEdit (534)
[2019.09.12-16.43.46:038][998]LogModuleManager: Shutting down and abandoning module LandscapeEditor (532)
[2019.09.12-16.43.46:458][998]LogModuleManager: Shutting down and abandoning module MeshPaintMode (530)
[2019.09.12-16.43.46:559][998]LogModuleManager: Shutting down and abandoning module SceneDepthPickerMode (528)
[2019.09.12-16.43.46:560][998]LogModuleManager: Shutting down and abandoning module ActorPickerMode (526)
[2019.09.12-16.43.46:560][998]LogModuleManager: Shutting down and abandoning module GeometryMode (524)
[2019.09.12-16.43.46:560][998]LogModuleManager: Shutting down and abandoning module TextureAlignMode (522)
[2019.09.12-16.43.46:560][998]LogModuleManager: Shutting down and abandoning module BspMode (520)
[2019.09.12-16.43.46:560][998]LogModuleManager: Shutting down and abandoning module PIEPreviewDeviceProfileSelector (518)
[2019.09.12-16.43.46:560][998]LogModuleManager: Shutting down and abandoning module HardwareSurvey (516)
[2019.09.12-16.43.46:560][998]LogModuleManager: Shutting down and abandoning module SequenceRecorderSections (514)
[2019.09.12-16.43.46:575][998]LogModuleManager: Shutting down and abandoning module AutomationWorker (512)
[2019.09.12-16.43.46:584][998]LogModuleManager: Shutting down and abandoning module MatineeToLevelSequence (510)
[2019.09.12-16.43.46:709][998]LogModuleManager: Shutting down and abandoning module LevelSequenceEditor (508)
[2019.09.12-16.43.47:325][998]LogModuleManager: Shutting down and abandoning module PlacementMode (507)
[2019.09.12-16.43.47:325][998]LogModuleManager: Shutting down and abandoning module WmfMediaFactory (504)
[2019.09.12-16.43.47:325][998]LogModuleManager: Shutting down and abandoning module WmfMediaEditor (502)
[2019.09.12-16.43.47:325][998]LogModuleManager: Shutting down and abandoning module OpenExrWrapper (500)
[2019.09.12-16.43.47:325][998]LogModuleManager: Shutting down and abandoning module ImgMediaFactory (498)
[2019.09.12-16.43.47:325][998]LogModuleManager: Shutting down and abandoning module ImgMediaEditor (496)
[2019.09.12-16.43.47:325][998]LogModuleManager: Shutting down and abandoning module AvfMediaFactory (494)
[2019.09.12-16.43.47:326][998]LogModuleManager: Shutting down and abandoning module AvfMediaEditor (492)
[2019.09.12-16.43.47:326][998]LogModuleManager: Shutting down and abandoning module AndroidMediaFactory (490)
[2019.09.12-16.43.47:326][998]LogModuleManager: Shutting down and abandoning module AndroidMediaEditor (488)
[2019.09.12-16.43.47:326][998]LogModuleManager: Shutting down and abandoning module CharacterAI (486)
[2019.09.12-16.43.47:326][998]LogModuleManager: Shutting down and abandoning module AudioCapture (484)
[2019.09.12-16.43.47:359][998]LogModuleManager: Shutting down and abandoning module SequenceRecorder (483)
[2019.09.12-16.43.47:368][998]LogModuleManager: Shutting down and abandoning module SmartSnapping (480)
[2019.09.12-16.43.47:369][998]LogModuleManager: Shutting down and abandoning module SessionServices (478)
[2019.09.12-16.43.47:369][998]LogModuleManager: Shutting down and abandoning module ViewportSnapping (476)
[2019.09.12-16.43.47:369][998]LogModuleManager: Shutting down and abandoning module ViewportInteraction (474)
[2019.09.12-16.43.47:369][998]LogModuleManager: Shutting down and abandoning module ClothPainter (472)
[2019.09.12-16.43.47:453][998]LogModuleManager: Shutting down and abandoning module SkeletalMeshEditor (471)
[2019.09.12-16.43.47:742][998]LogModuleManager: Shutting down and abandoning module LogVisualizer (468)
[2019.09.12-16.43.47:976][998]LogModuleManager: Shutting down and abandoning module IntroTutorials (466)
[2019.09.12-16.43.48:426][998]LogModuleManager: Shutting down and abandoning module GameProjectGeneration (465)
[2019.09.12-16.43.48:555][998]LogModuleManager: Shutting down and abandoning module IOSPlatformEditor (462)
[2019.09.12-16.43.48:555][998]LogModuleManager: Shutting down and abandoning module HTML5PlatformEditor (460)
[2019.09.12-16.43.48:555][998]LogModuleManager: Shutting down and abandoning module AndroidPlatformEditor (458)
[2019.09.12-16.43.48:555][998]LogModuleManager: Shutting down and abandoning module AndroidDeviceDetection (457)
[2019.09.12-16.43.49:566][998]LogModuleManager: Shutting down and abandoning module WindowsPlatformEditor (454)
[2019.09.12-16.43.49:566][998]LogModuleManager: Shutting down and abandoning module IOSRuntimeSettings (452)
[2019.09.12-16.43.49:566][998]LogModuleManager: Shutting down and abandoning module AndroidRuntimeSettings (450)
[2019.09.12-16.43.49:566][998]LogModuleManager: Shutting down and abandoning module InputBindingEditor (448)
[2019.09.12-16.43.49:623][998]LogModuleManager: Shutting down and abandoning module MergeActors (446)
[2019.09.12-16.43.49:689][998]LogModuleManager: Shutting down and abandoning module SizeMap (444)
[2019.09.12-16.43.49:689][998]LogModuleManager: Shutting down and abandoning module TreeMap (442)
[2019.09.12-16.43.49:785][998]LogModuleManager: Shutting down and abandoning module ReferenceViewer (440)
[2019.09.12-16.43.49:785][998]LogModuleManager: Shutting down and abandoning module LocalizationDashboard (438)
[2019.09.12-16.43.49:822][998]LogModuleManager: Shutting down and abandoning module LocalizationService (437)
[2019.09.12-16.43.49:830][998]LogModuleManager: Shutting down and abandoning module HardwareTargeting (434)
[2019.09.12-16.43.49:830][998]LogModuleManager: Shutting down and abandoning module DeviceProfileEditor (432)
[2019.09.12-16.43.49:831][998]LogModuleManager: Shutting down and abandoning module UndoHistory (430)
[2019.09.12-16.43.49:831][998]LogModuleManager: Shutting down and abandoning module XmlParser (428)
[2019.09.12-16.43.49:843][998]LogModuleManager: Shutting down and abandoning module Blutility (426)
[2019.09.12-16.43.49:858][998]LogModuleManager: Shutting down and abandoning module ProjectSettingsViewer (424)
[2019.09.12-16.43.49:858][998]LogModuleManager: Shutting down and abandoning module ProjectTargetPlatformEditor (423)
[2019.09.12-16.43.49:859][998]LogModuleManager: Shutting down and abandoning module EditorSettingsViewer (420)
[2019.09.12-16.43.49:859][998]LogModuleManager: Shutting down and abandoning module SettingsEditor (418)
[2019.09.12-16.43.49:877][998]LogModuleManager: Shutting down and abandoning module ProjectLauncher (416)
[2019.09.12-16.43.49:897][998]LogModuleManager: Shutting down and abandoning module SessionFrontend (414)
[2019.09.12-16.43.49:919][998]LogModuleManager: Shutting down and abandoning module ProfilerClient (412)
[2019.09.12-16.43.49:933][998]LogModuleManager: Shutting down and abandoning module DeviceManager (410)
[2019.09.12-16.43.49:946][998]LogModuleManager: Shutting down and abandoning module TargetDeviceServices (409)
[2019.09.12-16.43.50:000][998]LogModuleManager: Shutting down and abandoning module AutomationController (406)
[2019.09.12-16.43.50:001][998]LogModuleManager: Shutting down and abandoning module AutomationWindow (404)
[2019.09.12-16.43.50:022][998]LogModuleManager: Shutting down and abandoning module Layers (402)
[2019.09.12-16.43.50:032][998]LogModuleManager: Shutting down and abandoning module ComponentVisualizers (400)
[2019.09.12-16.43.50:032][998]LogModuleManager: Shutting down and abandoning module DetailCustomizations (398)
[2019.09.12-16.43.50:055][998]LogModuleManager: Shutting down and abandoning module PackagesDialog (396)
[2019.09.12-16.43.50:069][998]LogModuleManager: Shutting down and abandoning module Persona (394)
[2019.09.12-16.43.50:140][998]LogModuleManager: Shutting down and abandoning module AdvancedPreviewScene (393)
[2019.09.12-16.43.50:140][998]LogModuleManager: Shutting down and abandoning module AnimGraph (391)
[2019.09.12-16.43.50:140][998]LogModuleManager: Shutting down and abandoning module Kismet (388)
[2019.09.12-16.43.50:164][998]LogModuleManager: Shutting down and abandoning module ClassViewer (386)
[2019.09.12-16.43.50:164][998]LogModuleManager: Shutting down and abandoning module Toolbox (384)
[2019.09.12-16.43.50:164][998]LogModuleManager: Shutting down and abandoning module ModuleUI (382)
[2019.09.12-16.43.50:177][998]LogModuleManager: Shutting down and abandoning module MovieSceneTools (380)
[2019.09.12-16.43.50:199][998]LogModuleManager: Shutting down and abandoning module OutputLog (378)
[2019.09.12-16.43.50:221][998]LogModuleManager: Shutting down and abandoning module GammaUI (376)
[2019.09.12-16.43.50:242][998]LogModuleManager: Shutting down and abandoning module Documentation (374)
[2019.09.12-16.43.50:242][998]LogModuleManager: Shutting down and abandoning module MovieSceneTracks (372)
[2019.09.12-16.43.50:250][998]LogModuleManager: Shutting down and abandoning module MovieScene (370)
[2019.09.12-16.43.50:251][998]LogModuleManager: Shutting down and abandoning module StreamingPauseRendering (368)
[2019.09.12-16.43.50:251][998]LogModuleManager: Shutting down and abandoning module LauncherPlatform (366)
[2019.09.12-16.43.50:251][998]LogModuleManager: Shutting down and abandoning module AnalyticsET (364)
[2019.09.12-16.43.50:252][998]LogModuleManager: Shutting down and abandoning module PortalServices (362)
[2019.09.12-16.43.50:252][998]LogModuleManager: Shutting down and abandoning module PortalRpc (360)
[2019.09.12-16.43.50:252][998]LogModuleManager: Shutting down and abandoning module MessagingRpc (358)
[2019.09.12-16.43.50:252][998]LogModuleManager: Shutting down and abandoning module AIModule (356)
[2019.09.12-16.43.50:282][998]LogModuleManager: Shutting down and abandoning module GameplayDebugger (355)
[2019.09.12-16.43.50:291][998]LogModuleManager: Shutting down and abandoning module AITestSuite (353)
[2019.09.12-16.43.50:317][998]LogModuleManager: Shutting down and abandoning module DesktopPlatform (350)
[2019.09.12-16.43.50:317][998]LogModuleManager: Shutting down and abandoning module ProfilerService (348)
[2019.09.12-16.43.50:321][998]LogModuleManager: Shutting down and abandoning module TaskGraph (346)
[2019.09.12-16.43.50:338][998]LogModuleManager: Shutting down and abandoning module SteamVRController (344)
[2019.09.12-16.43.50:338][998]LogModuleManager: Shutting down and abandoning module ProceduralMeshComponentEditor (342)
[2019.09.12-16.43.50:339][998]LogModuleManager: Shutting down and abandoning module ProceduralMeshComponent (340)
[2019.09.12-16.43.50:356][998]LogModuleManager: Shutting down and abandoning module OculusInput (338)
[2019.09.12-16.43.50:363][998]LogModuleManager: Shutting down and abandoning module MobilePatchingUtils (336)
[2019.09.12-16.43.50:364][998]LogModuleManager: Shutting down and abandoning module CustomMeshComponent (334)
[2019.09.12-16.43.50:364][998]LogModuleManager: Shutting down and abandoning module CableComponent (332)
[2019.09.12-16.43.50:375][998]LogModuleManager: Shutting down and abandoning module ArchVisCharacter (330)
[2019.09.12-16.43.50:375][998]LogModuleManager: Shutting down and abandoning module AndroidPermission (328)
[2019.09.12-16.43.50:375][998]LogModuleManager: Shutting down and abandoning module ActorSequence (324)
[2019.09.12-16.43.50:375][998]LogModuleManager: Shutting down and abandoning module MediaPlayerEditor (322)
[2019.09.12-16.43.50:414][998]LogModuleManager: Shutting down and abandoning module MediaCompositingEditor (320)
[2019.09.12-16.43.50:414][998]LogModuleManager: Shutting down and abandoning module MediaCompositing (318)
[2019.09.12-16.43.50:414][998]LogModuleManager: Shutting down and abandoning module HTML5Networking (316)
[2019.09.12-16.43.50:414][998]LogModuleManager: Shutting down and abandoning module AlembicImporter (314)
[2019.09.12-16.43.50:419][998]LogModuleManager: Shutting down and abandoning module AlembicLibrary (313)
[2019.09.12-16.43.50:419][998]LogModuleManager: Shutting down and abandoning module GeometryCache (312)
[2019.09.12-16.43.50:424][998]LogModuleManager: Shutting down and abandoning module GeometryCacheEd (311)
[2019.09.12-16.43.50:424][998]LogModuleManager: Shutting down and abandoning module SpeedTreeImporter (306)
[2019.09.12-16.43.50:424][998]LogModuleManager: Shutting down and abandoning module PluginBrowser (304)
[2019.09.12-16.43.50:441][998]LogModuleManager: Shutting down and abandoning module MobileLauncherProfileWizard (302)
[2019.09.12-16.43.50:455][998]LogModuleManager: Shutting down and abandoning module VisualStudioSourceCodeAccess (300)
[2019.09.12-16.43.50:456][998]LogModuleManager: Shutting down and abandoning module VisualStudioCodeSourceCodeAccess (298)
[2019.09.12-16.43.50:456][998]LogModuleManager: Shutting down and abandoning module UObjectPlugin (296)
[2019.09.12-16.43.50:456][998]LogModuleManager: Shutting down and abandoning module SubversionSourceControl (294)
[2019.09.12-16.43.50:474][998]LogModuleManager: Shutting down and abandoning module PerforceSourceControl (292)
[2019.09.12-16.43.50:635][998]LogModuleManager: Shutting down and abandoning module GitSourceControl (290)
[2019.09.12-16.43.50:645][998]LogModuleManager: Shutting down and abandoning module SourceControl (289)
[2019.09.12-16.43.50:669][998]LogModuleManager: Shutting down and abandoning module LightPropagationVolumeEditor (286)
[2019.09.12-16.43.50:672][998]LogModuleManager: Shutting down and abandoning module PaperTiledImporter (284)
[2019.09.12-16.43.50:672][998]LogModuleManager: Shutting down and abandoning module PaperSpriteSheetImporter (282)
[2019.09.12-16.43.50:672][998]LogModuleManager: Shutting down and abandoning module Paper2DEditor (280)
[2019.09.12-16.43.50:695][998]LogModuleManager: Shutting down and abandoning module MeshPaint (279)
[2019.09.12-16.43.50:711][998]LogModuleManager: Shutting down and abandoning module LevelEditor (277)
[2019.09.12-16.43.50:744][998]LogModuleManager: Shutting down and abandoning module PixelInspectorModule (276)
[2019.09.12-16.43.50:758][998]LogModuleManager: Shutting down and abandoning module MainFrame (274)
[2019.09.12-16.43.50:774][998]LogModuleManager: Shutting down and abandoning module HotReload (273)
[2019.09.12-16.43.50:775][998]LogModuleManager: Shutting down and abandoning module RuntimePhysXCooking (268)
[2019.09.12-16.43.50:775][998]LogModuleManager: Shutting down and abandoning module PhysXVehiclesEditor (266)
[2019.09.12-16.43.50:775][998]LogModuleManager: Shutting down and abandoning module PhysXVehicles (264)
[2019.09.12-16.43.50:775][998]LogModuleManager: Shutting down and abandoning module OculusEditor (262)
[2019.09.12-16.43.50:775][998]LogModuleManager: Shutting down and abandoning module LocationServicesBPLibrary (260)
[2019.09.12-16.43.50:775][998]LogModuleManager: Shutting down and abandoning module ImmediatePhysicsEditor (258)
[2019.09.12-16.43.50:775][998]LogModuleManager: Shutting down and abandoning module ImmediatePhysics (256)
[2019.09.12-16.43.50:795][998]LogModuleManager: Shutting down and abandoning module UdpMessaging (254)
[2019.09.12-16.43.50:913][998]LogModuleManager: Shutting down and abandoning module TcpMessaging (252)
[2019.09.12-16.43.51:026][998]LogModuleManager: Shutting down and abandoning module GameplayTagsEditor (250)
[2019.09.12-16.43.51:074][998]LogModuleManager: Shutting down and abandoning module FacialAnimationEditor (248)
[2019.09.12-16.43.51:074][998]LogModuleManager: Shutting down and abandoning module FacialAnimation (246)
[2019.09.12-16.43.51:074][998]LogModuleManager: Shutting down and abandoning module AssetManagerEditor (244)
[2019.09.12-16.43.51:102][998]LogModuleManager: Shutting down and abandoning module GraphEditor (243)
[2019.09.12-16.43.51:151][998]LogModuleManager: Shutting down and abandoning module ContentBrowser (241)
[2019.09.12-16.43.51:153][998]LogModuleManager: Shutting down and abandoning module LightPropagationVolumeRuntime (238)
[2019.09.12-16.43.51:153][998]LogModuleManager: Shutting down and abandoning module Paper2D (236)
[2019.09.12-16.43.51:171][998]LogModuleManager: Shutting down and abandoning module WindowsMoviePlayer (234)
[2019.09.12-16.43.51:190][998]LogModuleManager: Shutting down and abandoning module WmfMedia (232)
[2019.09.12-16.43.51:219][998]LogModuleManager: Shutting down and abandoning module ImgMedia (230)
[2019.09.12-16.43.51:235][998]LogModuleManager: Shutting down and abandoning module PacketHandler (228)
[2019.09.12-16.43.51:235][998]LogModuleManager: Shutting down and abandoning module ClothingSystemEditor (226)
[2019.09.12-16.43.51:235][998]LogModuleManager: Shutting down and abandoning module ClothingSystemRuntime (224)
[2019.09.12-16.43.51:267][998]LogModuleManager: Shutting down and abandoning module MediaAssets (222)
[2019.09.12-16.43.51:267][998]LogModuleManager: Shutting down and abandoning module Media (221)
[2019.09.12-16.43.51:276][998]LogModuleManager: Shutting down and abandoning module Overlay (218)
[2019.09.12-16.43.51:276][998]LogModuleManager: Shutting down and abandoning module OverlayEditor (217)
[2019.09.12-16.43.51:276][998]LogModuleManager: Shutting down and abandoning module VREditor (214)
[2019.09.12-16.43.51:333][998]LogModuleManager: Shutting down and abandoning module StringTableEditor (212)
[2019.09.12-16.43.51:354][998]LogModuleManager: Shutting down and abandoning module GameplayTasksEditor (210)
[2019.09.12-16.43.51:354][998]LogModuleManager: Shutting down and abandoning module BehaviorTreeEditor (208)
[2019.09.12-16.43.51:374][998]LogModuleManager: Shutting down and abandoning module FunctionalTesting (206)
[2019.09.12-16.43.51:391][998]LogModuleManager: Shutting down and abandoning module CollisionAnalyzer (204)
[2019.09.12-16.43.51:413][998]LogModuleManager: Shutting down and abandoning module WorkspaceMenuStructure (203)
[2019.09.12-16.43.51:413][998]LogModuleManager: Shutting down and abandoning module UMG (200)
[2019.09.12-16.43.51:444][998]LogModuleManager: Shutting down and abandoning module UMGEditor (199)
[2019.09.12-16.43.51:478][998]LogModuleManager: Shutting down and abandoning module Sequencer (198)
[2019.09.12-16.43.51:504][998]LogModuleManager: Shutting down and abandoning module MessageLog (195)
[2019.09.12-16.43.51:504][998]LogModuleManager: Shutting down and abandoning module SlateReflector (190)
[2019.09.12-16.43.51:530][998]LogModuleManager: Shutting down and abandoning module Slate (188)
[2019.09.12-16.43.51:530][998]LogModuleManager: Shutting down and abandoning module EditorStyle (186)
[2019.09.12-16.43.51:534][998]LogModuleManager: Shutting down and abandoning module MRMesh (184)
[2019.09.12-16.43.51:534][998]LogModuleManager: Shutting down and abandoning module SourceCodeAccess (182)
[2019.09.12-16.43.51:534][998]LogModuleManager: Shutting down and abandoning module HeadMountedDisplay (180)
[2019.09.12-16.43.51:534][998]LogModuleManager: Shutting down and abandoning module XAudio2 (178)
[2019.09.12-16.43.51:535][998]LogModuleManager: Shutting down and abandoning module Networking (176)
[2019.09.12-16.43.51:535][998]LogModuleManager: Shutting down and abandoning module Core (172)
[2019.09.12-16.43.51:535][998]LogModuleManager: Shutting down and abandoning module LevelSequence (168)
[2019.09.12-16.43.51:541][998]LogModuleManager: Shutting down and abandoning module DirectoryWatcher (166)
[2019.09.12-16.43.51:542][998]LogModuleManager: Shutting down and abandoning module KismetCompiler (164)
[2019.09.12-16.43.51:542][998]LogModuleManager: Shutting down and abandoning module MeshUtilities (162)
[2019.09.12-16.43.51:553][998]LogModuleManager: Shutting down and abandoning module MeshMergeUtilities (161)
[2019.09.12-16.43.51:654][998]LogModuleManager: Shutting down and abandoning module MeshReductionInterface (160)
[2019.09.12-16.43.51:654][998]LogModuleManager: Shutting down and abandoning module SimplygonSwarm (159)
[2019.09.12-16.43.51:667][998]LogModuleManager: Shutting down and abandoning module SimplygonMeshReduction (157)
[2019.09.12-16.43.51:667][998]LogModuleManager: Shutting down and abandoning module QuadricMeshReduction (155)
[2019.09.12-16.43.51:680][998]LogModuleManager: Shutting down and abandoning module MaterialBaking (151)
[2019.09.12-16.43.51:691][998]LogModuleManager: Shutting down and abandoning module DerivedDataCache (148)
[2019.09.12-16.43.51:799][998]LogDerivedDataCache: Shutdown
[2019.09.12-16.43.51:800][998]LogModuleManager: Shutting down and abandoning module TargetPlatform (146)
[2019.09.12-16.43.51:800][998]LogModuleManager: Shutting down and abandoning module VulkanShaderFormat (145)
[2019.09.12-16.43.51:814][998]LogModuleManager: Shutting down and abandoning module ShaderFormatVectorVM (143)
[2019.09.12-16.43.51:824][998]LogModuleManager: Shutting down and abandoning module ShaderFormatOpenGL (141)
[2019.09.12-16.43.51:841][998]LogModuleManager: Shutting down and abandoning module ShaderFormatD3D (139)
[2019.09.12-16.43.51:849][998]LogModuleManager: Shutting down and abandoning module MetalShaderFormat (137)
[2019.09.12-16.43.51:866][998]LogModuleManager: Shutting down and abandoning module TextureFormatUncompressed (135)
[2019.09.12-16.43.51:866][998]LogModuleManager: Shutting down and abandoning module TextureFormatPVR (133)
[2019.09.12-16.43.51:867][998]LogModuleManager: Shutting down and abandoning module TextureFormatDXT (131)
[2019.09.12-16.43.51:880][998]LogModuleManager: Shutting down and abandoning module TextureFormatIntelISPCTexComp (129)
[2019.09.12-16.43.51:888][998]LogModuleManager: Shutting down and abandoning module TextureFormatASTC (127)
[2019.09.12-16.43.51:888][998]LogModuleManager: Shutting down and abandoning module ImageWrapper (126)
[2019.09.12-16.43.51:888][998]LogModuleManager: Shutting down and abandoning module TextureFormatAndroid (123)
[2019.09.12-16.43.51:888][998]LogModuleManager: Shutting down and abandoning module AudioFormatOpus (121)
[2019.09.12-16.43.51:888][998]LogModuleManager: Shutting down and abandoning module AudioFormatOgg (119)
[2019.09.12-16.43.51:888][998]LogModuleManager: Shutting down and abandoning module AudioFormatADPCM (117)
[2019.09.12-16.43.51:888][998]LogModuleManager: Shutting down and abandoning module LinuxTargetPlatform (115)
[2019.09.12-16.43.51:888][998]LogModuleManager: Shutting down and abandoning module LinuxServerTargetPlatform (113)
[2019.09.12-16.43.51:889][998]LogModuleManager: Shutting down and abandoning module LinuxNoEditorTargetPlatform (111)
[2019.09.12-16.43.51:889][998]LogModuleManager: Shutting down and abandoning module LinuxClientTargetPlatform (109)
[2019.09.12-16.43.51:889][998]LogModuleManager: Shutting down and abandoning module TVOSTargetPlatform (107)
[2019.09.12-16.43.51:889][998]LogModuleManager: Shutting down and abandoning module Messaging (105)
[2019.09.12-16.43.51:889][998]LogModuleManager: Shutting down and abandoning module IOSTargetPlatform (103)
[2019.09.12-16.43.51:889][998]LogModuleManager: Shutting down and abandoning module HTML5TargetPlatform (101)
[2019.09.12-16.43.51:911][998]LogModuleManager: Shutting down and abandoning module AndroidTargetPlatform (99)
[2019.09.12-16.43.51:911][998]LogModuleManager: Shutting down and abandoning module Android_PVRTCTargetPlatform (97)
[2019.09.12-16.43.51:911][998]LogModuleManager: Shutting down and abandoning module Android_MultiTargetPlatform (95)
[2019.09.12-16.43.51:911][998]LogModuleManager: Shutting down and abandoning module Android_ETC2TargetPlatform (93)
[2019.09.12-16.43.51:912][998]LogModuleManager: Shutting down and abandoning module Android_ETC1TargetPlatform (91)
[2019.09.12-16.43.51:912][998]LogModuleManager: Shutting down and abandoning module Android_DXTTargetPlatform (89)
[2019.09.12-16.43.51:912][998]LogModuleManager: Shutting down and abandoning module Android_ATCTargetPlatform (87)
[2019.09.12-16.43.51:913][998]LogModuleManager: Shutting down and abandoning module Android_ASTCTargetPlatform (85)
[2019.09.12-16.43.51:913][998]LogModuleManager: Shutting down and abandoning module WindowsTargetPlatform (83)
[2019.09.12-16.43.51:913][998]LogModuleManager: Shutting down and abandoning module WindowsServerTargetPlatform (81)
[2019.09.12-16.43.51:913][998]LogModuleManager: Shutting down and abandoning module WindowsNoEditorTargetPlatform (79)
[2019.09.12-16.43.51:913][998]LogModuleManager: Shutting down and abandoning module WindowsClientTargetPlatform (77)
[2019.09.12-16.43.51:914][998]LogModuleManager: Shutting down and abandoning module MacTargetPlatform (75)
[2019.09.12-16.43.51:914][998]LogModuleManager: Shutting down and abandoning module MacServerTargetPlatform (73)
[2019.09.12-16.43.51:914][998]LogModuleManager: Shutting down and abandoning module MacNoEditorTargetPlatform (71)
[2019.09.12-16.43.51:914][998]LogModuleManager: Shutting down and abandoning module MacClientTargetPlatform (69)
[2019.09.12-16.43.51:914][998]LogModuleManager: Shutting down and abandoning module AllDesktopTargetPlatform (67)
[2019.09.12-16.43.51:914][998]LogModuleManager: Shutting down and abandoning module InputCore (64)
[2019.09.12-16.43.51:914][998]LogModuleManager: Shutting down and abandoning module Settings (62)
[2019.09.12-16.43.51:914][998]LogModuleManager: Shutting down and abandoning module PhysXCooking (60)
[2019.09.12-16.43.51:914][998]LogModuleManager: Shutting down and abandoning module SteamVR (58)
[2019.09.12-16.43.51:914][998]LogModuleManager: Shutting down and abandoning module OculusHMD (56)
[2019.09.12-16.43.51:945][998]LogModuleManager: Shutting down and abandoning module ExampleDeviceProfileSelector (54)
[2019.09.12-16.43.51:945][998]LogModuleManager: Shutting down and abandoning module AppleARKit (52)
[2019.09.12-16.43.51:945][998]LogModuleManager: Shutting down and abandoning module AugmentedReality (51)
[2019.09.12-16.43.51:945][998]LogModuleManager: Shutting down and abandoning module OnlineBlueprintSupport (48)
[2019.09.12-16.43.51:945][998]LogModuleManager: Shutting down and abandoning module OnlineSubsystem (44)
[2019.09.12-16.43.51:976][998]LogModuleManager: Shutting down and abandoning module XMPP (43)
[2019.09.12-16.43.51:997][998]LogModuleManager: Shutting down and abandoning module HTTP (41)
[2019.09.12-16.43.51:997][998]LogHttp: Display: Http module shutting down, but needs to wait on 1 outstanding Http requests:
[2019.09.12-16.43.52:009][998]LogHttp: Display: 	verb=[POST] url=[https://datarouter.ol.epicgames.com/datarouter/api/v1/public/data?SessionID=%7BD76AEDB2-4A88-2C12-EE75-C79E89A3C753%7D&AppID=UEEditor.Rocket.Release&AppVersion=4.18.3-3832480%2B%2B%2BUE4%2BRelease-4.18&UserID=2f9916264acdf33f70768f822f9563c9%7C504a56eacb094752a172dcccc7c138cb%7C241500de-b41d-44c2-b004-1325f18bb3ba&AppEnvironment=datacollector-binary&UploadType=eteventstream] status=Processing
[2019.09.12-16.43.52:026][998]LogModuleManager: Shutting down and abandoning module SSL (40)
[2019.09.12-16.43.52:065][998]LogModuleManager: Shutting down and abandoning module AnimationModifiers (36)
[2019.09.12-16.43.52:090][998]LogModuleManager: Shutting down and abandoning module PropertyEditor (35)
[2019.09.12-16.43.52:090][998]LogModuleManager: Shutting down and abandoning module AudioEditor (32)
[2019.09.12-16.43.52:101][998]LogModuleManager: Shutting down and abandoning module TextureCompressor (30)
[2019.09.12-16.43.52:138][998]LogModuleManager: Shutting down and abandoning module ShaderCore (28)
[2019.09.12-16.43.52:138][998]LogModuleManager: Shutting down and abandoning module Landscape (26)
[2019.09.12-16.43.52:138][998]LogModuleManager: Shutting down and abandoning module SlateRHIRenderer (24)
[2019.09.12-16.43.52:186][998]LogModuleManager: Shutting down and abandoning module OpenGLDrv (22)
[2019.09.12-16.43.52:211][998]LogModuleManager: Shutting down and abandoning module D3D11RHI (20)
[2019.09.12-16.43.52:211][998]LogModuleManager: Shutting down and abandoning module AnimGraphRuntime (18)
[2019.09.12-16.43.52:232][998]LogModuleManager: Shutting down and abandoning module Renderer (16)
[2019.09.12-16.43.52:232][998]LogModuleManager: Shutting down and abandoning module Engine (14)
[2019.09.12-16.43.52:244][998]LogModuleManager: Shutting down and abandoning module CoreUObject (12)
[2019.09.12-16.43.52:244][998]LogModuleManager: Shutting down and abandoning module NetworkFile (10)
[2019.09.12-16.43.52:245][998]LogModuleManager: Shutting down and abandoning module CookedIterativeFile (8)
[2019.09.12-16.43.52:245][998]LogModuleManager: Shutting down and abandoning module StreamingFile (6)
[2019.09.12-16.43.52:255][998]LogModuleManager: Shutting down and abandoning module SandboxFile (4)
[2019.09.12-16.43.52:262][998]LogModuleManager: Shutting down and abandoning module PakFile (2)
[2019.09.12-16.43.52:305][998]LogExit: Exiting.
[2019.09.12-16.43.52:324][998]Log file closed, 09/12/19 12:43:52
