Log file open, 10/30/19 13:45:54
LogWindows: Failed to load 'aqProf.dll' (GetLastError=126)
LogWindows: File 'aqProf.dll' does not exist
LogWindows: Failed to load 'VSPerf140.dll' (GetLastError=126)
LogWindows: File 'VSPerf140.dll' does not exist
LogWindows: Failed to load 'VtuneApi.dll' (GetLastError=126)
LogWindows: File 'VtuneApi.dll' does not exist
LogWindows: Failed to load 'VtuneApi32e.dll' (GetLastError=126)
LogWindows: File 'VtuneApi32e.dll' does not exist
LogInit: Display: Running engine for game: SKnightPrototype_01
LogPlatformFile: Not using cached read wrapper
LogInit: Display: RandInit(-2027939072) SRandInit(-2027939071).
LogInit: Read version file with build ID '3709383'
LogInit: Overriding engine version to CL 3832480, compatible CL 3709383
LogInit: Registered custom module enumerator with build ID '3709383'
LogTaskGraph: Started task graph with 5 named threads and 14 total threads with 3 sets of task threads.
LogStats: Stats thread started at 1.833303
LogD3D11RHI: Aftermath initialized
LogModuleManager: Display: Found up-to-date module file ../../../Engine/Plugins/2D/Paper2D/Binaries/Win64/UE4Editor-Paper2D.dll (API version 3709383).
LogModuleManager: Display: Found up-to-date module file ../../../Engine/Plugins/2D/Paper2D/Binaries/Win64/UE4Editor-Paper2DEditor.dll (API version 3709383).
LogModuleManager: Display: Found up-to-date module file ../../../Engine/Plugins/2D/Paper2D/Binaries/Win64/UE4Editor-PaperSpriteSheetImporter.dll (API version 3709383).
LogModuleManager: Display: Found up-to-date module file ../../../Engine/Plugins/2D/Paper2D/Binaries/Win64/UE4Editor-PaperTiledImporter.dll (API version 3709383).
LogModuleManager: Display: Found up-to-date module file ../../../Engine/Plugins/2D/Paper2D/Binaries/Win64/UE4Editor-SmartSnapping.dll (API version 3709383).
LogModuleManager: Display: Found up-to-date module file ../../../Engine/Plugins/Blendables/LightPropagationVolume/Binaries/Win64/UE4Editor-LightPropagationVolumeRuntime.dll (API version 3709383).
LogModuleManager: Display: Found up-to-date module file ../../../Engine/Plugins/Blendables/LightPropagationVolume/Binaries/Win64/UE4Editor-LightPropagationVolumeEditor.dll (API version 3709383).
LogModuleManager: Display: Found up-to-date module file ../../../Engine/Plugins/Developer/GitSourceControl/Binaries/Win64/UE4Editor-GitSourceControl.dll (API version 3709383).
LogModuleManager: Display: Found up-to-date module file ../../../Engine/Plugins/Developer/PerforceSourceControl/Binaries/Win64/UE4Editor-PerforceSourceControl.dll (API version 3709383).
LogModuleManager: Display: Found up-to-date module file ../../../Engine/Plugins/Developer/SubversionSourceControl/Binaries/Win64/UE4Editor-SubversionSourceControl.dll (API version 3709383).
LogModuleManager: Display: Found up-to-date module file ../../../Engine/Plugins/Developer/UObjectPlugin/Binaries/Win64/UE4Editor-UObjectPlugin.dll (API version 3709383).
LogModuleManager: Display: Found up-to-date module file ../../../Engine/Plugins/Developer/VisualStudioCodeSourceCodeAccess/Binaries/Win64/UE4Editor-VisualStudioCodeSourceCodeAccess.dll (API version 3709383).
LogModuleManager: Display: Found up-to-date module file ../../../Engine/Plugins/Developer/VisualStudioSourceCodeAccess/Binaries/Win64/UE4Editor-VisualStudioSourceCodeAccess.dll (API version 3709383).
LogModuleManager: Display: Found up-to-date module file ../../../Engine/Plugins/Editor/AssetManagerEditor/Binaries/Win64/UE4Editor-AssetManagerEditor.dll (API version 3709383).
LogModuleManager: Display: Found up-to-date module file ../../../Engine/Plugins/Editor/AudioCapture/Binaries/Win64/UE4Editor-AudioCapture.dll (API version 3709383).
LogModuleManager: Display: Found up-to-date module file ../../../Engine/Plugins/Editor/FacialAnimation/Binaries/Win64/UE4Editor-FacialAnimation.dll (API version 3709383).
LogModuleManager: Display: Found up-to-date module file ../../../Engine/Plugins/Editor/FacialAnimation/Binaries/Win64/UE4Editor-FacialAnimationEditor.dll (API version 3709383).
LogModuleManager: Display: Found up-to-date module file ../../../Engine/Plugins/Editor/GameplayTagsEditor/Binaries/Win64/UE4Editor-GameplayTagsEditor.dll (API version 3709383).
LogModuleManager: Display: Found up-to-date module file ../../../Engine/Plugins/Editor/MobileLauncherProfileWizard/Binaries/Win64/UE4Editor-MobileLauncherProfileWizard.dll (API version 3709383).
LogModuleManager: Display: Found up-to-date module file ../../../Engine/Plugins/Editor/PluginBrowser/Binaries/Win64/UE4Editor-PluginBrowser.dll (API version 3709383).
LogModuleManager: Display: Found up-to-date module file ../../../Engine/Plugins/Editor/SpeedTreeImporter/Binaries/Win64/UE4Editor-SpeedTreeImporter.dll (API version 3709383).
LogModuleManager: Display: Found up-to-date module file ../../../Engine/Plugins/Experimental/AlembicImporter/Binaries/Win64/UE4Editor-AlembicImporter.dll (API version 3709383).
LogModuleManager: Display: Found up-to-date module file ../../../Engine/Plugins/Experimental/AlembicImporter/Binaries/Win64/UE4Editor-AlembicLibrary.dll (API version 3709383).
LogModuleManager: Display: Found up-to-date module file ../../../Engine/Plugins/Experimental/CharacterAI/Binaries/Win64/UE4Editor-CharacterAI.dll (API version 3709383).
LogModuleManager: Display: Found up-to-date module file ../../../Engine/Plugins/Experimental/HTML5Networking/Binaries/Win64/UE4Editor-HTML5Networking.dll (API version 3709383).
LogModuleManager: Display: Found up-to-date module file ../../../Engine/Plugins/Media/AndroidMedia/Binaries/Win64/UE4Editor-AndroidMediaEditor.dll (API version 3709383).
LogModuleManager: Display: Found up-to-date module file ../../../Engine/Plugins/Media/AndroidMedia/Binaries/Win64/UE4Editor-AndroidMediaFactory.dll (API version 3709383).
LogModuleManager: Display: Found up-to-date module file ../../../Engine/Plugins/Media/AvfMedia/Binaries/Win64/UE4Editor-AvfMediaEditor.dll (API version 3709383).
LogModuleManager: Display: Found up-to-date module file ../../../Engine/Plugins/Media/AvfMedia/Binaries/Win64/UE4Editor-AvfMediaFactory.dll (API version 3709383).
LogModuleManager: Display: Found up-to-date module file ../../../Engine/Plugins/Media/AvfMedia/Binaries/Win64/UE4Editor-AvfMediaFactory.dll (API version 3709383).
LogModuleManager: Display: Found up-to-date module file ../../../Engine/Plugins/Media/ImgMedia/Binaries/Win64/UE4Editor-ImgMedia.dll (API version 3709383).
LogModuleManager: Display: Found up-to-date module file ../../../Engine/Plugins/Media/ImgMedia/Binaries/Win64/UE4Editor-ImgMediaEditor.dll (API version 3709383).
LogModuleManager: Display: Found up-to-date module file ../../../Engine/Plugins/Media/ImgMedia/Binaries/Win64/UE4Editor-ImgMediaFactory.dll (API version 3709383).
LogModuleManager: Display: Found up-to-date module file ../../../Engine/Plugins/Media/ImgMedia/Binaries/Win64/UE4Editor-ImgMediaFactory.dll (API version 3709383).
LogModuleManager: Display: Found up-to-date module file ../../../Engine/Plugins/Media/ImgMedia/Binaries/Win64/UE4Editor-OpenExrWrapper.dll (API version 3709383).
LogModuleManager: Display: Found up-to-date module file ../../../Engine/Plugins/Media/MediaCompositing/Binaries/Win64/UE4Editor-MediaCompositing.dll (API version 3709383).
LogModuleManager: Display: Found up-to-date module file ../../../Engine/Plugins/Media/MediaCompositing/Binaries/Win64/UE4Editor-MediaCompositingEditor.dll (API version 3709383).
LogModuleManager: Display: Found up-to-date module file ../../../Engine/Plugins/Media/MediaPlayerEditor/Binaries/Win64/UE4Editor-MediaPlayerEditor.dll (API version 3709383).
LogModuleManager: Display: Found up-to-date module file ../../../Engine/Plugins/Media/WmfMedia/Binaries/Win64/UE4Editor-WmfMedia.dll (API version 3709383).
LogModuleManager: Display: Found up-to-date module file ../../../Engine/Plugins/Media/WmfMedia/Binaries/Win64/UE4Editor-WmfMediaEditor.dll (API version 3709383).
LogModuleManager: Display: Found up-to-date module file ../../../Engine/Plugins/Media/WmfMedia/Binaries/Win64/UE4Editor-WmfMediaFactory.dll (API version 3709383).
LogModuleManager: Display: Found up-to-date module file ../../../Engine/Plugins/Media/WmfMedia/Binaries/Win64/UE4Editor-WmfMediaFactory.dll (API version 3709383).
LogModuleManager: Display: Found up-to-date module file ../../../Engine/Plugins/Messaging/TcpMessaging/Binaries/Win64/UE4Editor-TcpMessaging.dll (API version 3709383).
LogModuleManager: Display: Found up-to-date module file ../../../Engine/Plugins/Messaging/UdpMessaging/Binaries/Win64/UE4Editor-UdpMessaging.dll (API version 3709383).
LogModuleManager: Display: Found up-to-date module file ../../../Engine/Plugins/MovieScene/ActorSequence/Binaries/Win64/UE4Editor-ActorSequence.dll (API version 3709383).
LogModuleManager: Display: Found up-to-date module file ../../../Engine/Plugins/MovieScene/LevelSequenceEditor/Binaries/Win64/UE4Editor-LevelSequenceEditor.dll (API version 3709383).
LogModuleManager: Display: Found up-to-date module file ../../../Engine/Plugins/MovieScene/MatineeToLevelSequence/Binaries/Win64/UE4Editor-MatineeToLevelSequence.dll (API version 3709383).
LogModuleManager: Display: Found up-to-date module file ../../../Engine/Plugins/Online/OnlineSubsystem/Binaries/Win64/UE4Editor-OnlineSubsystem.dll (API version 3709383).
LogModuleManager: Display: Found up-to-date module file ../../../Engine/Plugins/Runtime/AndroidPermission/Binaries/Win64/UE4Editor-AndroidPermission.dll (API version 3709383).
LogModuleManager: Display: Found up-to-date module file ../../../Engine/Plugins/Online/OnlineSubsystemNull/Binaries/Win64/UE4Editor-OnlineSubsystemNull.dll (API version 3709383).
LogModuleManager: Display: Found up-to-date module file ../../../Engine/Plugins/Online/OnlineSubsystemUtils/Binaries/Win64/UE4Editor-OnlineSubsystemUtils.dll (API version 3709383).
LogModuleManager: Display: Found up-to-date module file ../../../Engine/Plugins/Online/OnlineSubsystemUtils/Binaries/Win64/UE4Editor-OnlineBlueprintSupport.dll (API version 3709383).
LogModuleManager: Display: Found up-to-date module file ../../../Engine/Plugins/Runtime/AndroidDeviceProfileSelector/Binaries/Win64/UE4Editor-AndroidDeviceProfileSelector.dll (API version 3709383).
LogModuleManager: Display: Found up-to-date module file ../../../Engine/Plugins/Runtime/AppleARKit/Binaries/Win64/UE4Editor-AppleARKit.dll (API version 3709383).
LogModuleManager: Display: Found up-to-date module file ../../../Engine/Plugins/Runtime/ArchVisCharacter/Binaries/Win64/UE4Editor-ArchVisCharacter.dll (API version 3709383).
LogModuleManager: Display: Found up-to-date module file ../../../Engine/Plugins/Runtime/CableComponent/Binaries/Win64/UE4Editor-CableComponent.dll (API version 3709383).
LogModuleManager: Display: Found up-to-date module file ../../../Engine/Plugins/Runtime/CustomMeshComponent/Binaries/Win64/UE4Editor-CustomMeshComponent.dll (API version 3709383).
LogModuleManager: Display: Found up-to-date module file ../../../Engine/Plugins/Runtime/ExampleDeviceProfileSelector/Binaries/Win64/UE4Editor-ExampleDeviceProfileSelector.dll (API version 3709383).
LogModuleManager: Display: Found up-to-date module file ../../../Engine/Plugins/Runtime/ImmediatePhysics/Binaries/Win64/UE4Editor-ImmediatePhysics.dll (API version 3709383).
LogModuleManager: Display: Found up-to-date module file ../../../Engine/Plugins/Runtime/ImmediatePhysics/Binaries/Win64/UE4Editor-ImmediatePhysicsEditor.dll (API version 3709383).
LogModuleManager: Display: Found up-to-date module file ../../../Engine/Plugins/Runtime/LocationServicesBPLibrary/Binaries/Win64/UE4Editor-LocationServicesBPLibrary.dll (API version 3709383).
LogModuleManager: Display: Found up-to-date module file ../../../Engine/Plugins/Runtime/MobilePatchingUtils/Binaries/Win64/UE4Editor-MobilePatchingUtils.dll (API version 3709383).
LogModuleManager: Display: Found up-to-date module file ../../../Engine/Plugins/Runtime/Oculus/OculusVR/Binaries/Win64/UE4Editor-OculusHMD.dll (API version 3709383).
LogModuleManager: Display: Found up-to-date module file ../../../Engine/Plugins/Runtime/Oculus/OculusVR/Binaries/Win64/UE4Editor-OculusInput.dll (API version 3709383).
LogModuleManager: Display: Found up-to-date module file ../../../Engine/Plugins/Runtime/Oculus/OculusVR/Binaries/Win64/UE4Editor-OculusEditor.dll (API version 3709383).
LogModuleManager: Display: Found up-to-date module file ../../../Engine/Plugins/Runtime/PhysXVehicles/Binaries/Win64/UE4Editor-PhysXVehicles.dll (API version 3709383).
LogModuleManager: Display: Found up-to-date module file ../../../Engine/Plugins/Runtime/PhysXVehicles/Binaries/Win64/UE4Editor-PhysXVehiclesEditor.dll (API version 3709383).
LogModuleManager: Display: Found up-to-date module file ../../../Engine/Plugins/Runtime/ProceduralMeshComponent/Binaries/Win64/UE4Editor-ProceduralMeshComponent.dll (API version 3709383).
LogModuleManager: Display: Found up-to-date module file ../../../Engine/Plugins/Runtime/ProceduralMeshComponent/Binaries/Win64/UE4Editor-ProceduralMeshComponentEditor.dll (API version 3709383).
LogModuleManager: Display: Found up-to-date module file ../../../Engine/Plugins/Runtime/RuntimePhysXCooking/Binaries/Win64/UE4Editor-RuntimePhysXCooking.dll (API version 3709383).
LogModuleManager: Display: Found up-to-date module file ../../../Engine/Plugins/Runtime/Steam/SteamVR/Binaries/Win64/UE4Editor-SteamVR.dll (API version 3709383).
LogModuleManager: Display: Found up-to-date module file ../../../Engine/Plugins/Runtime/Steam/SteamVR/Binaries/Win64/UE4Editor-SteamVRController.dll (API version 3709383).
LogModuleManager: Display: Found up-to-date module file ../../../Engine/Plugins/Runtime/WindowsMoviePlayer/Binaries/Win64/UE4Editor-WindowsMoviePlayer.dll (API version 3709383).
LogPluginManager: Mounting plugin Paper2D
LogPluginManager: Mounting plugin LightPropagationVolume
LogPluginManager: Mounting plugin CodeLiteSourceCodeAccess
LogPluginManager: Mounting plugin GitSourceControl
LogPluginManager: Mounting plugin KDevelopSourceCodeAccess
LogPluginManager: Mounting plugin NullSourceCodeAccess
LogPluginManager: Mounting plugin PerforceSourceControl
LogPluginManager: Mounting plugin SubversionSourceControl
LogPluginManager: Mounting plugin UObjectPlugin
LogPluginManager: Mounting plugin VisualStudioCodeSourceCodeAccess
LogPluginManager: Mounting plugin VisualStudioSourceCodeAccess
LogPluginManager: Mounting plugin XCodeSourceCodeAccess
LogPluginManager: Mounting plugin AssetManagerEditor
LogPluginManager: Mounting plugin AudioCapture
LogPluginManager: Mounting plugin FacialAnimation
LogPluginManager: Mounting plugin GameplayTagsEditor
LogPluginManager: Mounting plugin MobileLauncherProfileWizard
LogPluginManager: Mounting plugin PluginBrowser
LogPluginManager: Mounting plugin SpeedTreeImporter
LogPluginManager: Mounting plugin AlembicImporter
LogPluginManager: Mounting plugin CharacterAI
LogPluginManager: Mounting plugin HTML5Networking
LogPluginManager: Mounting plugin AndroidMedia
LogPluginManager: Mounting plugin AvfMedia
LogPluginManager: Mounting plugin ImgMedia
LogPluginManager: Mounting plugin MediaCompositing
LogPluginManager: Mounting plugin MediaPlayerEditor
LogPluginManager: Mounting plugin WmfMedia
LogPluginManager: Mounting plugin TcpMessaging
LogPluginManager: Mounting plugin UdpMessaging
LogPluginManager: Mounting plugin ActorSequence
LogPluginManager: Mounting plugin LevelSequenceEditor
LogPluginManager: Mounting plugin MatineeToLevelSequence
LogPluginManager: Mounting plugin OnlineSubsystemGooglePlay
LogPluginManager: Mounting plugin OnlineSubsystemIOS
LogPluginManager: Mounting plugin OnlineSubsystem
LogPluginManager: Mounting plugin OnlineSubsystemNull
LogPluginManager: Mounting plugin OnlineSubsystemUtils
LogPluginManager: Mounting plugin AndroidDeviceProfileSelector
LogPluginManager: Mounting plugin AndroidMoviePlayer
LogPluginManager: Mounting plugin AndroidPermission
LogPluginManager: Mounting plugin AppleARKit
LogPluginManager: Mounting plugin AppleMoviePlayer
LogPluginManager: Mounting plugin ArchVisCharacter
LogPluginManager: Mounting plugin CableComponent
LogPluginManager: Mounting plugin CustomMeshComponent
LogPluginManager: Mounting plugin ExampleDeviceProfileSelector
LogPluginManager: Mounting plugin GoogleCloudMessaging
LogPluginManager: Mounting plugin ImmediatePhysics
LogPluginManager: Mounting plugin IOSDeviceProfileSelector
LogPluginManager: Mounting plugin LinuxDeviceProfileSelector
LogPluginManager: Mounting plugin LocationServicesBPLibrary
LogPluginManager: Mounting plugin MobilePatchingUtils
LogPluginManager: Mounting plugin OculusVR
LogPluginManager: Plugin shader directory ../../../Engine/Plugins/Runtime/Oculus/OculusVR/Shaders found
LogPluginManager: Mapping shader source directory ../../../Engine/Plugins/Runtime/Oculus/OculusVR/Shaders to virtual directory /Plugin/OculusVR
LogPluginManager: Mounting plugin PhysXVehicles
LogPluginManager: Mounting plugin ProceduralMeshComponent
LogPluginManager: Mounting plugin RuntimePhysXCooking
LogPluginManager: Mounting plugin SteamVR
LogPluginManager: Mounting plugin WindowsMoviePlayer
LogInit: Using libcurl 7.47.1
LogInit:  - built for x86_64-pc-win32
LogInit:  - supports SSL with OpenSSL/1.0.2g
LogInit:  - supports HTTP deflate (compression) using libz 1.2.8
LogInit:  - other features:
LogInit:      CURL_VERSION_SSL
LogInit:      CURL_VERSION_LIBZ
LogInit:      CURL_VERSION_IPV6
LogInit:      CURL_VERSION_ASYNCHDNS
LogInit:      CURL_VERSION_LARGEFILE
LogInit:      CURL_VERSION_IDN
LogInit:  CurlRequestOptions (configurable via config and command line):
LogInit:  - bVerifyPeer = false  - Libcurl will NOT verify peer certificate
LogInit:  - bUseHttpProxy = false  - Libcurl will NOT use HTTP proxy
LogInit:  - bDontReuseConnections = false  - Libcurl will reuse connections
LogInit:  - CertBundlePath = nullptr  - Libcurl will use whatever was configured at build time.
LogInit: Build: ++UE4+Release-4.18-CL-3832480
LogInit: Engine Version: 4.18.3-3832480+++UE4+Release-4.18
LogInit: Compatible Engine Version: 4.18.0-3709383+++UE4+Release-4.18
LogInit: Net CL: 3709383
LogDevObjectVersion: Number of dev versions registered: 16
LogDevObjectVersion:   Dev-Blueprints (B0D832E4-1F89-4F0D-ACCF-7EB736FD4AA2): 10
LogDevObjectVersion:   Dev-Build (E1C64328-A22C-4D53-A36C-8E866417BD8C): 0
LogDevObjectVersion:   Dev-Core (375EC13C-06E4-48FB-B500-84F0262A717E): 2
LogDevObjectVersion:   Dev-Editor (E4B068ED-F494-42E9-A231-DA0B2E46BB41): 20
LogDevObjectVersion:   Dev-Framework (CFFC743F-43B0-4480-9391-14DF171D2073): 30
LogDevObjectVersion:   Dev-Mobile (B02B49B5-BB20-44E9-A304-32B752E40360): 0
LogDevObjectVersion:   Dev-Networking (A4E4105C-59A1-49B5-A7C5-40C4547EDFEE): 0
LogDevObjectVersion:   Dev-Online (39C831C9-5AE6-47DC-9A44-9C173E1C8E7C): 0
LogDevObjectVersion:   Dev-Physics (78F01B33-EBEA-4F98-B9B4-84EACCB95AA2): 0
LogDevObjectVersion:   Dev-Platform (6631380F-2D4D-43E0-8009-CF276956A95A): 0
LogDevObjectVersion:   Dev-Rendering (12F88B9F-8875-4AFC-A67C-D90C383ABD29): 20
LogDevObjectVersion:   Dev-Sequencer (7B5AE74C-D270-4C10-A958-57980B212A5A): 4
LogDevObjectVersion:   Dev-VR (D7296918-1DD6-4BDD-9DE2-64A83CC13884): 0
LogDevObjectVersion:   Dev-LoadTimes (C2A15278-BFE7-4AFE-6C17-90FF531DF755): 1
LogDevObjectVersion:   Private-Geometry (6EACA3D4-40EC-4CC1-B786-8BED09428FC5): 1
LogDevObjectVersion:   Dev-AnimPhys (29E575DD-E0A3-4627-9D10-D276232CDCEA): 12
LogInit: Compiled (64-bit): Jan 12 2018 02:04:55
LogInit: Compiled with Visual C++: 19.00.24215.01
LogInit: Build Configuration: Development
LogInit: Branch Name: ++UE4+Release-4.18
LogInit: Command line:  
LogInit: Base directory: D:/Program Files (x86)/UE_4.18/Engine/Binaries/Win64/
LogInit: Installed Engine Build: 1
LogInit: Presizing for max 8388607 objects, including 0 objects not considered by GC, pre-allocating 0 bytes for permanent pool.
LogInit: Object subsystem initialized
[2019.10.30-17.46.01:440][  0]LogInit: Selected Device Profile: [Windows]
[2019.10.30-17.46.01:441][  0]LogInit: Applying CVar settings loaded from the selected device profile: [Windows]
[2019.10.30-17.46.01:470][  0]LogInit: Computer: DESKTOP-EEGEEHC
[2019.10.30-17.46.01:470][  0]LogInit: User: ChristopherP
[2019.10.30-17.46.01:470][  0]LogInit: CPU Page size=4096, Cores=4
[2019.10.30-17.46.01:470][  0]LogInit: High frequency timer resolution =10.000000 MHz
[2019.10.30-17.46.01:470][  0]LogMemory: Memory total: Physical=7.9GB (8GB approx)
[2019.10.30-17.46.01:470][  0]LogMemory: Platform Memory Stats for Windows
[2019.10.30-17.46.01:470][  0]LogMemory: Process Physical Memory: 271.94 MB used, 271.95 MB peak
[2019.10.30-17.46.01:470][  0]LogMemory: Process Virtual Memory: 263.80 MB used, 263.80 MB peak
[2019.10.30-17.46.01:470][  0]LogMemory: Physical Memory: 5913.94 MB used,  2217.93 MB free, 8131.87 MB total
[2019.10.30-17.46.01:470][  0]LogMemory: Virtual Memory: 4742.16 MB used,  2217.93 MB free, 134217728.00 MB total
[2019.10.30-17.46.02:313][  0]LogInit: Using OS detected language (en-US).
[2019.10.30-17.46.02:313][  0]LogInit: Using OS detected locale (en-US).
[2019.10.30-17.46.02:499][  0]LogTextLocalizationManager: No specific localization for 'en-US' exists, so the 'en' localization will be used.
[2019.10.30-17.46.03:246][  0]LogInit: Setting process to per monitor DPI aware
[2019.10.30-17.46.07:262][  0]LogD3D11RHI: D3D11 adapters:
[2019.10.30-17.46.07:402][  0]LogD3D11RHI:    0. 'NVIDIA GeForce GTX 1070' (Feature Level 11_0)
[2019.10.30-17.46.07:402][  0]LogD3D11RHI:       8088/0/4065 MB DedicatedVideo/DedicatedSystem/SharedSystem, Outputs:2, VendorId:0x10de
[2019.10.30-17.46.07:411][  0]LogD3D11RHI:    1. 'Microsoft Basic Render Driver' (Feature Level 11_0)
[2019.10.30-17.46.07:411][  0]LogD3D11RHI:       0/0/4065 MB DedicatedVideo/DedicatedSystem/SharedSystem, Outputs:0, VendorId:0x1414
[2019.10.30-17.46.07:411][  0]LogD3D11RHI: Chosen D3D11 Adapter: 0
[2019.10.30-17.46.07:428][  0]LogD3D11RHI: Creating new Direct3DDevice
[2019.10.30-17.46.07:428][  0]LogD3D11RHI:     GPU DeviceId: 0x1b81 (for the marketing name, search the web for "GPU Device Id")
[2019.10.30-17.46.07:428][  0]LogWindows: EnumDisplayDevices:
[2019.10.30-17.46.07:428][  0]LogWindows:    0. 'NVIDIA GeForce GTX 1070' (P:1 D:1)
[2019.10.30-17.46.07:428][  0]LogWindows:    1. 'NVIDIA GeForce GTX 1070' (P:0 D:1)
[2019.10.30-17.46.07:429][  0]LogWindows:    2. 'NVIDIA GeForce GTX 1070' (P:0 D:0)
[2019.10.30-17.46.07:429][  0]LogWindows:    3. 'NVIDIA GeForce GTX 1070' (P:0 D:0)
[2019.10.30-17.46.07:429][  0]LogWindows: DebugString: GetVideoDriverDetailsInvalid PrimaryIsNotTheChoosenAdapter GetVideoDriverDetailsInvalid PrimaryIsNotTheChoosenAdapter GetVideoDriverDetailsInvalid PrimaryIsNotTheChoosenAdapter GetVideoDriverDetailsInvalid PrimaryIsNotTheChoosenAdapter FoundDriverCount:0 
[2019.10.30-17.46.07:429][  0]LogD3D11RHI:     Adapter Name: NVIDIA GeForce GTX 1070
[2019.10.30-17.46.07:429][  0]LogD3D11RHI:   Driver Version: Unknown (internal:Unknown, unified:Unknown)
[2019.10.30-17.46.07:429][  0]LogD3D11RHI:      Driver Date: Unknown
[2019.10.30-17.46.07:429][  0]LogRHI: Texture pool is 5661 MB (70% of 8088 MB)
[2019.10.30-17.46.07:490][  0]LogD3D11RHI: Async texture creation enabled
[2019.10.30-17.46.07:521][  0]LogD3D11RHI: GPU Timing Frequency: 1000.000000 (Debug: 2 1)
[2019.10.30-17.46.07:526][  0]LogShaderCompilers: Guid format shader working directory is -18 characters bigger than the processId version (../../../../../GitKrakenRepo/SugarKnight_SaltySour/SKnightPrototype_01/Intermediate/Shaders/WorkingDirectory/10788/).
[2019.10.30-17.46.07:526][  0]LogShaderCompilers: Cleaned the shader compiler working directory 'C:/Users/ChristopherP/AppData/Local/Temp/UnrealShaderWorkingDir/F47A503C47056F122D5A92AA6B3E18AC/'.
[2019.10.30-17.46.07:526][  0]LogShaderCompilers: Display: Using Local Shader Compiler.
[2019.10.30-17.46.16:522][  0]LogTemp: Display: Loaded TP AllDesktopTargetPlatform
[2019.10.30-17.46.16:625][  0]LogTemp: Display: Loaded TP MacClientTargetPlatform
[2019.10.30-17.46.16:764][  0]LogTemp: Display: Loaded TP MacNoEditorTargetPlatform
[2019.10.30-17.46.16:894][  0]LogTemp: Display: Loaded TP MacServerTargetPlatform
[2019.10.30-17.46.17:055][  0]LogTemp: Display: Loaded TP MacTargetPlatform
[2019.10.30-17.46.17:168][  0]LogTemp: Display: Loaded TP WindowsClientTargetPlatform
[2019.10.30-17.46.17:347][  0]LogTemp: Display: Loaded TP WindowsNoEditorTargetPlatform
[2019.10.30-17.46.17:466][  0]LogTemp: Display: Loaded TP WindowsServerTargetPlatform
[2019.10.30-17.46.17:642][  0]LogTemp: Display: Loaded TP WindowsTargetPlatform
[2019.10.30-17.46.17:752][  0]LogTemp: Display: Loaded TP Android_ASTCTargetPlatform
[2019.10.30-17.46.17:871][  0]LogTemp: Display: Loaded TP Android_ATCTargetPlatform
[2019.10.30-17.46.17:967][  0]LogTemp: Display: Loaded TP Android_DXTTargetPlatform
[2019.10.30-17.46.18:130][  0]LogTemp: Display: Loaded TP Android_ETC1TargetPlatform
[2019.10.30-17.46.18:261][  0]LogTemp: Display: Loaded TP Android_ETC2TargetPlatform
[2019.10.30-17.46.18:627][  0]LogTemp: Display: Loaded TP Android_MultiTargetPlatform
[2019.10.30-17.46.18:627][  0]LogTemp: Display: Loaded TP Android_PVRTCTargetPlatform
[2019.10.30-17.46.18:832][  0]LogTemp: Display: Loaded TP AndroidTargetPlatform
[2019.10.30-17.46.19:013][  0]LogTemp: Display: Loaded TP HTML5TargetPlatform
[2019.10.30-17.46.19:400][  0]LogTemp: Display: Loaded TP IOSTargetPlatform
[2019.10.30-17.46.19:444][  0]LogTemp: Display: Loaded TP TVOSTargetPlatform
[2019.10.30-17.46.19:609][  0]LogTemp: Display: Loaded TP LinuxClientTargetPlatform
[2019.10.30-17.46.19:784][  0]LogTemp: Display: Loaded TP LinuxNoEditorTargetPlatform
[2019.10.30-17.46.19:986][  0]LogTemp: Display: Loaded TP LinuxServerTargetPlatform
[2019.10.30-17.46.20:201][  0]LogTemp: Display: Loaded TP LinuxTargetPlatform
[2019.10.30-17.46.20:201][  0]LogTargetPlatformManager: Display: Building Assets For Windows
[2019.10.30-17.46.22:364][  0]LogDerivedDataCache: Display: Max Cache Size: 512 MB
[2019.10.30-17.46.22:512][  0]LogDerivedDataCache: Loaded boot cache 0.15s 78MB C:/Users/ChristopherP/AppData/Local/UnrealEngine/4.18/DerivedDataCache/Boot.ddc.
[2019.10.30-17.46.22:512][  0]LogDerivedDataCache: Display: Loaded Boot cache: C:/Users/ChristopherP/AppData/Local/UnrealEngine/4.18/DerivedDataCache/Boot.ddc
[2019.10.30-17.46.22:512][  0]LogDerivedDataCache: FDerivedDataBackendGraph:  Pak pak cache file ../../../../../GitKrakenRepo/SugarKnight_SaltySour/SKnightPrototype_01/DerivedDataCache/DDC.ddp not found, will not use a pak cache.
[2019.10.30-17.46.22:512][  0]LogDerivedDataCache: Unable to find inner node Pak for hierarchical cache Hierarchy.
[2019.10.30-17.46.22:512][  0]LogDerivedDataCache: FDerivedDataBackendGraph:  CompressedPak pak cache file ../../../../../GitKrakenRepo/SugarKnight_SaltySour/SKnightPrototype_01/DerivedDataCache/Compressed.ddp not found, will not use a pak cache.
[2019.10.30-17.46.22:512][  0]LogDerivedDataCache: Unable to find inner node CompressedPak for hierarchical cache Hierarchy.
[2019.10.30-17.46.22:537][  0]LogDerivedDataCache: Display: Pak cache opened for reading ../../../Engine/DerivedDataCache/Compressed.ddp.
[2019.10.30-17.46.22:551][  0]LogDerivedDataCache: Using Local data cache path C:/Users/ChristopherP/AppData/Local/UnrealEngine/Common/DerivedDataCache: Writable
[2019.10.30-17.46.22:565][  0]LogMaterial: Verifying Global Shaders for PCD3D_SM5
[2019.10.30-17.46.22:566][  0]LogSlate: Using Freetype 2.6.0
[2019.10.30-17.46.22:616][  0]LogSlate: SlateFontCache - WITH_FREETYPE: 1, WITH_HARFBUZZ: 1
[2019.10.30-17.46.22:616][  0]LogSlate: SlateFontCache - WITH_FREETYPE: 1, WITH_HARFBUZZ: 1
[2019.10.30-17.46.32:547][  0]LogInit: Selected Device Profile: [Windows]
[2019.10.30-17.46.33:635][  0]LogSimplygon: Simplygon DLL not present - disabling.
[2019.10.30-17.46.33:781][  0]LogMeshReduction: Using SimplygonSwarm for distributed automatic mesh merging
[2019.10.30-17.46.33:781][  0]LogMeshReduction: Using QuadricMeshReduction for automatic static mesh reduction
[2019.10.30-17.46.33:781][  0]LogMeshReduction: No automatic skeletal mesh reduction module available
[2019.10.30-17.46.33:781][  0]LogMeshReduction: No automatic mesh merging module available
[2019.10.30-17.46.33:781][  0]LogMeshMerging: No automatic mesh merging module available
[2019.10.30-17.46.33:862][  0]LogNetVersion: SKnightPrototype_01 , NetCL: 3709383, EngineNetVer: 2, GameNetVer: 0 (Checksum: 431312611)
[2019.10.30-17.46.34:137][  0]LogAssetRegistry: FAssetRegistry took 0.0301 seconds to start up
[2019.10.30-17.46.35:232][  0]LogPackageLocalizationCache: Processed 7 localized package path(s) for 2 prioritized culture(s) in 0.107443 seconds
[2019.10.30-17.46.35:239][  0]LogUObjectArray: 35870 objects as part of root set at end of initial load.
[2019.10.30-17.46.35:239][  0]LogUObjectAllocator: 7363704 out of 0 bytes used by permanent object pool.
[2019.10.30-17.46.35:239][  0]LogUObjectArray: CloseDisregardForGC: 0/0 objects in disregard for GC pool
[2019.10.30-17.46.35:359][  0]LogInit: WinSock: version 1.1 (2.2), MaxSocks=32767, MaxUdp=65467
[2019.10.30-17.46.40:519][  0]LogTcpMessaging: Initializing TcpMessaging bridge
[2019.10.30-17.46.40:615][  0]LogUdpMessaging: Initializing bridge on interface 0.0.0.0:0 to multicast group 230.0.0.1:6666.
[2019.10.30-17.46.41:969][  0]LogMaterial: Uniform references updated for custom material expression Custom.
[2019.10.30-17.46.42:796][  0]SourceControl: Source control is disabled
[2019.10.30-17.46.42:796][  0]SourceControl: Source control is disabled
[2019.10.30-17.46.42:913][  0]SourceControl: Source control is disabled
[2019.10.30-17.46.43:033][  0]SourceControl: Source control is disabled
[2019.10.30-17.46.44:847][  0]LogAndroidPermission: UAndroidPermissionCallbackProxy::GetInstance
[2019.10.30-17.46.45:493][  0]LogOcInput: OculusInput pre-init called
[2019.10.30-17.46.46:105][  0]LogEngine: Initializing Engine...
[2019.10.30-17.46.46:108][  0]LogHMD: Failed to initialize OpenVR with code 110
[2019.10.30-17.46.46:434][  0]LogStats: UGameplayTagsManager::ConstructGameplayTagTree: Construct from data asset -  0.000 s
[2019.10.30-17.46.46:434][  0]LogStats: UGameplayTagsManager::ConstructGameplayTagTree: GameplayTagTreeChangedEvent.Broadcast -  0.000 s
[2019.10.30-17.46.46:700][  0]LogAIModule: Creating AISystem for world Untitled
[2019.10.30-17.46.46:849][  0]LogInit: XAudio2 using 'Speakers (Realtek High Definition Audio)' : 2 channels at 48 kHz using 32 bits per sample (channel mask 0x3)
[2019.10.30-17.46.46:942][  0]LogInit: FAudioDevice initialized.
[2019.10.30-17.46.47:131][  0]LogDerivedDataCache: Saved boot cache 0.19s 78MB C:/Users/ChristopherP/AppData/Local/UnrealEngine/4.18/DerivedDataCache/Boot.ddc.
[2019.10.30-17.46.47:152][  0]LogInit: Texture streaming: Enabled
[2019.10.30-17.46.47:333][  0]LogEngineSessionManager: EngineSessionManager initialized
[2019.10.30-17.46.47:589][  0]LogInit: Transaction tracking system initialized
[2019.10.30-17.46.48:198][  0]BlueprintLog: New page: Editor Load
[2019.10.30-17.46.49:851][  0]LocalizationService: Localization service is disabled
[2019.10.30-17.46.51:211][  0]LogConsoleResponse: Display: 
[2019.10.30-17.46.51:482][  0]LogCook: Display: Max memory allowance for cook 16384mb min free memory 0mb
[2019.10.30-17.46.51:482][  0]LogCook: Display: Mobile HDR setting 1
[2019.10.30-17.46.51:482][  0]LogGameplayTags: Display: UGameplayTagsManager::DoneAddingNativeTags. DelegateIsBound: 0
[2019.10.30-17.46.52:241][  0]LogFileCache: Scanning file cache for directory 'D:/GitKrakenRepo/SugarKnight_SaltySour/SKnightPrototype_01/Content/' took 0.02s
[2019.10.30-17.46.54:100][  0]SourceControl: Source control is disabled
[2019.10.30-17.46.54:100][  0]Cmd: MAP LOAD FILE="../../../../../GitKrakenRepo/SugarKnight_SaltySour/SKnightPrototype_01/Content/SideScrollerBP/Maps/SideScrollerExampleMap.umap" TEMPLATE=0 SHOWPROGRESS=1 FEATURELEVEL=3
[2019.10.30-17.46.54:101][  0]LightingResults: New page: Lighting Build
[2019.10.30-17.46.54:184][  0]MapCheck: New page: Map Check
[2019.10.30-17.46.54:184][  0]LightingResults: New page: Lighting Build
[2019.10.30-17.46.55:173][  0]LogAIModule: Creating AISystem for world SideScrollerExampleMap
[2019.10.30-17.46.55:194][  0]LogScript: Warning: Accessed None trying to read property Kane
	Kane_AnimBP_C /Game/SideScrollerBP/Maps/SideScrollerExampleMap.SideScrollerExampleMap:PersistentLevel.SideScrollerCharacter_78.CharacterMesh0.Kane_AnimBP_C_0
	Function /Game/Characters/Kane/Animations/Kane_AnimBP.Kane_AnimBP_C:ExecuteUbergraph_Kane_AnimBP:045E
[2019.10.30-17.46.55:210][  0]LogEditorServer: Finished looking for orphan Actors (0.000 secs)
[2019.10.30-17.46.55:238][  0]Cmd: MAP CHECKDEP NOCLEARLOG
[2019.10.30-17.46.55:366][  0]MapCheck: Map check complete: 0 Error(s), 0 Warning(s), took 128.72ms to complete.
[2019.10.30-17.46.55:367][  0]LogFileHelpers: Loading map 'SideScrollerExampleMap' took 1.266
[2019.10.30-17.46.55:594][  0]LogCollectionManager: Loaded 0 collections in 0.002844 seconds
[2019.10.30-17.46.55:730][  0]LogFileCache: Scanning file cache for directory 'D:/GitKrakenRepo/SugarKnight_SaltySour/SKnightPrototype_01/Saved/Collections/' took 0.01s
[2019.10.30-17.46.55:730][  0]LogFileCache: Scanning file cache for directory 'D:/GitKrakenRepo/SugarKnight_SaltySour/SKnightPrototype_01/Content/Developers/ChristopherP/Collections/' took 0.01s
[2019.10.30-17.46.55:730][  0]LogFileCache: Scanning file cache for directory 'D:/GitKrakenRepo/SugarKnight_SaltySour/SKnightPrototype_01/Content/Collections/' took 0.01s
[2019.10.30-17.46.55:730][  0]LogCollectionManager: Rebuilt the GUID cache for 0 collections in 0.000001 seconds
[2019.10.30-17.46.55:742][  0]LogContentBrowser: Native class hierarchy populated in 0.0116 seconds. Added 2363 classes and 519 folders.
[2019.10.30-17.46.55:874][  0]LogContentBrowser: Native class hierarchy updated for 'WidgetCarousel' in 0.0005 seconds. Added 0 classes and 0 folders.
[2019.10.30-17.46.56:007][  0]LogContentBrowser: Native class hierarchy updated for 'AddContentDialog' in 0.0004 seconds. Added 0 classes and 0 folders.
[2019.10.30-17.46.56:088][  0]LogContentBrowser: Native class hierarchy updated for 'SceneOutliner' in 0.0004 seconds. Added 1 classes and 2 folders.
[2019.10.30-17.46.56:117][  0]LogSlate: Took 0.000404 seconds to synchronously load lazily loaded font '../../../Engine/Content/Slate/Fonts/Roboto-Regular.ttf' (155K)
[2019.10.30-17.46.56:119][  0]LogSlate: Took 0.000407 seconds to synchronously load lazily loaded font '../../../Engine/Content/Slate/Fonts/Roboto-Bold.ttf' (160K)
[2019.10.30-17.46.56:125][  0]LogSlate: Took 0.000413 seconds to synchronously load lazily loaded font '../../../Engine/Content/Editor/Slate/Fonts/FontAwesome.ttf' (139K)
[2019.10.30-17.46.56:255][  0]LogRenderer: Reallocating scene render targets to support 1128x636 Format 10 NumSamples 1 (Frame:1).
[2019.10.30-17.46.56:543][  0]LogContentBrowser: Native class hierarchy updated for 'HierarchicalLODOutliner' in 0.0004 seconds. Added 1 classes and 2 folders.
[2019.10.30-17.46.56:543][  0]LogLoad: (Engine Initialization) Total time: 73.18 seconds
[2019.10.30-17.46.56:543][  0]LogLoad: (Engine Initialization) Total Blueprint compile time: 0.00 seconds
[2019.10.30-17.46.56:544][  0]LogExternalProfiler: No external profilers were discovered.  External profiling features will not be available.
[2019.10.30-17.46.56:906][  0]LogContentStreaming: Texture pool size now 1000 MB
[2019.10.30-17.46.56:973][  0]LogSlate: Took 0.000525 seconds to synchronously load lazily loaded font '../../../Engine/Content/Slate/Fonts/Roboto-Light.ttf' (159K)
[2019.10.30-17.46.57:221][  1]LogScript: Warning: Accessed None trying to read property Kane
	Kane_AnimBP_C /Engine/Transient.World_0:PersistentLevel.SideScrollerCharacter_C_0.CharacterMesh0.Kane_AnimBP_C_0
	Function /Game/Characters/Kane/Animations/Kane_AnimBP.Kane_AnimBP_C:ExecuteUbergraph_Kane_AnimBP:045E
[2019.10.30-17.46.57:243][  1]LogAssetRegistry: Asset discovery search completed in 23.1308 seconds
[2019.10.30-17.46.57:248][  1]LogCollectionManager: Rebuilt the object cache for 0 collections in 0.000001 seconds (found 0 objects)
[2019.10.30-17.46.57:248][  1]LogCollectionManager: Fixed up redirectors for 0 collections in 0.000133 seconds (updated 0 objects)
[2019.10.30-18.30.20:917][ 76]LogEditorViewport: Clicking on Actor (LMB): SKnight_Checkpoint_C (SKnight_Checkpoint2)
[2019.10.30-18.30.33:212][841]LogEditorViewport: Clicking on Actor (LMB): Enemy_C (Enemy2)
[2019.10.30-18.30.34:823][933]Cmd: DELETE
[2019.10.30-18.30.34:823][933]Cmd: ACTOR DELETE
[2019.10.30-18.30.35:162][933]LogEditorActor: Deleted Actor: Enemy_C
[2019.10.30-18.30.35:224][933]LogEditorActor: Deleted 1 Actors (0.142 secs)
[2019.10.30-18.30.52:483][171]LogSlate: Took 0.000454 seconds to synchronously load lazily loaded font '../../../Engine/Content/Slate/Fonts/Roboto-Light.ttf' (159K)
[2019.10.30-18.31.01:479][198]LogSlate: Took 0.000592 seconds to synchronously load lazily loaded font '../../../Engine/Content/Slate/Fonts/Roboto-Light.ttf' (159K)
[2019.10.30-18.31.02:822][198]LogSavePackage: Save=1168.92ms
[2019.10.30-18.31.02:822][198]LogSavePackage: Moving '../../../../../GitKrakenRepo/SugarKnight_SaltySour/SKnightPrototype_01/Saved/SideScrollerExampleMap_Auto1BF3B297F409F72F1C818D4880CD10551.tmp' to '../../../../../GitKrakenRepo/SugarKnight_SaltySour/SKnightPrototype_01/Saved/Autosaves/Game/SideScrollerBP/Maps/SideScrollerExampleMap_Auto1.umap'
[2019.10.30-18.31.02:829][198]LogSavePackage: Display: Finished SavePackage ../../../../../GitKrakenRepo/SugarKnight_SaltySour/SKnightPrototype_01/Saved/Autosaves/Game/SideScrollerBP/Maps/SideScrollerExampleMap_Auto1.umap
[2019.10.30-18.31.02:837][198]LogSlate: Took 0.000541 seconds to synchronously load lazily loaded font '../../../Engine/Content/Slate/Fonts/Roboto-Regular.ttf' (155K)
[2019.10.30-18.31.02:840][198]LogFileHelpers: Editor autosave (incl. sublevels) for '/Game/SideScrollerBP/Maps/SideScrollerExampleMap' took 1.323
[2019.10.30-18.31.02:840][198]LogFileHelpers: Editor autosave (incl. sublevels) for all levels took 1.323
[2019.10.30-18.34.51:280][540]LogFactory: FactoryCreateFile: StaticMesh with FbxFactory (0 0 C:\Users\ChristopherP\Desktop\Key_high.FBX)
[2019.10.30-18.34.51:384][540]LogFbx: ItemName: GlobalSettings, ItemCount : 1
[2019.10.30-18.34.51:384][540]LogFbx: ItemName: AnimationStack, ItemCount : 1
[2019.10.30-18.34.51:384][540]LogFbx: ItemName: AnimationLayer, ItemCount : 1
[2019.10.30-18.34.51:384][540]LogFbx: ItemName: Model, ItemCount : 6
[2019.10.30-18.34.51:384][540]LogFbx: ItemName: Geometry, ItemCount : 6
[2019.10.30-18.34.51:392][540]LogFbx: Loading FBX Scene from C:\Users\ChristopherP\Desktop\Key_high.FBX
[2019.10.30-18.34.51:414][540]LogFbx: FBX Scene Loaded Succesfully
[2019.10.30-18.34.57:858][540]LogFbx: Loading FBX Scene from C:\Users\ChristopherP\Desktop\Key_high.FBX
[2019.10.30-18.34.57:875][540]LogFbx: FBX Scene Loaded Succesfully
[2019.10.30-18.34.57:911][540]LogFbx: Warning: Triangulating static mesh Shaft_high
[2019.10.30-18.34.58:159][540]LogStaticMesh: Building static mesh Key_high_Shaft_high...
[2019.10.30-18.34.58:248][540]LogStaticMesh: Built static mesh [0.09s] /Game/Assets/Key_high_Shaft_high.Key_high_Shaft_high
[2019.10.30-18.34.58:336][540]LogFbx: Warning: Triangulating static mesh Prong1_high
[2019.10.30-18.34.58:436][540]LogStaticMesh: Building static mesh Key_high_Prong1_high...
[2019.10.30-18.34.58:457][540]LogStaticMesh: Built static mesh [0.02s] /Game/Assets/Key_high_Prong1_high.Key_high_Prong1_high
[2019.10.30-18.34.58:469][540]LogFbx: Warning: Triangulating static mesh Prong2_high
[2019.10.30-18.34.58:528][540]LogStaticMesh: Building static mesh Key_high_Prong2_high...
[2019.10.30-18.34.58:541][540]LogStaticMesh: Built static mesh [0.01s] /Game/Assets/Key_high_Prong2_high.Key_high_Prong2_high
[2019.10.30-18.34.58:544][540]LogStaticMesh: Warning: Key_high_Prong2_high has degenerate tangent bases which will result in incorrect shading.  MikkTSpace relies on tangent bases and may result in mesh corruption, consider disabling this option.
[2019.10.30-18.34.58:544][540]LogStaticMesh: Warning: Key_high_Prong2_high has some nearly zero bi-normals which can create some issues. (Tolerance of 1E-4)
[2019.10.30-18.34.58:545][540]LogFbx: Warning: Triangulating static mesh Ridge_high
[2019.10.30-18.34.58:651][540]LogStaticMesh: Building static mesh Key_high_Ridge_high...
[2019.10.30-18.34.58:672][540]LogStaticMesh: Built static mesh [0.03s] /Game/Assets/Key_high_Ridge_high.Key_high_Ridge_high
[2019.10.30-18.34.58:677][540]LogFbx: Warning: Triangulating static mesh Circle_high
[2019.10.30-18.34.58:727][540]LogStaticMesh: Building static mesh Key_high_Circle_high...
[2019.10.30-18.34.58:737][540]LogStaticMesh: Built static mesh [0.01s] /Game/Assets/Key_high_Circle_high.Key_high_Circle_high
[2019.10.30-18.34.58:740][540]LogFbx: Warning: Triangulating static mesh Diamond_high
[2019.10.30-18.34.59:113][540]LogStaticMesh: Building static mesh Key_high_Diamond_high...
[2019.10.30-18.34.59:223][540]LogStaticMesh: Built static mesh [0.12s] /Game/Assets/Key_high_Diamond_high.Key_high_Diamond_high
[2019.10.30-18.34.59:301][540]FBXImport: Warning: Key_high_Prong2_high has degenerate tangent bases which will result in incorrect shading.  MikkTSpace relies on tangent bases and may result in mesh corruption, consider disabling this option. 
[2019.10.30-18.34.59:301][540]FBXImport: Warning: Key_high_Prong2_high has some nearly zero bi-normals which can create some issues. (Tolerance of 1E-4) 
[2019.10.30-18.34.59:497][540]LogFactory: FactoryCreateFile: StaticMesh with FbxFactory (0 0 C:\Users\ChristopherP\Desktop\Key_low_game.FBX)
[2019.10.30-18.34.59:512][540]LogFbx: Loading FBX Scene from C:\Users\ChristopherP\Desktop\Key_low_game.FBX
[2019.10.30-18.34.59:519][540]LogFbx: FBX Scene Loaded Succesfully
[2019.10.30-18.34.59:520][540]LogFbx: Warning: Triangulating static mesh Key_low
[2019.10.30-18.34.59:554][540]LogStaticMesh: Building static mesh Key_low_game_Key_low...
[2019.10.30-18.34.59:568][540]LogStaticMesh: Built static mesh [0.01s] /Game/Assets/Key_low_game_Key_low.Key_low_game_Key_low
[2019.10.30-18.35.11:518][647]LogActorFactory: Actor Factory created Key_low_game_Key_low
[2019.10.30-18.35.12:543][741]LogActorFactory: Actor Factory created Key_low_game_Key_low
[2019.10.30-18.36.20:752][623]LogMetaData: Removing '/Game/SideScrollerBP/Blueprints/SKnight_Key.SKnight_Key:UserConstructionScript.K2Node_FunctionEntry_0' ref from Metadata '/Game/SideScrollerBP/Blueprints/NewBlueprint.PackageMetaData'
[2019.10.30-18.36.20:752][623]LogMetaData: Removing '/Game/SideScrollerBP/Blueprints/SKnight_Key.SKEL_SKnight_Key_C' ref from Metadata '/Game/SideScrollerBP/Blueprints/NewBlueprint.PackageMetaData'
[2019.10.30-18.36.20:752][623]LogMetaData: Removing '/Game/SideScrollerBP/Blueprints/SKnight_Key.SKnight_Key_C' ref from Metadata '/Game/SideScrollerBP/Blueprints/NewBlueprint.PackageMetaData'
[2019.10.30-18.36.20:752][623]LogMetaData: Removing '/Game/SideScrollerBP/Blueprints/SKnight_Key.SKnight_Key:EventGraph.K2Node_Event_0' ref from Metadata '/Game/SideScrollerBP/Blueprints/NewBlueprint.PackageMetaData'
[2019.10.30-18.36.20:752][623]LogMetaData: Removing '/Game/SideScrollerBP/Blueprints/SKnight_Key.SKnight_Key:EventGraph.K2Node_Event_1' ref from Metadata '/Game/SideScrollerBP/Blueprints/NewBlueprint.PackageMetaData'
[2019.10.30-18.36.20:752][623]LogMetaData: Removing '/Game/SideScrollerBP/Blueprints/SKnight_Key.SKnight_Key:EventGraph.K2Node_Event_2' ref from Metadata '/Game/SideScrollerBP/Blueprints/NewBlueprint.PackageMetaData'
[2019.10.30-18.36.20:859][623]LogSavePackage: Save=10.64ms
[2019.10.30-18.36.20:859][623]LogSavePackage: Moving '../../../../../GitKrakenRepo/SugarKnight_SaltySour/SKnightPrototype_01/Saved/SKnight_Key7C12C9C24D4E180D7AC8E2BA656FBBCB.tmp' to '../../../../../GitKrakenRepo/SugarKnight_SaltySour/SKnightPrototype_01/Content/SideScrollerBP/Blueprints/SKnight_Key.uasset'
[2019.10.30-18.36.20:865][623]LogSavePackage: Display: Finished SavePackage ../../../../../GitKrakenRepo/SugarKnight_SaltySour/SKnightPrototype_01/Content/SideScrollerBP/Blueprints/SKnight_Key.uasset
[2019.10.30-18.36.26:077][947]LogContentBrowser: Native class hierarchy updated for 'BlueprintGraph' in 0.0097 seconds. Added 116 classes and 0 folders.
[2019.10.30-18.36.33:720][149]LogRenderer: Reallocating scene render targets to support 1356x804 Format 10 NumSamples 1 (Frame:204).
[2019.10.30-18.37.02:827][702]LogSlate: Took 0.037609 seconds to synchronously load lazily loaded font '../../../Engine/Content/Editor/Slate/Fonts/Roboto-Italic.ttf' (157K)
[2019.10.30-18.37.14:089][398]LogEditorTransaction: Undo Add Component
[2019.10.30-18.37.37:652][781]BlueprintLog: New page: Compile SKnight_Door
[2019.10.30-18.38.28:687][657]LogSlate: Took 0.011916 seconds to synchronously load lazily loaded font '../../../Engine/Content/Editor/Slate/Fonts/Roboto-BoldCondensed.ttf' (158K)
[2019.10.30-18.39.49:964][689]BlueprintLog: New page: Compile SKnight_Door
[2019.10.30-18.40.30:800][870]LogPhysics: Warning: Initialising Body : Scale3D is (nearly) zero: Component: '/Engine/Transient.World_5:PersistentLevel.SKnight_Key_C_0.StaticMesh' 
[2019.10.30-18.40.30:801][870]LogPhysics: Warning: Initialising Body : Scale3D is (nearly) zero: Component: '/Engine/Transient.World_5:PersistentLevel.SKnight_Key_C_0.StaticMesh' 
[2019.10.30-18.40.30:821][871]LogPhysics: Warning: Initialising Body : Scale3D is (nearly) zero: Component: '/Engine/Transient.World_5:PersistentLevel.SKnight_Key_C_0.StaticMesh' 
[2019.10.30-18.40.30:821][871]LogPhysics: Warning: Initialising Body : Scale3D is (nearly) zero: Component: '/Engine/Transient.World_5:PersistentLevel.SKnight_Key_C_0.StaticMesh' 
[2019.10.30-18.40.31:037][883]LogPhysics: Warning: Initialising Body : Scale3D is (nearly) zero: Component: '/Engine/Transient.World_5:PersistentLevel.SKnight_Key_C_0.StaticMesh' 
[2019.10.30-18.40.31:038][883]LogPhysics: Warning: Initialising Body : Scale3D is (nearly) zero: Component: '/Engine/Transient.World_5:PersistentLevel.SKnight_Key_C_0.StaticMesh' 
[2019.10.30-18.40.31:055][884]LogPhysics: Warning: Initialising Body : Scale3D is (nearly) zero: Component: '/Engine/Transient.World_5:PersistentLevel.SKnight_Key_C_0.StaticMesh' 
[2019.10.30-18.40.31:055][884]LogPhysics: Warning: Initialising Body : Scale3D is (nearly) zero: Component: '/Engine/Transient.World_5:PersistentLevel.SKnight_Key_C_0.StaticMesh' 
[2019.10.30-18.40.43:690][580]BlueprintLog: New page: Compile SKnight_Key
[2019.10.30-18.41.25:477][860]LogEditorTransaction: Undo Modify Component(s)
[2019.10.30-18.42.31:643][991]BlueprintLog: New page: Compile SKnight_Key
[2019.10.30-18.42.34:548][126]LogSavePackage: Save=66.53ms
[2019.10.30-18.42.34:549][126]LogSavePackage: Moving '../../../../../GitKrakenRepo/SugarKnight_SaltySour/SKnightPrototype_01/Saved/SKnight_KeyCF780B234B769C16694C0EB711976DD3.tmp' to '../../../../../GitKrakenRepo/SugarKnight_SaltySour/SKnightPrototype_01/Content/SideScrollerBP/Blueprints/SKnight_Key.uasset'
[2019.10.30-18.42.34:555][126]LogSavePackage: Display: Finished SavePackage ../../../../../GitKrakenRepo/SugarKnight_SaltySour/SKnightPrototype_01/Content/SideScrollerBP/Blueprints/SKnight_Key.uasset
[2019.10.30-18.42.36:745][252]LogSavePackage: Save=33.32ms
[2019.10.30-18.42.36:745][252]LogSavePackage: Moving '../../../../../GitKrakenRepo/SugarKnight_SaltySour/SKnightPrototype_01/Saved/SKnight_Door004664A54D583C915CAA93966A818A81.tmp' to '../../../../../GitKrakenRepo/SugarKnight_SaltySour/SKnightPrototype_01/Content/SideScrollerBP/Blueprints/SKnight_Door.uasset'
[2019.10.30-18.42.36:751][252]LogSavePackage: Display: Finished SavePackage ../../../../../GitKrakenRepo/SugarKnight_SaltySour/SKnightPrototype_01/Content/SideScrollerBP/Blueprints/SKnight_Door.uasset
[2019.10.30-18.42.38:613][354]LogActorComponent: UnregisterComponent: (/Engine/Transient.EditorFloorComp) Not registered. Aborting.
[2019.10.30-18.42.56:202][859]LogEditorViewport: Clicking on Actor (LMB): StaticMeshActor (Key_low_game_Key_low)
[2019.10.30-18.42.57:126][936]Cmd: DELETE
[2019.10.30-18.42.57:126][936]Cmd: ACTOR DELETE
[2019.10.30-18.42.57:137][936]LogEditorActor: Deleted Actor: StaticMeshActor
[2019.10.30-18.42.57:180][936]LogEditorActor: Deleted 1 Actors (0.054 secs)
[2019.10.30-18.43.09:467][958]LogTemp: Repeating last play command: New Editor Window (PIE)
[2019.10.30-18.43.12:685][958]LogBlueprintUserMessages: Early PlayInEditor Detection: Level '/Game/SideScrollerBP/Maps/SideScrollerExampleMap.SideScrollerExampleMap:PersistentLevel' has LevelScriptBlueprint '/Game/SideScrollerBP/Maps/SideScrollerExampleMap.SideScrollerExampleMap:PersistentLevel.SideScrollerExampleMap' with GeneratedClass '/Game/SideScrollerBP/Maps/SideScrollerExampleMap.SideScrollerExampleMap_C' with ClassGeneratedBy '/Game/SideScrollerBP/Maps/SideScrollerExampleMap.SideScrollerExampleMap:PersistentLevel.SideScrollerExampleMap'
[2019.10.30-18.43.12:771][958]BlueprintLog: New page: Pre-Play auto-recompile
[2019.10.30-18.43.12:780][958]LogPlayLevel: [PlayLevel] Compiling SideScrollerExampleMap before play...
[2019.10.30-18.43.12:921][958]LogPlayLevel: PlayLevel: Blueprint regeneration took 179 ms (1 blueprints)
[2019.10.30-18.43.13:168][958]PIE: New page: PIE session: SideScrollerExampleMap (Oct 30, 2019, 10:43:13 AM)
[2019.10.30-18.43.13:187][958]LogPlayLevel: Creating play world package: /Game/SideScrollerBP/Maps/UEDPIE_0_SideScrollerExampleMap
[2019.10.30-18.43.13:386][958]LogPlayLevel: PIE: StaticDuplicateObject took: (0.199263s)
[2019.10.30-18.43.13:387][958]LogAIModule: Creating AISystem for world SideScrollerExampleMap
[2019.10.30-18.43.13:403][958]LogPlayLevel: PIE: World Init took: (0.016711s)
[2019.10.30-18.43.13:404][958]LogPlayLevel: PIE: Created PIE world by copying editor world from /Game/SideScrollerBP/Maps/SideScrollerExampleMap.SideScrollerExampleMap to /Game/SideScrollerBP/Maps/UEDPIE_0_SideScrollerExampleMap.SideScrollerExampleMap (0.219018s)
[2019.10.30-18.43.13:617][958]LogInit: XAudio2 using 'Speakers (Realtek High Definition Audio)' : 2 channels at 48 kHz using 32 bits per sample (channel mask 0x3)
[2019.10.30-18.43.13:661][958]LogInit: FAudioDevice initialized.
[2019.10.30-18.43.13:827][958]LogLoad: Game class is 'SideScrollerGameMode_C'
[2019.10.30-18.43.14:007][958]LogScript: Warning: Accessed None trying to read property Kane
	Kane_AnimBP_C /Game/SideScrollerBP/Maps/UEDPIE_0_SideScrollerExampleMap.SideScrollerExampleMap:PersistentLevel.SideScrollerCharacter_78.CharacterMesh0.Kane_AnimBP_C_0
	Function /Game/Characters/Kane/Animations/Kane_AnimBP.Kane_AnimBP_C:ExecuteUbergraph_Kane_AnimBP:045E
[2019.10.30-18.43.14:007][958]PIE: Error: Blueprint Runtime Error: Accessed None trying to read property Kane from function: 'ExecuteUbergraph_Kane_AnimBP' from node: Result in graph: Transition in object: Kane_AnimBP with description: Accessed None trying to read property Kane
[2019.10.30-18.43.14:010][958]LogWorld: Bringing World /Game/SideScrollerBP/Maps/UEDPIE_0_SideScrollerExampleMap.SideScrollerExampleMap up for play (max tick rate 0) at 2019.10.30-14.43.14
[2019.10.30-18.43.14:138][958]LogWorld: Bringing up level for play took: 0.142064
[2019.10.30-18.43.14:259][958]LogContentBrowser: Native class hierarchy updated for 'MovieSceneCapture' in 0.0006 seconds. Added 11 classes and 0 folders.
[2019.10.30-18.43.14:330][958]PIE: Play in editor start time for /Game/SideScrollerBP/Maps/UEDPIE_0_SideScrollerExampleMap 0.715
[2019.10.30-18.43.14:352][958]LogBlueprintUserMessages: Late PlayInEditor Detection: Level '/Game/SideScrollerBP/Maps/SideScrollerExampleMap.SideScrollerExampleMap:PersistentLevel' has LevelScriptBlueprint '/Game/SideScrollerBP/Maps/SideScrollerExampleMap.SideScrollerExampleMap:PersistentLevel.SideScrollerExampleMap' with GeneratedClass '/Game/SideScrollerBP/Maps/SideScrollerExampleMap.SideScrollerExampleMap_C' with ClassGeneratedBy '/Game/SideScrollerBP/Maps/SideScrollerExampleMap.SideScrollerExampleMap:PersistentLevel.SideScrollerExampleMap'
[2019.10.30-18.43.16:296][101]LogBlueprintUserMessages: [SKnight_Checkpoint_356] Checkpoint Reached
[2019.10.30-18.43.24:998][820]LogBlueprintUserMessages: Early EndPlayMap Detection: Level '/Game/SideScrollerBP/Maps/SideScrollerExampleMap.SideScrollerExampleMap:PersistentLevel' has LevelScriptBlueprint '/Game/SideScrollerBP/Maps/SideScrollerExampleMap.SideScrollerExampleMap:PersistentLevel.SideScrollerExampleMap' with GeneratedClass '/Game/SideScrollerBP/Maps/SideScrollerExampleMap.SideScrollerExampleMap_C' with ClassGeneratedBy '/Game/SideScrollerBP/Maps/SideScrollerExampleMap.SideScrollerExampleMap:PersistentLevel.SideScrollerExampleMap'
[2019.10.30-18.43.25:178][820]LogBlueprintUserMessages: Late EndPlayMap Detection: Level '/Game/SideScrollerBP/Maps/SideScrollerExampleMap.SideScrollerExampleMap:PersistentLevel' has LevelScriptBlueprint '/Game/SideScrollerBP/Maps/SideScrollerExampleMap.SideScrollerExampleMap:PersistentLevel.SideScrollerExampleMap' with GeneratedClass '/Game/SideScrollerBP/Maps/SideScrollerExampleMap.SideScrollerExampleMap_C' with ClassGeneratedBy '/Game/SideScrollerBP/Maps/SideScrollerExampleMap.SideScrollerExampleMap:PersistentLevel.SideScrollerExampleMap'
[2019.10.30-18.43.28:038][ 46]LogEditorViewport: Clicking on Actor (LMB): SKnight_Key_C (SKnight_Key)
[2019.10.30-18.43.32:179][391]LogTemp: Repeating last play command: New Editor Window (PIE)
[2019.10.30-18.43.32:195][391]LogBlueprintUserMessages: Early PlayInEditor Detection: Level '/Game/SideScrollerBP/Maps/SideScrollerExampleMap.SideScrollerExampleMap:PersistentLevel' has LevelScriptBlueprint '/Game/SideScrollerBP/Maps/SideScrollerExampleMap.SideScrollerExampleMap:PersistentLevel.SideScrollerExampleMap' with GeneratedClass '/Game/SideScrollerBP/Maps/SideScrollerExampleMap.SideScrollerExampleMap_C' with ClassGeneratedBy '/Game/SideScrollerBP/Maps/SideScrollerExampleMap.SideScrollerExampleMap:PersistentLevel.SideScrollerExampleMap'
[2019.10.30-18.43.32:195][391]LogPlayLevel: PlayLevel: No blueprints needed recompiling
[2019.10.30-18.43.32:196][391]PIE: New page: PIE session: SideScrollerExampleMap (Oct 30, 2019, 10:43:32 AM)
[2019.10.30-18.43.32:196][391]LogPlayLevel: Creating play world package: /Game/SideScrollerBP/Maps/UEDPIE_0_SideScrollerExampleMap
[2019.10.30-18.43.32:279][391]LogPlayLevel: PIE: StaticDuplicateObject took: (0.084233s)
[2019.10.30-18.43.32:280][391]LogAIModule: Creating AISystem for world SideScrollerExampleMap
[2019.10.30-18.43.32:281][391]LogPlayLevel: PIE: World Init took: (0.001253s)
[2019.10.30-18.43.32:281][391]LogPlayLevel: PIE: Created PIE world by copying editor world from /Game/SideScrollerBP/Maps/SideScrollerExampleMap.SideScrollerExampleMap to /Game/SideScrollerBP/Maps/UEDPIE_0_SideScrollerExampleMap.SideScrollerExampleMap (0.086009s)
[2019.10.30-18.43.32:463][391]LogInit: XAudio2 using 'Speakers (Realtek High Definition Audio)' : 2 channels at 48 kHz using 32 bits per sample (channel mask 0x3)
[2019.10.30-18.43.32:525][391]LogInit: FAudioDevice initialized.
[2019.10.30-18.43.32:601][391]LogLoad: Game class is 'SideScrollerGameMode_C'
[2019.10.30-18.43.32:606][391]LogScript: Warning: Accessed None trying to read property Kane
	Kane_AnimBP_C /Game/SideScrollerBP/Maps/UEDPIE_0_SideScrollerExampleMap.SideScrollerExampleMap:PersistentLevel.SideScrollerCharacter_78.CharacterMesh0.Kane_AnimBP_C_0
	Function /Game/Characters/Kane/Animations/Kane_AnimBP.Kane_AnimBP_C:ExecuteUbergraph_Kane_AnimBP:045E
[2019.10.30-18.43.32:606][391]PIE: Error: Blueprint Runtime Error: Accessed None trying to read property Kane from function: 'ExecuteUbergraph_Kane_AnimBP' from node: Result in graph: Transition in object: Kane_AnimBP with description: Accessed None trying to read property Kane
[2019.10.30-18.43.32:608][391]LogWorld: Bringing World /Game/SideScrollerBP/Maps/UEDPIE_0_SideScrollerExampleMap.SideScrollerExampleMap up for play (max tick rate 0) at 2019.10.30-14.43.32
[2019.10.30-18.43.32:609][391]LogWorld: Bringing up level for play took: 0.006466
[2019.10.30-18.43.32:617][391]PIE: Play in editor start time for /Game/SideScrollerBP/Maps/UEDPIE_0_SideScrollerExampleMap 1.001
[2019.10.30-18.43.32:629][391]LogBlueprintUserMessages: Late PlayInEditor Detection: Level '/Game/SideScrollerBP/Maps/SideScrollerExampleMap.SideScrollerExampleMap:PersistentLevel' has LevelScriptBlueprint '/Game/SideScrollerBP/Maps/SideScrollerExampleMap.SideScrollerExampleMap:PersistentLevel.SideScrollerExampleMap' with GeneratedClass '/Game/SideScrollerBP/Maps/SideScrollerExampleMap.SideScrollerExampleMap_C' with ClassGeneratedBy '/Game/SideScrollerBP/Maps/SideScrollerExampleMap.SideScrollerExampleMap:PersistentLevel.SideScrollerExampleMap'
[2019.10.30-18.43.33:869][481]LogBlueprintUserMessages: [SKnight_Checkpoint_356] Checkpoint Reached
[2019.10.30-18.43.48:377][680]LogBlueprintUserMessages: Early EndPlayMap Detection: Level '/Game/SideScrollerBP/Maps/SideScrollerExampleMap.SideScrollerExampleMap:PersistentLevel' has LevelScriptBlueprint '/Game/SideScrollerBP/Maps/SideScrollerExampleMap.SideScrollerExampleMap:PersistentLevel.SideScrollerExampleMap' with GeneratedClass '/Game/SideScrollerBP/Maps/SideScrollerExampleMap.SideScrollerExampleMap_C' with ClassGeneratedBy '/Game/SideScrollerBP/Maps/SideScrollerExampleMap.SideScrollerExampleMap:PersistentLevel.SideScrollerExampleMap'
[2019.10.30-18.43.48:430][680]LogBlueprintUserMessages: Late EndPlayMap Detection: Level '/Game/SideScrollerBP/Maps/SideScrollerExampleMap.SideScrollerExampleMap:PersistentLevel' has LevelScriptBlueprint '/Game/SideScrollerBP/Maps/SideScrollerExampleMap.SideScrollerExampleMap:PersistentLevel.SideScrollerExampleMap' with GeneratedClass '/Game/SideScrollerBP/Maps/SideScrollerExampleMap.SideScrollerExampleMap_C' with ClassGeneratedBy '/Game/SideScrollerBP/Maps/SideScrollerExampleMap.SideScrollerExampleMap:PersistentLevel.SideScrollerExampleMap'
[2019.10.30-18.44.19:377][940]BlueprintLog: New page: Compile SKnight_Key
[2019.10.30-18.44.19:438][940]LogBlueprint: Error: [Compiler SKnight_Key] The type of  Object  is undetermined.  Connect something to  Cast To SKnight_Door  to imply a specific type.
[2019.10.30-18.44.19:455][940]LogBlueprint: Error: [Compiler SKnight_Key] The current value of the ' Object ' pin is invalid: Unsupported type Wildcard on pin Object
[2019.10.30-18.44.19:633][940]LogBlueprint: Warning: [Compiler SKnight_Key] [3516.25] Compile of SKnight_Key failed. 2 Fatal Issue(s) 0 Warning(s) [in 243 ms] (/Game/SideScrollerBP/Blueprints/SKnight_Key.SKnight_Key)
[2019.10.30-18.44.22:810][131]LogScript: Warning: Accessed None trying to read property Kane
	Kane_AnimBP_C /Engine/Transient.World_10:PersistentLevel.SkeletalMeshActor_1.SkeletalMeshComponent0.Kane_AnimBP_C_1
	Function /Game/Characters/Kane/Animations/Kane_AnimBP.Kane_AnimBP_C:ExecuteUbergraph_Kane_AnimBP:045E
[2019.10.30-18.44.34:310][902]BlueprintLog: New page: Compile SKnight_Key
[2019.10.30-18.44.34:333][902]LogBlueprint: Warning: [Compiler SKnight_Key] 'SKnight Door' does not inherit from 'Primitive Component' ( Cast To SKnight_Door  would always fail).
[2019.10.30-18.44.34:470][902]LogBlueprint: Warning: [Compiler SKnight_Key] [3531.10] Compile of SKnight_Key successful, but with 1 Warning(s) [in 160 ms] (/Game/SideScrollerBP/Blueprints/SKnight_Key.SKnight_Key)
[2019.10.30-18.44.40:323][287]BlueprintLog: New page: Compile SKnight_Key
[2019.10.30-18.44.41:606][339]LogSavePackage: Save=31.37ms
[2019.10.30-18.44.41:606][339]LogSavePackage: Moving '../../../../../GitKrakenRepo/SugarKnight_SaltySour/SKnightPrototype_01/Saved/SKnight_KeyECC89F6047B91848AD6E7294F17BF87C.tmp' to '../../../../../GitKrakenRepo/SugarKnight_SaltySour/SKnightPrototype_01/Content/SideScrollerBP/Blueprints/SKnight_Key.uasset'
[2019.10.30-18.44.41:613][339]LogSavePackage: Display: Finished SavePackage ../../../../../GitKrakenRepo/SugarKnight_SaltySour/SKnightPrototype_01/Content/SideScrollerBP/Blueprints/SKnight_Key.uasset
[2019.10.30-18.44.47:069][643]Cmd: OBJ SAVEPACKAGE PACKAGE="/Game/Assets/Key_high_Circle_high" FILE="../../../../../GitKrakenRepo/SugarKnight_SaltySour/SKnightPrototype_01/Content/Assets/Key_high_Circle_high.uasset" SILENT=true
[2019.10.30-18.44.47:085][643]LogSavePackage: Save=13.55ms
[2019.10.30-18.44.47:085][643]LogSavePackage: Moving '../../../../../GitKrakenRepo/SugarKnight_SaltySour/SKnightPrototype_01/Saved/Key_high_Circle_high2B5FDAFB49D3D0FB79FE99A84CCA2188.tmp' to '../../../../../GitKrakenRepo/SugarKnight_SaltySour/SKnightPrototype_01/Content/Assets/Key_high_Circle_high.uasset'
[2019.10.30-18.44.47:091][643]LogSavePackage: Display: Finished SavePackage ../../../../../GitKrakenRepo/SugarKnight_SaltySour/SKnightPrototype_01/Content/Assets/Key_high_Circle_high.uasset
[2019.10.30-18.44.47:117][643]Cmd: OBJ SAVEPACKAGE PACKAGE="/Game/Assets/Key_high_Diamond_high" FILE="../../../../../GitKrakenRepo/SugarKnight_SaltySour/SKnightPrototype_01/Content/Assets/Key_high_Diamond_high.uasset" SILENT=true
[2019.10.30-18.44.47:133][643]LogSavePackage: Save=12.94ms
[2019.10.30-18.44.47:133][643]LogSavePackage: Moving '../../../../../GitKrakenRepo/SugarKnight_SaltySour/SKnightPrototype_01/Saved/Key_high_Diamond_high8C867E6C42CD543CA82B5EABA7BB6FB9.tmp' to '../../../../../GitKrakenRepo/SugarKnight_SaltySour/SKnightPrototype_01/Content/Assets/Key_high_Diamond_high.uasset'
[2019.10.30-18.44.47:139][643]LogSavePackage: Display: Finished SavePackage ../../../../../GitKrakenRepo/SugarKnight_SaltySour/SKnightPrototype_01/Content/Assets/Key_high_Diamond_high.uasset
[2019.10.30-18.44.47:156][643]Cmd: OBJ SAVEPACKAGE PACKAGE="/Game/Assets/Key_high_Prong1_high" FILE="../../../../../GitKrakenRepo/SugarKnight_SaltySour/SKnightPrototype_01/Content/Assets/Key_high_Prong1_high.uasset" SILENT=true
[2019.10.30-18.44.47:171][643]LogSavePackage: Save=13.10ms
[2019.10.30-18.44.47:171][643]LogSavePackage: Moving '../../../../../GitKrakenRepo/SugarKnight_SaltySour/SKnightPrototype_01/Saved/Key_high_Prong1_high25CF78FD4EC43E0686EBB9A10235AD1B.tmp' to '../../../../../GitKrakenRepo/SugarKnight_SaltySour/SKnightPrototype_01/Content/Assets/Key_high_Prong1_high.uasset'
[2019.10.30-18.44.47:178][643]LogSavePackage: Display: Finished SavePackage ../../../../../GitKrakenRepo/SugarKnight_SaltySour/SKnightPrototype_01/Content/Assets/Key_high_Prong1_high.uasset
[2019.10.30-18.44.47:197][643]Cmd: OBJ SAVEPACKAGE PACKAGE="/Game/Assets/Key_high_Prong2_high" FILE="../../../../../GitKrakenRepo/SugarKnight_SaltySour/SKnightPrototype_01/Content/Assets/Key_high_Prong2_high.uasset" SILENT=true
[2019.10.30-18.44.47:220][643]LogSavePackage: Save=13.21ms
[2019.10.30-18.44.47:220][643]LogSavePackage: Moving '../../../../../GitKrakenRepo/SugarKnight_SaltySour/SKnightPrototype_01/Saved/Key_high_Prong2_highF0A258234DF5C6FB0A9D5A846E7BF789.tmp' to '../../../../../GitKrakenRepo/SugarKnight_SaltySour/SKnightPrototype_01/Content/Assets/Key_high_Prong2_high.uasset'
[2019.10.30-18.44.47:226][643]LogSavePackage: Display: Finished SavePackage ../../../../../GitKrakenRepo/SugarKnight_SaltySour/SKnightPrototype_01/Content/Assets/Key_high_Prong2_high.uasset
[2019.10.30-18.44.47:243][643]Cmd: OBJ SAVEPACKAGE PACKAGE="/Game/Assets/Key_high_Ridge_high" FILE="../../../../../GitKrakenRepo/SugarKnight_SaltySour/SKnightPrototype_01/Content/Assets/Key_high_Ridge_high.uasset" SILENT=true
[2019.10.30-18.44.47:258][643]LogSavePackage: Save=13.13ms
[2019.10.30-18.44.47:258][643]LogSavePackage: Moving '../../../../../GitKrakenRepo/SugarKnight_SaltySour/SKnightPrototype_01/Saved/Key_high_Ridge_highCE37E5AD43571929EC3E7192579B5A7C.tmp' to '../../../../../GitKrakenRepo/SugarKnight_SaltySour/SKnightPrototype_01/Content/Assets/Key_high_Ridge_high.uasset'
[2019.10.30-18.44.47:264][643]LogSavePackage: Display: Finished SavePackage ../../../../../GitKrakenRepo/SugarKnight_SaltySour/SKnightPrototype_01/Content/Assets/Key_high_Ridge_high.uasset
[2019.10.30-18.44.47:280][643]Cmd: OBJ SAVEPACKAGE PACKAGE="/Game/Assets/Key_high_Shaft_high" FILE="../../../../../GitKrakenRepo/SugarKnight_SaltySour/SKnightPrototype_01/Content/Assets/Key_high_Shaft_high.uasset" SILENT=true
[2019.10.30-18.44.47:295][643]LogSavePackage: Save=12.37ms
[2019.10.30-18.44.47:295][643]LogSavePackage: Moving '../../../../../GitKrakenRepo/SugarKnight_SaltySour/SKnightPrototype_01/Saved/Key_high_Shaft_high8F4147DF48B4FA61F35E50B05FA7F7B0.tmp' to '../../../../../GitKrakenRepo/SugarKnight_SaltySour/SKnightPrototype_01/Content/Assets/Key_high_Shaft_high.uasset'
[2019.10.30-18.44.47:301][643]LogSavePackage: Display: Finished SavePackage ../../../../../GitKrakenRepo/SugarKnight_SaltySour/SKnightPrototype_01/Content/Assets/Key_high_Shaft_high.uasset
[2019.10.30-18.44.47:318][643]Cmd: OBJ SAVEPACKAGE PACKAGE="/Game/Assets/Key_low_game_Key_low" FILE="../../../../../GitKrakenRepo/SugarKnight_SaltySour/SKnightPrototype_01/Content/Assets/Key_low_game_Key_low.uasset" SILENT=true
[2019.10.30-18.44.47:332][643]LogSavePackage: Save=11.97ms
[2019.10.30-18.44.47:332][643]LogSavePackage: Moving '../../../../../GitKrakenRepo/SugarKnight_SaltySour/SKnightPrototype_01/Saved/Key_low_game_Key_low44CE36F1443AA1F77A7C91A6C7917738.tmp' to '../../../../../GitKrakenRepo/SugarKnight_SaltySour/SKnightPrototype_01/Content/Assets/Key_low_game_Key_low.uasset'
[2019.10.30-18.44.47:338][643]LogSavePackage: Display: Finished SavePackage ../../../../../GitKrakenRepo/SugarKnight_SaltySour/SKnightPrototype_01/Content/Assets/Key_low_game_Key_low.uasset
[2019.10.30-18.44.48:459][643]LogSavePackage: Save=759.70ms
[2019.10.30-18.44.48:459][643]LogSavePackage: Moving '../../../../../GitKrakenRepo/SugarKnight_SaltySour/SKnightPrototype_01/Saved/SideScrollerExampleMap1403F86644EEAC1C746C1B8B1757C977.tmp' to '../../../../../GitKrakenRepo/SugarKnight_SaltySour/SKnightPrototype_01/Content/SideScrollerBP/Maps/SideScrollerExampleMap.umap'
[2019.10.30-18.44.48:466][643]LogSavePackage: Display: Finished SavePackage ../../../../../GitKrakenRepo/SugarKnight_SaltySour/SKnightPrototype_01/Content/SideScrollerBP/Maps/SideScrollerExampleMap.umap
[2019.10.30-18.44.48:522][643]LogFileHelpers: Saving map 'SideScrollerExampleMap' took 1.167
[2019.10.30-18.44.48:782][643]LogWindowsTextInputMethodSystem: Display: IME system now deactivated.
[2019.10.30-18.44.49:150][644]Cmd: QUIT_EDITOR
[2019.10.30-18.44.49:705][644]LogExit: Preparing to exit.
[2019.10.30-18.44.50:733][644]LogDirectoryWatcher: A directory notification for 'D:/GitKrakenRepo/SugarKnight_SaltySour/SKnightPrototype_01/Content/' was aborted.
[2019.10.30-18.44.50:940][644]LogExit: Editor shut down
[2019.10.30-18.44.50:947][644]LogExit: Transaction tracking system shut down
[2019.10.30-18.44.51:316][644]LogDirectoryWatcher: A directory notification for '../../../Engine/Content/' was aborted.
[2019.10.30-18.44.51:316][644]LogDirectoryWatcher: A directory notification for '../../../../../GitKrakenRepo/SugarKnight_SaltySour/SKnightPrototype_01/Content/' was aborted.
[2019.10.30-18.44.51:316][644]LogDirectoryWatcher: A directory notification for '../../../Engine/Plugins/2D/Paper2D/Content/' was aborted.
[2019.10.30-18.44.51:316][644]LogDirectoryWatcher: A directory notification for '../../../Engine/Plugins/Media/MediaCompositing/Content/' was aborted.
[2019.10.30-18.44.51:316][644]LogDirectoryWatcher: A directory notification for '../../../Engine/Plugins/Runtime/AppleARKit/Content/' was aborted.
[2019.10.30-18.44.51:316][644]LogDirectoryWatcher: A directory notification for '../../../Engine/Plugins/Runtime/Oculus/OculusVR/Content/' was aborted.
[2019.10.30-18.44.51:316][644]LogDirectoryWatcher: A directory notification for '../../../Engine/Plugins/Runtime/Steam/SteamVR/Content/' was aborted.
[2019.10.30-18.44.52:612][644]LogExit: Object subsystem successfully closed.
[2019.10.30-18.44.53:143][644]LogD3D11RHI: Shutdown
[2019.10.30-18.44.53:143][644]LogD3D11RHI: CleanupD3DDevice
[2019.10.30-18.44.53:517][644]LogD3D11RHI: ~FD3D11DynamicRHI
[2019.10.30-18.44.54:702][644]LogModuleManager: Shutting down and abandoning module MovieSceneCapture (554)
[2019.10.30-18.44.54:702][644]LogModuleManager: Shutting down and abandoning module HierarchicalLODUtilities (552)
[2019.10.30-18.44.54:702][644]LogModuleManager: Shutting down and abandoning module BlueprintGraph (550)
[2019.10.30-18.44.54:702][644]LogModuleManager: Shutting down and abandoning module HierarchicalLODOutliner (548)
[2019.10.30-18.44.54:702][644]LogModuleManager: Shutting down and abandoning module SceneOutliner (546)
[2019.10.30-18.44.54:702][644]LogModuleManager: Shutting down and abandoning module AddContentDialog (544)
[2019.10.30-18.44.54:711][644]LogDirectoryWatcher: A directory notification for 'D:/Program Files (x86)/UE_4.18/FeaturePacks/' was aborted.
[2019.10.30-18.44.54:724][644]LogModuleManager: Shutting down and abandoning module WidgetCarousel (543)
[2019.10.30-18.44.54:724][644]LogModuleManager: Shutting down and abandoning module EditorWidgets (540)
[2019.10.30-18.44.54:724][644]LogModuleManager: Shutting down and abandoning module CollectionManager (538)
[2019.10.30-18.44.54:818][644]LogDirectoryWatcher: A directory notification for 'D:/GitKrakenRepo/SugarKnight_SaltySour/SKnightPrototype_01/Content/Collections/' was aborted.
[2019.10.30-18.44.54:818][644]LogDirectoryWatcher: A directory notification for 'D:/GitKrakenRepo/SugarKnight_SaltySour/SKnightPrototype_01/Content/Developers/ChristopherP/Collections/' was aborted.
[2019.10.30-18.44.54:818][644]LogDirectoryWatcher: A directory notification for 'D:/GitKrakenRepo/SugarKnight_SaltySour/SKnightPrototype_01/Saved/Collections/' was aborted.
[2019.10.30-18.44.54:818][644]LogModuleManager: Shutting down and abandoning module StatsViewer (536)
[2019.10.30-18.44.54:837][644]LogModuleManager: Shutting down and abandoning module FoliageEdit (534)
[2019.10.30-18.44.54:851][644]LogModuleManager: Shutting down and abandoning module LandscapeEditor (532)
[2019.10.30-18.44.54:897][644]LogModuleManager: Shutting down and abandoning module MeshPaintMode (530)
[2019.10.30-18.44.54:897][644]LogModuleManager: Shutting down and abandoning module SceneDepthPickerMode (528)
[2019.10.30-18.44.54:897][644]LogModuleManager: Shutting down and abandoning module ActorPickerMode (526)
[2019.10.30-18.44.54:897][644]LogModuleManager: Shutting down and abandoning module GeometryMode (524)
[2019.10.30-18.44.54:897][644]LogModuleManager: Shutting down and abandoning module TextureAlignMode (522)
[2019.10.30-18.44.54:897][644]LogModuleManager: Shutting down and abandoning module BspMode (520)
[2019.10.30-18.44.54:897][644]LogModuleManager: Shutting down and abandoning module PIEPreviewDeviceProfileSelector (518)
[2019.10.30-18.44.54:898][644]LogModuleManager: Shutting down and abandoning module HardwareSurvey (516)
[2019.10.30-18.44.54:898][644]LogModuleManager: Shutting down and abandoning module SequenceRecorderSections (514)
[2019.10.30-18.44.54:907][644]LogModuleManager: Shutting down and abandoning module AutomationWorker (512)
[2019.10.30-18.44.54:914][644]LogModuleManager: Shutting down and abandoning module MatineeToLevelSequence (510)
[2019.10.30-18.44.54:914][644]LogModuleManager: Shutting down and abandoning module LevelSequenceEditor (508)
[2019.10.30-18.44.54:951][644]LogModuleManager: Shutting down and abandoning module PlacementMode (507)
[2019.10.30-18.44.54:951][644]LogModuleManager: Shutting down and abandoning module WmfMediaFactory (504)
[2019.10.30-18.44.54:951][644]LogModuleManager: Shutting down and abandoning module WmfMediaEditor (502)
[2019.10.30-18.44.54:951][644]LogModuleManager: Shutting down and abandoning module OpenExrWrapper (500)
[2019.10.30-18.44.54:951][644]LogModuleManager: Shutting down and abandoning module ImgMediaFactory (498)
[2019.10.30-18.44.54:951][644]LogModuleManager: Shutting down and abandoning module ImgMediaEditor (496)
[2019.10.30-18.44.54:951][644]LogModuleManager: Shutting down and abandoning module AvfMediaFactory (494)
[2019.10.30-18.44.54:951][644]LogModuleManager: Shutting down and abandoning module AvfMediaEditor (492)
[2019.10.30-18.44.54:951][644]LogModuleManager: Shutting down and abandoning module AndroidMediaFactory (490)
[2019.10.30-18.44.54:951][644]LogModuleManager: Shutting down and abandoning module AndroidMediaEditor (488)
[2019.10.30-18.44.54:951][644]LogModuleManager: Shutting down and abandoning module CharacterAI (486)
[2019.10.30-18.44.54:951][644]LogModuleManager: Shutting down and abandoning module AudioCapture (484)
[2019.10.30-18.44.54:966][644]LogModuleManager: Shutting down and abandoning module SequenceRecorder (483)
[2019.10.30-18.44.54:983][644]LogModuleManager: Shutting down and abandoning module SmartSnapping (480)
[2019.10.30-18.44.54:983][644]LogModuleManager: Shutting down and abandoning module SessionServices (478)
[2019.10.30-18.44.54:983][644]LogModuleManager: Shutting down and abandoning module ViewportSnapping (476)
[2019.10.30-18.44.54:983][644]LogModuleManager: Shutting down and abandoning module ViewportInteraction (474)
[2019.10.30-18.44.54:983][644]LogModuleManager: Shutting down and abandoning module ClothPainter (472)
[2019.10.30-18.44.54:999][644]LogModuleManager: Shutting down and abandoning module SkeletalMeshEditor (471)
[2019.10.30-18.44.55:029][644]LogModuleManager: Shutting down and abandoning module LogVisualizer (468)
[2019.10.30-18.44.55:047][644]LogModuleManager: Shutting down and abandoning module IntroTutorials (466)
[2019.10.30-18.44.55:090][644]LogModuleManager: Shutting down and abandoning module GameProjectGeneration (465)
[2019.10.30-18.44.55:109][644]LogModuleManager: Shutting down and abandoning module IOSPlatformEditor (462)
[2019.10.30-18.44.55:109][644]LogModuleManager: Shutting down and abandoning module HTML5PlatformEditor (460)
[2019.10.30-18.44.55:109][644]LogModuleManager: Shutting down and abandoning module AndroidPlatformEditor (458)
[2019.10.30-18.44.55:109][644]LogModuleManager: Shutting down and abandoning module AndroidDeviceDetection (457)
[2019.10.30-18.44.55:760][644]LogModuleManager: Shutting down and abandoning module WindowsPlatformEditor (454)
[2019.10.30-18.44.55:760][644]LogModuleManager: Shutting down and abandoning module IOSRuntimeSettings (452)
[2019.10.30-18.44.55:760][644]LogModuleManager: Shutting down and abandoning module AndroidRuntimeSettings (450)
[2019.10.30-18.44.55:760][644]LogModuleManager: Shutting down and abandoning module InputBindingEditor (448)
[2019.10.30-18.44.55:770][644]LogModuleManager: Shutting down and abandoning module MergeActors (446)
[2019.10.30-18.44.55:791][644]LogModuleManager: Shutting down and abandoning module SizeMap (444)
[2019.10.30-18.44.55:791][644]LogModuleManager: Shutting down and abandoning module TreeMap (442)
[2019.10.30-18.44.55:839][644]LogModuleManager: Shutting down and abandoning module ReferenceViewer (440)
[2019.10.30-18.44.55:839][644]LogModuleManager: Shutting down and abandoning module LocalizationDashboard (438)
[2019.10.30-18.44.55:872][644]LogModuleManager: Shutting down and abandoning module LocalizationService (437)
[2019.10.30-18.44.55:882][644]LogModuleManager: Shutting down and abandoning module HardwareTargeting (434)
[2019.10.30-18.44.55:882][644]LogModuleManager: Shutting down and abandoning module DeviceProfileEditor (432)
[2019.10.30-18.44.55:882][644]LogModuleManager: Shutting down and abandoning module UndoHistory (430)
[2019.10.30-18.44.55:882][644]LogModuleManager: Shutting down and abandoning module XmlParser (428)
[2019.10.30-18.44.55:900][644]LogModuleManager: Shutting down and abandoning module Blutility (426)
[2019.10.30-18.44.55:900][644]LogModuleManager: Shutting down and abandoning module ProjectSettingsViewer (424)
[2019.10.30-18.44.55:900][644]LogModuleManager: Shutting down and abandoning module ProjectTargetPlatformEditor (423)
[2019.10.30-18.44.55:901][644]LogModuleManager: Shutting down and abandoning module EditorSettingsViewer (420)
[2019.10.30-18.44.55:901][644]LogModuleManager: Shutting down and abandoning module SettingsEditor (418)
[2019.10.30-18.44.55:923][644]LogModuleManager: Shutting down and abandoning module ProjectLauncher (416)
[2019.10.30-18.44.55:936][644]LogModuleManager: Shutting down and abandoning module SessionFrontend (414)
[2019.10.30-18.44.55:949][644]LogModuleManager: Shutting down and abandoning module ProfilerClient (412)
[2019.10.30-18.44.55:958][644]LogModuleManager: Shutting down and abandoning module DeviceManager (410)
[2019.10.30-18.44.55:973][644]LogModuleManager: Shutting down and abandoning module TargetDeviceServices (409)
[2019.10.30-18.44.56:028][644]LogModuleManager: Shutting down and abandoning module AutomationController (406)
[2019.10.30-18.44.56:047][644]LogModuleManager: Shutting down and abandoning module AutomationWindow (404)
[2019.10.30-18.44.56:067][644]LogModuleManager: Shutting down and abandoning module Layers (402)
[2019.10.30-18.44.56:068][644]LogModuleManager: Shutting down and abandoning module ComponentVisualizers (400)
[2019.10.30-18.44.56:068][644]LogModuleManager: Shutting down and abandoning module DetailCustomizations (398)
[2019.10.30-18.44.56:077][644]LogModuleManager: Shutting down and abandoning module PackagesDialog (396)
[2019.10.30-18.44.56:077][644]LogModuleManager: Shutting down and abandoning module Persona (394)
[2019.10.30-18.44.56:098][644]LogModuleManager: Shutting down and abandoning module AdvancedPreviewScene (393)
[2019.10.30-18.44.56:098][644]LogModuleManager: Shutting down and abandoning module AnimGraph (391)
[2019.10.30-18.44.56:098][644]LogModuleManager: Shutting down and abandoning module Kismet (388)
[2019.10.30-18.44.56:123][644]LogModuleManager: Shutting down and abandoning module ClassViewer (386)
[2019.10.30-18.44.56:124][644]LogModuleManager: Shutting down and abandoning module Toolbox (384)
[2019.10.30-18.44.56:124][644]LogModuleManager: Shutting down and abandoning module ModuleUI (382)
[2019.10.30-18.44.56:138][644]LogModuleManager: Shutting down and abandoning module MovieSceneTools (380)
[2019.10.30-18.44.56:172][644]LogModuleManager: Shutting down and abandoning module OutputLog (378)
[2019.10.30-18.44.56:186][644]LogModuleManager: Shutting down and abandoning module GammaUI (376)
[2019.10.30-18.44.56:199][644]LogModuleManager: Shutting down and abandoning module Documentation (374)
[2019.10.30-18.44.56:199][644]LogModuleManager: Shutting down and abandoning module MovieSceneTracks (372)
[2019.10.30-18.44.56:199][644]LogModuleManager: Shutting down and abandoning module MovieScene (370)
[2019.10.30-18.44.56:199][644]LogModuleManager: Shutting down and abandoning module StreamingPauseRendering (368)
[2019.10.30-18.44.56:199][644]LogModuleManager: Shutting down and abandoning module LauncherPlatform (366)
[2019.10.30-18.44.56:199][644]LogModuleManager: Shutting down and abandoning module AnalyticsET (364)
[2019.10.30-18.44.56:199][644]LogModuleManager: Shutting down and abandoning module PortalServices (362)
[2019.10.30-18.44.56:199][644]LogModuleManager: Shutting down and abandoning module PortalRpc (360)
[2019.10.30-18.44.56:199][644]LogModuleManager: Shutting down and abandoning module MessagingRpc (358)
[2019.10.30-18.44.56:199][644]LogModuleManager: Shutting down and abandoning module AIModule (356)
[2019.10.30-18.44.56:213][644]LogModuleManager: Shutting down and abandoning module GameplayDebugger (355)
[2019.10.30-18.44.56:213][644]LogModuleManager: Shutting down and abandoning module AITestSuite (353)
[2019.10.30-18.44.56:224][644]LogModuleManager: Shutting down and abandoning module DesktopPlatform (350)
[2019.10.30-18.44.56:224][644]LogModuleManager: Shutting down and abandoning module ProfilerService (348)
[2019.10.30-18.44.56:293][644]LogModuleManager: Shutting down and abandoning module TaskGraph (346)
[2019.10.30-18.44.56:314][644]LogModuleManager: Shutting down and abandoning module SteamVRController (344)
[2019.10.30-18.44.56:314][644]LogModuleManager: Shutting down and abandoning module ProceduralMeshComponentEditor (342)
[2019.10.30-18.44.56:314][644]LogModuleManager: Shutting down and abandoning module ProceduralMeshComponent (340)
[2019.10.30-18.44.56:322][644]LogModuleManager: Shutting down and abandoning module OculusInput (338)
[2019.10.30-18.44.56:340][644]LogModuleManager: Shutting down and abandoning module MobilePatchingUtils (336)
[2019.10.30-18.44.56:340][644]LogModuleManager: Shutting down and abandoning module CustomMeshComponent (334)
[2019.10.30-18.44.56:340][644]LogModuleManager: Shutting down and abandoning module CableComponent (332)
[2019.10.30-18.44.56:346][644]LogModuleManager: Shutting down and abandoning module ArchVisCharacter (330)
[2019.10.30-18.44.56:346][644]LogModuleManager: Shutting down and abandoning module AndroidPermission (328)
[2019.10.30-18.44.56:346][644]LogModuleManager: Shutting down and abandoning module ActorSequence (324)
[2019.10.30-18.44.56:346][644]LogModuleManager: Shutting down and abandoning module MediaPlayerEditor (322)
[2019.10.30-18.44.56:369][644]LogModuleManager: Shutting down and abandoning module MediaCompositingEditor (320)
[2019.10.30-18.44.56:369][644]LogModuleManager: Shutting down and abandoning module MediaCompositing (318)
[2019.10.30-18.44.56:369][644]LogModuleManager: Shutting down and abandoning module HTML5Networking (316)
[2019.10.30-18.44.56:369][644]LogModuleManager: Shutting down and abandoning module AlembicImporter (314)
[2019.10.30-18.44.56:382][644]LogModuleManager: Shutting down and abandoning module AlembicLibrary (313)
[2019.10.30-18.44.56:382][644]LogModuleManager: Shutting down and abandoning module GeometryCache (312)
[2019.10.30-18.44.56:389][644]LogModuleManager: Shutting down and abandoning module GeometryCacheEd (311)
[2019.10.30-18.44.56:389][644]LogModuleManager: Shutting down and abandoning module SpeedTreeImporter (306)
[2019.10.30-18.44.56:389][644]LogModuleManager: Shutting down and abandoning module PluginBrowser (304)
[2019.10.30-18.44.56:456][644]LogModuleManager: Shutting down and abandoning module MobileLauncherProfileWizard (302)
[2019.10.30-18.44.56:473][644]LogModuleManager: Shutting down and abandoning module VisualStudioSourceCodeAccess (300)
[2019.10.30-18.44.56:474][644]LogModuleManager: Shutting down and abandoning module VisualStudioCodeSourceCodeAccess (298)
[2019.10.30-18.44.56:474][644]LogModuleManager: Shutting down and abandoning module UObjectPlugin (296)
[2019.10.30-18.44.56:474][644]LogModuleManager: Shutting down and abandoning module SubversionSourceControl (294)
[2019.10.30-18.44.56:493][644]LogModuleManager: Shutting down and abandoning module PerforceSourceControl (292)
[2019.10.30-18.44.56:513][644]LogModuleManager: Shutting down and abandoning module GitSourceControl (290)
[2019.10.30-18.44.56:531][644]LogModuleManager: Shutting down and abandoning module SourceControl (289)
[2019.10.30-18.44.56:558][644]LogModuleManager: Shutting down and abandoning module LightPropagationVolumeEditor (286)
[2019.10.30-18.44.56:558][644]LogModuleManager: Shutting down and abandoning module PaperTiledImporter (284)
[2019.10.30-18.44.56:558][644]LogModuleManager: Shutting down and abandoning module PaperSpriteSheetImporter (282)
[2019.10.30-18.44.56:558][644]LogModuleManager: Shutting down and abandoning module Paper2DEditor (280)
[2019.10.30-18.44.56:568][644]LogModuleManager: Shutting down and abandoning module MeshPaint (279)
[2019.10.30-18.44.56:581][644]LogModuleManager: Shutting down and abandoning module LevelEditor (277)
[2019.10.30-18.44.56:594][644]LogModuleManager: Shutting down and abandoning module PixelInspectorModule (276)
[2019.10.30-18.44.56:600][644]LogModuleManager: Shutting down and abandoning module MainFrame (274)
[2019.10.30-18.44.56:600][644]LogModuleManager: Shutting down and abandoning module HotReload (273)
[2019.10.30-18.44.56:615][644]LogModuleManager: Shutting down and abandoning module RuntimePhysXCooking (268)
[2019.10.30-18.44.56:615][644]LogModuleManager: Shutting down and abandoning module PhysXVehiclesEditor (266)
[2019.10.30-18.44.56:615][644]LogModuleManager: Shutting down and abandoning module PhysXVehicles (264)
[2019.10.30-18.44.56:615][644]LogModuleManager: Shutting down and abandoning module OculusEditor (262)
[2019.10.30-18.44.56:615][644]LogModuleManager: Shutting down and abandoning module LocationServicesBPLibrary (260)
[2019.10.30-18.44.56:615][644]LogModuleManager: Shutting down and abandoning module ImmediatePhysicsEditor (258)
[2019.10.30-18.44.56:615][644]LogModuleManager: Shutting down and abandoning module ImmediatePhysics (256)
[2019.10.30-18.44.56:619][644]LogModuleManager: Shutting down and abandoning module UdpMessaging (254)
[2019.10.30-18.44.56:729][644]LogModuleManager: Shutting down and abandoning module TcpMessaging (252)
[2019.10.30-18.44.56:840][644]LogModuleManager: Shutting down and abandoning module GameplayTagsEditor (250)
[2019.10.30-18.44.56:870][644]LogModuleManager: Shutting down and abandoning module FacialAnimationEditor (248)
[2019.10.30-18.44.56:870][644]LogModuleManager: Shutting down and abandoning module FacialAnimation (246)
[2019.10.30-18.44.56:870][644]LogModuleManager: Shutting down and abandoning module AssetManagerEditor (244)
[2019.10.30-18.44.56:885][644]LogModuleManager: Shutting down and abandoning module GraphEditor (243)
[2019.10.30-18.44.56:885][644]LogModuleManager: Shutting down and abandoning module ContentBrowser (241)
[2019.10.30-18.44.56:888][644]LogModuleManager: Shutting down and abandoning module LightPropagationVolumeRuntime (238)
[2019.10.30-18.44.56:888][644]LogModuleManager: Shutting down and abandoning module Paper2D (236)
[2019.10.30-18.44.56:888][644]LogModuleManager: Shutting down and abandoning module WindowsMoviePlayer (234)
[2019.10.30-18.44.56:896][644]LogModuleManager: Shutting down and abandoning module WmfMedia (232)
[2019.10.30-18.44.56:909][644]LogModuleManager: Shutting down and abandoning module ImgMedia (230)
[2019.10.30-18.44.56:909][644]LogModuleManager: Shutting down and abandoning module PacketHandler (228)
[2019.10.30-18.44.56:909][644]LogModuleManager: Shutting down and abandoning module ClothingSystemEditor (226)
[2019.10.30-18.44.56:909][644]LogModuleManager: Shutting down and abandoning module ClothingSystemRuntime (224)
[2019.10.30-18.44.56:930][644]LogModuleManager: Shutting down and abandoning module MediaAssets (222)
[2019.10.30-18.44.56:930][644]LogModuleManager: Shutting down and abandoning module Media (221)
[2019.10.30-18.44.56:937][644]LogModuleManager: Shutting down and abandoning module Overlay (218)
[2019.10.30-18.44.56:937][644]LogModuleManager: Shutting down and abandoning module OverlayEditor (217)
[2019.10.30-18.44.56:937][644]LogModuleManager: Shutting down and abandoning module VREditor (214)
[2019.10.30-18.44.56:964][644]LogModuleManager: Shutting down and abandoning module StringTableEditor (212)
[2019.10.30-18.44.56:973][644]LogModuleManager: Shutting down and abandoning module GameplayTasksEditor (210)
[2019.10.30-18.44.56:973][644]LogModuleManager: Shutting down and abandoning module BehaviorTreeEditor (208)
[2019.10.30-18.44.57:008][644]LogModuleManager: Shutting down and abandoning module FunctionalTesting (206)
[2019.10.30-18.44.57:021][644]LogModuleManager: Shutting down and abandoning module CollisionAnalyzer (204)
[2019.10.30-18.44.57:041][644]LogModuleManager: Shutting down and abandoning module WorkspaceMenuStructure (203)
[2019.10.30-18.44.57:041][644]LogModuleManager: Shutting down and abandoning module UMG (200)
[2019.10.30-18.44.57:047][644]LogModuleManager: Shutting down and abandoning module UMGEditor (199)
[2019.10.30-18.44.57:073][644]LogModuleManager: Shutting down and abandoning module Sequencer (198)
[2019.10.30-18.44.57:094][644]LogModuleManager: Shutting down and abandoning module MessageLog (195)
[2019.10.30-18.44.57:109][644]LogModuleManager: Shutting down and abandoning module SlateReflector (190)
[2019.10.30-18.44.57:135][644]LogModuleManager: Shutting down and abandoning module Slate (188)
[2019.10.30-18.44.57:135][644]LogModuleManager: Shutting down and abandoning module EditorStyle (186)
[2019.10.30-18.44.57:176][644]LogModuleManager: Shutting down and abandoning module MRMesh (184)
[2019.10.30-18.44.57:176][644]LogModuleManager: Shutting down and abandoning module SourceCodeAccess (182)
[2019.10.30-18.44.57:176][644]LogModuleManager: Shutting down and abandoning module HeadMountedDisplay (180)
[2019.10.30-18.44.57:176][644]LogModuleManager: Shutting down and abandoning module XAudio2 (178)
[2019.10.30-18.44.57:176][644]LogModuleManager: Shutting down and abandoning module Networking (176)
[2019.10.30-18.44.57:176][644]LogModuleManager: Shutting down and abandoning module Core (172)
[2019.10.30-18.44.57:176][644]LogModuleManager: Shutting down and abandoning module LevelSequence (168)
[2019.10.30-18.44.57:185][644]LogModuleManager: Shutting down and abandoning module DirectoryWatcher (166)
[2019.10.30-18.44.57:188][644]LogModuleManager: Shutting down and abandoning module KismetCompiler (164)
[2019.10.30-18.44.57:188][644]LogModuleManager: Shutting down and abandoning module MeshUtilities (162)
[2019.10.30-18.44.57:196][644]LogModuleManager: Shutting down and abandoning module MeshMergeUtilities (161)
[2019.10.30-18.44.57:213][644]LogModuleManager: Shutting down and abandoning module MeshReductionInterface (160)
[2019.10.30-18.44.57:214][644]LogModuleManager: Shutting down and abandoning module SimplygonSwarm (159)
[2019.10.30-18.44.57:223][644]LogModuleManager: Shutting down and abandoning module SimplygonMeshReduction (157)
[2019.10.30-18.44.57:223][644]LogModuleManager: Shutting down and abandoning module QuadricMeshReduction (155)
[2019.10.30-18.44.57:241][644]LogModuleManager: Shutting down and abandoning module MaterialBaking (151)
[2019.10.30-18.44.57:253][644]LogModuleManager: Shutting down and abandoning module DerivedDataCache (148)
[2019.10.30-18.44.57:308][644]LogDerivedDataCache: Shutdown
[2019.10.30-18.44.57:308][644]LogModuleManager: Shutting down and abandoning module TargetPlatform (146)
[2019.10.30-18.44.57:308][644]LogModuleManager: Shutting down and abandoning module VulkanShaderFormat (145)
[2019.10.30-18.44.57:317][644]LogModuleManager: Shutting down and abandoning module ShaderFormatVectorVM (143)
[2019.10.30-18.44.57:326][644]LogModuleManager: Shutting down and abandoning module ShaderFormatOpenGL (141)
[2019.10.30-18.44.57:339][644]LogModuleManager: Shutting down and abandoning module ShaderFormatD3D (139)
[2019.10.30-18.44.57:353][644]LogModuleManager: Shutting down and abandoning module MetalShaderFormat (137)
[2019.10.30-18.44.57:369][644]LogModuleManager: Shutting down and abandoning module TextureFormatUncompressed (135)
[2019.10.30-18.44.57:369][644]LogModuleManager: Shutting down and abandoning module TextureFormatPVR (133)
[2019.10.30-18.44.57:369][644]LogModuleManager: Shutting down and abandoning module TextureFormatDXT (131)
[2019.10.30-18.44.57:383][644]LogModuleManager: Shutting down and abandoning module TextureFormatIntelISPCTexComp (129)
[2019.10.30-18.44.57:396][644]LogModuleManager: Shutting down and abandoning module TextureFormatASTC (127)
[2019.10.30-18.44.57:396][644]LogModuleManager: Shutting down and abandoning module ImageWrapper (126)
[2019.10.30-18.44.57:396][644]LogModuleManager: Shutting down and abandoning module TextureFormatAndroid (123)
[2019.10.30-18.44.57:396][644]LogModuleManager: Shutting down and abandoning module AudioFormatOpus (121)
[2019.10.30-18.44.57:396][644]LogModuleManager: Shutting down and abandoning module AudioFormatOgg (119)
[2019.10.30-18.44.57:396][644]LogModuleManager: Shutting down and abandoning module AudioFormatADPCM (117)
[2019.10.30-18.44.57:396][644]LogModuleManager: Shutting down and abandoning module LinuxTargetPlatform (115)
[2019.10.30-18.44.57:396][644]LogModuleManager: Shutting down and abandoning module LinuxServerTargetPlatform (113)
[2019.10.30-18.44.57:396][644]LogModuleManager: Shutting down and abandoning module LinuxNoEditorTargetPlatform (111)
[2019.10.30-18.44.57:396][644]LogModuleManager: Shutting down and abandoning module LinuxClientTargetPlatform (109)
[2019.10.30-18.44.57:396][644]LogModuleManager: Shutting down and abandoning module TVOSTargetPlatform (107)
[2019.10.30-18.44.57:396][644]LogModuleManager: Shutting down and abandoning module Messaging (105)
[2019.10.30-18.44.57:396][644]LogModuleManager: Shutting down and abandoning module IOSTargetPlatform (103)
[2019.10.30-18.44.57:396][644]LogModuleManager: Shutting down and abandoning module HTML5TargetPlatform (101)
[2019.10.30-18.44.57:396][644]LogModuleManager: Shutting down and abandoning module AndroidTargetPlatform (99)
[2019.10.30-18.44.57:396][644]LogModuleManager: Shutting down and abandoning module Android_PVRTCTargetPlatform (97)
[2019.10.30-18.44.57:396][644]LogModuleManager: Shutting down and abandoning module Android_MultiTargetPlatform (95)
[2019.10.30-18.44.57:396][644]LogModuleManager: Shutting down and abandoning module Android_ETC2TargetPlatform (93)
[2019.10.30-18.44.57:396][644]LogModuleManager: Shutting down and abandoning module Android_ETC1TargetPlatform (91)
[2019.10.30-18.44.57:396][644]LogModuleManager: Shutting down and abandoning module Android_DXTTargetPlatform (89)
[2019.10.30-18.44.57:396][644]LogModuleManager: Shutting down and abandoning module Android_ATCTargetPlatform (87)
[2019.10.30-18.44.57:396][644]LogModuleManager: Shutting down and abandoning module Android_ASTCTargetPlatform (85)
[2019.10.30-18.44.57:397][644]LogModuleManager: Shutting down and abandoning module WindowsTargetPlatform (83)
[2019.10.30-18.44.57:397][644]LogModuleManager: Shutting down and abandoning module WindowsServerTargetPlatform (81)
[2019.10.30-18.44.57:397][644]LogModuleManager: Shutting down and abandoning module WindowsNoEditorTargetPlatform (79)
[2019.10.30-18.44.57:397][644]LogModuleManager: Shutting down and abandoning module WindowsClientTargetPlatform (77)
[2019.10.30-18.44.57:397][644]LogModuleManager: Shutting down and abandoning module MacTargetPlatform (75)
[2019.10.30-18.44.57:397][644]LogModuleManager: Shutting down and abandoning module MacServerTargetPlatform (73)
[2019.10.30-18.44.57:397][644]LogModuleManager: Shutting down and abandoning module MacNoEditorTargetPlatform (71)
[2019.10.30-18.44.57:397][644]LogModuleManager: Shutting down and abandoning module MacClientTargetPlatform (69)
[2019.10.30-18.44.57:397][644]LogModuleManager: Shutting down and abandoning module AllDesktopTargetPlatform (67)
[2019.10.30-18.44.57:397][644]LogModuleManager: Shutting down and abandoning module InputCore (64)
[2019.10.30-18.44.57:397][644]LogModuleManager: Shutting down and abandoning module Settings (62)
[2019.10.30-18.44.57:397][644]LogModuleManager: Shutting down and abandoning module PhysXCooking (60)
[2019.10.30-18.44.57:397][644]LogModuleManager: Shutting down and abandoning module SteamVR (58)
[2019.10.30-18.44.57:397][644]LogModuleManager: Shutting down and abandoning module OculusHMD (56)
[2019.10.30-18.44.57:409][644]LogModuleManager: Shutting down and abandoning module ExampleDeviceProfileSelector (54)
[2019.10.30-18.44.57:409][644]LogModuleManager: Shutting down and abandoning module AppleARKit (52)
[2019.10.30-18.44.57:409][644]LogModuleManager: Shutting down and abandoning module AugmentedReality (51)
[2019.10.30-18.44.57:409][644]LogModuleManager: Shutting down and abandoning module OnlineBlueprintSupport (48)
[2019.10.30-18.44.57:409][644]LogModuleManager: Shutting down and abandoning module OnlineSubsystem (44)
[2019.10.30-18.44.57:435][644]LogModuleManager: Shutting down and abandoning module XMPP (43)
[2019.10.30-18.44.57:471][644]LogModuleManager: Shutting down and abandoning module HTTP (41)
[2019.10.30-18.44.57:471][644]LogHttp: Display: Http module shutting down, but needs to wait on 1 outstanding Http requests:
[2019.10.30-18.44.57:490][644]LogHttp: Display: 	verb=[POST] url=[https://datarouter.ol.epicgames.com/datarouter/api/v1/public/data?SessionID=%7BBB2969BF-436E-173F-F83B-5ABF90502411%7D&AppID=UEEditor.Rocket.Release&AppVersion=4.18.3-3832480%2B%2B%2BUE4%2BRelease-4.18&UserID=2f9916264acdf33f70768f822f9563c9%7C504a56eacb094752a172dcccc7c138cb%7C241500de-b41d-44c2-b004-1325f18bb3ba&AppEnvironment=datacollector-binary&UploadType=eteventstream] status=Processing
[2019.10.30-18.44.57:626][644]LogModuleManager: Shutting down and abandoning module SSL (40)
[2019.10.30-18.44.57:657][644]LogModuleManager: Shutting down and abandoning module AnimationModifiers (36)
[2019.10.30-18.44.57:667][644]LogModuleManager: Shutting down and abandoning module PropertyEditor (35)
[2019.10.30-18.44.57:668][644]LogModuleManager: Shutting down and abandoning module AudioEditor (32)
[2019.10.30-18.44.57:684][644]LogModuleManager: Shutting down and abandoning module TextureCompressor (30)
[2019.10.30-18.44.57:748][644]LogModuleManager: Shutting down and abandoning module ShaderCore (28)
[2019.10.30-18.44.57:748][644]LogModuleManager: Shutting down and abandoning module Landscape (26)
[2019.10.30-18.44.57:748][644]LogModuleManager: Shutting down and abandoning module SlateRHIRenderer (24)
[2019.10.30-18.44.57:791][644]LogModuleManager: Shutting down and abandoning module OpenGLDrv (22)
[2019.10.30-18.44.57:827][644]LogModuleManager: Shutting down and abandoning module D3D11RHI (20)
[2019.10.30-18.44.57:827][644]LogModuleManager: Shutting down and abandoning module AnimGraphRuntime (18)
[2019.10.30-18.44.57:855][644]LogModuleManager: Shutting down and abandoning module Renderer (16)
[2019.10.30-18.44.57:855][644]LogModuleManager: Shutting down and abandoning module Engine (14)
[2019.10.30-18.44.57:855][644]LogModuleManager: Shutting down and abandoning module CoreUObject (12)
[2019.10.30-18.44.57:855][644]LogModuleManager: Shutting down and abandoning module NetworkFile (10)
[2019.10.30-18.44.57:868][644]LogModuleManager: Shutting down and abandoning module CookedIterativeFile (8)
[2019.10.30-18.44.57:883][644]LogModuleManager: Shutting down and abandoning module StreamingFile (6)
[2019.10.30-18.44.57:893][644]LogModuleManager: Shutting down and abandoning module SandboxFile (4)
[2019.10.30-18.44.57:893][644]LogModuleManager: Shutting down and abandoning module PakFile (2)
[2019.10.30-18.44.57:943][644]LogExit: Exiting.
[2019.10.30-18.44.58:134][644]Log file closed, 10/30/19 14:44:58
