Log file open, 12/03/19 17:35:32
LogWindows: Failed to load 'aqProf.dll' (GetLastError=126)
LogWindows: File 'aqProf.dll' does not exist
LogWindows: Failed to load 'VSPerf140.dll' (GetLastError=126)
LogWindows: File 'VSPerf140.dll' does not exist
LogWindows: Failed to load 'VtuneApi.dll' (GetLastError=126)
LogWindows: File 'VtuneApi.dll' does not exist
LogWindows: Failed to load 'VtuneApi32e.dll' (GetLastError=126)
LogWindows: File 'VtuneApi32e.dll' does not exist
LogInit: Display: Running engine for game: SKnightPrototype_01
LogPlatformFile: Not using cached read wrapper
LogInit: Display: RandInit(384377781) SRandInit(384377781).
LogInit: Read version file with build ID '3709383'
LogInit: Overriding engine version to CL 3832480, compatible CL 3709383
LogInit: Registered custom module enumerator with build ID '3709383'
LogTaskGraph: Started task graph with 5 named threads and 14 total threads with 3 sets of task threads.
LogStats: Stats thread started at 0.359537
LogD3D11RHI: Aftermath initialized
LogModuleManager: Display: Found up-to-date module file ../../../Engine/Plugins/2D/Paper2D/Binaries/Win64/UE4Editor-Paper2D.dll (API version 3709383).
LogModuleManager: Display: Found up-to-date module file ../../../Engine/Plugins/2D/Paper2D/Binaries/Win64/UE4Editor-Paper2DEditor.dll (API version 3709383).
LogModuleManager: Display: Found up-to-date module file ../../../Engine/Plugins/2D/Paper2D/Binaries/Win64/UE4Editor-PaperSpriteSheetImporter.dll (API version 3709383).
LogModuleManager: Display: Found up-to-date module file ../../../Engine/Plugins/2D/Paper2D/Binaries/Win64/UE4Editor-PaperTiledImporter.dll (API version 3709383).
LogModuleManager: Display: Found up-to-date module file ../../../Engine/Plugins/2D/Paper2D/Binaries/Win64/UE4Editor-SmartSnapping.dll (API version 3709383).
LogModuleManager: Display: Found up-to-date module file ../../../Engine/Plugins/Blendables/LightPropagationVolume/Binaries/Win64/UE4Editor-LightPropagationVolumeRuntime.dll (API version 3709383).
LogModuleManager: Display: Found up-to-date module file ../../../Engine/Plugins/Blendables/LightPropagationVolume/Binaries/Win64/UE4Editor-LightPropagationVolumeEditor.dll (API version 3709383).
LogModuleManager: Display: Found up-to-date module file ../../../Engine/Plugins/Developer/GitSourceControl/Binaries/Win64/UE4Editor-GitSourceControl.dll (API version 3709383).
LogModuleManager: Display: Found up-to-date module file ../../../Engine/Plugins/Developer/PerforceSourceControl/Binaries/Win64/UE4Editor-PerforceSourceControl.dll (API version 3709383).
LogModuleManager: Display: Found up-to-date module file ../../../Engine/Plugins/Developer/SubversionSourceControl/Binaries/Win64/UE4Editor-SubversionSourceControl.dll (API version 3709383).
LogModuleManager: Display: Found up-to-date module file ../../../Engine/Plugins/Developer/UObjectPlugin/Binaries/Win64/UE4Editor-UObjectPlugin.dll (API version 3709383).
LogModuleManager: Display: Found up-to-date module file ../../../Engine/Plugins/Developer/VisualStudioCodeSourceCodeAccess/Binaries/Win64/UE4Editor-VisualStudioCodeSourceCodeAccess.dll (API version 3709383).
LogModuleManager: Display: Found up-to-date module file ../../../Engine/Plugins/Developer/VisualStudioSourceCodeAccess/Binaries/Win64/UE4Editor-VisualStudioSourceCodeAccess.dll (API version 3709383).
LogModuleManager: Display: Found up-to-date module file ../../../Engine/Plugins/Editor/AssetManagerEditor/Binaries/Win64/UE4Editor-AssetManagerEditor.dll (API version 3709383).
LogModuleManager: Display: Found up-to-date module file ../../../Engine/Plugins/Editor/AudioCapture/Binaries/Win64/UE4Editor-AudioCapture.dll (API version 3709383).
LogModuleManager: Display: Found up-to-date module file ../../../Engine/Plugins/Editor/FacialAnimation/Binaries/Win64/UE4Editor-FacialAnimation.dll (API version 3709383).
LogModuleManager: Display: Found up-to-date module file ../../../Engine/Plugins/Editor/FacialAnimation/Binaries/Win64/UE4Editor-FacialAnimationEditor.dll (API version 3709383).
LogModuleManager: Display: Found up-to-date module file ../../../Engine/Plugins/Editor/GameplayTagsEditor/Binaries/Win64/UE4Editor-GameplayTagsEditor.dll (API version 3709383).
LogModuleManager: Display: Found up-to-date module file ../../../Engine/Plugins/Editor/MobileLauncherProfileWizard/Binaries/Win64/UE4Editor-MobileLauncherProfileWizard.dll (API version 3709383).
LogModuleManager: Display: Found up-to-date module file ../../../Engine/Plugins/Editor/PluginBrowser/Binaries/Win64/UE4Editor-PluginBrowser.dll (API version 3709383).
LogModuleManager: Display: Found up-to-date module file ../../../Engine/Plugins/Editor/SpeedTreeImporter/Binaries/Win64/UE4Editor-SpeedTreeImporter.dll (API version 3709383).
LogModuleManager: Display: Found up-to-date module file ../../../Engine/Plugins/Experimental/AlembicImporter/Binaries/Win64/UE4Editor-AlembicImporter.dll (API version 3709383).
LogModuleManager: Display: Found up-to-date module file ../../../Engine/Plugins/Experimental/AlembicImporter/Binaries/Win64/UE4Editor-AlembicLibrary.dll (API version 3709383).
LogModuleManager: Display: Found up-to-date module file ../../../Engine/Plugins/Experimental/CharacterAI/Binaries/Win64/UE4Editor-CharacterAI.dll (API version 3709383).
LogModuleManager: Display: Found up-to-date module file ../../../Engine/Plugins/Experimental/HTML5Networking/Binaries/Win64/UE4Editor-HTML5Networking.dll (API version 3709383).
LogModuleManager: Display: Found up-to-date module file ../../../Engine/Plugins/Media/AndroidMedia/Binaries/Win64/UE4Editor-AndroidMediaEditor.dll (API version 3709383).
LogModuleManager: Display: Found up-to-date module file ../../../Engine/Plugins/Media/AndroidMedia/Binaries/Win64/UE4Editor-AndroidMediaFactory.dll (API version 3709383).
LogModuleManager: Display: Found up-to-date module file ../../../Engine/Plugins/Media/AvfMedia/Binaries/Win64/UE4Editor-AvfMediaEditor.dll (API version 3709383).
LogModuleManager: Display: Found up-to-date module file ../../../Engine/Plugins/Media/AvfMedia/Binaries/Win64/UE4Editor-AvfMediaFactory.dll (API version 3709383).
LogModuleManager: Display: Found up-to-date module file ../../../Engine/Plugins/Media/AvfMedia/Binaries/Win64/UE4Editor-AvfMediaFactory.dll (API version 3709383).
LogModuleManager: Display: Found up-to-date module file ../../../Engine/Plugins/Media/ImgMedia/Binaries/Win64/UE4Editor-ImgMedia.dll (API version 3709383).
LogModuleManager: Display: Found up-to-date module file ../../../Engine/Plugins/Media/ImgMedia/Binaries/Win64/UE4Editor-ImgMediaEditor.dll (API version 3709383).
LogModuleManager: Display: Found up-to-date module file ../../../Engine/Plugins/Media/ImgMedia/Binaries/Win64/UE4Editor-ImgMediaFactory.dll (API version 3709383).
LogModuleManager: Display: Found up-to-date module file ../../../Engine/Plugins/Media/ImgMedia/Binaries/Win64/UE4Editor-ImgMediaFactory.dll (API version 3709383).
LogModuleManager: Display: Found up-to-date module file ../../../Engine/Plugins/Media/ImgMedia/Binaries/Win64/UE4Editor-OpenExrWrapper.dll (API version 3709383).
LogModuleManager: Display: Found up-to-date module file ../../../Engine/Plugins/Media/MediaCompositing/Binaries/Win64/UE4Editor-MediaCompositing.dll (API version 3709383).
LogModuleManager: Display: Found up-to-date module file ../../../Engine/Plugins/Media/MediaCompositing/Binaries/Win64/UE4Editor-MediaCompositingEditor.dll (API version 3709383).
LogModuleManager: Display: Found up-to-date module file ../../../Engine/Plugins/Media/MediaPlayerEditor/Binaries/Win64/UE4Editor-MediaPlayerEditor.dll (API version 3709383).
LogModuleManager: Display: Found up-to-date module file ../../../Engine/Plugins/Media/WmfMedia/Binaries/Win64/UE4Editor-WmfMedia.dll (API version 3709383).
LogModuleManager: Display: Found up-to-date module file ../../../Engine/Plugins/Media/WmfMedia/Binaries/Win64/UE4Editor-WmfMediaEditor.dll (API version 3709383).
LogModuleManager: Display: Found up-to-date module file ../../../Engine/Plugins/Media/WmfMedia/Binaries/Win64/UE4Editor-WmfMediaFactory.dll (API version 3709383).
LogModuleManager: Display: Found up-to-date module file ../../../Engine/Plugins/Media/WmfMedia/Binaries/Win64/UE4Editor-WmfMediaFactory.dll (API version 3709383).
LogModuleManager: Display: Found up-to-date module file ../../../Engine/Plugins/Messaging/TcpMessaging/Binaries/Win64/UE4Editor-TcpMessaging.dll (API version 3709383).
LogModuleManager: Display: Found up-to-date module file ../../../Engine/Plugins/Messaging/UdpMessaging/Binaries/Win64/UE4Editor-UdpMessaging.dll (API version 3709383).
LogModuleManager: Display: Found up-to-date module file ../../../Engine/Plugins/MovieScene/ActorSequence/Binaries/Win64/UE4Editor-ActorSequence.dll (API version 3709383).
LogModuleManager: Display: Found up-to-date module file ../../../Engine/Plugins/MovieScene/LevelSequenceEditor/Binaries/Win64/UE4Editor-LevelSequenceEditor.dll (API version 3709383).
LogModuleManager: Display: Found up-to-date module file ../../../Engine/Plugins/MovieScene/MatineeToLevelSequence/Binaries/Win64/UE4Editor-MatineeToLevelSequence.dll (API version 3709383).
LogModuleManager: Display: Found up-to-date module file ../../../Engine/Plugins/Online/OnlineSubsystem/Binaries/Win64/UE4Editor-OnlineSubsystem.dll (API version 3709383).
LogModuleManager: Display: Found up-to-date module file ../../../Engine/Plugins/Runtime/AndroidPermission/Binaries/Win64/UE4Editor-AndroidPermission.dll (API version 3709383).
LogModuleManager: Display: Found up-to-date module file ../../../Engine/Plugins/Online/OnlineSubsystemNull/Binaries/Win64/UE4Editor-OnlineSubsystemNull.dll (API version 3709383).
LogModuleManager: Display: Found up-to-date module file ../../../Engine/Plugins/Online/OnlineSubsystemUtils/Binaries/Win64/UE4Editor-OnlineSubsystemUtils.dll (API version 3709383).
LogModuleManager: Display: Found up-to-date module file ../../../Engine/Plugins/Online/OnlineSubsystemUtils/Binaries/Win64/UE4Editor-OnlineBlueprintSupport.dll (API version 3709383).
LogModuleManager: Display: Found up-to-date module file ../../../Engine/Plugins/Runtime/AndroidDeviceProfileSelector/Binaries/Win64/UE4Editor-AndroidDeviceProfileSelector.dll (API version 3709383).
LogModuleManager: Display: Found up-to-date module file ../../../Engine/Plugins/Runtime/AppleARKit/Binaries/Win64/UE4Editor-AppleARKit.dll (API version 3709383).
LogModuleManager: Display: Found up-to-date module file ../../../Engine/Plugins/Runtime/ArchVisCharacter/Binaries/Win64/UE4Editor-ArchVisCharacter.dll (API version 3709383).
LogModuleManager: Display: Found up-to-date module file ../../../Engine/Plugins/Runtime/CableComponent/Binaries/Win64/UE4Editor-CableComponent.dll (API version 3709383).
LogModuleManager: Display: Found up-to-date module file ../../../Engine/Plugins/Runtime/CustomMeshComponent/Binaries/Win64/UE4Editor-CustomMeshComponent.dll (API version 3709383).
LogModuleManager: Display: Found up-to-date module file ../../../Engine/Plugins/Runtime/ExampleDeviceProfileSelector/Binaries/Win64/UE4Editor-ExampleDeviceProfileSelector.dll (API version 3709383).
LogModuleManager: Display: Found up-to-date module file ../../../Engine/Plugins/Runtime/ImmediatePhysics/Binaries/Win64/UE4Editor-ImmediatePhysics.dll (API version 3709383).
LogModuleManager: Display: Found up-to-date module file ../../../Engine/Plugins/Runtime/ImmediatePhysics/Binaries/Win64/UE4Editor-ImmediatePhysicsEditor.dll (API version 3709383).
LogModuleManager: Display: Found up-to-date module file ../../../Engine/Plugins/Runtime/LocationServicesBPLibrary/Binaries/Win64/UE4Editor-LocationServicesBPLibrary.dll (API version 3709383).
LogModuleManager: Display: Found up-to-date module file ../../../Engine/Plugins/Runtime/MobilePatchingUtils/Binaries/Win64/UE4Editor-MobilePatchingUtils.dll (API version 3709383).
LogModuleManager: Display: Found up-to-date module file ../../../Engine/Plugins/Runtime/Oculus/OculusVR/Binaries/Win64/UE4Editor-OculusHMD.dll (API version 3709383).
LogModuleManager: Display: Found up-to-date module file ../../../Engine/Plugins/Runtime/Oculus/OculusVR/Binaries/Win64/UE4Editor-OculusInput.dll (API version 3709383).
LogModuleManager: Display: Found up-to-date module file ../../../Engine/Plugins/Runtime/Oculus/OculusVR/Binaries/Win64/UE4Editor-OculusEditor.dll (API version 3709383).
LogModuleManager: Display: Found up-to-date module file ../../../Engine/Plugins/Runtime/PhysXVehicles/Binaries/Win64/UE4Editor-PhysXVehicles.dll (API version 3709383).
LogModuleManager: Display: Found up-to-date module file ../../../Engine/Plugins/Runtime/PhysXVehicles/Binaries/Win64/UE4Editor-PhysXVehiclesEditor.dll (API version 3709383).
LogModuleManager: Display: Found up-to-date module file ../../../Engine/Plugins/Runtime/ProceduralMeshComponent/Binaries/Win64/UE4Editor-ProceduralMeshComponent.dll (API version 3709383).
LogModuleManager: Display: Found up-to-date module file ../../../Engine/Plugins/Runtime/ProceduralMeshComponent/Binaries/Win64/UE4Editor-ProceduralMeshComponentEditor.dll (API version 3709383).
LogModuleManager: Display: Found up-to-date module file ../../../Engine/Plugins/Runtime/RuntimePhysXCooking/Binaries/Win64/UE4Editor-RuntimePhysXCooking.dll (API version 3709383).
LogModuleManager: Display: Found up-to-date module file ../../../Engine/Plugins/Runtime/Steam/SteamVR/Binaries/Win64/UE4Editor-SteamVR.dll (API version 3709383).
LogModuleManager: Display: Found up-to-date module file ../../../Engine/Plugins/Runtime/Steam/SteamVR/Binaries/Win64/UE4Editor-SteamVRController.dll (API version 3709383).
LogModuleManager: Display: Found up-to-date module file ../../../Engine/Plugins/Runtime/WindowsMoviePlayer/Binaries/Win64/UE4Editor-WindowsMoviePlayer.dll (API version 3709383).
LogPluginManager: Mounting plugin Paper2D
LogPluginManager: Mounting plugin LightPropagationVolume
LogPluginManager: Mounting plugin CodeLiteSourceCodeAccess
LogPluginManager: Mounting plugin GitSourceControl
LogPluginManager: Mounting plugin KDevelopSourceCodeAccess
LogPluginManager: Mounting plugin NullSourceCodeAccess
LogPluginManager: Mounting plugin PerforceSourceControl
LogPluginManager: Mounting plugin SubversionSourceControl
LogPluginManager: Mounting plugin UObjectPlugin
LogPluginManager: Mounting plugin VisualStudioCodeSourceCodeAccess
LogPluginManager: Mounting plugin VisualStudioSourceCodeAccess
LogPluginManager: Mounting plugin XCodeSourceCodeAccess
LogPluginManager: Mounting plugin AssetManagerEditor
LogPluginManager: Mounting plugin AudioCapture
LogPluginManager: Mounting plugin FacialAnimation
LogPluginManager: Mounting plugin GameplayTagsEditor
LogPluginManager: Mounting plugin MobileLauncherProfileWizard
LogPluginManager: Mounting plugin PluginBrowser
LogPluginManager: Mounting plugin SpeedTreeImporter
LogPluginManager: Mounting plugin AlembicImporter
LogPluginManager: Mounting plugin CharacterAI
LogPluginManager: Mounting plugin HTML5Networking
LogPluginManager: Mounting plugin AndroidMedia
LogPluginManager: Mounting plugin AvfMedia
LogPluginManager: Mounting plugin ImgMedia
LogPluginManager: Mounting plugin MediaCompositing
LogPluginManager: Mounting plugin MediaPlayerEditor
LogPluginManager: Mounting plugin WmfMedia
LogPluginManager: Mounting plugin TcpMessaging
LogPluginManager: Mounting plugin UdpMessaging
LogPluginManager: Mounting plugin ActorSequence
LogPluginManager: Mounting plugin LevelSequenceEditor
LogPluginManager: Mounting plugin MatineeToLevelSequence
LogPluginManager: Mounting plugin OnlineSubsystemGooglePlay
LogPluginManager: Mounting plugin OnlineSubsystemIOS
LogPluginManager: Mounting plugin OnlineSubsystem
LogPluginManager: Mounting plugin OnlineSubsystemNull
LogPluginManager: Mounting plugin OnlineSubsystemUtils
LogPluginManager: Mounting plugin AndroidDeviceProfileSelector
LogPluginManager: Mounting plugin AndroidMoviePlayer
LogPluginManager: Mounting plugin AndroidPermission
LogPluginManager: Mounting plugin AppleARKit
LogPluginManager: Mounting plugin AppleMoviePlayer
LogPluginManager: Mounting plugin ArchVisCharacter
LogPluginManager: Mounting plugin CableComponent
LogPluginManager: Mounting plugin CustomMeshComponent
LogPluginManager: Mounting plugin ExampleDeviceProfileSelector
LogPluginManager: Mounting plugin GoogleCloudMessaging
LogPluginManager: Mounting plugin ImmediatePhysics
LogPluginManager: Mounting plugin IOSDeviceProfileSelector
LogPluginManager: Mounting plugin LinuxDeviceProfileSelector
LogPluginManager: Mounting plugin LocationServicesBPLibrary
LogPluginManager: Mounting plugin MobilePatchingUtils
LogPluginManager: Mounting plugin OculusVR
LogPluginManager: Plugin shader directory ../../../Engine/Plugins/Runtime/Oculus/OculusVR/Shaders found
LogPluginManager: Mapping shader source directory ../../../Engine/Plugins/Runtime/Oculus/OculusVR/Shaders to virtual directory /Plugin/OculusVR
LogPluginManager: Mounting plugin PhysXVehicles
LogPluginManager: Mounting plugin ProceduralMeshComponent
LogPluginManager: Mounting plugin RuntimePhysXCooking
LogPluginManager: Mounting plugin SteamVR
LogPluginManager: Mounting plugin WindowsMoviePlayer
LogInit: Using libcurl 7.47.1
LogInit:  - built for x86_64-pc-win32
LogInit:  - supports SSL with OpenSSL/1.0.2g
LogInit:  - supports HTTP deflate (compression) using libz 1.2.8
LogInit:  - other features:
LogInit:      CURL_VERSION_SSL
LogInit:      CURL_VERSION_LIBZ
LogInit:      CURL_VERSION_IPV6
LogInit:      CURL_VERSION_ASYNCHDNS
LogInit:      CURL_VERSION_LARGEFILE
LogInit:      CURL_VERSION_IDN
LogInit:  CurlRequestOptions (configurable via config and command line):
LogInit:  - bVerifyPeer = false  - Libcurl will NOT verify peer certificate
LogInit:  - bUseHttpProxy = false  - Libcurl will NOT use HTTP proxy
LogInit:  - bDontReuseConnections = false  - Libcurl will reuse connections
LogInit:  - CertBundlePath = nullptr  - Libcurl will use whatever was configured at build time.
LogInit: Build: ++UE4+Release-4.18-CL-3832480
LogInit: Engine Version: 4.18.3-3832480+++UE4+Release-4.18
LogInit: Compatible Engine Version: 4.18.0-3709383+++UE4+Release-4.18
LogInit: Net CL: 3709383
LogDevObjectVersion: Number of dev versions registered: 16
LogDevObjectVersion:   Dev-Blueprints (B0D832E4-1F89-4F0D-ACCF-7EB736FD4AA2): 10
LogDevObjectVersion:   Dev-Build (E1C64328-A22C-4D53-A36C-8E866417BD8C): 0
LogDevObjectVersion:   Dev-Core (375EC13C-06E4-48FB-B500-84F0262A717E): 2
LogDevObjectVersion:   Dev-Editor (E4B068ED-F494-42E9-A231-DA0B2E46BB41): 20
LogDevObjectVersion:   Dev-Framework (CFFC743F-43B0-4480-9391-14DF171D2073): 30
LogDevObjectVersion:   Dev-Mobile (B02B49B5-BB20-44E9-A304-32B752E40360): 0
LogDevObjectVersion:   Dev-Networking (A4E4105C-59A1-49B5-A7C5-40C4547EDFEE): 0
LogDevObjectVersion:   Dev-Online (39C831C9-5AE6-47DC-9A44-9C173E1C8E7C): 0
LogDevObjectVersion:   Dev-Physics (78F01B33-EBEA-4F98-B9B4-84EACCB95AA2): 0
LogDevObjectVersion:   Dev-Platform (6631380F-2D4D-43E0-8009-CF276956A95A): 0
LogDevObjectVersion:   Dev-Rendering (12F88B9F-8875-4AFC-A67C-D90C383ABD29): 20
LogDevObjectVersion:   Dev-Sequencer (7B5AE74C-D270-4C10-A958-57980B212A5A): 4
LogDevObjectVersion:   Dev-VR (D7296918-1DD6-4BDD-9DE2-64A83CC13884): 0
LogDevObjectVersion:   Dev-LoadTimes (C2A15278-BFE7-4AFE-6C17-90FF531DF755): 1
LogDevObjectVersion:   Private-Geometry (6EACA3D4-40EC-4CC1-B786-8BED09428FC5): 1
LogDevObjectVersion:   Dev-AnimPhys (29E575DD-E0A3-4627-9D10-D276232CDCEA): 12
LogInit: Compiled (64-bit): Jan 12 2018 02:04:55
LogInit: Compiled with Visual C++: 19.00.24215.01
LogInit: Build Configuration: Development
LogInit: Branch Name: ++UE4+Release-4.18
LogInit: Command line:  
LogInit: Base directory: C:/Program Files/Epic Games/UE_4.18/Engine/Binaries/Win64/
LogInit: Installed Engine Build: 1
LogInit: Presizing for max 8388607 objects, including 0 objects not considered by GC, pre-allocating 0 bytes for permanent pool.
LogInit: Object subsystem initialized
[2019.12.03-22.35.40:164][  0]LogInit: Selected Device Profile: [Windows]
[2019.12.03-22.35.40:164][  0]LogInit: Applying CVar settings loaded from the selected device profile: [Windows]
[2019.12.03-22.35.40:235][  0]LogInit: Computer: LAPTOP-FD302QU7
[2019.12.03-22.35.40:235][  0]LogInit: User: cp283
[2019.12.03-22.35.40:235][  0]LogInit: CPU Page size=4096, Cores=4
[2019.12.03-22.35.40:235][  0]LogInit: High frequency timer resolution =10.000000 MHz
[2019.12.03-22.35.40:235][  0]LogMemory: Memory total: Physical=7.9GB (8GB approx)
[2019.12.03-22.35.40:235][  0]LogMemory: Platform Memory Stats for Windows
[2019.12.03-22.35.40:235][  0]LogMemory: Process Physical Memory: 275.54 MB used, 275.54 MB peak
[2019.12.03-22.35.40:236][  0]LogMemory: Process Virtual Memory: 271.64 MB used, 271.64 MB peak
[2019.12.03-22.35.40:236][  0]LogMemory: Physical Memory: 6633.57 MB used,  1420.58 MB free, 8054.15 MB total
[2019.12.03-22.35.40:236][  0]LogMemory: Virtual Memory: 4750.72 MB used,  1420.58 MB free, 134217728.00 MB total
[2019.12.03-22.35.41:637][  0]LogInit: Using OS detected language (en-US).
[2019.12.03-22.35.41:637][  0]LogInit: Using OS detected locale (en-US).
[2019.12.03-22.35.42:268][  0]LogTextLocalizationManager: No specific localization for 'en-US' exists, so the 'en' localization will be used.
[2019.12.03-22.35.43:456][  0]LogInit: Setting process to per monitor DPI aware
[2019.12.03-22.35.51:679][  0]LogD3D11RHI: D3D11 adapters:
[2019.12.03-22.35.51:989][  0]LogD3D11RHI:    0. 'NVIDIA GeForce GTX 1050' (Feature Level 11_0)
[2019.12.03-22.35.51:989][  0]LogD3D11RHI:       4021/0/4027 MB DedicatedVideo/DedicatedSystem/SharedSystem, Outputs:1, VendorId:0x10de
[2019.12.03-22.35.52:111][  0]LogD3D11RHI:    1. 'Intel(R) HD Graphics 630' (Feature Level 11_0)
[2019.12.03-22.35.52:111][  0]LogD3D11RHI:       128/0/4027 MB DedicatedVideo/DedicatedSystem/SharedSystem, Outputs:0, VendorId:0x8086
[2019.12.03-22.35.52:137][  0]LogD3D11RHI:    2. 'Microsoft Basic Render Driver' (Feature Level 11_0)
[2019.12.03-22.35.52:137][  0]LogD3D11RHI:       0/0/4027 MB DedicatedVideo/DedicatedSystem/SharedSystem, Outputs:0, VendorId:0x1414
[2019.12.03-22.35.52:137][  0]LogD3D11RHI: Chosen D3D11 Adapter: 0
[2019.12.03-22.35.52:201][  0]LogD3D11RHI: Creating new Direct3DDevice
[2019.12.03-22.35.52:207][  0]LogD3D11RHI:     GPU DeviceId: 0x1c8d (for the marketing name, search the web for "GPU Device Id")
[2019.12.03-22.35.52:207][  0]LogWindows: EnumDisplayDevices:
[2019.12.03-22.35.52:208][  0]LogWindows:    0. 'Intel(R) HD Graphics 630' (P:1 D:1)
[2019.12.03-22.35.52:208][  0]LogWindows:    1. 'Intel(R) HD Graphics 630' (P:0 D:0)
[2019.12.03-22.35.52:208][  0]LogWindows:    2. 'Intel(R) HD Graphics 630' (P:0 D:0)
[2019.12.03-22.35.52:208][  0]LogWindows: DebugString: GetVideoDriverDetailsInvalid PrimaryIsNotTheChoosenAdapter GetVideoDriverDetailsInvalid PrimaryIsNotTheChoosenAdapter GetVideoDriverDetailsInvalid PrimaryIsNotTheChoosenAdapter FoundDriverCount:0 
[2019.12.03-22.35.52:209][  0]LogD3D11RHI:     Adapter Name: NVIDIA GeForce GTX 1050
[2019.12.03-22.35.52:209][  0]LogD3D11RHI:   Driver Version: Unknown (internal:Unknown, unified:Unknown)
[2019.12.03-22.35.52:209][  0]LogD3D11RHI:      Driver Date: Unknown
[2019.12.03-22.35.52:209][  0]LogRHI: Texture pool is 2814 MB (70% of 4021 MB)
[2019.12.03-22.35.52:337][  0]LogD3D11RHI: Async texture creation enabled
[2019.12.03-22.35.52:625][  0]LogD3D11RHI: GPU Timing Frequency: 1000.000000 (Debug: 2 4)
[2019.12.03-22.35.52:752][  0]LogShaderCompilers: Guid format shader working directory is -61 characters bigger than the processId version (../../../../../../Users/cp283/OneDrive/Documents/Unreal Projects/SugarKnight_SaltySour/SKnightPrototype_01/Intermediate/Shaders/WorkingDirectory/11356/).
[2019.12.03-22.35.52:753][  0]LogShaderCompilers: Cleaned the shader compiler working directory 'C:/Users/cp283/AppData/Local/Temp/UnrealShaderWorkingDir/1F0A6FCB429F21983B69C483E59A2E74/'.
[2019.12.03-22.35.52:756][  0]LogShaderCompilers: Display: Using Local Shader Compiler.
[2019.12.03-22.35.59:789][  0]LogTemp: Display: Loaded TP AllDesktopTargetPlatform
[2019.12.03-22.35.59:986][  0]LogTemp: Display: Loaded TP MacClientTargetPlatform
[2019.12.03-22.36.00:114][  0]LogTemp: Display: Loaded TP MacNoEditorTargetPlatform
[2019.12.03-22.36.00:239][  0]LogTemp: Display: Loaded TP MacServerTargetPlatform
[2019.12.03-22.36.00:427][  0]LogTemp: Display: Loaded TP MacTargetPlatform
[2019.12.03-22.36.00:568][  0]LogTemp: Display: Loaded TP WindowsClientTargetPlatform
[2019.12.03-22.36.00:755][  0]LogTemp: Display: Loaded TP WindowsNoEditorTargetPlatform
[2019.12.03-22.36.00:886][  0]LogTemp: Display: Loaded TP WindowsServerTargetPlatform
[2019.12.03-22.36.01:120][  0]LogTemp: Display: Loaded TP WindowsTargetPlatform
[2019.12.03-22.36.01:337][  0]LogTemp: Display: Loaded TP Android_ASTCTargetPlatform
[2019.12.03-22.36.01:468][  0]LogTemp: Display: Loaded TP Android_ATCTargetPlatform
[2019.12.03-22.36.01:602][  0]LogTemp: Display: Loaded TP Android_DXTTargetPlatform
[2019.12.03-22.36.01:732][  0]LogTemp: Display: Loaded TP Android_ETC1TargetPlatform
[2019.12.03-22.36.01:888][  0]LogTemp: Display: Loaded TP Android_ETC2TargetPlatform
[2019.12.03-22.36.02:157][  0]LogTemp: Display: Loaded TP Android_MultiTargetPlatform
[2019.12.03-22.36.02:157][  0]LogTemp: Display: Loaded TP Android_PVRTCTargetPlatform
[2019.12.03-22.36.02:348][  0]LogTemp: Display: Loaded TP AndroidTargetPlatform
[2019.12.03-22.36.02:472][  0]LogTemp: Display: Loaded TP HTML5TargetPlatform
[2019.12.03-22.36.02:745][  0]LogTemp: Display: Loaded TP IOSTargetPlatform
[2019.12.03-22.36.02:832][  0]LogTemp: Display: Loaded TP TVOSTargetPlatform
[2019.12.03-22.36.02:954][  0]LogTemp: Display: Loaded TP LinuxClientTargetPlatform
[2019.12.03-22.36.03:082][  0]LogTemp: Display: Loaded TP LinuxNoEditorTargetPlatform
[2019.12.03-22.36.03:223][  0]LogTemp: Display: Loaded TP LinuxServerTargetPlatform
[2019.12.03-22.36.03:386][  0]LogTemp: Display: Loaded TP LinuxTargetPlatform
[2019.12.03-22.36.03:386][  0]LogTargetPlatformManager: Display: Building Assets For Windows
[2019.12.03-22.36.05:873][  0]LogDerivedDataCache: Display: Max Cache Size: 512 MB
[2019.12.03-22.36.08:912][  0]LogDerivedDataCache: Loaded boot cache 3.02s 78MB C:/Users/cp283/AppData/Local/UnrealEngine/4.18/DerivedDataCache/Boot.ddc.
[2019.12.03-22.36.08:912][  0]LogDerivedDataCache: Display: Loaded Boot cache: C:/Users/cp283/AppData/Local/UnrealEngine/4.18/DerivedDataCache/Boot.ddc
[2019.12.03-22.36.08:912][  0]LogDerivedDataCache: FDerivedDataBackendGraph:  Pak pak cache file ../../../../../../Users/cp283/OneDrive/Documents/Unreal Projects/SugarKnight_SaltySour/SKnightPrototype_01/DerivedDataCache/DDC.ddp not found, will not use a pak cache.
[2019.12.03-22.36.08:912][  0]LogDerivedDataCache: Unable to find inner node Pak for hierarchical cache Hierarchy.
[2019.12.03-22.36.08:912][  0]LogDerivedDataCache: FDerivedDataBackendGraph:  CompressedPak pak cache file ../../../../../../Users/cp283/OneDrive/Documents/Unreal Projects/SugarKnight_SaltySour/SKnightPrototype_01/DerivedDataCache/Compressed.ddp not found, will not use a pak cache.
[2019.12.03-22.36.08:912][  0]LogDerivedDataCache: Unable to find inner node CompressedPak for hierarchical cache Hierarchy.
[2019.12.03-22.36.08:974][  0]LogDerivedDataCache: Display: Pak cache opened for reading ../../../Engine/DerivedDataCache/Compressed.ddp.
[2019.12.03-22.36.08:987][  0]LogDerivedDataCache: Using Local data cache path C:/Users/cp283/AppData/Local/UnrealEngine/Common/DerivedDataCache: Writable
[2019.12.03-22.36.09:064][  0]LogMaterial: Verifying Global Shaders for PCD3D_SM5
[2019.12.03-22.36.09:093][  0]LogSlate: Using Freetype 2.6.0
[2019.12.03-22.36.09:243][  0]LogSlate: SlateFontCache - WITH_FREETYPE: 1, WITH_HARFBUZZ: 1
[2019.12.03-22.36.09:243][  0]LogSlate: SlateFontCache - WITH_FREETYPE: 1, WITH_HARFBUZZ: 1
[2019.12.03-22.38.07:213][  0]LogInit: Selected Device Profile: [Windows]
[2019.12.03-22.38.10:947][  0]LogSimplygon: Simplygon DLL not present - disabling.
[2019.12.03-22.38.11:147][  0]LogMeshReduction: Using SimplygonSwarm for distributed automatic mesh merging
[2019.12.03-22.38.11:175][  0]LogMeshReduction: Using QuadricMeshReduction for automatic static mesh reduction
[2019.12.03-22.38.11:175][  0]LogMeshReduction: No automatic skeletal mesh reduction module available
[2019.12.03-22.38.11:175][  0]LogMeshReduction: No automatic mesh merging module available
[2019.12.03-22.38.11:175][  0]LogMeshMerging: No automatic mesh merging module available
[2019.12.03-22.38.12:477][  0]LogNetVersion: SKnightPrototype_01 , NetCL: 3709383, EngineNetVer: 2, GameNetVer: 0 (Checksum: 431312611)
[2019.12.03-22.38.19:254][  0]LogAssetRegistry: FAssetRegistry took 0.0293 seconds to start up
[2019.12.03-22.38.33:381][  0]LogPackageLocalizationCache: Processed 7 localized package path(s) for 2 prioritized culture(s) in 0.121275 seconds
[2019.12.03-22.38.33:390][  0]LogUObjectArray: 35870 objects as part of root set at end of initial load.
[2019.12.03-22.38.33:390][  0]LogUObjectAllocator: 7363696 out of 0 bytes used by permanent object pool.
[2019.12.03-22.38.33:390][  0]LogUObjectArray: CloseDisregardForGC: 0/0 objects in disregard for GC pool
[2019.12.03-22.38.33:619][  0]LogInit: WinSock: version 1.1 (2.2), MaxSocks=32767, MaxUdp=65467
[2019.12.03-22.39.42:814][  0]LogTcpMessaging: Initializing TcpMessaging bridge
[2019.12.03-22.39.42:993][  0]LogUdpMessaging: Initializing bridge on interface 0.0.0.0:0 to multicast group 230.0.0.1:6666.
[2019.12.03-22.39.49:112][  0]LogMaterial: Uniform references updated for custom material expression Custom.
[2019.12.03-22.39.53:158][  0]SourceControl: Source control is disabled
[2019.12.03-22.39.53:161][  0]SourceControl: Source control is disabled
[2019.12.03-22.39.53:576][  0]SourceControl: Source control is disabled
[2019.12.03-22.39.53:779][  0]SourceControl: Source control is disabled
[2019.12.03-22.40.00:179][  0]LogAndroidPermission: UAndroidPermissionCallbackProxy::GetInstance
[2019.12.03-22.40.01:242][  0]LogOcInput: OculusInput pre-init called
[2019.12.03-22.40.04:601][  0]LogEngine: Initializing Engine...
[2019.12.03-22.40.04:834][  0]LogHMD: Failed to initialize OpenVR with code 110
[2019.12.03-22.40.08:319][  0]LogStats: UGameplayTagsManager::ConstructGameplayTagTree: Construct from data asset -  0.000 s
[2019.12.03-22.40.08:320][  0]LogStats: UGameplayTagsManager::ConstructGameplayTagTree: GameplayTagTreeChangedEvent.Broadcast -  0.000 s
[2019.12.03-22.40.15:871][  0]LogAIModule: Creating AISystem for world Untitled
[2019.12.03-22.40.16:793][  0]LogInit: XAudio2 using 'Speakers / Headphones (Realtek Audio)' : 2 channels at 48 kHz using 32 bits per sample (channel mask 0x3)
[2019.12.03-22.40.17:282][  0]LogInit: FAudioDevice initialized.
[2019.12.03-22.40.17:648][  0]LogDerivedDataCache: Saved boot cache 0.32s 78MB C:/Users/cp283/AppData/Local/UnrealEngine/4.18/DerivedDataCache/Boot.ddc.
[2019.12.03-22.40.17:720][  0]LogInit: Texture streaming: Enabled
[2019.12.03-22.40.21:396][  0]LogEngineSessionManager: EngineSessionManager initialized
[2019.12.03-22.40.22:900][  0]LogInit: Transaction tracking system initialized
[2019.12.03-22.40.28:173][  0]BlueprintLog: New page: Editor Load
[2019.12.03-22.40.34:306][  0]LocalizationService: Localization service is disabled
[2019.12.03-22.40.39:384][  0]LogConsoleResponse: Display: 
[2019.12.03-22.40.47:931][  0]LogFileCache: Scanning file cache for directory 'C:/Users/cp283/OneDrive/Documents/Unreal Projects/SugarKnight_SaltySour/SKnightPrototype_01/Content/' took 0.07s
[2019.12.03-22.40.47:931][  0]LogCook: Display: Max memory allowance for cook 16384mb min free memory 0mb
[2019.12.03-22.40.48:488][  0]LogCook: Display: Mobile HDR setting 1
[2019.12.03-22.40.48:608][  0]LogGameplayTags: Display: UGameplayTagsManager::DoneAddingNativeTags. DelegateIsBound: 0
[2019.12.03-22.40.59:385][  0]SourceControl: Source control is disabled
[2019.12.03-22.40.59:584][  0]LightingResults: New page: Lighting Build
[2019.12.03-22.41.00:205][  0]MapCheck: New page: Map Check
[2019.12.03-22.41.00:205][  0]LightingResults: New page: Lighting Build
[2019.12.03-22.41.18:437][  0]LogAIModule: Creating AISystem for world SideScrollerExampleMap
[2019.12.03-22.41.21:390][  0]LogScript: Warning: Accessed None trying to read property Kane
	Kane_AnimBP_C /Game/SideScrollerBP/Maps/SideScrollerExampleMap.SideScrollerExampleMap:PersistentLevel.SideScrollerCharacter_78.CharacterMesh0.Kane_AnimBP_C_0
	Function /Game/Characters/Kane/Animations/Kane_AnimBP.Kane_AnimBP_C:ExecuteUbergraph_Kane_AnimBP:05F3
[2019.12.03-22.41.21:390][  0]LogScript: Warning: Accessed None trying to read property Kane
	Kane_AnimBP_C /Game/SideScrollerBP/Maps/SideScrollerExampleMap.SideScrollerExampleMap:PersistentLevel.SideScrollerCharacter_78.CharacterMesh0.Kane_AnimBP_C_0
	Function /Game/Characters/Kane/Animations/Kane_AnimBP.Kane_AnimBP_C:ExecuteUbergraph_Kane_AnimBP:05B8
[2019.12.03-22.41.22:075][  0]LogEditorServer: Finished looking for orphan Actors (0.000 secs)
[2019.12.03-22.41.23:006][  0]Cmd: MAP CHECKDEP NOCLEARLOG
[2019.12.03-22.41.24:153][  0]MapCheck: Map check complete: 0 Error(s), 0 Warning(s), took 1,139.298ms to complete.
[2019.12.03-22.41.24:251][  0]LogFileHelpers: Loading map 'SideScrollerExampleMap' took 24.816
[2019.12.03-22.41.30:809][  0]LogCollectionManager: Loaded 0 collections in 0.003461 seconds
[2019.12.03-22.41.31:451][  0]LogFileCache: Scanning file cache for directory 'C:/Users/cp283/OneDrive/Documents/Unreal Projects/SugarKnight_SaltySour/SKnightPrototype_01/Saved/Collections/' took 0.01s
[2019.12.03-22.41.31:451][  0]LogFileCache: Scanning file cache for directory 'C:/Users/cp283/OneDrive/Documents/Unreal Projects/SugarKnight_SaltySour/SKnightPrototype_01/Content/Developers/cp283/Collections/' took 0.01s
[2019.12.03-22.41.31:451][  0]LogFileCache: Scanning file cache for directory 'C:/Users/cp283/OneDrive/Documents/Unreal Projects/SugarKnight_SaltySour/SKnightPrototype_01/Content/Collections/' took 0.01s
[2019.12.03-22.41.31:451][  0]LogCollectionManager: Rebuilt the GUID cache for 0 collections in 0.000000 seconds
[2019.12.03-22.41.31:555][  0]LogContentBrowser: Native class hierarchy populated in 0.0491 seconds. Added 2363 classes and 519 folders.
[2019.12.03-22.41.32:095][  0]LogContentBrowser: Native class hierarchy updated for 'WidgetCarousel' in 0.0003 seconds. Added 0 classes and 0 folders.
[2019.12.03-22.41.34:299][  0]LogContentBrowser: Native class hierarchy updated for 'AddContentDialog' in 0.0003 seconds. Added 0 classes and 0 folders.
[2019.12.03-22.41.34:657][  0]LogContentBrowser: Native class hierarchy updated for 'SceneOutliner' in 0.0005 seconds. Added 1 classes and 2 folders.
[2019.12.03-22.41.36:780][  0]LogSlate: Took 0.104652 seconds to synchronously load lazily loaded font '../../../Engine/Content/Slate/Fonts/Roboto-Regular.ttf' (155K)
[2019.12.03-22.41.37:014][  0]LogSlate: Took 0.092137 seconds to synchronously load lazily loaded font '../../../Engine/Content/Slate/Fonts/Roboto-Bold.ttf' (160K)
[2019.12.03-22.41.37:310][  0]LogSlate: Took 0.054136 seconds to synchronously load lazily loaded font '../../../Engine/Content/Editor/Slate/Fonts/FontAwesome.ttf' (139K)
[2019.12.03-22.41.38:932][  0]LogRenderer: Reallocating scene render targets to support 1208x576 Format 10 NumSamples 1 (Frame:1).
[2019.12.03-22.41.47:562][  0]LogContentBrowser: Native class hierarchy updated for 'HierarchicalLODOutliner' in 0.0003 seconds. Added 1 classes and 2 folders.
[2019.12.03-22.41.47:562][  0]LogLoad: (Engine Initialization) Total time: 399.92 seconds
[2019.12.03-22.41.47:562][  0]LogLoad: (Engine Initialization) Total Blueprint compile time: 0.00 seconds
[2019.12.03-22.41.47:582][  0]LogExternalProfiler: No external profilers were discovered.  External profiling features will not be available.
[2019.12.03-22.41.48:684][  0]LogContentStreaming: Texture pool size now 1000 MB
[2019.12.03-22.41.50:549][  1]LogSlate: Took 0.040346 seconds to synchronously load lazily loaded font '../../../Engine/Content/Slate/Fonts/Roboto-Light.ttf' (159K)
[2019.12.03-22.41.51:134][  3]LogAssetRegistry: Asset discovery search completed in 211.9029 seconds
[2019.12.03-22.41.51:239][  3]LogCollectionManager: Rebuilt the object cache for 0 collections in 0.000001 seconds (found 0 objects)
[2019.12.03-22.41.51:273][  3]LogCollectionManager: Fixed up redirectors for 0 collections in 0.043728 seconds (updated 0 objects)
[2019.12.03-22.42.25:247][449]LogTemp: Repeating last play command: New Editor Window (PIE)
[2019.12.03-22.42.25:594][449]LogBlueprintUserMessages: Early PlayInEditor Detection: Level '/Game/SideScrollerBP/Maps/SideScrollerExampleMap.SideScrollerExampleMap:PersistentLevel' has LevelScriptBlueprint '/Game/SideScrollerBP/Maps/SideScrollerExampleMap.SideScrollerExampleMap:PersistentLevel.SideScrollerExampleMap' with GeneratedClass '/Game/SideScrollerBP/Maps/SideScrollerExampleMap.SideScrollerExampleMap_C' with ClassGeneratedBy '/Game/SideScrollerBP/Maps/SideScrollerExampleMap.SideScrollerExampleMap:PersistentLevel.SideScrollerExampleMap'
[2019.12.03-22.42.25:619][449]LogPlayLevel: PlayLevel: No blueprints needed recompiling
[2019.12.03-22.42.26:030][449]PIE: New page: PIE session: SideScrollerExampleMap (Dec 3, 2019, 12:42:25 PM)
[2019.12.03-22.42.26:065][449]LogPlayLevel: Creating play world package: /Game/SideScrollerBP/Maps/UEDPIE_0_SideScrollerExampleMap
[2019.12.03-22.42.26:322][449]LogPlayLevel: PIE: StaticDuplicateObject took: (0.256567s)
[2019.12.03-22.42.26:323][449]LogAIModule: Creating AISystem for world SideScrollerExampleMap
[2019.12.03-22.42.26:365][449]LogPlayLevel: PIE: World Init took: (0.043898s)
[2019.12.03-22.42.26:394][449]LogPlayLevel: PIE: Created PIE world by copying editor world from /Game/SideScrollerBP/Maps/SideScrollerExampleMap.SideScrollerExampleMap to /Game/SideScrollerBP/Maps/UEDPIE_0_SideScrollerExampleMap.SideScrollerExampleMap (0.328688s)
[2019.12.03-22.42.26:656][449]LogInit: XAudio2 using 'Speakers / Headphones (Realtek Audio)' : 2 channels at 48 kHz using 32 bits per sample (channel mask 0x3)
[2019.12.03-22.42.26:868][449]LogInit: FAudioDevice initialized.
[2019.12.03-22.42.27:290][449]LogLoad: Game class is 'SideScrollerGameMode_C'
[2019.12.03-22.42.27:804][449]LogScript: Warning: Accessed None trying to read property Kane
	Kane_AnimBP_C /Game/SideScrollerBP/Maps/UEDPIE_0_SideScrollerExampleMap.SideScrollerExampleMap:PersistentLevel.SideScrollerCharacter_78.CharacterMesh0.Kane_AnimBP_C_0
	Function /Game/Characters/Kane/Animations/Kane_AnimBP.Kane_AnimBP_C:ExecuteUbergraph_Kane_AnimBP:05F3
[2019.12.03-22.42.27:836][449]PIE: Error: Blueprint Runtime Error: Accessed None trying to read property Kane from function: 'ExecuteUbergraph_Kane_AnimBP' from node: Result in graph: Transition in object: Kane_AnimBP with description: Accessed None trying to read property Kane
[2019.12.03-22.42.27:836][449]LogScript: Warning: Accessed None trying to read property Kane
	Kane_AnimBP_C /Game/SideScrollerBP/Maps/UEDPIE_0_SideScrollerExampleMap.SideScrollerExampleMap:PersistentLevel.SideScrollerCharacter_78.CharacterMesh0.Kane_AnimBP_C_0
	Function /Game/Characters/Kane/Animations/Kane_AnimBP.Kane_AnimBP_C:ExecuteUbergraph_Kane_AnimBP:05B8
[2019.12.03-22.42.27:836][449]PIE: Error: Blueprint Runtime Error: Accessed None trying to read property Kane from function: 'ExecuteUbergraph_Kane_AnimBP' from node: Result in graph: Transition in object: Kane_AnimBP with description: Accessed None trying to read property Kane
[2019.12.03-22.42.27:837][449]LogWorld: Bringing World /Game/SideScrollerBP/Maps/UEDPIE_0_SideScrollerExampleMap.SideScrollerExampleMap up for play (max tick rate 60) at 2019.12.03-17.42.27
[2019.12.03-22.42.28:198][449]LogWorld: Bringing up level for play took: 0.604577
[2019.12.03-22.42.28:663][449]LogContentBrowser: Native class hierarchy updated for 'MovieSceneCapture' in 0.0225 seconds. Added 11 classes and 0 folders.
[2019.12.03-22.42.29:116][449]PIE: Play in editor start time for /Game/SideScrollerBP/Maps/UEDPIE_0_SideScrollerExampleMap 3.681
[2019.12.03-22.42.29:127][449]LogBlueprintUserMessages: Late PlayInEditor Detection: Level '/Game/SideScrollerBP/Maps/SideScrollerExampleMap.SideScrollerExampleMap:PersistentLevel' has LevelScriptBlueprint '/Game/SideScrollerBP/Maps/SideScrollerExampleMap.SideScrollerExampleMap:PersistentLevel.SideScrollerExampleMap' with GeneratedClass '/Game/SideScrollerBP/Maps/SideScrollerExampleMap.SideScrollerExampleMap_C' with ClassGeneratedBy '/Game/SideScrollerBP/Maps/SideScrollerExampleMap.SideScrollerExampleMap:PersistentLevel.SideScrollerExampleMap'
[2019.12.03-22.42.29:566][449]LogRenderer: Reallocating scene render targets to support 1292x756 Format 10 NumSamples 1 (Frame:1).
[2019.12.03-22.42.31:070][510]LogBlueprintUserMessages: [SKnight_Checkpoint_356] Checkpoint Reached
[2019.12.03-22.42.31:070][510]LogBlueprintUserMessages: [SKnight_Checkpoint_356] Checkpoint Reached
[2019.12.03-22.42.31:344][512]LogBlueprintUserMessages: [SKnight_Checkpoint_356] Checkpoint Reached
[2019.12.03-22.42.58:378][964]LogBlueprintUserMessages: [SKnight_Checkpoint2_230] Checkpoint Reached
[2019.12.03-22.42.58:378][964]LogBlueprintUserMessages: [SKnight_Checkpoint2_230] Checkpoint Reached
[2019.12.03-22.42.58:395][965]LogBlueprintUserMessages: [SKnight_Checkpoint2_230] Checkpoint Reached
[2019.12.03-22.43.14:287][911]LogBlueprintUserMessages: Early EndPlayMap Detection: Level '/Game/SideScrollerBP/Maps/SideScrollerExampleMap.SideScrollerExampleMap:PersistentLevel' has LevelScriptBlueprint '/Game/SideScrollerBP/Maps/SideScrollerExampleMap.SideScrollerExampleMap:PersistentLevel.SideScrollerExampleMap' with GeneratedClass '/Game/SideScrollerBP/Maps/SideScrollerExampleMap.SideScrollerExampleMap_C' with ClassGeneratedBy '/Game/SideScrollerBP/Maps/SideScrollerExampleMap.SideScrollerExampleMap:PersistentLevel.SideScrollerExampleMap'
[2019.12.03-22.43.14:597][911]LogBlueprintUserMessages: Late EndPlayMap Detection: Level '/Game/SideScrollerBP/Maps/SideScrollerExampleMap.SideScrollerExampleMap:PersistentLevel' has LevelScriptBlueprint '/Game/SideScrollerBP/Maps/SideScrollerExampleMap.SideScrollerExampleMap:PersistentLevel.SideScrollerExampleMap' with GeneratedClass '/Game/SideScrollerBP/Maps/SideScrollerExampleMap.SideScrollerExampleMap_C' with ClassGeneratedBy '/Game/SideScrollerBP/Maps/SideScrollerExampleMap.SideScrollerExampleMap:PersistentLevel.SideScrollerExampleMap'
[2019.12.03-22.49.36:729][702]LogSlate: Took 0.000257 seconds to synchronously load lazily loaded font '../../../Engine/Content/Slate/Fonts/Roboto-Light.ttf' (159K)
[2019.12.03-22.49.39:218][702]LogSavePackage: Save=1897.19ms
[2019.12.03-22.49.39:218][702]LogSavePackage: Moving '../../../../../../Users/cp283/OneDrive/Documents/Unreal Projects/SugarKnight_SaltySour/SKnightPrototype_01/Saved/SideScrollerExampleMapD4CD164D44A0E08DBDFD7A845E9CFBDC.tmp' to '../../../../../../Users/cp283/OneDrive/Documents/Unreal Projects/SugarKnight_SaltySour/SKnightPrototype_01/Content/SideScrollerBP/Maps/SideScrollerExampleMap.umap'
[2019.12.03-22.49.39:353][702]LogSlate: Took 0.000238 seconds to synchronously load lazily loaded font '../../../Engine/Content/Slate/Fonts/Roboto-Regular.ttf' (155K)
[2019.12.03-22.49.39:386][702]LogSavePackage: Display: Finished SavePackage ../../../../../../Users/cp283/OneDrive/Documents/Unreal Projects/SugarKnight_SaltySour/SKnightPrototype_01/Content/SideScrollerBP/Maps/SideScrollerExampleMap.umap
[2019.12.03-22.49.41:281][702]LogSavePackage: Save=510.82ms
[2019.12.03-22.49.41:282][702]LogSavePackage: Moving '../../../../../../Users/cp283/OneDrive/Documents/Unreal Projects/SugarKnight_SaltySour/SKnightPrototype_01/Saved/SideScrollerExampleMap_BuiltData41204B574C03BB6A3D1778843C05003F.tmp' to '../../../../../../Users/cp283/OneDrive/Documents/Unreal Projects/SugarKnight_SaltySour/SKnightPrototype_01/Content/SideScrollerBP/Maps/SideScrollerExampleMap_BuiltData.uasset'
[2019.12.03-22.49.41:286][702]LogSavePackage: Display: Finished SavePackage ../../../../../../Users/cp283/OneDrive/Documents/Unreal Projects/SugarKnight_SaltySour/SKnightPrototype_01/Content/SideScrollerBP/Maps/SideScrollerExampleMap_BuiltData.uasset
[2019.12.03-22.53.06:722][487]LogWindowsTextInputMethodSystem: Display: IME system now deactivated.
[2019.12.03-22.53.08:038][488]Cmd: QUIT_EDITOR
[2019.12.03-22.53.09:872][488]LogExit: Preparing to exit.
[2019.12.03-22.53.10:900][488]LogDirectoryWatcher: A directory notification for 'C:/Users/cp283/OneDrive/Documents/Unreal Projects/SugarKnight_SaltySour/SKnightPrototype_01/Content/' was aborted.
[2019.12.03-22.53.11:058][488]LogExit: Editor shut down
[2019.12.03-22.53.11:064][488]LogExit: Transaction tracking system shut down
[2019.12.03-22.53.11:453][488]LogDirectoryWatcher: A directory notification for '../../../Engine/Content/' was aborted.
[2019.12.03-22.53.11:454][488]LogDirectoryWatcher: A directory notification for '../../../../../../Users/cp283/OneDrive/Documents/Unreal Projects/SugarKnight_SaltySour/SKnightPrototype_01/Content/' was aborted.
[2019.12.03-22.53.11:454][488]LogDirectoryWatcher: A directory notification for '../../../Engine/Plugins/2D/Paper2D/Content/' was aborted.
[2019.12.03-22.53.11:454][488]LogDirectoryWatcher: A directory notification for '../../../Engine/Plugins/Media/MediaCompositing/Content/' was aborted.
[2019.12.03-22.53.11:454][488]LogDirectoryWatcher: A directory notification for '../../../Engine/Plugins/Runtime/AppleARKit/Content/' was aborted.
[2019.12.03-22.53.11:454][488]LogDirectoryWatcher: A directory notification for '../../../Engine/Plugins/Runtime/Oculus/OculusVR/Content/' was aborted.
[2019.12.03-22.53.11:454][488]LogDirectoryWatcher: A directory notification for '../../../Engine/Plugins/Runtime/Steam/SteamVR/Content/' was aborted.
[2019.12.03-22.53.13:298][488]LogExit: Object subsystem successfully closed.
[2019.12.03-22.53.13:551][488]LogD3D11RHI: Shutdown
[2019.12.03-22.53.13:568][488]LogD3D11RHI: CleanupD3DDevice
[2019.12.03-22.53.13:624][488]LogD3D11RHI: ~FD3D11DynamicRHI
[2019.12.03-22.53.14:843][488]LogModuleManager: Shutting down and abandoning module MovieSceneCapture (550)
[2019.12.03-22.53.14:843][488]LogModuleManager: Shutting down and abandoning module HierarchicalLODOutliner (548)
[2019.12.03-22.53.14:843][488]LogModuleManager: Shutting down and abandoning module SceneOutliner (546)
[2019.12.03-22.53.14:866][488]LogModuleManager: Shutting down and abandoning module AddContentDialog (544)
[2019.12.03-22.53.14:915][488]LogDirectoryWatcher: A directory notification for 'C:/Program Files/Epic Games/UE_4.18/FeaturePacks/' was aborted.
[2019.12.03-22.53.14:927][488]LogModuleManager: Shutting down and abandoning module WidgetCarousel (543)
[2019.12.03-22.53.14:927][488]LogModuleManager: Shutting down and abandoning module EditorWidgets (540)
[2019.12.03-22.53.14:927][488]LogModuleManager: Shutting down and abandoning module CollectionManager (538)
[2019.12.03-22.53.14:950][488]LogDirectoryWatcher: A directory notification for 'C:/Users/cp283/OneDrive/Documents/Unreal Projects/SugarKnight_SaltySour/SKnightPrototype_01/Content/Collections/' was aborted.
[2019.12.03-22.53.14:951][488]LogDirectoryWatcher: A directory notification for 'C:/Users/cp283/OneDrive/Documents/Unreal Projects/SugarKnight_SaltySour/SKnightPrototype_01/Content/Developers/cp283/Collections/' was aborted.
[2019.12.03-22.53.14:951][488]LogDirectoryWatcher: A directory notification for 'C:/Users/cp283/OneDrive/Documents/Unreal Projects/SugarKnight_SaltySour/SKnightPrototype_01/Saved/Collections/' was aborted.
[2019.12.03-22.53.14:951][488]LogModuleManager: Shutting down and abandoning module StatsViewer (536)
[2019.12.03-22.53.14:969][488]LogModuleManager: Shutting down and abandoning module FoliageEdit (534)
[2019.12.03-22.53.14:989][488]LogModuleManager: Shutting down and abandoning module LandscapeEditor (532)
[2019.12.03-22.53.15:046][488]LogModuleManager: Shutting down and abandoning module MeshPaintMode (530)
[2019.12.03-22.53.15:064][488]LogModuleManager: Shutting down and abandoning module SceneDepthPickerMode (528)
[2019.12.03-22.53.15:064][488]LogModuleManager: Shutting down and abandoning module ActorPickerMode (526)
[2019.12.03-22.53.15:064][488]LogModuleManager: Shutting down and abandoning module GeometryMode (524)
[2019.12.03-22.53.15:064][488]LogModuleManager: Shutting down and abandoning module TextureAlignMode (522)
[2019.12.03-22.53.15:064][488]LogModuleManager: Shutting down and abandoning module BspMode (520)
[2019.12.03-22.53.15:064][488]LogModuleManager: Shutting down and abandoning module PIEPreviewDeviceProfileSelector (518)
[2019.12.03-22.53.15:064][488]LogModuleManager: Shutting down and abandoning module HardwareSurvey (516)
[2019.12.03-22.53.15:064][488]LogModuleManager: Shutting down and abandoning module SequenceRecorderSections (514)
[2019.12.03-22.53.15:084][488]LogModuleManager: Shutting down and abandoning module AutomationWorker (512)
[2019.12.03-22.53.15:096][488]LogModuleManager: Shutting down and abandoning module MatineeToLevelSequence (510)
[2019.12.03-22.53.15:106][488]LogModuleManager: Shutting down and abandoning module LevelSequenceEditor (508)
[2019.12.03-22.53.15:216][488]LogModuleManager: Shutting down and abandoning module PlacementMode (507)
[2019.12.03-22.53.15:216][488]LogModuleManager: Shutting down and abandoning module WmfMediaFactory (504)
[2019.12.03-22.53.15:216][488]LogModuleManager: Shutting down and abandoning module WmfMediaEditor (502)
[2019.12.03-22.53.15:216][488]LogModuleManager: Shutting down and abandoning module OpenExrWrapper (500)
[2019.12.03-22.53.15:216][488]LogModuleManager: Shutting down and abandoning module ImgMediaFactory (498)
[2019.12.03-22.53.15:216][488]LogModuleManager: Shutting down and abandoning module ImgMediaEditor (496)
[2019.12.03-22.53.15:216][488]LogModuleManager: Shutting down and abandoning module AvfMediaFactory (494)
[2019.12.03-22.53.15:216][488]LogModuleManager: Shutting down and abandoning module AvfMediaEditor (492)
[2019.12.03-22.53.15:216][488]LogModuleManager: Shutting down and abandoning module AndroidMediaFactory (490)
[2019.12.03-22.53.15:216][488]LogModuleManager: Shutting down and abandoning module AndroidMediaEditor (488)
[2019.12.03-22.53.15:216][488]LogModuleManager: Shutting down and abandoning module CharacterAI (486)
[2019.12.03-22.53.15:216][488]LogModuleManager: Shutting down and abandoning module AudioCapture (484)
[2019.12.03-22.53.15:238][488]LogModuleManager: Shutting down and abandoning module SequenceRecorder (483)
[2019.12.03-22.53.15:249][488]LogModuleManager: Shutting down and abandoning module SmartSnapping (480)
[2019.12.03-22.53.15:249][488]LogModuleManager: Shutting down and abandoning module SessionServices (478)
[2019.12.03-22.53.15:249][488]LogModuleManager: Shutting down and abandoning module ViewportSnapping (476)
[2019.12.03-22.53.15:249][488]LogModuleManager: Shutting down and abandoning module ViewportInteraction (474)
[2019.12.03-22.53.15:249][488]LogModuleManager: Shutting down and abandoning module ClothPainter (472)
[2019.12.03-22.53.15:296][488]LogModuleManager: Shutting down and abandoning module SkeletalMeshEditor (471)
[2019.12.03-22.53.15:350][488]LogModuleManager: Shutting down and abandoning module LogVisualizer (468)
[2019.12.03-22.53.15:416][488]LogModuleManager: Shutting down and abandoning module IntroTutorials (466)
[2019.12.03-22.53.15:442][488]LogModuleManager: Shutting down and abandoning module GameProjectGeneration (465)
[2019.12.03-22.53.15:485][488]LogModuleManager: Shutting down and abandoning module IOSPlatformEditor (462)
[2019.12.03-22.53.15:485][488]LogModuleManager: Shutting down and abandoning module HTML5PlatformEditor (460)
[2019.12.03-22.53.15:485][488]LogModuleManager: Shutting down and abandoning module AndroidPlatformEditor (458)
[2019.12.03-22.53.15:485][488]LogModuleManager: Shutting down and abandoning module AndroidDeviceDetection (457)
[2019.12.03-22.53.16:236][488]LogModuleManager: Shutting down and abandoning module WindowsPlatformEditor (454)
[2019.12.03-22.53.16:236][488]LogModuleManager: Shutting down and abandoning module IOSRuntimeSettings (452)
[2019.12.03-22.53.16:236][488]LogModuleManager: Shutting down and abandoning module AndroidRuntimeSettings (450)
[2019.12.03-22.53.16:236][488]LogModuleManager: Shutting down and abandoning module InputBindingEditor (448)
[2019.12.03-22.53.16:253][488]LogModuleManager: Shutting down and abandoning module MergeActors (446)
[2019.12.03-22.53.16:283][488]LogModuleManager: Shutting down and abandoning module SizeMap (444)
[2019.12.03-22.53.16:283][488]LogModuleManager: Shutting down and abandoning module TreeMap (442)
[2019.12.03-22.53.16:320][488]LogModuleManager: Shutting down and abandoning module ReferenceViewer (440)
[2019.12.03-22.53.16:320][488]LogModuleManager: Shutting down and abandoning module LocalizationDashboard (438)
[2019.12.03-22.53.16:347][488]LogModuleManager: Shutting down and abandoning module LocalizationService (437)
[2019.12.03-22.53.16:356][488]LogModuleManager: Shutting down and abandoning module HardwareTargeting (434)
[2019.12.03-22.53.16:356][488]LogModuleManager: Shutting down and abandoning module DeviceProfileEditor (432)
[2019.12.03-22.53.16:356][488]LogModuleManager: Shutting down and abandoning module UndoHistory (430)
[2019.12.03-22.53.16:356][488]LogModuleManager: Shutting down and abandoning module XmlParser (428)
[2019.12.03-22.53.16:362][488]LogModuleManager: Shutting down and abandoning module Blutility (426)
[2019.12.03-22.53.16:363][488]LogModuleManager: Shutting down and abandoning module ProjectSettingsViewer (424)
[2019.12.03-22.53.16:363][488]LogModuleManager: Shutting down and abandoning module ProjectTargetPlatformEditor (423)
[2019.12.03-22.53.16:363][488]LogModuleManager: Shutting down and abandoning module EditorSettingsViewer (420)
[2019.12.03-22.53.16:363][488]LogModuleManager: Shutting down and abandoning module SettingsEditor (418)
[2019.12.03-22.53.16:394][488]LogModuleManager: Shutting down and abandoning module ProjectLauncher (416)
[2019.12.03-22.53.16:407][488]LogModuleManager: Shutting down and abandoning module SessionFrontend (414)
[2019.12.03-22.53.16:432][488]LogModuleManager: Shutting down and abandoning module ProfilerClient (412)
[2019.12.03-22.53.16:450][488]LogModuleManager: Shutting down and abandoning module DeviceManager (410)
[2019.12.03-22.53.16:489][488]LogModuleManager: Shutting down and abandoning module TargetDeviceServices (409)
[2019.12.03-22.53.16:555][488]LogModuleManager: Shutting down and abandoning module AutomationController (406)
[2019.12.03-22.53.16:573][488]LogModuleManager: Shutting down and abandoning module AutomationWindow (404)
[2019.12.03-22.53.16:594][488]LogModuleManager: Shutting down and abandoning module Layers (402)
[2019.12.03-22.53.16:637][488]LogModuleManager: Shutting down and abandoning module ComponentVisualizers (400)
[2019.12.03-22.53.16:637][488]LogModuleManager: Shutting down and abandoning module DetailCustomizations (398)
[2019.12.03-22.53.16:669][488]LogModuleManager: Shutting down and abandoning module PackagesDialog (396)
[2019.12.03-22.53.16:669][488]LogModuleManager: Shutting down and abandoning module Persona (394)
[2019.12.03-22.53.16:707][488]LogModuleManager: Shutting down and abandoning module AdvancedPreviewScene (393)
[2019.12.03-22.53.16:707][488]LogModuleManager: Shutting down and abandoning module AnimGraph (391)
[2019.12.03-22.53.16:707][488]LogModuleManager: Shutting down and abandoning module Kismet (388)
[2019.12.03-22.53.16:740][488]LogModuleManager: Shutting down and abandoning module ClassViewer (386)
[2019.12.03-22.53.16:740][488]LogModuleManager: Shutting down and abandoning module Toolbox (384)
[2019.12.03-22.53.16:740][488]LogModuleManager: Shutting down and abandoning module ModuleUI (382)
[2019.12.03-22.53.16:757][488]LogModuleManager: Shutting down and abandoning module MovieSceneTools (380)
[2019.12.03-22.53.16:804][488]LogModuleManager: Shutting down and abandoning module OutputLog (378)
[2019.12.03-22.53.16:829][488]LogModuleManager: Shutting down and abandoning module GammaUI (376)
[2019.12.03-22.53.16:846][488]LogModuleManager: Shutting down and abandoning module Documentation (374)
[2019.12.03-22.53.16:846][488]LogModuleManager: Shutting down and abandoning module MovieSceneTracks (372)
[2019.12.03-22.53.16:846][488]LogModuleManager: Shutting down and abandoning module MovieScene (370)
[2019.12.03-22.53.16:846][488]LogModuleManager: Shutting down and abandoning module StreamingPauseRendering (368)
[2019.12.03-22.53.16:846][488]LogModuleManager: Shutting down and abandoning module LauncherPlatform (366)
[2019.12.03-22.53.16:846][488]LogModuleManager: Shutting down and abandoning module AnalyticsET (364)
[2019.12.03-22.53.16:846][488]LogModuleManager: Shutting down and abandoning module PortalServices (362)
[2019.12.03-22.53.16:846][488]LogModuleManager: Shutting down and abandoning module PortalRpc (360)
[2019.12.03-22.53.16:846][488]LogModuleManager: Shutting down and abandoning module MessagingRpc (358)
[2019.12.03-22.53.16:846][488]LogModuleManager: Shutting down and abandoning module AIModule (356)
[2019.12.03-22.53.16:846][488]LogModuleManager: Shutting down and abandoning module GameplayDebugger (355)
[2019.12.03-22.53.16:846][488]LogModuleManager: Shutting down and abandoning module AITestSuite (353)
[2019.12.03-22.53.16:856][488]LogModuleManager: Shutting down and abandoning module DesktopPlatform (350)
[2019.12.03-22.53.16:857][488]LogModuleManager: Shutting down and abandoning module ProfilerService (348)
[2019.12.03-22.53.17:038][488]LogModuleManager: Shutting down and abandoning module TaskGraph (346)
[2019.12.03-22.53.17:102][488]LogModuleManager: Shutting down and abandoning module SteamVRController (344)
[2019.12.03-22.53.17:102][488]LogModuleManager: Shutting down and abandoning module ProceduralMeshComponentEditor (342)
[2019.12.03-22.53.17:102][488]LogModuleManager: Shutting down and abandoning module ProceduralMeshComponent (340)
[2019.12.03-22.53.17:117][488]LogModuleManager: Shutting down and abandoning module OculusInput (338)
[2019.12.03-22.53.17:132][488]LogModuleManager: Shutting down and abandoning module MobilePatchingUtils (336)
[2019.12.03-22.53.17:133][488]LogModuleManager: Shutting down and abandoning module CustomMeshComponent (334)
[2019.12.03-22.53.17:133][488]LogModuleManager: Shutting down and abandoning module CableComponent (332)
[2019.12.03-22.53.17:186][488]LogModuleManager: Shutting down and abandoning module ArchVisCharacter (330)
[2019.12.03-22.53.17:186][488]LogModuleManager: Shutting down and abandoning module AndroidPermission (328)
[2019.12.03-22.53.17:186][488]LogModuleManager: Shutting down and abandoning module ActorSequence (324)
[2019.12.03-22.53.17:186][488]LogModuleManager: Shutting down and abandoning module MediaPlayerEditor (322)
[2019.12.03-22.53.17:263][488]LogModuleManager: Shutting down and abandoning module MediaCompositingEditor (320)
[2019.12.03-22.53.17:263][488]LogModuleManager: Shutting down and abandoning module MediaCompositing (318)
[2019.12.03-22.53.17:263][488]LogModuleManager: Shutting down and abandoning module HTML5Networking (316)
[2019.12.03-22.53.17:263][488]LogModuleManager: Shutting down and abandoning module AlembicImporter (314)
[2019.12.03-22.53.17:279][488]LogModuleManager: Shutting down and abandoning module AlembicLibrary (313)
[2019.12.03-22.53.17:279][488]LogModuleManager: Shutting down and abandoning module GeometryCache (312)
[2019.12.03-22.53.17:280][488]LogModuleManager: Shutting down and abandoning module GeometryCacheEd (311)
[2019.12.03-22.53.17:280][488]LogModuleManager: Shutting down and abandoning module SpeedTreeImporter (306)
[2019.12.03-22.53.17:280][488]LogModuleManager: Shutting down and abandoning module PluginBrowser (304)
[2019.12.03-22.53.17:330][488]LogModuleManager: Shutting down and abandoning module MobileLauncherProfileWizard (302)
[2019.12.03-22.53.17:373][488]LogModuleManager: Shutting down and abandoning module VisualStudioSourceCodeAccess (300)
[2019.12.03-22.53.17:373][488]LogModuleManager: Shutting down and abandoning module VisualStudioCodeSourceCodeAccess (298)
[2019.12.03-22.53.17:374][488]LogModuleManager: Shutting down and abandoning module UObjectPlugin (296)
[2019.12.03-22.53.17:374][488]LogModuleManager: Shutting down and abandoning module SubversionSourceControl (294)
[2019.12.03-22.53.17:381][488]LogModuleManager: Shutting down and abandoning module PerforceSourceControl (292)
[2019.12.03-22.53.17:400][488]LogModuleManager: Shutting down and abandoning module GitSourceControl (290)
[2019.12.03-22.53.17:419][488]LogModuleManager: Shutting down and abandoning module SourceControl (289)
[2019.12.03-22.53.17:434][488]LogModuleManager: Shutting down and abandoning module LightPropagationVolumeEditor (286)
[2019.12.03-22.53.17:434][488]LogModuleManager: Shutting down and abandoning module PaperTiledImporter (284)
[2019.12.03-22.53.17:435][488]LogModuleManager: Shutting down and abandoning module PaperSpriteSheetImporter (282)
[2019.12.03-22.53.17:435][488]LogModuleManager: Shutting down and abandoning module Paper2DEditor (280)
[2019.12.03-22.53.17:461][488]LogModuleManager: Shutting down and abandoning module MeshPaint (279)
[2019.12.03-22.53.17:480][488]LogModuleManager: Shutting down and abandoning module LevelEditor (277)
[2019.12.03-22.53.17:496][488]LogModuleManager: Shutting down and abandoning module PixelInspectorModule (276)
[2019.12.03-22.53.17:507][488]LogModuleManager: Shutting down and abandoning module MainFrame (274)
[2019.12.03-22.53.17:517][488]LogModuleManager: Shutting down and abandoning module HotReload (273)
[2019.12.03-22.53.17:529][488]LogModuleManager: Shutting down and abandoning module RuntimePhysXCooking (268)
[2019.12.03-22.53.17:529][488]LogModuleManager: Shutting down and abandoning module PhysXVehiclesEditor (266)
[2019.12.03-22.53.17:529][488]LogModuleManager: Shutting down and abandoning module PhysXVehicles (264)
[2019.12.03-22.53.17:529][488]LogModuleManager: Shutting down and abandoning module OculusEditor (262)
[2019.12.03-22.53.17:529][488]LogModuleManager: Shutting down and abandoning module LocationServicesBPLibrary (260)
[2019.12.03-22.53.17:529][488]LogModuleManager: Shutting down and abandoning module ImmediatePhysicsEditor (258)
[2019.12.03-22.53.17:529][488]LogModuleManager: Shutting down and abandoning module ImmediatePhysics (256)
[2019.12.03-22.53.17:546][488]LogModuleManager: Shutting down and abandoning module UdpMessaging (254)
[2019.12.03-22.53.17:662][488]LogModuleManager: Shutting down and abandoning module TcpMessaging (252)
[2019.12.03-22.53.17:783][488]LogModuleManager: Shutting down and abandoning module GameplayTagsEditor (250)
[2019.12.03-22.53.17:819][488]LogModuleManager: Shutting down and abandoning module FacialAnimationEditor (248)
[2019.12.03-22.53.17:819][488]LogModuleManager: Shutting down and abandoning module FacialAnimation (246)
[2019.12.03-22.53.17:819][488]LogModuleManager: Shutting down and abandoning module AssetManagerEditor (244)
[2019.12.03-22.53.17:861][488]LogModuleManager: Shutting down and abandoning module GraphEditor (243)
[2019.12.03-22.53.17:929][488]LogModuleManager: Shutting down and abandoning module ContentBrowser (241)
[2019.12.03-22.53.17:930][488]LogModuleManager: Shutting down and abandoning module LightPropagationVolumeRuntime (238)
[2019.12.03-22.53.17:930][488]LogModuleManager: Shutting down and abandoning module Paper2D (236)
[2019.12.03-22.53.17:930][488]LogModuleManager: Shutting down and abandoning module WindowsMoviePlayer (234)
[2019.12.03-22.53.17:963][488]LogModuleManager: Shutting down and abandoning module WmfMedia (232)
[2019.12.03-22.53.17:981][488]LogModuleManager: Shutting down and abandoning module ImgMedia (230)
[2019.12.03-22.53.17:981][488]LogModuleManager: Shutting down and abandoning module PacketHandler (228)
[2019.12.03-22.53.17:981][488]LogModuleManager: Shutting down and abandoning module ClothingSystemEditor (226)
[2019.12.03-22.53.17:981][488]LogModuleManager: Shutting down and abandoning module ClothingSystemRuntime (224)
[2019.12.03-22.53.18:015][488]LogModuleManager: Shutting down and abandoning module MediaAssets (222)
[2019.12.03-22.53.18:016][488]LogModuleManager: Shutting down and abandoning module Media (221)
[2019.12.03-22.53.18:021][488]LogModuleManager: Shutting down and abandoning module Overlay (218)
[2019.12.03-22.53.18:021][488]LogModuleManager: Shutting down and abandoning module OverlayEditor (217)
[2019.12.03-22.53.18:021][488]LogModuleManager: Shutting down and abandoning module VREditor (214)
[2019.12.03-22.53.18:125][488]LogModuleManager: Shutting down and abandoning module StringTableEditor (212)
[2019.12.03-22.53.18:140][488]LogModuleManager: Shutting down and abandoning module GameplayTasksEditor (210)
[2019.12.03-22.53.18:140][488]LogModuleManager: Shutting down and abandoning module BehaviorTreeEditor (208)
[2019.12.03-22.53.18:197][488]LogModuleManager: Shutting down and abandoning module FunctionalTesting (206)
[2019.12.03-22.53.18:221][488]LogModuleManager: Shutting down and abandoning module CollisionAnalyzer (204)
[2019.12.03-22.53.18:237][488]LogModuleManager: Shutting down and abandoning module WorkspaceMenuStructure (203)
[2019.12.03-22.53.18:237][488]LogModuleManager: Shutting down and abandoning module UMG (200)
[2019.12.03-22.53.18:237][488]LogModuleManager: Shutting down and abandoning module UMGEditor (199)
[2019.12.03-22.53.18:290][488]LogModuleManager: Shutting down and abandoning module Sequencer (198)
[2019.12.03-22.53.18:331][488]LogModuleManager: Shutting down and abandoning module MessageLog (195)
[2019.12.03-22.53.18:331][488]LogModuleManager: Shutting down and abandoning module SlateReflector (190)
[2019.12.03-22.53.18:386][488]LogModuleManager: Shutting down and abandoning module Slate (188)
[2019.12.03-22.53.18:386][488]LogModuleManager: Shutting down and abandoning module EditorStyle (186)
[2019.12.03-22.53.18:415][488]LogModuleManager: Shutting down and abandoning module MRMesh (184)
[2019.12.03-22.53.18:415][488]LogModuleManager: Shutting down and abandoning module SourceCodeAccess (182)
[2019.12.03-22.53.18:415][488]LogModuleManager: Shutting down and abandoning module HeadMountedDisplay (180)
[2019.12.03-22.53.18:415][488]LogModuleManager: Shutting down and abandoning module XAudio2 (178)
[2019.12.03-22.53.18:415][488]LogModuleManager: Shutting down and abandoning module Networking (176)
[2019.12.03-22.53.18:415][488]LogModuleManager: Shutting down and abandoning module Core (172)
[2019.12.03-22.53.18:415][488]LogModuleManager: Shutting down and abandoning module LevelSequence (168)
[2019.12.03-22.53.18:425][488]LogModuleManager: Shutting down and abandoning module DirectoryWatcher (166)
[2019.12.03-22.53.18:426][488]LogModuleManager: Shutting down and abandoning module KismetCompiler (164)
[2019.12.03-22.53.18:426][488]LogModuleManager: Shutting down and abandoning module MeshUtilities (162)
[2019.12.03-22.53.18:474][488]LogModuleManager: Shutting down and abandoning module MeshMergeUtilities (161)
[2019.12.03-22.53.18:496][488]LogModuleManager: Shutting down and abandoning module MeshReductionInterface (160)
[2019.12.03-22.53.18:496][488]LogModuleManager: Shutting down and abandoning module SimplygonSwarm (159)
[2019.12.03-22.53.18:511][488]LogModuleManager: Shutting down and abandoning module SimplygonMeshReduction (157)
[2019.12.03-22.53.18:511][488]LogModuleManager: Shutting down and abandoning module QuadricMeshReduction (155)
[2019.12.03-22.53.18:517][488]LogModuleManager: Shutting down and abandoning module MaterialBaking (151)
[2019.12.03-22.53.18:527][488]LogModuleManager: Shutting down and abandoning module DerivedDataCache (148)
[2019.12.03-22.53.18:661][488]LogDerivedDataCache: Shutdown
[2019.12.03-22.53.18:661][488]LogModuleManager: Shutting down and abandoning module TargetPlatform (146)
[2019.12.03-22.53.18:661][488]LogModuleManager: Shutting down and abandoning module VulkanShaderFormat (145)
[2019.12.03-22.53.18:679][488]LogModuleManager: Shutting down and abandoning module ShaderFormatVectorVM (143)
[2019.12.03-22.53.18:690][488]LogModuleManager: Shutting down and abandoning module ShaderFormatOpenGL (141)
[2019.12.03-22.53.18:721][488]LogModuleManager: Shutting down and abandoning module ShaderFormatD3D (139)
[2019.12.03-22.53.18:740][488]LogModuleManager: Shutting down and abandoning module MetalShaderFormat (137)
[2019.12.03-22.53.18:764][488]LogModuleManager: Shutting down and abandoning module TextureFormatUncompressed (135)
[2019.12.03-22.53.18:764][488]LogModuleManager: Shutting down and abandoning module TextureFormatPVR (133)
[2019.12.03-22.53.18:764][488]LogModuleManager: Shutting down and abandoning module TextureFormatDXT (131)
[2019.12.03-22.53.18:775][488]LogModuleManager: Shutting down and abandoning module TextureFormatIntelISPCTexComp (129)
[2019.12.03-22.53.18:806][488]LogModuleManager: Shutting down and abandoning module TextureFormatASTC (127)
[2019.12.03-22.53.18:806][488]LogModuleManager: Shutting down and abandoning module ImageWrapper (126)
[2019.12.03-22.53.18:806][488]LogModuleManager: Shutting down and abandoning module TextureFormatAndroid (123)
[2019.12.03-22.53.18:806][488]LogModuleManager: Shutting down and abandoning module AudioFormatOpus (121)
[2019.12.03-22.53.18:806][488]LogModuleManager: Shutting down and abandoning module AudioFormatOgg (119)
[2019.12.03-22.53.18:806][488]LogModuleManager: Shutting down and abandoning module AudioFormatADPCM (117)
[2019.12.03-22.53.18:825][488]LogModuleManager: Shutting down and abandoning module LinuxTargetPlatform (115)
[2019.12.03-22.53.18:825][488]LogModuleManager: Shutting down and abandoning module LinuxServerTargetPlatform (113)
[2019.12.03-22.53.18:825][488]LogModuleManager: Shutting down and abandoning module LinuxNoEditorTargetPlatform (111)
[2019.12.03-22.53.18:825][488]LogModuleManager: Shutting down and abandoning module LinuxClientTargetPlatform (109)
[2019.12.03-22.53.18:825][488]LogModuleManager: Shutting down and abandoning module TVOSTargetPlatform (107)
[2019.12.03-22.53.18:825][488]LogModuleManager: Shutting down and abandoning module Messaging (105)
[2019.12.03-22.53.18:825][488]LogModuleManager: Shutting down and abandoning module IOSTargetPlatform (103)
[2019.12.03-22.53.18:825][488]LogModuleManager: Shutting down and abandoning module HTML5TargetPlatform (101)
[2019.12.03-22.53.18:825][488]LogModuleManager: Shutting down and abandoning module AndroidTargetPlatform (99)
[2019.12.03-22.53.18:826][488]LogModuleManager: Shutting down and abandoning module Android_PVRTCTargetPlatform (97)
[2019.12.03-22.53.18:826][488]LogModuleManager: Shutting down and abandoning module Android_MultiTargetPlatform (95)
[2019.12.03-22.53.18:826][488]LogModuleManager: Shutting down and abandoning module Android_ETC2TargetPlatform (93)
[2019.12.03-22.53.18:826][488]LogModuleManager: Shutting down and abandoning module Android_ETC1TargetPlatform (91)
[2019.12.03-22.53.18:826][488]LogModuleManager: Shutting down and abandoning module Android_DXTTargetPlatform (89)
[2019.12.03-22.53.18:826][488]LogModuleManager: Shutting down and abandoning module Android_ATCTargetPlatform (87)
[2019.12.03-22.53.18:826][488]LogModuleManager: Shutting down and abandoning module Android_ASTCTargetPlatform (85)
[2019.12.03-22.53.18:826][488]LogModuleManager: Shutting down and abandoning module WindowsTargetPlatform (83)
[2019.12.03-22.53.18:826][488]LogModuleManager: Shutting down and abandoning module WindowsServerTargetPlatform (81)
[2019.12.03-22.53.18:826][488]LogModuleManager: Shutting down and abandoning module WindowsNoEditorTargetPlatform (79)
[2019.12.03-22.53.18:826][488]LogModuleManager: Shutting down and abandoning module WindowsClientTargetPlatform (77)
[2019.12.03-22.53.18:826][488]LogModuleManager: Shutting down and abandoning module MacTargetPlatform (75)
[2019.12.03-22.53.18:826][488]LogModuleManager: Shutting down and abandoning module MacServerTargetPlatform (73)
[2019.12.03-22.53.18:826][488]LogModuleManager: Shutting down and abandoning module MacNoEditorTargetPlatform (71)
[2019.12.03-22.53.18:826][488]LogModuleManager: Shutting down and abandoning module MacClientTargetPlatform (69)
[2019.12.03-22.53.18:826][488]LogModuleManager: Shutting down and abandoning module AllDesktopTargetPlatform (67)
[2019.12.03-22.53.18:826][488]LogModuleManager: Shutting down and abandoning module InputCore (64)
[2019.12.03-22.53.18:826][488]LogModuleManager: Shutting down and abandoning module Settings (62)
[2019.12.03-22.53.18:826][488]LogModuleManager: Shutting down and abandoning module PhysXCooking (60)
[2019.12.03-22.53.18:826][488]LogModuleManager: Shutting down and abandoning module SteamVR (58)
[2019.12.03-22.53.18:826][488]LogModuleManager: Shutting down and abandoning module OculusHMD (56)
[2019.12.03-22.53.18:845][488]LogModuleManager: Shutting down and abandoning module ExampleDeviceProfileSelector (54)
[2019.12.03-22.53.18:845][488]LogModuleManager: Shutting down and abandoning module AppleARKit (52)
[2019.12.03-22.53.18:845][488]LogModuleManager: Shutting down and abandoning module AugmentedReality (51)
[2019.12.03-22.53.18:845][488]LogModuleManager: Shutting down and abandoning module OnlineBlueprintSupport (48)
[2019.12.03-22.53.18:845][488]LogModuleManager: Shutting down and abandoning module OnlineSubsystem (44)
[2019.12.03-22.53.18:876][488]LogModuleManager: Shutting down and abandoning module XMPP (43)
[2019.12.03-22.53.18:904][488]LogModuleManager: Shutting down and abandoning module HTTP (41)
[2019.12.03-22.53.18:904][488]LogHttp: Display: Http module shutting down, but needs to wait on 1 outstanding Http requests:
[2019.12.03-22.53.18:904][488]LogHttp: Display: 	verb=[POST] url=[https://datarouter.ol.epicgames.com/datarouter/api/v1/public/data?SessionID=%7BB5372FA8-4189-FF6D-913D-1995053C01FA%7D&AppID=UEEditor.Rocket.Release&AppVersion=4.18.3-3832480%2B%2B%2BUE4%2BRelease-4.18&UserID=bd900e2149e04d3f6be73a82c8498a8e%7C504a56eacb094752a172dcccc7c138cb%7Caff4c873-7006-401f-b0d6-471a5a4e1842&AppEnvironment=datacollector-binary&UploadType=eteventstream] status=Processing
[2019.12.03-22.53.18:929][488]LogModuleManager: Shutting down and abandoning module SSL (40)
[2019.12.03-22.53.18:956][488]LogModuleManager: Shutting down and abandoning module AnimationModifiers (36)
[2019.12.03-22.53.18:966][488]LogModuleManager: Shutting down and abandoning module PropertyEditor (35)
[2019.12.03-22.53.18:966][488]LogModuleManager: Shutting down and abandoning module AudioEditor (32)
[2019.12.03-22.53.18:992][488]LogModuleManager: Shutting down and abandoning module TextureCompressor (30)
[2019.12.03-22.53.19:060][488]LogModuleManager: Shutting down and abandoning module ShaderCore (28)
[2019.12.03-22.53.19:060][488]LogModuleManager: Shutting down and abandoning module Landscape (26)
[2019.12.03-22.53.19:060][488]LogModuleManager: Shutting down and abandoning module SlateRHIRenderer (24)
[2019.12.03-22.53.19:077][488]LogModuleManager: Shutting down and abandoning module OpenGLDrv (22)
[2019.12.03-22.53.19:105][488]LogModuleManager: Shutting down and abandoning module D3D11RHI (20)
[2019.12.03-22.53.19:105][488]LogModuleManager: Shutting down and abandoning module AnimGraphRuntime (18)
[2019.12.03-22.53.19:105][488]LogModuleManager: Shutting down and abandoning module Renderer (16)
[2019.12.03-22.53.19:105][488]LogModuleManager: Shutting down and abandoning module Engine (14)
[2019.12.03-22.53.19:105][488]LogModuleManager: Shutting down and abandoning module CoreUObject (12)
[2019.12.03-22.53.19:105][488]LogModuleManager: Shutting down and abandoning module NetworkFile (10)
[2019.12.03-22.53.19:121][488]LogModuleManager: Shutting down and abandoning module CookedIterativeFile (8)
[2019.12.03-22.53.19:121][488]LogModuleManager: Shutting down and abandoning module StreamingFile (6)
[2019.12.03-22.53.19:131][488]LogModuleManager: Shutting down and abandoning module SandboxFile (4)
[2019.12.03-22.53.19:142][488]LogModuleManager: Shutting down and abandoning module PakFile (2)
[2019.12.03-22.53.19:184][488]LogExit: Exiting.
[2019.12.03-22.53.19:218][488]Log file closed, 12/03/19 17:53:19
