Log file open, 11/01/19 13:41:34
LogWindows: Failed to load 'aqProf.dll' (GetLastError=126)
LogWindows: File 'aqProf.dll' does not exist
LogWindows: Failed to load 'VSPerf140.dll' (GetLastError=126)
LogWindows: File 'VSPerf140.dll' does not exist
LogWindows: Failed to load 'VtuneApi.dll' (GetLastError=126)
LogWindows: File 'VtuneApi.dll' does not exist
LogWindows: Failed to load 'VtuneApi32e.dll' (GetLastError=126)
LogWindows: File 'VtuneApi32e.dll' does not exist
LogInit: Display: Running engine for game: SKnightPrototype_01
LogPlatformFile: Not using cached read wrapper
LogInit: Display: RandInit(-951203966) SRandInit(-951203966).
LogInit: Read version file with build ID '3709383'
LogInit: Overriding engine version to CL 3832480, compatible CL 3709383
LogInit: Registered custom module enumerator with build ID '3709383'
LogTaskGraph: Started task graph with 5 named threads and 14 total threads with 3 sets of task threads.
LogStats: Stats thread started at 2.328514
LogD3D11RHI: Aftermath initialized
LogModuleManager: Display: Found up-to-date module file ../../../Engine/Plugins/2D/Paper2D/Binaries/Win64/UE4Editor-Paper2D.dll (API version 3709383).
LogModuleManager: Display: Found up-to-date module file ../../../Engine/Plugins/2D/Paper2D/Binaries/Win64/UE4Editor-Paper2DEditor.dll (API version 3709383).
LogModuleManager: Display: Found up-to-date module file ../../../Engine/Plugins/2D/Paper2D/Binaries/Win64/UE4Editor-PaperSpriteSheetImporter.dll (API version 3709383).
LogModuleManager: Display: Found up-to-date module file ../../../Engine/Plugins/2D/Paper2D/Binaries/Win64/UE4Editor-PaperTiledImporter.dll (API version 3709383).
LogModuleManager: Display: Found up-to-date module file ../../../Engine/Plugins/2D/Paper2D/Binaries/Win64/UE4Editor-SmartSnapping.dll (API version 3709383).
LogModuleManager: Display: Found up-to-date module file ../../../Engine/Plugins/Blendables/LightPropagationVolume/Binaries/Win64/UE4Editor-LightPropagationVolumeRuntime.dll (API version 3709383).
LogModuleManager: Display: Found up-to-date module file ../../../Engine/Plugins/Blendables/LightPropagationVolume/Binaries/Win64/UE4Editor-LightPropagationVolumeEditor.dll (API version 3709383).
LogModuleManager: Display: Found up-to-date module file ../../../Engine/Plugins/Developer/GitSourceControl/Binaries/Win64/UE4Editor-GitSourceControl.dll (API version 3709383).
LogModuleManager: Display: Found up-to-date module file ../../../Engine/Plugins/Developer/PerforceSourceControl/Binaries/Win64/UE4Editor-PerforceSourceControl.dll (API version 3709383).
LogModuleManager: Display: Found up-to-date module file ../../../Engine/Plugins/Developer/SubversionSourceControl/Binaries/Win64/UE4Editor-SubversionSourceControl.dll (API version 3709383).
LogModuleManager: Display: Found up-to-date module file ../../../Engine/Plugins/Developer/UObjectPlugin/Binaries/Win64/UE4Editor-UObjectPlugin.dll (API version 3709383).
LogModuleManager: Display: Found up-to-date module file ../../../Engine/Plugins/Developer/VisualStudioCodeSourceCodeAccess/Binaries/Win64/UE4Editor-VisualStudioCodeSourceCodeAccess.dll (API version 3709383).
LogModuleManager: Display: Found up-to-date module file ../../../Engine/Plugins/Developer/VisualStudioSourceCodeAccess/Binaries/Win64/UE4Editor-VisualStudioSourceCodeAccess.dll (API version 3709383).
LogModuleManager: Display: Found up-to-date module file ../../../Engine/Plugins/Editor/AssetManagerEditor/Binaries/Win64/UE4Editor-AssetManagerEditor.dll (API version 3709383).
LogModuleManager: Display: Found up-to-date module file ../../../Engine/Plugins/Editor/AudioCapture/Binaries/Win64/UE4Editor-AudioCapture.dll (API version 3709383).
LogModuleManager: Display: Found up-to-date module file ../../../Engine/Plugins/Editor/FacialAnimation/Binaries/Win64/UE4Editor-FacialAnimation.dll (API version 3709383).
LogModuleManager: Display: Found up-to-date module file ../../../Engine/Plugins/Editor/FacialAnimation/Binaries/Win64/UE4Editor-FacialAnimationEditor.dll (API version 3709383).
LogModuleManager: Display: Found up-to-date module file ../../../Engine/Plugins/Editor/GameplayTagsEditor/Binaries/Win64/UE4Editor-GameplayTagsEditor.dll (API version 3709383).
LogModuleManager: Display: Found up-to-date module file ../../../Engine/Plugins/Editor/MobileLauncherProfileWizard/Binaries/Win64/UE4Editor-MobileLauncherProfileWizard.dll (API version 3709383).
LogModuleManager: Display: Found up-to-date module file ../../../Engine/Plugins/Editor/PluginBrowser/Binaries/Win64/UE4Editor-PluginBrowser.dll (API version 3709383).
LogModuleManager: Display: Found up-to-date module file ../../../Engine/Plugins/Editor/SpeedTreeImporter/Binaries/Win64/UE4Editor-SpeedTreeImporter.dll (API version 3709383).
LogModuleManager: Display: Found up-to-date module file ../../../Engine/Plugins/Experimental/AlembicImporter/Binaries/Win64/UE4Editor-AlembicImporter.dll (API version 3709383).
LogModuleManager: Display: Found up-to-date module file ../../../Engine/Plugins/Experimental/AlembicImporter/Binaries/Win64/UE4Editor-AlembicLibrary.dll (API version 3709383).
LogModuleManager: Display: Found up-to-date module file ../../../Engine/Plugins/Experimental/CharacterAI/Binaries/Win64/UE4Editor-CharacterAI.dll (API version 3709383).
LogModuleManager: Display: Found up-to-date module file ../../../Engine/Plugins/Experimental/HTML5Networking/Binaries/Win64/UE4Editor-HTML5Networking.dll (API version 3709383).
LogModuleManager: Display: Found up-to-date module file ../../../Engine/Plugins/Media/AndroidMedia/Binaries/Win64/UE4Editor-AndroidMediaEditor.dll (API version 3709383).
LogModuleManager: Display: Found up-to-date module file ../../../Engine/Plugins/Media/AndroidMedia/Binaries/Win64/UE4Editor-AndroidMediaFactory.dll (API version 3709383).
LogModuleManager: Display: Found up-to-date module file ../../../Engine/Plugins/Media/AvfMedia/Binaries/Win64/UE4Editor-AvfMediaEditor.dll (API version 3709383).
LogModuleManager: Display: Found up-to-date module file ../../../Engine/Plugins/Media/AvfMedia/Binaries/Win64/UE4Editor-AvfMediaFactory.dll (API version 3709383).
LogModuleManager: Display: Found up-to-date module file ../../../Engine/Plugins/Media/AvfMedia/Binaries/Win64/UE4Editor-AvfMediaFactory.dll (API version 3709383).
LogModuleManager: Display: Found up-to-date module file ../../../Engine/Plugins/Media/ImgMedia/Binaries/Win64/UE4Editor-ImgMedia.dll (API version 3709383).
LogModuleManager: Display: Found up-to-date module file ../../../Engine/Plugins/Media/ImgMedia/Binaries/Win64/UE4Editor-ImgMediaEditor.dll (API version 3709383).
LogModuleManager: Display: Found up-to-date module file ../../../Engine/Plugins/Media/ImgMedia/Binaries/Win64/UE4Editor-ImgMediaFactory.dll (API version 3709383).
LogModuleManager: Display: Found up-to-date module file ../../../Engine/Plugins/Media/ImgMedia/Binaries/Win64/UE4Editor-ImgMediaFactory.dll (API version 3709383).
LogModuleManager: Display: Found up-to-date module file ../../../Engine/Plugins/Media/ImgMedia/Binaries/Win64/UE4Editor-OpenExrWrapper.dll (API version 3709383).
LogModuleManager: Display: Found up-to-date module file ../../../Engine/Plugins/Media/MediaCompositing/Binaries/Win64/UE4Editor-MediaCompositing.dll (API version 3709383).
LogModuleManager: Display: Found up-to-date module file ../../../Engine/Plugins/Media/MediaCompositing/Binaries/Win64/UE4Editor-MediaCompositingEditor.dll (API version 3709383).
LogModuleManager: Display: Found up-to-date module file ../../../Engine/Plugins/Media/MediaPlayerEditor/Binaries/Win64/UE4Editor-MediaPlayerEditor.dll (API version 3709383).
LogModuleManager: Display: Found up-to-date module file ../../../Engine/Plugins/Media/WmfMedia/Binaries/Win64/UE4Editor-WmfMedia.dll (API version 3709383).
LogModuleManager: Display: Found up-to-date module file ../../../Engine/Plugins/Media/WmfMedia/Binaries/Win64/UE4Editor-WmfMediaEditor.dll (API version 3709383).
LogModuleManager: Display: Found up-to-date module file ../../../Engine/Plugins/Media/WmfMedia/Binaries/Win64/UE4Editor-WmfMediaFactory.dll (API version 3709383).
LogModuleManager: Display: Found up-to-date module file ../../../Engine/Plugins/Media/WmfMedia/Binaries/Win64/UE4Editor-WmfMediaFactory.dll (API version 3709383).
LogModuleManager: Display: Found up-to-date module file ../../../Engine/Plugins/Messaging/TcpMessaging/Binaries/Win64/UE4Editor-TcpMessaging.dll (API version 3709383).
LogModuleManager: Display: Found up-to-date module file ../../../Engine/Plugins/Messaging/UdpMessaging/Binaries/Win64/UE4Editor-UdpMessaging.dll (API version 3709383).
LogModuleManager: Display: Found up-to-date module file ../../../Engine/Plugins/MovieScene/ActorSequence/Binaries/Win64/UE4Editor-ActorSequence.dll (API version 3709383).
LogModuleManager: Display: Found up-to-date module file ../../../Engine/Plugins/MovieScene/LevelSequenceEditor/Binaries/Win64/UE4Editor-LevelSequenceEditor.dll (API version 3709383).
LogModuleManager: Display: Found up-to-date module file ../../../Engine/Plugins/MovieScene/MatineeToLevelSequence/Binaries/Win64/UE4Editor-MatineeToLevelSequence.dll (API version 3709383).
LogModuleManager: Display: Found up-to-date module file ../../../Engine/Plugins/Online/OnlineSubsystem/Binaries/Win64/UE4Editor-OnlineSubsystem.dll (API version 3709383).
LogModuleManager: Display: Found up-to-date module file ../../../Engine/Plugins/Runtime/AndroidPermission/Binaries/Win64/UE4Editor-AndroidPermission.dll (API version 3709383).
LogModuleManager: Display: Found up-to-date module file ../../../Engine/Plugins/Online/OnlineSubsystemNull/Binaries/Win64/UE4Editor-OnlineSubsystemNull.dll (API version 3709383).
LogModuleManager: Display: Found up-to-date module file ../../../Engine/Plugins/Online/OnlineSubsystemUtils/Binaries/Win64/UE4Editor-OnlineSubsystemUtils.dll (API version 3709383).
LogModuleManager: Display: Found up-to-date module file ../../../Engine/Plugins/Online/OnlineSubsystemUtils/Binaries/Win64/UE4Editor-OnlineBlueprintSupport.dll (API version 3709383).
LogModuleManager: Display: Found up-to-date module file ../../../Engine/Plugins/Runtime/AndroidDeviceProfileSelector/Binaries/Win64/UE4Editor-AndroidDeviceProfileSelector.dll (API version 3709383).
LogModuleManager: Display: Found up-to-date module file ../../../Engine/Plugins/Runtime/AppleARKit/Binaries/Win64/UE4Editor-AppleARKit.dll (API version 3709383).
LogModuleManager: Display: Found up-to-date module file ../../../Engine/Plugins/Runtime/ArchVisCharacter/Binaries/Win64/UE4Editor-ArchVisCharacter.dll (API version 3709383).
LogModuleManager: Display: Found up-to-date module file ../../../Engine/Plugins/Runtime/CableComponent/Binaries/Win64/UE4Editor-CableComponent.dll (API version 3709383).
LogModuleManager: Display: Found up-to-date module file ../../../Engine/Plugins/Runtime/CustomMeshComponent/Binaries/Win64/UE4Editor-CustomMeshComponent.dll (API version 3709383).
LogModuleManager: Display: Found up-to-date module file ../../../Engine/Plugins/Runtime/ExampleDeviceProfileSelector/Binaries/Win64/UE4Editor-ExampleDeviceProfileSelector.dll (API version 3709383).
LogModuleManager: Display: Found up-to-date module file ../../../Engine/Plugins/Runtime/ImmediatePhysics/Binaries/Win64/UE4Editor-ImmediatePhysics.dll (API version 3709383).
LogModuleManager: Display: Found up-to-date module file ../../../Engine/Plugins/Runtime/ImmediatePhysics/Binaries/Win64/UE4Editor-ImmediatePhysicsEditor.dll (API version 3709383).
LogModuleManager: Display: Found up-to-date module file ../../../Engine/Plugins/Runtime/LocationServicesBPLibrary/Binaries/Win64/UE4Editor-LocationServicesBPLibrary.dll (API version 3709383).
LogModuleManager: Display: Found up-to-date module file ../../../Engine/Plugins/Runtime/MobilePatchingUtils/Binaries/Win64/UE4Editor-MobilePatchingUtils.dll (API version 3709383).
LogModuleManager: Display: Found up-to-date module file ../../../Engine/Plugins/Runtime/Oculus/OculusVR/Binaries/Win64/UE4Editor-OculusHMD.dll (API version 3709383).
LogModuleManager: Display: Found up-to-date module file ../../../Engine/Plugins/Runtime/Oculus/OculusVR/Binaries/Win64/UE4Editor-OculusInput.dll (API version 3709383).
LogModuleManager: Display: Found up-to-date module file ../../../Engine/Plugins/Runtime/Oculus/OculusVR/Binaries/Win64/UE4Editor-OculusEditor.dll (API version 3709383).
LogModuleManager: Display: Found up-to-date module file ../../../Engine/Plugins/Runtime/PhysXVehicles/Binaries/Win64/UE4Editor-PhysXVehicles.dll (API version 3709383).
LogModuleManager: Display: Found up-to-date module file ../../../Engine/Plugins/Runtime/PhysXVehicles/Binaries/Win64/UE4Editor-PhysXVehiclesEditor.dll (API version 3709383).
LogModuleManager: Display: Found up-to-date module file ../../../Engine/Plugins/Runtime/ProceduralMeshComponent/Binaries/Win64/UE4Editor-ProceduralMeshComponent.dll (API version 3709383).
LogModuleManager: Display: Found up-to-date module file ../../../Engine/Plugins/Runtime/ProceduralMeshComponent/Binaries/Win64/UE4Editor-ProceduralMeshComponentEditor.dll (API version 3709383).
LogModuleManager: Display: Found up-to-date module file ../../../Engine/Plugins/Runtime/RuntimePhysXCooking/Binaries/Win64/UE4Editor-RuntimePhysXCooking.dll (API version 3709383).
LogModuleManager: Display: Found up-to-date module file ../../../Engine/Plugins/Runtime/Steam/SteamVR/Binaries/Win64/UE4Editor-SteamVR.dll (API version 3709383).
LogModuleManager: Display: Found up-to-date module file ../../../Engine/Plugins/Runtime/Steam/SteamVR/Binaries/Win64/UE4Editor-SteamVRController.dll (API version 3709383).
LogModuleManager: Display: Found up-to-date module file ../../../Engine/Plugins/Runtime/WindowsMoviePlayer/Binaries/Win64/UE4Editor-WindowsMoviePlayer.dll (API version 3709383).
LogPluginManager: Mounting plugin Paper2D
LogPluginManager: Mounting plugin LightPropagationVolume
LogPluginManager: Mounting plugin CodeLiteSourceCodeAccess
LogPluginManager: Mounting plugin GitSourceControl
LogPluginManager: Mounting plugin KDevelopSourceCodeAccess
LogPluginManager: Mounting plugin NullSourceCodeAccess
LogPluginManager: Mounting plugin PerforceSourceControl
LogPluginManager: Mounting plugin SubversionSourceControl
LogPluginManager: Mounting plugin UObjectPlugin
LogPluginManager: Mounting plugin VisualStudioCodeSourceCodeAccess
LogPluginManager: Mounting plugin VisualStudioSourceCodeAccess
LogPluginManager: Mounting plugin XCodeSourceCodeAccess
LogPluginManager: Mounting plugin AssetManagerEditor
LogPluginManager: Mounting plugin AudioCapture
LogPluginManager: Mounting plugin FacialAnimation
LogPluginManager: Mounting plugin GameplayTagsEditor
LogPluginManager: Mounting plugin MobileLauncherProfileWizard
LogPluginManager: Mounting plugin PluginBrowser
LogPluginManager: Mounting plugin SpeedTreeImporter
LogPluginManager: Mounting plugin AlembicImporter
LogPluginManager: Mounting plugin CharacterAI
LogPluginManager: Mounting plugin HTML5Networking
LogPluginManager: Mounting plugin AndroidMedia
LogPluginManager: Mounting plugin AvfMedia
LogPluginManager: Mounting plugin ImgMedia
LogPluginManager: Mounting plugin MediaCompositing
LogPluginManager: Mounting plugin MediaPlayerEditor
LogPluginManager: Mounting plugin WmfMedia
LogPluginManager: Mounting plugin TcpMessaging
LogPluginManager: Mounting plugin UdpMessaging
LogPluginManager: Mounting plugin ActorSequence
LogPluginManager: Mounting plugin LevelSequenceEditor
LogPluginManager: Mounting plugin MatineeToLevelSequence
LogPluginManager: Mounting plugin OnlineSubsystemGooglePlay
LogPluginManager: Mounting plugin OnlineSubsystemIOS
LogPluginManager: Mounting plugin OnlineSubsystem
LogPluginManager: Mounting plugin OnlineSubsystemNull
LogPluginManager: Mounting plugin OnlineSubsystemUtils
LogPluginManager: Mounting plugin AndroidDeviceProfileSelector
LogPluginManager: Mounting plugin AndroidMoviePlayer
LogPluginManager: Mounting plugin AndroidPermission
LogPluginManager: Mounting plugin AppleARKit
LogPluginManager: Mounting plugin AppleMoviePlayer
LogPluginManager: Mounting plugin ArchVisCharacter
LogPluginManager: Mounting plugin CableComponent
LogPluginManager: Mounting plugin CustomMeshComponent
LogPluginManager: Mounting plugin ExampleDeviceProfileSelector
LogPluginManager: Mounting plugin GoogleCloudMessaging
LogPluginManager: Mounting plugin ImmediatePhysics
LogPluginManager: Mounting plugin IOSDeviceProfileSelector
LogPluginManager: Mounting plugin LinuxDeviceProfileSelector
LogPluginManager: Mounting plugin LocationServicesBPLibrary
LogPluginManager: Mounting plugin MobilePatchingUtils
LogPluginManager: Mounting plugin OculusVR
LogPluginManager: Plugin shader directory ../../../Engine/Plugins/Runtime/Oculus/OculusVR/Shaders found
LogPluginManager: Mapping shader source directory ../../../Engine/Plugins/Runtime/Oculus/OculusVR/Shaders to virtual directory /Plugin/OculusVR
LogPluginManager: Mounting plugin PhysXVehicles
LogPluginManager: Mounting plugin ProceduralMeshComponent
LogPluginManager: Mounting plugin RuntimePhysXCooking
LogPluginManager: Mounting plugin SteamVR
LogPluginManager: Mounting plugin WindowsMoviePlayer
LogInit: Using libcurl 7.47.1
LogInit:  - built for x86_64-pc-win32
LogInit:  - supports SSL with OpenSSL/1.0.2g
LogInit:  - supports HTTP deflate (compression) using libz 1.2.8
LogInit:  - other features:
LogInit:      CURL_VERSION_SSL
LogInit:      CURL_VERSION_LIBZ
LogInit:      CURL_VERSION_IPV6
LogInit:      CURL_VERSION_ASYNCHDNS
LogInit:      CURL_VERSION_LARGEFILE
LogInit:      CURL_VERSION_IDN
LogInit:  CurlRequestOptions (configurable via config and command line):
LogInit:  - bVerifyPeer = false  - Libcurl will NOT verify peer certificate
LogInit:  - bUseHttpProxy = false  - Libcurl will NOT use HTTP proxy
LogInit:  - bDontReuseConnections = false  - Libcurl will reuse connections
LogInit:  - CertBundlePath = nullptr  - Libcurl will use whatever was configured at build time.
LogInit: Build: ++UE4+Release-4.18-CL-3832480
LogInit: Engine Version: 4.18.3-3832480+++UE4+Release-4.18
LogInit: Compatible Engine Version: 4.18.0-3709383+++UE4+Release-4.18
LogInit: Net CL: 3709383
LogDevObjectVersion: Number of dev versions registered: 16
LogDevObjectVersion:   Dev-Blueprints (B0D832E4-1F89-4F0D-ACCF-7EB736FD4AA2): 10
LogDevObjectVersion:   Dev-Build (E1C64328-A22C-4D53-A36C-8E866417BD8C): 0
LogDevObjectVersion:   Dev-Core (375EC13C-06E4-48FB-B500-84F0262A717E): 2
LogDevObjectVersion:   Dev-Editor (E4B068ED-F494-42E9-A231-DA0B2E46BB41): 20
LogDevObjectVersion:   Dev-Framework (CFFC743F-43B0-4480-9391-14DF171D2073): 30
LogDevObjectVersion:   Dev-Mobile (B02B49B5-BB20-44E9-A304-32B752E40360): 0
LogDevObjectVersion:   Dev-Networking (A4E4105C-59A1-49B5-A7C5-40C4547EDFEE): 0
LogDevObjectVersion:   Dev-Online (39C831C9-5AE6-47DC-9A44-9C173E1C8E7C): 0
LogDevObjectVersion:   Dev-Physics (78F01B33-EBEA-4F98-B9B4-84EACCB95AA2): 0
LogDevObjectVersion:   Dev-Platform (6631380F-2D4D-43E0-8009-CF276956A95A): 0
LogDevObjectVersion:   Dev-Rendering (12F88B9F-8875-4AFC-A67C-D90C383ABD29): 20
LogDevObjectVersion:   Dev-Sequencer (7B5AE74C-D270-4C10-A958-57980B212A5A): 4
LogDevObjectVersion:   Dev-VR (D7296918-1DD6-4BDD-9DE2-64A83CC13884): 0
LogDevObjectVersion:   Dev-LoadTimes (C2A15278-BFE7-4AFE-6C17-90FF531DF755): 1
LogDevObjectVersion:   Private-Geometry (6EACA3D4-40EC-4CC1-B786-8BED09428FC5): 1
LogDevObjectVersion:   Dev-AnimPhys (29E575DD-E0A3-4627-9D10-D276232CDCEA): 12
LogInit: Compiled (64-bit): Jan 12 2018 02:04:55
LogInit: Compiled with Visual C++: 19.00.24215.01
LogInit: Build Configuration: Development
LogInit: Branch Name: ++UE4+Release-4.18
LogInit: Command line:  
LogInit: Base directory: D:/Program Files (x86)/UE_4.18/Engine/Binaries/Win64/
LogInit: Installed Engine Build: 1
LogInit: Presizing for max 8388607 objects, including 0 objects not considered by GC, pre-allocating 0 bytes for permanent pool.
LogInit: Object subsystem initialized
[2019.11.01-17.41.49:815][  0]LogInit: Selected Device Profile: [Windows]
[2019.11.01-17.41.49:815][  0]LogInit: Applying CVar settings loaded from the selected device profile: [Windows]
[2019.11.01-17.41.49:966][  0]LogInit: Computer: DESKTOP-EEGEEHC
[2019.11.01-17.41.49:967][  0]LogInit: User: ChristopherP
[2019.11.01-17.41.49:967][  0]LogInit: CPU Page size=4096, Cores=4
[2019.11.01-17.41.49:967][  0]LogInit: High frequency timer resolution =10.000000 MHz
[2019.11.01-17.41.49:967][  0]LogMemory: Memory total: Physical=7.9GB (8GB approx)
[2019.11.01-17.41.49:967][  0]LogMemory: Platform Memory Stats for Windows
[2019.11.01-17.41.49:967][  0]LogMemory: Process Physical Memory: 272.09 MB used, 272.09 MB peak
[2019.11.01-17.41.49:967][  0]LogMemory: Process Virtual Memory: 263.76 MB used, 263.76 MB peak
[2019.11.01-17.41.49:967][  0]LogMemory: Physical Memory: 6280.65 MB used,  1851.22 MB free, 8131.87 MB total
[2019.11.01-17.41.49:967][  0]LogMemory: Virtual Memory: 4742.16 MB used,  1851.22 MB free, 134217728.00 MB total
[2019.11.01-17.42.04:298][  0]LogInit: Using OS detected language (en-US).
[2019.11.01-17.42.04:298][  0]LogInit: Using OS detected locale (en-US).
[2019.11.01-17.42.05:009][  0]LogTextLocalizationManager: No specific localization for 'en-US' exists, so the 'en' localization will be used.
[2019.11.01-17.42.09:444][  0]LogInit: Setting process to per monitor DPI aware
[2019.11.01-17.42.16:263][  0]LogD3D11RHI: D3D11 adapters:
[2019.11.01-17.42.16:477][  0]LogD3D11RHI:    0. 'NVIDIA GeForce GTX 1070' (Feature Level 11_0)
[2019.11.01-17.42.16:477][  0]LogD3D11RHI:       8088/0/4065 MB DedicatedVideo/DedicatedSystem/SharedSystem, Outputs:2, VendorId:0x10de
[2019.11.01-17.42.16:487][  0]LogD3D11RHI:    1. 'Microsoft Basic Render Driver' (Feature Level 11_0)
[2019.11.01-17.42.16:487][  0]LogD3D11RHI:       0/0/4065 MB DedicatedVideo/DedicatedSystem/SharedSystem, Outputs:0, VendorId:0x1414
[2019.11.01-17.42.16:487][  0]LogD3D11RHI: Chosen D3D11 Adapter: 0
[2019.11.01-17.42.16:548][  0]LogD3D11RHI: Creating new Direct3DDevice
[2019.11.01-17.42.16:548][  0]LogD3D11RHI:     GPU DeviceId: 0x1b81 (for the marketing name, search the web for "GPU Device Id")
[2019.11.01-17.42.16:549][  0]LogWindows: EnumDisplayDevices:
[2019.11.01-17.42.16:549][  0]LogWindows:    0. 'NVIDIA GeForce GTX 1070' (P:1 D:1)
[2019.11.01-17.42.16:549][  0]LogWindows:    1. 'NVIDIA GeForce GTX 1070' (P:0 D:1)
[2019.11.01-17.42.16:549][  0]LogWindows:    2. 'NVIDIA GeForce GTX 1070' (P:0 D:0)
[2019.11.01-17.42.16:550][  0]LogWindows:    3. 'NVIDIA GeForce GTX 1070' (P:0 D:0)
[2019.11.01-17.42.16:550][  0]LogWindows: DebugString: GetVideoDriverDetailsInvalid PrimaryIsNotTheChoosenAdapter GetVideoDriverDetailsInvalid PrimaryIsNotTheChoosenAdapter GetVideoDriverDetailsInvalid PrimaryIsNotTheChoosenAdapter GetVideoDriverDetailsInvalid PrimaryIsNotTheChoosenAdapter FoundDriverCount:0 
[2019.11.01-17.42.16:550][  0]LogD3D11RHI:     Adapter Name: NVIDIA GeForce GTX 1070
[2019.11.01-17.42.16:550][  0]LogD3D11RHI:   Driver Version: Unknown (internal:Unknown, unified:Unknown)
[2019.11.01-17.42.16:550][  0]LogD3D11RHI:      Driver Date: Unknown
[2019.11.01-17.42.16:550][  0]LogRHI: Texture pool is 5661 MB (70% of 8088 MB)
[2019.11.01-17.42.16:707][  0]LogD3D11RHI: Async texture creation enabled
[2019.11.01-17.42.17:118][  0]LogD3D11RHI: GPU Timing Frequency: 1000.000000 (Debug: 2 1)
[2019.11.01-17.42.17:277][  0]LogShaderCompilers: Guid format shader working directory is -18 characters bigger than the processId version (../../../../../GitKrakenRepo/SugarKnight_SaltySour/SKnightPrototype_01/Intermediate/Shaders/WorkingDirectory/13568/).
[2019.11.01-17.42.17:277][  0]LogShaderCompilers: Cleaned the shader compiler working directory 'C:/Users/ChristopherP/AppData/Local/Temp/UnrealShaderWorkingDir/1C02F0114400CC5481C9B49FF8302121/'.
[2019.11.01-17.42.17:305][  0]LogShaderCompilers: Display: Using Local Shader Compiler.
[2019.11.01-17.42.25:095][  0]LogTemp: Display: Loaded TP AllDesktopTargetPlatform
[2019.11.01-17.42.25:416][  0]LogTemp: Display: Loaded TP MacClientTargetPlatform
[2019.11.01-17.42.25:736][  0]LogTemp: Display: Loaded TP MacNoEditorTargetPlatform
[2019.11.01-17.42.26:053][  0]LogTemp: Display: Loaded TP MacServerTargetPlatform
[2019.11.01-17.42.26:400][  0]LogTemp: Display: Loaded TP MacTargetPlatform
[2019.11.01-17.42.26:723][  0]LogTemp: Display: Loaded TP WindowsClientTargetPlatform
[2019.11.01-17.42.27:061][  0]LogTemp: Display: Loaded TP WindowsNoEditorTargetPlatform
[2019.11.01-17.42.27:384][  0]LogTemp: Display: Loaded TP WindowsServerTargetPlatform
[2019.11.01-17.42.27:684][  0]LogTemp: Display: Loaded TP WindowsTargetPlatform
[2019.11.01-17.42.27:997][  0]LogTemp: Display: Loaded TP Android_ASTCTargetPlatform
[2019.11.01-17.42.28:341][  0]LogTemp: Display: Loaded TP Android_ATCTargetPlatform
[2019.11.01-17.42.28:653][  0]LogTemp: Display: Loaded TP Android_DXTTargetPlatform
[2019.11.01-17.42.28:966][  0]LogTemp: Display: Loaded TP Android_ETC1TargetPlatform
[2019.11.01-17.42.29:292][  0]LogTemp: Display: Loaded TP Android_ETC2TargetPlatform
[2019.11.01-17.42.29:918][  0]LogTemp: Display: Loaded TP Android_MultiTargetPlatform
[2019.11.01-17.42.29:918][  0]LogTemp: Display: Loaded TP Android_PVRTCTargetPlatform
[2019.11.01-17.42.30:267][  0]LogTemp: Display: Loaded TP AndroidTargetPlatform
[2019.11.01-17.42.30:585][  0]LogTemp: Display: Loaded TP HTML5TargetPlatform
[2019.11.01-17.42.31:111][  0]LogTemp: Display: Loaded TP IOSTargetPlatform
[2019.11.01-17.42.31:285][  0]LogTemp: Display: Loaded TP TVOSTargetPlatform
[2019.11.01-17.42.31:638][  0]LogTemp: Display: Loaded TP LinuxClientTargetPlatform
[2019.11.01-17.42.31:969][  0]LogTemp: Display: Loaded TP LinuxNoEditorTargetPlatform
[2019.11.01-17.42.32:295][  0]LogTemp: Display: Loaded TP LinuxServerTargetPlatform
[2019.11.01-17.42.32:667][  0]LogTemp: Display: Loaded TP LinuxTargetPlatform
[2019.11.01-17.42.32:667][  0]LogTargetPlatformManager: Display: Building Assets For Windows
[2019.11.01-17.42.36:827][  0]LogDerivedDataCache: Display: Max Cache Size: 512 MB
[2019.11.01-17.42.37:800][  0]LogDerivedDataCache: Loaded boot cache 0.96s 78MB C:/Users/ChristopherP/AppData/Local/UnrealEngine/4.18/DerivedDataCache/Boot.ddc.
[2019.11.01-17.42.37:800][  0]LogDerivedDataCache: Display: Loaded Boot cache: C:/Users/ChristopherP/AppData/Local/UnrealEngine/4.18/DerivedDataCache/Boot.ddc
[2019.11.01-17.42.37:800][  0]LogDerivedDataCache: FDerivedDataBackendGraph:  Pak pak cache file ../../../../../GitKrakenRepo/SugarKnight_SaltySour/SKnightPrototype_01/DerivedDataCache/DDC.ddp not found, will not use a pak cache.
[2019.11.01-17.42.37:800][  0]LogDerivedDataCache: Unable to find inner node Pak for hierarchical cache Hierarchy.
[2019.11.01-17.42.37:800][  0]LogDerivedDataCache: FDerivedDataBackendGraph:  CompressedPak pak cache file ../../../../../GitKrakenRepo/SugarKnight_SaltySour/SKnightPrototype_01/DerivedDataCache/Compressed.ddp not found, will not use a pak cache.
[2019.11.01-17.42.37:800][  0]LogDerivedDataCache: Unable to find inner node CompressedPak for hierarchical cache Hierarchy.
[2019.11.01-17.42.37:890][  0]LogDerivedDataCache: Display: Pak cache opened for reading ../../../Engine/DerivedDataCache/Compressed.ddp.
[2019.11.01-17.42.37:904][  0]LogDerivedDataCache: Using Local data cache path C:/Users/ChristopherP/AppData/Local/UnrealEngine/Common/DerivedDataCache: Writable
[2019.11.01-17.42.37:940][  0]LogMaterial: Verifying Global Shaders for PCD3D_SM5
[2019.11.01-17.42.37:964][  0]LogSlate: Using Freetype 2.6.0
[2019.11.01-17.42.38:052][  0]LogSlate: SlateFontCache - WITH_FREETYPE: 1, WITH_HARFBUZZ: 1
[2019.11.01-17.42.38:052][  0]LogSlate: SlateFontCache - WITH_FREETYPE: 1, WITH_HARFBUZZ: 1
[2019.11.01-17.42.43:799][  0]LogInit: Selected Device Profile: [Windows]
[2019.11.01-17.42.46:342][  0]LogSimplygon: Simplygon DLL not present - disabling.
[2019.11.01-17.42.46:681][  0]LogMeshReduction: Using SimplygonSwarm for distributed automatic mesh merging
[2019.11.01-17.42.46:681][  0]LogMeshReduction: Using QuadricMeshReduction for automatic static mesh reduction
[2019.11.01-17.42.46:681][  0]LogMeshReduction: No automatic skeletal mesh reduction module available
[2019.11.01-17.42.46:681][  0]LogMeshReduction: No automatic mesh merging module available
[2019.11.01-17.42.46:681][  0]LogMeshMerging: No automatic mesh merging module available
[2019.11.01-17.42.47:030][  0]LogNetVersion: SKnightPrototype_01 , NetCL: 3709383, EngineNetVer: 2, GameNetVer: 0 (Checksum: 431312611)
[2019.11.01-17.42.48:266][  0]LogAssetRegistry: FAssetRegistry took 0.0312 seconds to start up
[2019.11.01-17.42.54:568][  0]LogPackageLocalizationCache: Processed 7 localized package path(s) for 2 prioritized culture(s) in 0.158425 seconds
[2019.11.01-17.42.54:578][  0]LogUObjectArray: 35870 objects as part of root set at end of initial load.
[2019.11.01-17.42.54:578][  0]LogUObjectAllocator: 7363704 out of 0 bytes used by permanent object pool.
[2019.11.01-17.42.54:578][  0]LogUObjectArray: CloseDisregardForGC: 0/0 objects in disregard for GC pool
[2019.11.01-17.42.55:027][  0]LogInit: WinSock: version 1.1 (2.2), MaxSocks=32767, MaxUdp=65467
[2019.11.01-17.43.33:458][  0]LogTcpMessaging: Initializing TcpMessaging bridge
[2019.11.01-17.43.33:820][  0]LogUdpMessaging: Initializing bridge on interface 0.0.0.0:0 to multicast group 230.0.0.1:6666.
[2019.11.01-17.43.39:294][  0]LogMaterial: Uniform references updated for custom material expression Custom.
[2019.11.01-17.43.42:419][  0]SourceControl: Source control is disabled
[2019.11.01-17.43.42:420][  0]SourceControl: Source control is disabled
[2019.11.01-17.43.42:821][  0]SourceControl: Source control is disabled
[2019.11.01-17.43.43:226][  0]SourceControl: Source control is disabled
[2019.11.01-17.43.50:183][  0]LogAndroidPermission: UAndroidPermissionCallbackProxy::GetInstance
[2019.11.01-17.43.52:257][  0]LogOcInput: OculusInput pre-init called
[2019.11.01-17.43.54:577][  0]LogEngine: Initializing Engine...
[2019.11.01-17.43.54:646][  0]LogHMD: Failed to initialize OpenVR with code 110
[2019.11.01-17.43.56:804][  0]LogStats: UGameplayTagsManager::ConstructGameplayTagTree: Construct from data asset -  0.000 s
[2019.11.01-17.43.56:805][  0]LogStats: UGameplayTagsManager::ConstructGameplayTagTree: GameplayTagTreeChangedEvent.Broadcast -  0.000 s
[2019.11.01-17.43.59:287][  0]LogAIModule: Creating AISystem for world Untitled
[2019.11.01-17.43.59:586][  0]LogInit: XAudio2 using 'Speakers (Realtek High Definition Audio)' : 2 channels at 48 kHz using 32 bits per sample (channel mask 0x3)
[2019.11.01-17.43.59:791][  0]LogInit: FAudioDevice initialized.
[2019.11.01-17.43.59:982][  0]LogDerivedDataCache: Saved boot cache 0.19s 78MB C:/Users/ChristopherP/AppData/Local/UnrealEngine/4.18/DerivedDataCache/Boot.ddc.
[2019.11.01-17.44.00:005][  0]LogInit: Texture streaming: Enabled
[2019.11.01-17.44.01:042][  0]LogEngineSessionManager: EngineSessionManager initialized
[2019.11.01-17.44.02:467][  0]LogInit: Transaction tracking system initialized
[2019.11.01-17.44.05:283][  0]BlueprintLog: New page: Editor Load
[2019.11.01-17.44.13:321][  0]LocalizationService: Localization service is disabled
[2019.11.01-17.44.19:244][  0]LogConsoleResponse: Display: 
[2019.11.01-17.44.22:001][  0]LogFileCache: Scanning file cache for directory 'D:/GitKrakenRepo/SugarKnight_SaltySour/SKnightPrototype_01/Content/' took 0.05s
[2019.11.01-17.44.22:002][  0]LogCook: Display: Max memory allowance for cook 16384mb min free memory 0mb
[2019.11.01-17.44.22:049][  0]LogCook: Display: Mobile HDR setting 1
[2019.11.01-17.44.22:049][  0]LogGameplayTags: Display: UGameplayTagsManager::DoneAddingNativeTags. DelegateIsBound: 0
[2019.11.01-17.44.34:958][  0]SourceControl: Source control is disabled
[2019.11.01-17.44.34:987][  0]Cmd: MAP LOAD FILE="../../../../../GitKrakenRepo/SugarKnight_SaltySour/SKnightPrototype_01/Content/SideScrollerBP/Maps/SideScrollerExampleMap.umap" TEMPLATE=0 SHOWPROGRESS=1 FEATURELEVEL=3
[2019.11.01-17.44.34:993][  0]LightingResults: New page: Lighting Build
[2019.11.01-17.44.35:394][  0]MapCheck: New page: Map Check
[2019.11.01-17.44.35:395][  0]LightingResults: New page: Lighting Build
[2019.11.01-17.44.40:890][  0]LogAIModule: Creating AISystem for world SideScrollerExampleMap
[2019.11.01-17.44.41:103][  0]LogScript: Warning: Accessed None trying to read property Kane
	Kane_AnimBP_C /Game/SideScrollerBP/Maps/SideScrollerExampleMap.SideScrollerExampleMap:PersistentLevel.SideScrollerCharacter_78.CharacterMesh0.Kane_AnimBP_C_0
	Function /Game/Characters/Kane/Animations/Kane_AnimBP.Kane_AnimBP_C:ExecuteUbergraph_Kane_AnimBP:045E
[2019.11.01-17.44.41:251][  0]LogEditorServer: Finished looking for orphan Actors (0.000 secs)
[2019.11.01-17.44.41:377][  0]Cmd: MAP CHECKDEP NOCLEARLOG
[2019.11.01-17.44.41:638][  0]MapCheck: Map check complete: 0 Error(s), 0 Warning(s), took 241.669ms to complete.
[2019.11.01-17.44.41:638][  0]LogFileHelpers: Loading map 'SideScrollerExampleMap' took 6.654
[2019.11.01-17.44.43:335][  0]LogCollectionManager: Loaded 0 collections in 0.002875 seconds
[2019.11.01-17.44.43:709][  0]LogFileCache: Scanning file cache for directory 'D:/GitKrakenRepo/SugarKnight_SaltySour/SKnightPrototype_01/Saved/Collections/' took 0.01s
[2019.11.01-17.44.43:709][  0]LogFileCache: Scanning file cache for directory 'D:/GitKrakenRepo/SugarKnight_SaltySour/SKnightPrototype_01/Content/Developers/ChristopherP/Collections/' took 0.01s
[2019.11.01-17.44.43:710][  0]LogFileCache: Scanning file cache for directory 'D:/GitKrakenRepo/SugarKnight_SaltySour/SKnightPrototype_01/Content/Collections/' took 0.01s
[2019.11.01-17.44.43:710][  0]LogCollectionManager: Rebuilt the GUID cache for 0 collections in 0.000000 seconds
[2019.11.01-17.44.43:722][  0]LogContentBrowser: Native class hierarchy populated in 0.0105 seconds. Added 2363 classes and 519 folders.
[2019.11.01-17.44.44:299][  0]LogContentBrowser: Native class hierarchy updated for 'WidgetCarousel' in 0.0004 seconds. Added 0 classes and 0 folders.
[2019.11.01-17.44.45:784][  0]LogContentBrowser: Native class hierarchy updated for 'AddContentDialog' in 0.0005 seconds. Added 0 classes and 0 folders.
[2019.11.01-17.44.46:201][  0]LogContentBrowser: Native class hierarchy updated for 'SceneOutliner' in 0.0005 seconds. Added 1 classes and 2 folders.
[2019.11.01-17.44.46:530][  0]LogSlate: Took 0.016220 seconds to synchronously load lazily loaded font '../../../Engine/Content/Slate/Fonts/Roboto-Regular.ttf' (155K)
[2019.11.01-17.44.46:539][  0]LogSlate: Took 0.007071 seconds to synchronously load lazily loaded font '../../../Engine/Content/Slate/Fonts/Roboto-Bold.ttf' (160K)
[2019.11.01-17.44.46:587][  0]LogSlate: Took 0.007609 seconds to synchronously load lazily loaded font '../../../Engine/Content/Editor/Slate/Fonts/FontAwesome.ttf' (139K)
[2019.11.01-17.44.47:013][  0]LogRenderer: Reallocating scene render targets to support 1128x636 Format 10 NumSamples 1 (Frame:1).
[2019.11.01-17.44.47:656][  0]LogContentBrowser: Native class hierarchy updated for 'HierarchicalLODOutliner' in 0.0005 seconds. Added 1 classes and 2 folders.
[2019.11.01-17.44.47:656][  0]LogLoad: (Engine Initialization) Total time: 204.00 seconds
[2019.11.01-17.44.47:656][  0]LogLoad: (Engine Initialization) Total Blueprint compile time: 0.00 seconds
[2019.11.01-17.44.47:670][  0]LogExternalProfiler: No external profilers were discovered.  External profiling features will not be available.
[2019.11.01-17.44.48:126][  0]LogContentStreaming: Texture pool size now 1000 MB
[2019.11.01-17.44.48:342][  0]LogSlate: Took 0.017618 seconds to synchronously load lazily loaded font '../../../Engine/Content/Slate/Fonts/Roboto-Light.ttf' (159K)
[2019.11.01-17.44.48:860][  2]LogAssetRegistry: Asset discovery search completed in 120.6175 seconds
[2019.11.01-17.44.48:888][  2]LogCollectionManager: Rebuilt the object cache for 0 collections in 0.000001 seconds (found 0 objects)
[2019.11.01-17.44.48:902][  2]LogCollectionManager: Fixed up redirectors for 0 collections in 0.018131 seconds (updated 0 objects)
[2019.11.01-17.44.49:179][  3]LogScript: Warning: Accessed None trying to read property Kane
	Kane_AnimBP_C /Engine/Transient.World_2:PersistentLevel.SideScrollerCharacter_C_0.CharacterMesh0.Kane_AnimBP_C_0
	Function /Game/Characters/Kane/Animations/Kane_AnimBP.Kane_AnimBP_C:ExecuteUbergraph_Kane_AnimBP:045E
[2019.11.01-18.15.26:919][ 20]LogEditorViewport: Clicking on Actor (LMB): TargetPoint (TargetPoint2)
[2019.11.01-18.33.36:871][340]LogSlate: Took 0.000396 seconds to synchronously load lazily loaded font '../../../Engine/Content/Slate/Fonts/Roboto-Light.ttf' (159K)
[2019.11.01-18.33.37:598][340]LogSlate: Took 0.000298 seconds to synchronously load lazily loaded font '../../../Engine/Content/Slate/Fonts/Roboto-Regular.ttf' (155K)
[2019.11.01-18.33.38:098][340]LogContentBrowser: Native class hierarchy updated for 'BlueprintGraph' in 0.0183 seconds. Added 116 classes and 0 folders.
[2019.11.01-18.33.40:378][340]LogSlate: Took 0.023131 seconds to synchronously load lazily loaded font '../../../Engine/Content/Editor/Slate/Fonts/Roboto-BoldCondensed.ttf' (158K)
[2019.11.01-18.33.40:883][341]LogSlate: Took 0.016320 seconds to synchronously load lazily loaded font '../../../Engine/Content/Editor/Slate/Fonts/Roboto-Italic.ttf' (157K)
[2019.11.01-18.33.56:656][378]LogSlate: Took 0.000393 seconds to synchronously load lazily loaded font '../../../Engine/Content/Slate/Fonts/Roboto-Light.ttf' (159K)
[2019.11.01-18.34.26:050][332]LogTemp: Repeating last play command: New Editor Window (PIE)
[2019.11.01-18.34.26:237][332]LogBlueprintUserMessages: Early PlayInEditor Detection: Level '/Game/SideScrollerBP/Maps/SideScrollerExampleMap.SideScrollerExampleMap:PersistentLevel' has LevelScriptBlueprint '/Game/SideScrollerBP/Maps/SideScrollerExampleMap.SideScrollerExampleMap:PersistentLevel.SideScrollerExampleMap' with GeneratedClass '/Game/SideScrollerBP/Maps/SideScrollerExampleMap.SideScrollerExampleMap_C' with ClassGeneratedBy '/Game/SideScrollerBP/Maps/SideScrollerExampleMap.SideScrollerExampleMap:PersistentLevel.SideScrollerExampleMap'
[2019.11.01-18.34.26:274][332]LogPlayLevel: PlayLevel: No blueprints needed recompiling
[2019.11.01-18.34.26:363][332]PIE: New page: PIE session: SideScrollerExampleMap (Nov 1, 2019, 10:34:26 AM)
[2019.11.01-18.34.26:375][332]LogPlayLevel: Creating play world package: /Game/SideScrollerBP/Maps/UEDPIE_0_SideScrollerExampleMap
[2019.11.01-18.34.26:534][332]LogPlayLevel: PIE: StaticDuplicateObject took: (0.158764s)
[2019.11.01-18.34.26:535][332]LogAIModule: Creating AISystem for world SideScrollerExampleMap
[2019.11.01-18.34.26:544][332]LogPlayLevel: PIE: World Init took: (0.009764s)
[2019.11.01-18.34.26:557][332]LogPlayLevel: PIE: Created PIE world by copying editor world from /Game/SideScrollerBP/Maps/SideScrollerExampleMap.SideScrollerExampleMap to /Game/SideScrollerBP/Maps/UEDPIE_0_SideScrollerExampleMap.SideScrollerExampleMap (0.181532s)
[2019.11.01-18.34.26:758][332]LogInit: XAudio2 using 'Speakers (Realtek High Definition Audio)' : 2 channels at 48 kHz using 32 bits per sample (channel mask 0x3)
[2019.11.01-18.34.26:804][332]LogInit: FAudioDevice initialized.
[2019.11.01-18.34.26:926][332]LogLoad: Game class is 'SideScrollerGameMode_C'
[2019.11.01-18.34.27:048][332]LogScript: Warning: Accessed None trying to read property Kane
	Kane_AnimBP_C /Game/SideScrollerBP/Maps/UEDPIE_0_SideScrollerExampleMap.SideScrollerExampleMap:PersistentLevel.SideScrollerCharacter_78.CharacterMesh0.Kane_AnimBP_C_0
	Function /Game/Characters/Kane/Animations/Kane_AnimBP.Kane_AnimBP_C:ExecuteUbergraph_Kane_AnimBP:045E
[2019.11.01-18.34.27:048][332]PIE: Error: Blueprint Runtime Error: Accessed None trying to read property Kane from function: 'ExecuteUbergraph_Kane_AnimBP' from node: Result in graph: Transition in object: Kane_AnimBP with description: Accessed None trying to read property Kane
[2019.11.01-18.34.27:050][332]LogWorld: Bringing World /Game/SideScrollerBP/Maps/UEDPIE_0_SideScrollerExampleMap.SideScrollerExampleMap up for play (max tick rate 0) at 2019.11.01-14.34.27
[2019.11.01-18.34.27:183][332]LogWorld: Bringing up level for play took: 0.146788
[2019.11.01-18.34.27:506][332]LogContentBrowser: Native class hierarchy updated for 'MovieSceneCapture' in 0.0005 seconds. Added 11 classes and 0 folders.
[2019.11.01-18.34.27:595][332]PIE: Play in editor start time for /Game/SideScrollerBP/Maps/UEDPIE_0_SideScrollerExampleMap 2.356
[2019.11.01-18.34.27:597][332]LogBlueprintUserMessages: Late PlayInEditor Detection: Level '/Game/SideScrollerBP/Maps/SideScrollerExampleMap.SideScrollerExampleMap:PersistentLevel' has LevelScriptBlueprint '/Game/SideScrollerBP/Maps/SideScrollerExampleMap.SideScrollerExampleMap:PersistentLevel.SideScrollerExampleMap' with GeneratedClass '/Game/SideScrollerBP/Maps/SideScrollerExampleMap.SideScrollerExampleMap_C' with ClassGeneratedBy '/Game/SideScrollerBP/Maps/SideScrollerExampleMap.SideScrollerExampleMap:PersistentLevel.SideScrollerExampleMap'
[2019.11.01-18.34.27:801][332]LogRenderer: Reallocating scene render targets to support 1292x756 Format 10 NumSamples 1 (Frame:1).
[2019.11.01-18.34.35:981][829]LogBlueprintUserMessages: Early EndPlayMap Detection: Level '/Game/SideScrollerBP/Maps/SideScrollerExampleMap.SideScrollerExampleMap:PersistentLevel' has LevelScriptBlueprint '/Game/SideScrollerBP/Maps/SideScrollerExampleMap.SideScrollerExampleMap:PersistentLevel.SideScrollerExampleMap' with GeneratedClass '/Game/SideScrollerBP/Maps/SideScrollerExampleMap.SideScrollerExampleMap_C' with ClassGeneratedBy '/Game/SideScrollerBP/Maps/SideScrollerExampleMap.SideScrollerExampleMap:PersistentLevel.SideScrollerExampleMap'
[2019.11.01-18.34.36:294][829]LogBlueprintUserMessages: Late EndPlayMap Detection: Level '/Game/SideScrollerBP/Maps/SideScrollerExampleMap.SideScrollerExampleMap:PersistentLevel' has LevelScriptBlueprint '/Game/SideScrollerBP/Maps/SideScrollerExampleMap.SideScrollerExampleMap:PersistentLevel.SideScrollerExampleMap' with GeneratedClass '/Game/SideScrollerBP/Maps/SideScrollerExampleMap.SideScrollerExampleMap_C' with ClassGeneratedBy '/Game/SideScrollerBP/Maps/SideScrollerExampleMap.SideScrollerExampleMap:PersistentLevel.SideScrollerExampleMap'
[2019.11.01-18.35.14:046][643]LogSavePackage: Save=98.51ms
[2019.11.01-18.35.14:046][643]LogSavePackage: Moving '../../../../../GitKrakenRepo/SugarKnight_SaltySour/SKnightPrototype_01/Saved/SKnight_EnemyBT0BF110414D38ADDBA03D048ED954A2F5.tmp' to '../../../../../GitKrakenRepo/SugarKnight_SaltySour/SKnightPrototype_01/Content/SideScrollerBP/Blueprints/SKnight_EnemyBT.uasset'
[2019.11.01-18.35.14:083][643]LogSavePackage: Display: Finished SavePackage ../../../../../GitKrakenRepo/SugarKnight_SaltySour/SKnightPrototype_01/Content/SideScrollerBP/Blueprints/SKnight_EnemyBT.uasset
[2019.11.01-18.35.15:948][777]LogTemp: Repeating last play command: New Editor Window (PIE)
[2019.11.01-18.35.15:970][777]LogBlueprintUserMessages: Early PlayInEditor Detection: Level '/Game/SideScrollerBP/Maps/SideScrollerExampleMap.SideScrollerExampleMap:PersistentLevel' has LevelScriptBlueprint '/Game/SideScrollerBP/Maps/SideScrollerExampleMap.SideScrollerExampleMap:PersistentLevel.SideScrollerExampleMap' with GeneratedClass '/Game/SideScrollerBP/Maps/SideScrollerExampleMap.SideScrollerExampleMap_C' with ClassGeneratedBy '/Game/SideScrollerBP/Maps/SideScrollerExampleMap.SideScrollerExampleMap:PersistentLevel.SideScrollerExampleMap'
[2019.11.01-18.35.15:974][777]LogPlayLevel: PlayLevel: No blueprints needed recompiling
[2019.11.01-18.35.15:974][777]PIE: New page: PIE session: SideScrollerExampleMap (Nov 1, 2019, 10:35:15 AM)
[2019.11.01-18.35.15:975][777]LogPlayLevel: Creating play world package: /Game/SideScrollerBP/Maps/UEDPIE_0_SideScrollerExampleMap
[2019.11.01-18.35.16:066][777]LogPlayLevel: PIE: StaticDuplicateObject took: (0.090965s)
[2019.11.01-18.35.16:067][777]LogAIModule: Creating AISystem for world SideScrollerExampleMap
[2019.11.01-18.35.16:067][777]LogPlayLevel: PIE: World Init took: (0.001111s)
[2019.11.01-18.35.16:067][777]LogPlayLevel: PIE: Created PIE world by copying editor world from /Game/SideScrollerBP/Maps/SideScrollerExampleMap.SideScrollerExampleMap to /Game/SideScrollerBP/Maps/UEDPIE_0_SideScrollerExampleMap.SideScrollerExampleMap (0.092555s)
[2019.11.01-18.35.16:183][777]LogInit: XAudio2 using 'Speakers (Realtek High Definition Audio)' : 2 channels at 48 kHz using 32 bits per sample (channel mask 0x3)
[2019.11.01-18.35.16:210][777]LogInit: FAudioDevice initialized.
[2019.11.01-18.35.16:290][777]LogLoad: Game class is 'SideScrollerGameMode_C'
[2019.11.01-18.35.16:294][777]LogScript: Warning: Accessed None trying to read property Kane
	Kane_AnimBP_C /Game/SideScrollerBP/Maps/UEDPIE_0_SideScrollerExampleMap.SideScrollerExampleMap:PersistentLevel.SideScrollerCharacter_78.CharacterMesh0.Kane_AnimBP_C_0
	Function /Game/Characters/Kane/Animations/Kane_AnimBP.Kane_AnimBP_C:ExecuteUbergraph_Kane_AnimBP:045E
[2019.11.01-18.35.16:294][777]PIE: Error: Blueprint Runtime Error: Accessed None trying to read property Kane from function: 'ExecuteUbergraph_Kane_AnimBP' from node: Result in graph: Transition in object: Kane_AnimBP with description: Accessed None trying to read property Kane
[2019.11.01-18.35.16:296][777]LogWorld: Bringing World /Game/SideScrollerBP/Maps/UEDPIE_0_SideScrollerExampleMap.SideScrollerExampleMap up for play (max tick rate 0) at 2019.11.01-14.35.16
[2019.11.01-18.35.16:297][777]LogWorld: Bringing up level for play took: 0.006661
[2019.11.01-18.35.16:307][777]PIE: Play in editor start time for /Game/SideScrollerBP/Maps/UEDPIE_0_SideScrollerExampleMap 1.068
[2019.11.01-18.35.16:308][777]LogBlueprintUserMessages: Late PlayInEditor Detection: Level '/Game/SideScrollerBP/Maps/SideScrollerExampleMap.SideScrollerExampleMap:PersistentLevel' has LevelScriptBlueprint '/Game/SideScrollerBP/Maps/SideScrollerExampleMap.SideScrollerExampleMap:PersistentLevel.SideScrollerExampleMap' with GeneratedClass '/Game/SideScrollerBP/Maps/SideScrollerExampleMap.SideScrollerExampleMap_C' with ClassGeneratedBy '/Game/SideScrollerBP/Maps/SideScrollerExampleMap.SideScrollerExampleMap:PersistentLevel.SideScrollerExampleMap'
[2019.11.01-18.35.26:172][363]LogBlueprintUserMessages: Early EndPlayMap Detection: Level '/Game/SideScrollerBP/Maps/SideScrollerExampleMap.SideScrollerExampleMap:PersistentLevel' has LevelScriptBlueprint '/Game/SideScrollerBP/Maps/SideScrollerExampleMap.SideScrollerExampleMap:PersistentLevel.SideScrollerExampleMap' with GeneratedClass '/Game/SideScrollerBP/Maps/SideScrollerExampleMap.SideScrollerExampleMap_C' with ClassGeneratedBy '/Game/SideScrollerBP/Maps/SideScrollerExampleMap.SideScrollerExampleMap:PersistentLevel.SideScrollerExampleMap'
[2019.11.01-18.35.26:237][363]LogBlueprintUserMessages: Late EndPlayMap Detection: Level '/Game/SideScrollerBP/Maps/SideScrollerExampleMap.SideScrollerExampleMap:PersistentLevel' has LevelScriptBlueprint '/Game/SideScrollerBP/Maps/SideScrollerExampleMap.SideScrollerExampleMap:PersistentLevel.SideScrollerExampleMap' with GeneratedClass '/Game/SideScrollerBP/Maps/SideScrollerExampleMap.SideScrollerExampleMap_C' with ClassGeneratedBy '/Game/SideScrollerBP/Maps/SideScrollerExampleMap.SideScrollerExampleMap:PersistentLevel.SideScrollerExampleMap'
[2019.11.01-18.42.18:666][387]LogEditorViewport: Clicking on Actor (LMB): TargetPoint (TargetPoint2)
[2019.11.01-18.42.21:278][608]LogFileHelpers: Editor autosave (incl. sublevels) for '/Game/SideScrollerBP/Maps/SideScrollerExampleMap' took 0.023
[2019.11.01-18.42.21:316][608]OBJ SavePackage: Generating thumbnails for [0] asset(s) in package [/Game/SideScrollerBP/Blueprints/SKnight_EnemyBT] ([1] browsable assets)...
[2019.11.01-18.42.21:316][608]OBJ SavePackage: Finished generating thumbnails for package [/Game/SideScrollerBP/Blueprints/SKnight_EnemyBT]
[2019.11.01-18.42.21:347][608]LogSavePackage: Save=10.14ms
[2019.11.01-18.42.21:347][608]LogSavePackage: Moving '../../../../../GitKrakenRepo/SugarKnight_SaltySour/SKnightPrototype_01/Saved/SKnight_EnemyBT_Auto1A2AAE4684B40A776E4612D8F8DB312C1.tmp' to '../../../../../GitKrakenRepo/SugarKnight_SaltySour/SKnightPrototype_01/Saved/Autosaves/Game/SideScrollerBP/Blueprints/SKnight_EnemyBT_Auto1.uasset'
[2019.11.01-18.42.21:360][608]LogSavePackage: Display: Finished SavePackage ../../../../../GitKrakenRepo/SugarKnight_SaltySour/SKnightPrototype_01/Saved/Autosaves/Game/SideScrollerBP/Blueprints/SKnight_EnemyBT_Auto1.uasset
[2019.11.01-18.42.21:360][608]LogFileHelpers: Auto-saving content packages took 0.081
[2019.11.01-18.42.22:902][752]LogEditorViewport: Clicking on Actor (LMB): Enemy_C (Enemy)
[2019.11.01-18.43.24:204][ 69]BlueprintLog: New page: Compile Enemy
[2019.11.01-18.43.31:221][374]LogSavePackage: Save=176.09ms
[2019.11.01-18.43.31:221][374]LogSavePackage: Moving '../../../../../GitKrakenRepo/SugarKnight_SaltySour/SKnightPrototype_01/Saved/Enemy45B4147B439E6085149A71B2F6AF27F3.tmp' to '../../../../../GitKrakenRepo/SugarKnight_SaltySour/SKnightPrototype_01/Content/SideScrollerBP/Blueprints/Enemy.uasset'
[2019.11.01-18.43.31:228][374]LogSavePackage: Display: Finished SavePackage ../../../../../GitKrakenRepo/SugarKnight_SaltySour/SKnightPrototype_01/Content/SideScrollerBP/Blueprints/Enemy.uasset
[2019.11.01-18.43.57:480][ 89]LogSavePackage: Save=9.16ms
[2019.11.01-18.43.57:480][ 89]LogSavePackage: Moving '../../../../../GitKrakenRepo/SugarKnight_SaltySour/SKnightPrototype_01/Saved/SKnight_EnemyBT2D3DEE1747A49F89CA7023952A33F159.tmp' to '../../../../../GitKrakenRepo/SugarKnight_SaltySour/SKnightPrototype_01/Content/SideScrollerBP/Blueprints/SKnight_EnemyBT.uasset'
[2019.11.01-18.43.57:486][ 89]LogSavePackage: Display: Finished SavePackage ../../../../../GitKrakenRepo/SugarKnight_SaltySour/SKnightPrototype_01/Content/SideScrollerBP/Blueprints/SKnight_EnemyBT.uasset
[2019.11.01-18.43.57:529][ 89]LogSavePackage: Save=15.62ms
[2019.11.01-18.43.57:529][ 89]LogSavePackage: Moving '../../../../../GitKrakenRepo/SugarKnight_SaltySour/SKnightPrototype_01/Saved/SKnight_EnemyBB22646E7649138CFE7C51548831A619E9.tmp' to '../../../../../GitKrakenRepo/SugarKnight_SaltySour/SKnightPrototype_01/Content/SideScrollerBP/Blueprints/SKnight_EnemyBB.uasset'
[2019.11.01-18.43.57:536][ 89]LogSavePackage: Display: Finished SavePackage ../../../../../GitKrakenRepo/SugarKnight_SaltySour/SKnightPrototype_01/Content/SideScrollerBP/Blueprints/SKnight_EnemyBB.uasset
[2019.11.01-18.44.27:600][993]LogSavePackage: Save=26.97ms
[2019.11.01-18.44.27:600][993]LogSavePackage: Moving '../../../../../GitKrakenRepo/SugarKnight_SaltySour/SKnightPrototype_01/Saved/SKnight_EnemyBTD19F75CB43A4B6C64B97439374096B13.tmp' to '../../../../../GitKrakenRepo/SugarKnight_SaltySour/SKnightPrototype_01/Content/SideScrollerBP/Blueprints/SKnight_EnemyBT.uasset'
[2019.11.01-18.44.27:607][993]LogSavePackage: Display: Finished SavePackage ../../../../../GitKrakenRepo/SugarKnight_SaltySour/SKnightPrototype_01/Content/SideScrollerBP/Blueprints/SKnight_EnemyBT.uasset
[2019.11.01-18.44.27:635][993]LogSavePackage: Save=2.77ms
[2019.11.01-18.44.27:635][993]LogSavePackage: Moving '../../../../../GitKrakenRepo/SugarKnight_SaltySour/SKnightPrototype_01/Saved/SKnight_EnemyBB257EB91E40961199BDDD8A87F8F091B3.tmp' to '../../../../../GitKrakenRepo/SugarKnight_SaltySour/SKnightPrototype_01/Content/SideScrollerBP/Blueprints/SKnight_EnemyBB.uasset'
[2019.11.01-18.44.27:642][993]LogSavePackage: Display: Finished SavePackage ../../../../../GitKrakenRepo/SugarKnight_SaltySour/SKnightPrototype_01/Content/SideScrollerBP/Blueprints/SKnight_EnemyBB.uasset
[2019.11.01-18.45.43:758][212]LogActorComponent: UnregisterComponent: (/Engine/Transient.EditorFloorComp) Not registered. Aborting.
[2019.11.01-18.45.50:376][619]LogTemp: Repeating last play command: New Editor Window (PIE)
[2019.11.01-18.45.50:400][619]LogBlueprintUserMessages: Early PlayInEditor Detection: Level '/Game/SideScrollerBP/Maps/SideScrollerExampleMap.SideScrollerExampleMap:PersistentLevel' has LevelScriptBlueprint '/Game/SideScrollerBP/Maps/SideScrollerExampleMap.SideScrollerExampleMap:PersistentLevel.SideScrollerExampleMap' with GeneratedClass '/Game/SideScrollerBP/Maps/SideScrollerExampleMap.SideScrollerExampleMap_C' with ClassGeneratedBy '/Game/SideScrollerBP/Maps/SideScrollerExampleMap.SideScrollerExampleMap:PersistentLevel.SideScrollerExampleMap'
[2019.11.01-18.45.50:405][619]LogPlayLevel: PlayLevel: No blueprints needed recompiling
[2019.11.01-18.45.50:405][619]PIE: New page: PIE session: SideScrollerExampleMap (Nov 1, 2019, 10:45:50 AM)
[2019.11.01-18.45.50:405][619]LogPlayLevel: Creating play world package: /Game/SideScrollerBP/Maps/UEDPIE_0_SideScrollerExampleMap
[2019.11.01-18.45.50:559][619]LogPlayLevel: PIE: StaticDuplicateObject took: (0.153394s)
[2019.11.01-18.45.50:560][619]LogAIModule: Creating AISystem for world SideScrollerExampleMap
[2019.11.01-18.45.50:560][619]LogPlayLevel: PIE: World Init took: (0.001168s)
[2019.11.01-18.45.50:560][619]LogPlayLevel: PIE: Created PIE world by copying editor world from /Game/SideScrollerBP/Maps/SideScrollerExampleMap.SideScrollerExampleMap to /Game/SideScrollerBP/Maps/UEDPIE_0_SideScrollerExampleMap.SideScrollerExampleMap (0.154964s)
[2019.11.01-18.45.50:688][619]LogInit: XAudio2 using 'Speakers (Realtek High Definition Audio)' : 2 channels at 48 kHz using 32 bits per sample (channel mask 0x3)
[2019.11.01-18.45.50:768][619]LogInit: FAudioDevice initialized.
[2019.11.01-18.45.50:841][619]LogLoad: Game class is 'SideScrollerGameMode_C'
[2019.11.01-18.45.50:845][619]LogScript: Warning: Accessed None trying to read property Kane
	Kane_AnimBP_C /Game/SideScrollerBP/Maps/UEDPIE_0_SideScrollerExampleMap.SideScrollerExampleMap:PersistentLevel.SideScrollerCharacter_78.CharacterMesh0.Kane_AnimBP_C_0
	Function /Game/Characters/Kane/Animations/Kane_AnimBP.Kane_AnimBP_C:ExecuteUbergraph_Kane_AnimBP:045E
[2019.11.01-18.45.50:845][619]PIE: Error: Blueprint Runtime Error: Accessed None trying to read property Kane from function: 'ExecuteUbergraph_Kane_AnimBP' from node: Result in graph: Transition in object: Kane_AnimBP with description: Accessed None trying to read property Kane
[2019.11.01-18.45.50:846][619]LogWorld: Bringing World /Game/SideScrollerBP/Maps/UEDPIE_0_SideScrollerExampleMap.SideScrollerExampleMap up for play (max tick rate 0) at 2019.11.01-14.45.50
[2019.11.01-18.45.50:847][619]LogWorld: Bringing up level for play took: 0.005388
[2019.11.01-18.45.50:854][619]PIE: Play in editor start time for /Game/SideScrollerBP/Maps/UEDPIE_0_SideScrollerExampleMap -0.385
[2019.11.01-18.45.50:855][619]LogBlueprintUserMessages: Late PlayInEditor Detection: Level '/Game/SideScrollerBP/Maps/SideScrollerExampleMap.SideScrollerExampleMap:PersistentLevel' has LevelScriptBlueprint '/Game/SideScrollerBP/Maps/SideScrollerExampleMap.SideScrollerExampleMap:PersistentLevel.SideScrollerExampleMap' with GeneratedClass '/Game/SideScrollerBP/Maps/SideScrollerExampleMap.SideScrollerExampleMap_C' with ClassGeneratedBy '/Game/SideScrollerBP/Maps/SideScrollerExampleMap.SideScrollerExampleMap:PersistentLevel.SideScrollerExampleMap'
[2019.11.01-18.46.01:261][283]LogBlueprintUserMessages: Early EndPlayMap Detection: Level '/Game/SideScrollerBP/Maps/SideScrollerExampleMap.SideScrollerExampleMap:PersistentLevel' has LevelScriptBlueprint '/Game/SideScrollerBP/Maps/SideScrollerExampleMap.SideScrollerExampleMap:PersistentLevel.SideScrollerExampleMap' with GeneratedClass '/Game/SideScrollerBP/Maps/SideScrollerExampleMap.SideScrollerExampleMap_C' with ClassGeneratedBy '/Game/SideScrollerBP/Maps/SideScrollerExampleMap.SideScrollerExampleMap:PersistentLevel.SideScrollerExampleMap'
[2019.11.01-18.46.01:324][283]LogBlueprintUserMessages: Late EndPlayMap Detection: Level '/Game/SideScrollerBP/Maps/SideScrollerExampleMap.SideScrollerExampleMap:PersistentLevel' has LevelScriptBlueprint '/Game/SideScrollerBP/Maps/SideScrollerExampleMap.SideScrollerExampleMap:PersistentLevel.SideScrollerExampleMap' with GeneratedClass '/Game/SideScrollerBP/Maps/SideScrollerExampleMap.SideScrollerExampleMap_C' with ClassGeneratedBy '/Game/SideScrollerBP/Maps/SideScrollerExampleMap.SideScrollerExampleMap:PersistentLevel.SideScrollerExampleMap'
[2019.11.01-18.46.54:141][779]LogSavePackage: Save=10.18ms
[2019.11.01-18.46.54:141][779]LogSavePackage: Moving '../../../../../GitKrakenRepo/SugarKnight_SaltySour/SKnightPrototype_01/Saved/SKnight_EnemyBTE498310C4E3991662CCA6C9C6CBC0A13.tmp' to '../../../../../GitKrakenRepo/SugarKnight_SaltySour/SKnightPrototype_01/Content/SideScrollerBP/Blueprints/SKnight_EnemyBT.uasset'
[2019.11.01-18.46.54:149][779]LogSavePackage: Display: Finished SavePackage ../../../../../GitKrakenRepo/SugarKnight_SaltySour/SKnightPrototype_01/Content/SideScrollerBP/Blueprints/SKnight_EnemyBT.uasset
[2019.11.01-18.46.55:732][779]LogSavePackage: Save=859.66ms
[2019.11.01-18.46.55:733][779]LogSavePackage: Moving '../../../../../GitKrakenRepo/SugarKnight_SaltySour/SKnightPrototype_01/Saved/SideScrollerExampleMapD7DF28B24E41A16474552193423E0181.tmp' to '../../../../../GitKrakenRepo/SugarKnight_SaltySour/SKnightPrototype_01/Content/SideScrollerBP/Maps/SideScrollerExampleMap.umap'
[2019.11.01-18.46.55:741][779]LogSavePackage: Display: Finished SavePackage ../../../../../GitKrakenRepo/SugarKnight_SaltySour/SKnightPrototype_01/Content/SideScrollerBP/Maps/SideScrollerExampleMap.umap
[2019.11.01-18.46.55:837][779]LogFileHelpers: Saving map 'SideScrollerExampleMap' took 1.669
[2019.11.01-18.46.56:061][779]LogWindowsTextInputMethodSystem: Display: IME system now deactivated.
[2019.11.01-18.46.56:450][780]Cmd: QUIT_EDITOR
[2019.11.01-18.46.57:601][780]LogExit: Preparing to exit.
[2019.11.01-18.46.58:244][780]LogDirectoryWatcher: A directory notification for 'D:/GitKrakenRepo/SugarKnight_SaltySour/SKnightPrototype_01/Content/' was aborted.
[2019.11.01-18.46.58:429][780]LogExit: Editor shut down
[2019.11.01-18.46.58:439][780]LogExit: Transaction tracking system shut down
[2019.11.01-18.46.58:869][780]LogDirectoryWatcher: A directory notification for '../../../Engine/Content/' was aborted.
[2019.11.01-18.46.58:870][780]LogDirectoryWatcher: A directory notification for '../../../../../GitKrakenRepo/SugarKnight_SaltySour/SKnightPrototype_01/Content/' was aborted.
[2019.11.01-18.46.58:870][780]LogDirectoryWatcher: A directory notification for '../../../Engine/Plugins/2D/Paper2D/Content/' was aborted.
[2019.11.01-18.46.58:870][780]LogDirectoryWatcher: A directory notification for '../../../Engine/Plugins/Media/MediaCompositing/Content/' was aborted.
[2019.11.01-18.46.58:870][780]LogDirectoryWatcher: A directory notification for '../../../Engine/Plugins/Runtime/AppleARKit/Content/' was aborted.
[2019.11.01-18.46.58:870][780]LogDirectoryWatcher: A directory notification for '../../../Engine/Plugins/Runtime/Oculus/OculusVR/Content/' was aborted.
[2019.11.01-18.46.58:870][780]LogDirectoryWatcher: A directory notification for '../../../Engine/Plugins/Runtime/Steam/SteamVR/Content/' was aborted.
[2019.11.01-18.47.00:254][780]LogExit: Object subsystem successfully closed.
[2019.11.01-18.47.00:556][780]LogD3D11RHI: Shutdown
[2019.11.01-18.47.00:571][780]LogD3D11RHI: CleanupD3DDevice
[2019.11.01-18.47.00:614][780]LogD3D11RHI: ~FD3D11DynamicRHI
[2019.11.01-18.47.01:839][780]LogModuleManager: Shutting down and abandoning module MovieSceneCapture (552)
[2019.11.01-18.47.01:839][780]LogModuleManager: Shutting down and abandoning module BlueprintGraph (550)
[2019.11.01-18.47.01:840][780]LogModuleManager: Shutting down and abandoning module HierarchicalLODOutliner (548)
[2019.11.01-18.47.01:840][780]LogModuleManager: Shutting down and abandoning module SceneOutliner (546)
[2019.11.01-18.47.01:840][780]LogModuleManager: Shutting down and abandoning module AddContentDialog (544)
[2019.11.01-18.47.01:848][780]LogDirectoryWatcher: A directory notification for 'D:/Program Files (x86)/UE_4.18/FeaturePacks/' was aborted.
[2019.11.01-18.47.01:858][780]LogModuleManager: Shutting down and abandoning module WidgetCarousel (543)
[2019.11.01-18.47.01:858][780]LogModuleManager: Shutting down and abandoning module EditorWidgets (540)
[2019.11.01-18.47.01:858][780]LogModuleManager: Shutting down and abandoning module CollectionManager (538)
[2019.11.01-18.47.01:898][780]LogDirectoryWatcher: A directory notification for 'D:/GitKrakenRepo/SugarKnight_SaltySour/SKnightPrototype_01/Content/Collections/' was aborted.
[2019.11.01-18.47.01:898][780]LogDirectoryWatcher: A directory notification for 'D:/GitKrakenRepo/SugarKnight_SaltySour/SKnightPrototype_01/Content/Developers/ChristopherP/Collections/' was aborted.
[2019.11.01-18.47.01:899][780]LogDirectoryWatcher: A directory notification for 'D:/GitKrakenRepo/SugarKnight_SaltySour/SKnightPrototype_01/Saved/Collections/' was aborted.
[2019.11.01-18.47.01:899][780]LogModuleManager: Shutting down and abandoning module StatsViewer (536)
[2019.11.01-18.47.01:925][780]LogModuleManager: Shutting down and abandoning module FoliageEdit (534)
[2019.11.01-18.47.01:950][780]LogModuleManager: Shutting down and abandoning module LandscapeEditor (532)
[2019.11.01-18.47.01:968][780]LogModuleManager: Shutting down and abandoning module MeshPaintMode (530)
[2019.11.01-18.47.01:990][780]LogModuleManager: Shutting down and abandoning module SceneDepthPickerMode (528)
[2019.11.01-18.47.01:990][780]LogModuleManager: Shutting down and abandoning module ActorPickerMode (526)
[2019.11.01-18.47.01:990][780]LogModuleManager: Shutting down and abandoning module GeometryMode (524)
[2019.11.01-18.47.01:990][780]LogModuleManager: Shutting down and abandoning module TextureAlignMode (522)
[2019.11.01-18.47.01:990][780]LogModuleManager: Shutting down and abandoning module BspMode (520)
[2019.11.01-18.47.01:990][780]LogModuleManager: Shutting down and abandoning module PIEPreviewDeviceProfileSelector (518)
[2019.11.01-18.47.01:990][780]LogModuleManager: Shutting down and abandoning module HardwareSurvey (516)
[2019.11.01-18.47.01:990][780]LogModuleManager: Shutting down and abandoning module SequenceRecorderSections (514)
[2019.11.01-18.47.02:011][780]LogModuleManager: Shutting down and abandoning module AutomationWorker (512)
[2019.11.01-18.47.02:026][780]LogModuleManager: Shutting down and abandoning module MatineeToLevelSequence (510)
[2019.11.01-18.47.02:041][780]LogModuleManager: Shutting down and abandoning module LevelSequenceEditor (508)
[2019.11.01-18.47.02:096][780]LogModuleManager: Shutting down and abandoning module PlacementMode (507)
[2019.11.01-18.47.02:096][780]LogModuleManager: Shutting down and abandoning module WmfMediaFactory (504)
[2019.11.01-18.47.02:096][780]LogModuleManager: Shutting down and abandoning module WmfMediaEditor (502)
[2019.11.01-18.47.02:096][780]LogModuleManager: Shutting down and abandoning module OpenExrWrapper (500)
[2019.11.01-18.47.02:096][780]LogModuleManager: Shutting down and abandoning module ImgMediaFactory (498)
[2019.11.01-18.47.02:096][780]LogModuleManager: Shutting down and abandoning module ImgMediaEditor (496)
[2019.11.01-18.47.02:096][780]LogModuleManager: Shutting down and abandoning module AvfMediaFactory (494)
[2019.11.01-18.47.02:096][780]LogModuleManager: Shutting down and abandoning module AvfMediaEditor (492)
[2019.11.01-18.47.02:096][780]LogModuleManager: Shutting down and abandoning module AndroidMediaFactory (490)
[2019.11.01-18.47.02:096][780]LogModuleManager: Shutting down and abandoning module AndroidMediaEditor (488)
[2019.11.01-18.47.02:096][780]LogModuleManager: Shutting down and abandoning module CharacterAI (486)
[2019.11.01-18.47.02:097][780]LogModuleManager: Shutting down and abandoning module AudioCapture (484)
[2019.11.01-18.47.02:120][780]LogModuleManager: Shutting down and abandoning module SequenceRecorder (483)
[2019.11.01-18.47.02:153][780]LogModuleManager: Shutting down and abandoning module SmartSnapping (480)
[2019.11.01-18.47.02:153][780]LogModuleManager: Shutting down and abandoning module SessionServices (478)
[2019.11.01-18.47.02:153][780]LogModuleManager: Shutting down and abandoning module ViewportSnapping (476)
[2019.11.01-18.47.02:153][780]LogModuleManager: Shutting down and abandoning module ViewportInteraction (474)
[2019.11.01-18.47.02:153][780]LogModuleManager: Shutting down and abandoning module ClothPainter (472)
[2019.11.01-18.47.02:203][780]LogModuleManager: Shutting down and abandoning module SkeletalMeshEditor (471)
[2019.11.01-18.47.02:308][780]LogModuleManager: Shutting down and abandoning module LogVisualizer (468)
[2019.11.01-18.47.02:318][780]LogModuleManager: Shutting down and abandoning module IntroTutorials (466)
[2019.11.01-18.47.02:361][780]LogModuleManager: Shutting down and abandoning module GameProjectGeneration (465)
[2019.11.01-18.47.02:379][780]LogModuleManager: Shutting down and abandoning module IOSPlatformEditor (462)
[2019.11.01-18.47.02:379][780]LogModuleManager: Shutting down and abandoning module HTML5PlatformEditor (460)
[2019.11.01-18.47.02:379][780]LogModuleManager: Shutting down and abandoning module AndroidPlatformEditor (458)
[2019.11.01-18.47.02:379][780]LogModuleManager: Shutting down and abandoning module AndroidDeviceDetection (457)
[2019.11.01-18.47.02:720][780]LogModuleManager: Shutting down and abandoning module WindowsPlatformEditor (454)
[2019.11.01-18.47.02:720][780]LogModuleManager: Shutting down and abandoning module IOSRuntimeSettings (452)
[2019.11.01-18.47.02:720][780]LogModuleManager: Shutting down and abandoning module AndroidRuntimeSettings (450)
[2019.11.01-18.47.02:722][780]LogModuleManager: Shutting down and abandoning module InputBindingEditor (448)
[2019.11.01-18.47.02:741][780]LogModuleManager: Shutting down and abandoning module MergeActors (446)
[2019.11.01-18.47.02:779][780]LogModuleManager: Shutting down and abandoning module SizeMap (444)
[2019.11.01-18.47.02:779][780]LogModuleManager: Shutting down and abandoning module TreeMap (442)
[2019.11.01-18.47.02:794][780]LogModuleManager: Shutting down and abandoning module ReferenceViewer (440)
[2019.11.01-18.47.02:794][780]LogModuleManager: Shutting down and abandoning module LocalizationDashboard (438)
[2019.11.01-18.47.02:801][780]LogModuleManager: Shutting down and abandoning module LocalizationService (437)
[2019.11.01-18.47.02:811][780]LogModuleManager: Shutting down and abandoning module HardwareTargeting (434)
[2019.11.01-18.47.02:811][780]LogModuleManager: Shutting down and abandoning module DeviceProfileEditor (432)
[2019.11.01-18.47.02:811][780]LogModuleManager: Shutting down and abandoning module UndoHistory (430)
[2019.11.01-18.47.02:811][780]LogModuleManager: Shutting down and abandoning module XmlParser (428)
[2019.11.01-18.47.02:821][780]LogModuleManager: Shutting down and abandoning module Blutility (426)
[2019.11.01-18.47.02:821][780]LogModuleManager: Shutting down and abandoning module ProjectSettingsViewer (424)
[2019.11.01-18.47.02:821][780]LogModuleManager: Shutting down and abandoning module ProjectTargetPlatformEditor (423)
[2019.11.01-18.47.02:821][780]LogModuleManager: Shutting down and abandoning module EditorSettingsViewer (420)
[2019.11.01-18.47.02:821][780]LogModuleManager: Shutting down and abandoning module SettingsEditor (418)
[2019.11.01-18.47.02:844][780]LogModuleManager: Shutting down and abandoning module ProjectLauncher (416)
[2019.11.01-18.47.02:857][780]LogModuleManager: Shutting down and abandoning module SessionFrontend (414)
[2019.11.01-18.47.02:869][780]LogModuleManager: Shutting down and abandoning module ProfilerClient (412)
[2019.11.01-18.47.02:879][780]LogModuleManager: Shutting down and abandoning module DeviceManager (410)
[2019.11.01-18.47.02:894][780]LogModuleManager: Shutting down and abandoning module TargetDeviceServices (409)
[2019.11.01-18.47.02:949][780]LogModuleManager: Shutting down and abandoning module AutomationController (406)
[2019.11.01-18.47.02:968][780]LogModuleManager: Shutting down and abandoning module AutomationWindow (404)
[2019.11.01-18.47.02:987][780]LogModuleManager: Shutting down and abandoning module Layers (402)
[2019.11.01-18.47.02:999][780]LogModuleManager: Shutting down and abandoning module ComponentVisualizers (400)
[2019.11.01-18.47.02:999][780]LogModuleManager: Shutting down and abandoning module DetailCustomizations (398)
[2019.11.01-18.47.03:015][780]LogModuleManager: Shutting down and abandoning module PackagesDialog (396)
[2019.11.01-18.47.03:015][780]LogModuleManager: Shutting down and abandoning module Persona (394)
[2019.11.01-18.47.03:028][780]LogModuleManager: Shutting down and abandoning module AdvancedPreviewScene (393)
[2019.11.01-18.47.03:028][780]LogModuleManager: Shutting down and abandoning module AnimGraph (391)
[2019.11.01-18.47.03:028][780]LogModuleManager: Shutting down and abandoning module Kismet (388)
[2019.11.01-18.47.03:050][780]LogModuleManager: Shutting down and abandoning module ClassViewer (386)
[2019.11.01-18.47.03:052][780]LogModuleManager: Shutting down and abandoning module Toolbox (384)
[2019.11.01-18.47.03:052][780]LogModuleManager: Shutting down and abandoning module ModuleUI (382)
[2019.11.01-18.47.03:067][780]LogModuleManager: Shutting down and abandoning module MovieSceneTools (380)
[2019.11.01-18.47.03:093][780]LogModuleManager: Shutting down and abandoning module OutputLog (378)
[2019.11.01-18.47.03:107][780]LogModuleManager: Shutting down and abandoning module GammaUI (376)
[2019.11.01-18.47.03:120][780]LogModuleManager: Shutting down and abandoning module Documentation (374)
[2019.11.01-18.47.03:120][780]LogModuleManager: Shutting down and abandoning module MovieSceneTracks (372)
[2019.11.01-18.47.03:120][780]LogModuleManager: Shutting down and abandoning module MovieScene (370)
[2019.11.01-18.47.03:120][780]LogModuleManager: Shutting down and abandoning module StreamingPauseRendering (368)
[2019.11.01-18.47.03:120][780]LogModuleManager: Shutting down and abandoning module LauncherPlatform (366)
[2019.11.01-18.47.03:120][780]LogModuleManager: Shutting down and abandoning module AnalyticsET (364)
[2019.11.01-18.47.03:120][780]LogModuleManager: Shutting down and abandoning module PortalServices (362)
[2019.11.01-18.47.03:120][780]LogModuleManager: Shutting down and abandoning module PortalRpc (360)
[2019.11.01-18.47.03:120][780]LogModuleManager: Shutting down and abandoning module MessagingRpc (358)
[2019.11.01-18.47.03:120][780]LogModuleManager: Shutting down and abandoning module AIModule (356)
[2019.11.01-18.47.03:120][780]LogModuleManager: Shutting down and abandoning module GameplayDebugger (355)
[2019.11.01-18.47.03:120][780]LogModuleManager: Shutting down and abandoning module AITestSuite (353)
[2019.11.01-18.47.03:129][780]LogModuleManager: Shutting down and abandoning module DesktopPlatform (350)
[2019.11.01-18.47.03:129][780]LogModuleManager: Shutting down and abandoning module ProfilerService (348)
[2019.11.01-18.47.03:304][780]LogModuleManager: Shutting down and abandoning module TaskGraph (346)
[2019.11.01-18.47.03:328][780]LogModuleManager: Shutting down and abandoning module SteamVRController (344)
[2019.11.01-18.47.03:328][780]LogModuleManager: Shutting down and abandoning module ProceduralMeshComponentEditor (342)
[2019.11.01-18.47.03:328][780]LogModuleManager: Shutting down and abandoning module ProceduralMeshComponent (340)
[2019.11.01-18.47.03:335][780]LogModuleManager: Shutting down and abandoning module OculusInput (338)
[2019.11.01-18.47.03:344][780]LogModuleManager: Shutting down and abandoning module MobilePatchingUtils (336)
[2019.11.01-18.47.03:344][780]LogModuleManager: Shutting down and abandoning module CustomMeshComponent (334)
[2019.11.01-18.47.03:344][780]LogModuleManager: Shutting down and abandoning module CableComponent (332)
[2019.11.01-18.47.03:351][780]LogModuleManager: Shutting down and abandoning module ArchVisCharacter (330)
[2019.11.01-18.47.03:351][780]LogModuleManager: Shutting down and abandoning module AndroidPermission (328)
[2019.11.01-18.47.03:351][780]LogModuleManager: Shutting down and abandoning module ActorSequence (324)
[2019.11.01-18.47.03:351][780]LogModuleManager: Shutting down and abandoning module MediaPlayerEditor (322)
[2019.11.01-18.47.03:373][780]LogModuleManager: Shutting down and abandoning module MediaCompositingEditor (320)
[2019.11.01-18.47.03:373][780]LogModuleManager: Shutting down and abandoning module MediaCompositing (318)
[2019.11.01-18.47.03:373][780]LogModuleManager: Shutting down and abandoning module HTML5Networking (316)
[2019.11.01-18.47.03:373][780]LogModuleManager: Shutting down and abandoning module AlembicImporter (314)
[2019.11.01-18.47.03:385][780]LogModuleManager: Shutting down and abandoning module AlembicLibrary (313)
[2019.11.01-18.47.03:386][780]LogModuleManager: Shutting down and abandoning module GeometryCache (312)
[2019.11.01-18.47.03:393][780]LogModuleManager: Shutting down and abandoning module GeometryCacheEd (311)
[2019.11.01-18.47.03:393][780]LogModuleManager: Shutting down and abandoning module SpeedTreeImporter (306)
[2019.11.01-18.47.03:393][780]LogModuleManager: Shutting down and abandoning module PluginBrowser (304)
[2019.11.01-18.47.03:493][780]LogModuleManager: Shutting down and abandoning module MobileLauncherProfileWizard (302)
[2019.11.01-18.47.03:511][780]LogModuleManager: Shutting down and abandoning module VisualStudioSourceCodeAccess (300)
[2019.11.01-18.47.03:511][780]LogModuleManager: Shutting down and abandoning module VisualStudioCodeSourceCodeAccess (298)
[2019.11.01-18.47.03:511][780]LogModuleManager: Shutting down and abandoning module UObjectPlugin (296)
[2019.11.01-18.47.03:511][780]LogModuleManager: Shutting down and abandoning module SubversionSourceControl (294)
[2019.11.01-18.47.03:530][780]LogModuleManager: Shutting down and abandoning module PerforceSourceControl (292)
[2019.11.01-18.47.03:551][780]LogModuleManager: Shutting down and abandoning module GitSourceControl (290)
[2019.11.01-18.47.03:569][780]LogModuleManager: Shutting down and abandoning module SourceControl (289)
[2019.11.01-18.47.03:595][780]LogModuleManager: Shutting down and abandoning module LightPropagationVolumeEditor (286)
[2019.11.01-18.47.03:595][780]LogModuleManager: Shutting down and abandoning module PaperTiledImporter (284)
[2019.11.01-18.47.03:595][780]LogModuleManager: Shutting down and abandoning module PaperSpriteSheetImporter (282)
[2019.11.01-18.47.03:595][780]LogModuleManager: Shutting down and abandoning module Paper2DEditor (280)
[2019.11.01-18.47.03:610][780]LogModuleManager: Shutting down and abandoning module MeshPaint (279)
[2019.11.01-18.47.03:620][780]LogModuleManager: Shutting down and abandoning module LevelEditor (277)
[2019.11.01-18.47.03:634][780]LogModuleManager: Shutting down and abandoning module PixelInspectorModule (276)
[2019.11.01-18.47.03:648][780]LogModuleManager: Shutting down and abandoning module MainFrame (274)
[2019.11.01-18.47.03:648][780]LogModuleManager: Shutting down and abandoning module HotReload (273)
[2019.11.01-18.47.03:665][780]LogModuleManager: Shutting down and abandoning module RuntimePhysXCooking (268)
[2019.11.01-18.47.03:665][780]LogModuleManager: Shutting down and abandoning module PhysXVehiclesEditor (266)
[2019.11.01-18.47.03:665][780]LogModuleManager: Shutting down and abandoning module PhysXVehicles (264)
[2019.11.01-18.47.03:665][780]LogModuleManager: Shutting down and abandoning module OculusEditor (262)
[2019.11.01-18.47.03:665][780]LogModuleManager: Shutting down and abandoning module LocationServicesBPLibrary (260)
[2019.11.01-18.47.03:665][780]LogModuleManager: Shutting down and abandoning module ImmediatePhysicsEditor (258)
[2019.11.01-18.47.03:665][780]LogModuleManager: Shutting down and abandoning module ImmediatePhysics (256)
[2019.11.01-18.47.03:674][780]LogModuleManager: Shutting down and abandoning module UdpMessaging (254)
[2019.11.01-18.47.03:783][780]LogModuleManager: Shutting down and abandoning module TcpMessaging (252)
[2019.11.01-18.47.03:894][780]LogModuleManager: Shutting down and abandoning module GameplayTagsEditor (250)
[2019.11.01-18.47.03:924][780]LogModuleManager: Shutting down and abandoning module FacialAnimationEditor (248)
[2019.11.01-18.47.03:924][780]LogModuleManager: Shutting down and abandoning module FacialAnimation (246)
[2019.11.01-18.47.03:924][780]LogModuleManager: Shutting down and abandoning module AssetManagerEditor (244)
[2019.11.01-18.47.03:938][780]LogModuleManager: Shutting down and abandoning module GraphEditor (243)
[2019.11.01-18.47.03:939][780]LogModuleManager: Shutting down and abandoning module ContentBrowser (241)
[2019.11.01-18.47.03:940][780]LogModuleManager: Shutting down and abandoning module LightPropagationVolumeRuntime (238)
[2019.11.01-18.47.03:940][780]LogModuleManager: Shutting down and abandoning module Paper2D (236)
[2019.11.01-18.47.03:940][780]LogModuleManager: Shutting down and abandoning module WindowsMoviePlayer (234)
[2019.11.01-18.47.03:949][780]LogModuleManager: Shutting down and abandoning module WmfMedia (232)
[2019.11.01-18.47.03:964][780]LogModuleManager: Shutting down and abandoning module ImgMedia (230)
[2019.11.01-18.47.03:964][780]LogModuleManager: Shutting down and abandoning module PacketHandler (228)
[2019.11.01-18.47.03:964][780]LogModuleManager: Shutting down and abandoning module ClothingSystemEditor (226)
[2019.11.01-18.47.03:964][780]LogModuleManager: Shutting down and abandoning module ClothingSystemRuntime (224)
[2019.11.01-18.47.03:983][780]LogModuleManager: Shutting down and abandoning module MediaAssets (222)
[2019.11.01-18.47.03:984][780]LogModuleManager: Shutting down and abandoning module Media (221)
[2019.11.01-18.47.03:991][780]LogModuleManager: Shutting down and abandoning module Overlay (218)
[2019.11.01-18.47.03:991][780]LogModuleManager: Shutting down and abandoning module OverlayEditor (217)
[2019.11.01-18.47.03:991][780]LogModuleManager: Shutting down and abandoning module VREditor (214)
[2019.11.01-18.47.04:018][780]LogModuleManager: Shutting down and abandoning module StringTableEditor (212)
[2019.11.01-18.47.04:027][780]LogModuleManager: Shutting down and abandoning module GameplayTasksEditor (210)
[2019.11.01-18.47.04:027][780]LogModuleManager: Shutting down and abandoning module BehaviorTreeEditor (208)
[2019.11.01-18.47.04:027][780]LogModuleManager: Shutting down and abandoning module FunctionalTesting (206)
[2019.11.01-18.47.04:035][780]LogModuleManager: Shutting down and abandoning module CollisionAnalyzer (204)
[2019.11.01-18.47.04:054][780]LogModuleManager: Shutting down and abandoning module WorkspaceMenuStructure (203)
[2019.11.01-18.47.04:054][780]LogModuleManager: Shutting down and abandoning module UMG (200)
[2019.11.01-18.47.04:060][780]LogModuleManager: Shutting down and abandoning module UMGEditor (199)
[2019.11.01-18.47.04:086][780]LogModuleManager: Shutting down and abandoning module Sequencer (198)
[2019.11.01-18.47.04:107][780]LogModuleManager: Shutting down and abandoning module MessageLog (195)
[2019.11.01-18.47.04:107][780]LogModuleManager: Shutting down and abandoning module SlateReflector (190)
[2019.11.01-18.47.04:131][780]LogModuleManager: Shutting down and abandoning module Slate (188)
[2019.11.01-18.47.04:132][780]LogModuleManager: Shutting down and abandoning module EditorStyle (186)
[2019.11.01-18.47.04:138][780]LogModuleManager: Shutting down and abandoning module MRMesh (184)
[2019.11.01-18.47.04:138][780]LogModuleManager: Shutting down and abandoning module SourceCodeAccess (182)
[2019.11.01-18.47.04:138][780]LogModuleManager: Shutting down and abandoning module HeadMountedDisplay (180)
[2019.11.01-18.47.04:138][780]LogModuleManager: Shutting down and abandoning module XAudio2 (178)
[2019.11.01-18.47.04:138][780]LogModuleManager: Shutting down and abandoning module Networking (176)
[2019.11.01-18.47.04:138][780]LogModuleManager: Shutting down and abandoning module Core (172)
[2019.11.01-18.47.04:138][780]LogModuleManager: Shutting down and abandoning module LevelSequence (168)
[2019.11.01-18.47.04:165][780]LogModuleManager: Shutting down and abandoning module DirectoryWatcher (166)
[2019.11.01-18.47.04:166][780]LogModuleManager: Shutting down and abandoning module KismetCompiler (164)
[2019.11.01-18.47.04:166][780]LogModuleManager: Shutting down and abandoning module MeshUtilities (162)
[2019.11.01-18.47.04:183][780]LogModuleManager: Shutting down and abandoning module MeshMergeUtilities (161)
[2019.11.01-18.47.04:193][780]LogModuleManager: Shutting down and abandoning module MeshReductionInterface (160)
[2019.11.01-18.47.04:193][780]LogModuleManager: Shutting down and abandoning module SimplygonSwarm (159)
[2019.11.01-18.47.04:202][780]LogModuleManager: Shutting down and abandoning module SimplygonMeshReduction (157)
[2019.11.01-18.47.04:203][780]LogModuleManager: Shutting down and abandoning module QuadricMeshReduction (155)
[2019.11.01-18.47.04:212][780]LogModuleManager: Shutting down and abandoning module MaterialBaking (151)
[2019.11.01-18.47.04:223][780]LogModuleManager: Shutting down and abandoning module DerivedDataCache (148)
[2019.11.01-18.47.04:286][780]LogDerivedDataCache: Shutdown
[2019.11.01-18.47.04:287][780]LogModuleManager: Shutting down and abandoning module TargetPlatform (146)
[2019.11.01-18.47.04:287][780]LogModuleManager: Shutting down and abandoning module VulkanShaderFormat (145)
[2019.11.01-18.47.04:295][780]LogModuleManager: Shutting down and abandoning module ShaderFormatVectorVM (143)
[2019.11.01-18.47.04:304][780]LogModuleManager: Shutting down and abandoning module ShaderFormatOpenGL (141)
[2019.11.01-18.47.04:318][780]LogModuleManager: Shutting down and abandoning module ShaderFormatD3D (139)
[2019.11.01-18.47.04:331][780]LogModuleManager: Shutting down and abandoning module MetalShaderFormat (137)
[2019.11.01-18.47.04:351][780]LogModuleManager: Shutting down and abandoning module TextureFormatUncompressed (135)
[2019.11.01-18.47.04:351][780]LogModuleManager: Shutting down and abandoning module TextureFormatPVR (133)
[2019.11.01-18.47.04:351][780]LogModuleManager: Shutting down and abandoning module TextureFormatDXT (131)
[2019.11.01-18.47.04:363][780]LogModuleManager: Shutting down and abandoning module TextureFormatIntelISPCTexComp (129)
[2019.11.01-18.47.04:376][780]LogModuleManager: Shutting down and abandoning module TextureFormatASTC (127)
[2019.11.01-18.47.04:376][780]LogModuleManager: Shutting down and abandoning module ImageWrapper (126)
[2019.11.01-18.47.04:376][780]LogModuleManager: Shutting down and abandoning module TextureFormatAndroid (123)
[2019.11.01-18.47.04:376][780]LogModuleManager: Shutting down and abandoning module AudioFormatOpus (121)
[2019.11.01-18.47.04:376][780]LogModuleManager: Shutting down and abandoning module AudioFormatOgg (119)
[2019.11.01-18.47.04:376][780]LogModuleManager: Shutting down and abandoning module AudioFormatADPCM (117)
[2019.11.01-18.47.04:376][780]LogModuleManager: Shutting down and abandoning module LinuxTargetPlatform (115)
[2019.11.01-18.47.04:376][780]LogModuleManager: Shutting down and abandoning module LinuxServerTargetPlatform (113)
[2019.11.01-18.47.04:376][780]LogModuleManager: Shutting down and abandoning module LinuxNoEditorTargetPlatform (111)
[2019.11.01-18.47.04:376][780]LogModuleManager: Shutting down and abandoning module LinuxClientTargetPlatform (109)
[2019.11.01-18.47.04:376][780]LogModuleManager: Shutting down and abandoning module TVOSTargetPlatform (107)
[2019.11.01-18.47.04:376][780]LogModuleManager: Shutting down and abandoning module Messaging (105)
[2019.11.01-18.47.04:376][780]LogModuleManager: Shutting down and abandoning module IOSTargetPlatform (103)
[2019.11.01-18.47.04:376][780]LogModuleManager: Shutting down and abandoning module HTML5TargetPlatform (101)
[2019.11.01-18.47.04:376][780]LogModuleManager: Shutting down and abandoning module AndroidTargetPlatform (99)
[2019.11.01-18.47.04:376][780]LogModuleManager: Shutting down and abandoning module Android_PVRTCTargetPlatform (97)
[2019.11.01-18.47.04:376][780]LogModuleManager: Shutting down and abandoning module Android_MultiTargetPlatform (95)
[2019.11.01-18.47.04:376][780]LogModuleManager: Shutting down and abandoning module Android_ETC2TargetPlatform (93)
[2019.11.01-18.47.04:376][780]LogModuleManager: Shutting down and abandoning module Android_ETC1TargetPlatform (91)
[2019.11.01-18.47.04:376][780]LogModuleManager: Shutting down and abandoning module Android_DXTTargetPlatform (89)
[2019.11.01-18.47.04:376][780]LogModuleManager: Shutting down and abandoning module Android_ATCTargetPlatform (87)
[2019.11.01-18.47.04:376][780]LogModuleManager: Shutting down and abandoning module Android_ASTCTargetPlatform (85)
[2019.11.01-18.47.04:376][780]LogModuleManager: Shutting down and abandoning module WindowsTargetPlatform (83)
[2019.11.01-18.47.04:376][780]LogModuleManager: Shutting down and abandoning module WindowsServerTargetPlatform (81)
[2019.11.01-18.47.04:376][780]LogModuleManager: Shutting down and abandoning module WindowsNoEditorTargetPlatform (79)
[2019.11.01-18.47.04:376][780]LogModuleManager: Shutting down and abandoning module WindowsClientTargetPlatform (77)
[2019.11.01-18.47.04:376][780]LogModuleManager: Shutting down and abandoning module MacTargetPlatform (75)
[2019.11.01-18.47.04:376][780]LogModuleManager: Shutting down and abandoning module MacServerTargetPlatform (73)
[2019.11.01-18.47.04:377][780]LogModuleManager: Shutting down and abandoning module MacNoEditorTargetPlatform (71)
[2019.11.01-18.47.04:377][780]LogModuleManager: Shutting down and abandoning module MacClientTargetPlatform (69)
[2019.11.01-18.47.04:377][780]LogModuleManager: Shutting down and abandoning module AllDesktopTargetPlatform (67)
[2019.11.01-18.47.04:377][780]LogModuleManager: Shutting down and abandoning module InputCore (64)
[2019.11.01-18.47.04:377][780]LogModuleManager: Shutting down and abandoning module Settings (62)
[2019.11.01-18.47.04:377][780]LogModuleManager: Shutting down and abandoning module PhysXCooking (60)
[2019.11.01-18.47.04:377][780]LogModuleManager: Shutting down and abandoning module SteamVR (58)
[2019.11.01-18.47.04:377][780]LogModuleManager: Shutting down and abandoning module OculusHMD (56)
[2019.11.01-18.47.04:389][780]LogModuleManager: Shutting down and abandoning module ExampleDeviceProfileSelector (54)
[2019.11.01-18.47.04:389][780]LogModuleManager: Shutting down and abandoning module AppleARKit (52)
[2019.11.01-18.47.04:389][780]LogModuleManager: Shutting down and abandoning module AugmentedReality (51)
[2019.11.01-18.47.04:389][780]LogModuleManager: Shutting down and abandoning module OnlineBlueprintSupport (48)
[2019.11.01-18.47.04:389][780]LogModuleManager: Shutting down and abandoning module OnlineSubsystem (44)
[2019.11.01-18.47.04:414][780]LogModuleManager: Shutting down and abandoning module XMPP (43)
[2019.11.01-18.47.04:437][780]LogModuleManager: Shutting down and abandoning module HTTP (41)
[2019.11.01-18.47.04:437][780]LogHttp: Display: Http module shutting down, but needs to wait on 1 outstanding Http requests:
[2019.11.01-18.47.04:444][780]LogHttp: Display: 	verb=[POST] url=[https://datarouter.ol.epicgames.com/datarouter/api/v1/public/data?SessionID=%7B5A808702-40B2-B871-392F-498421357079%7D&AppID=UEEditor.Rocket.Release&AppVersion=4.18.3-3832480%2B%2B%2BUE4%2BRelease-4.18&UserID=2f9916264acdf33f70768f822f9563c9%7C504a56eacb094752a172dcccc7c138cb%7C241500de-b41d-44c2-b004-1325f18bb3ba&AppEnvironment=datacollector-binary&UploadType=eteventstream] status=Processing
[2019.11.01-18.47.04:455][780]LogModuleManager: Shutting down and abandoning module SSL (40)
[2019.11.01-18.47.04:478][780]LogModuleManager: Shutting down and abandoning module AnimationModifiers (36)
[2019.11.01-18.47.04:487][780]LogModuleManager: Shutting down and abandoning module PropertyEditor (35)
[2019.11.01-18.47.04:488][780]LogModuleManager: Shutting down and abandoning module AudioEditor (32)
[2019.11.01-18.47.04:504][780]LogModuleManager: Shutting down and abandoning module TextureCompressor (30)
[2019.11.01-18.47.04:536][780]LogModuleManager: Shutting down and abandoning module ShaderCore (28)
[2019.11.01-18.47.04:536][780]LogModuleManager: Shutting down and abandoning module Landscape (26)
[2019.11.01-18.47.04:536][780]LogModuleManager: Shutting down and abandoning module SlateRHIRenderer (24)
[2019.11.01-18.47.04:559][780]LogModuleManager: Shutting down and abandoning module OpenGLDrv (22)
[2019.11.01-18.47.04:567][780]LogModuleManager: Shutting down and abandoning module D3D11RHI (20)
[2019.11.01-18.47.04:567][780]LogModuleManager: Shutting down and abandoning module AnimGraphRuntime (18)
[2019.11.01-18.47.04:584][780]LogModuleManager: Shutting down and abandoning module Renderer (16)
[2019.11.01-18.47.04:584][780]LogModuleManager: Shutting down and abandoning module Engine (14)
[2019.11.01-18.47.04:584][780]LogModuleManager: Shutting down and abandoning module CoreUObject (12)
[2019.11.01-18.47.04:584][780]LogModuleManager: Shutting down and abandoning module NetworkFile (10)
[2019.11.01-18.47.04:598][780]LogModuleManager: Shutting down and abandoning module CookedIterativeFile (8)
[2019.11.01-18.47.04:603][780]LogModuleManager: Shutting down and abandoning module StreamingFile (6)
[2019.11.01-18.47.04:614][780]LogModuleManager: Shutting down and abandoning module SandboxFile (4)
[2019.11.01-18.47.04:614][780]LogModuleManager: Shutting down and abandoning module PakFile (2)
[2019.11.01-18.47.04:663][780]LogExit: Exiting.
[2019.11.01-18.47.04:695][780]Log file closed, 11/01/19 14:47:04
